-1.0515130946936577
-0.8212131245968458
-0.6889775108906092
-1.0588406132725483
-0.48246025567338224
-0.865553616013119
-0.7745434651680236
-0.7625030650084087
-0.12453628961297128
-0.22471925461378117
-0.272984360849982
0.04971093753151995
0.2373079947999523
-0.5219833695089161
-0.49558810449406965
-0.393701483697085
-0.47370930945865336
-0.922139542755534
-0.9483225938772668
-0.5612224214776369
-0.8662912251811666
-0.29497443219966746
-0.9824205286252473
-0.8811314298866827
-1.172889829147206
-0.7793406830468564
-0.9231114411743523
-0.027273128437563188
-0.5309204103522052
-0.9153937255725215
-0.4837879929814172
-0.8100676198905968
-0.27100029121785596
-0.20748430078507343
-0.07912510898999042
-0.1451485896381124
-0.7269777229082304
-0.10326230153711607
-0.45309210957418933
-0.20386460635031906
0.04799399483323891
0.16991505108043803
-0.19330945518796327
0.9062298032658914
-0.17515730327759216
0.5124040297330202
-0.35023714066064054
-0.7492504470145349
-0.9143837927360081
-0.6356168132871057
-0.901335454473095
-0.3293712429174743
-0.20478545015323588
-0.057201017431871976
-0.2056697126600514
-0.2257959103105127
-0.07502602386718646
-0.2685159294370258
-0.1995499906597366
0.01339528830913983
1.2620378814582027
-0.022489423144353232
0.9110065253188621
0.3105793432966638
0.6143329927109392
-0.40599882599912723
0.28753486679100604
1.042578596218528
-0.2774901313757854
-1.2784219784506643
-0.4571513752457819
0.2756483511146578
-0.1790590598716017
-0.046411087261795186
0.28052701703123495
-0.1384375580683776
-0.7990794297168858
-0.5784315550346155
-0.7767866483234266
-0.4526685578865989
-0.057137003414470366
-0.07928863180433054
-0.8492213021844609
-0.663515314348782
-1.0678694261364559
-0.6153630914955653
0.5376676862952223
-0.9248678099289425
0.19665240552692198
0.7878142389793411
0.3190953382687378
0.8718143677493903
0.6233917238257652
0.6269439908459412
0.04523395283639875
-0.18599424272018422
-0.3674891904356144
0.46218208396153637
-0.6004997149492115
-1.0003048506825607
0.7245549510461476
0.07167939461622386
0.9682909356170027
0.9211276111767707
0.7614523596120454
-0.6215131652509659
-0.07375693499905142
-0.6026165488272145
-0.23980307072316526
-0.7757617038230503
-0.37135690159285634
-0.653549235025642
-1.055106601913145
-0.943675749087913
-1.000014024371993
-0.894226669683746
-0.7713446593234393
-0.7856010880635586
0.258903775617792
-0.35471032206269637
-0.13162040911142409
-0.35856694142792506
0.02305463177815198
-0.48617526152764196
-0.6597802643527442
-0.27335604854580203
-1.0600692098657336
-0.15517697861341045
-1.0003711656016079
-0.7291998186117786
-0.8438205034006998
-1.0823869606611178
-0.5494433511342386
-0.634113475799212
-0.5134226918418732
-0.6347397537384101
-0.6447164586540339
-0.9998311280008966
-0.999977234965918
-0.9372287592944966
-1.017216138054006
-0.596984876627879
-0.5018673436394993
-0.5218589074753283
0.44939818771155926
-0.5327517349488355
-0.4807871358313461
-0.7735358116647358
-1.000317072657047
-1.1344844612753615
-0.5049471879759703
0.4190508953852181
-0.5706598234200275
-0.30819115897615407
-0.4427263696913747
-0.5736178289386339
-0.4198348623086087
-0.48841228010702487
-0.5216167461479948
-0.7229952005064799
-0.39457337230837686
0.28642855125966193
-0.2220361358117912
-0.2041201592679298
-0.651521596977968
-0.5696195468586315
-0.7643378371955697
-0.8278837080326323
0.5263530081200455
-0.863457073510583
-0.10043301843376767
-0.3094909340942621
0.124369803782162
-0.4532065921390073
-0.1533890858039314
-0.4971784081278274
-0.7409232381850585
1.0001158847975793
-0.18265082871171007
-0.24916881453351294
1.2190424135502171
-0.24870564176150917
-0.3377932720792567
-0.4142197891161313
-0.45513014446138567
-0.06024523992758954
-0.5456860600286195
-0.41162419950985046
-0.5098873420325203
-1.0088171466399836
-0.5282079792190076
-0.32509851426914527
-0.6706398344684518
-0.5717191973985867
-0.6353811549145066
-0.043076742029544146
-0.6991261418694322
1.1480990637288748
0.1577707118147954
-0.502956152474857
-0.5004699992379027
-0.10916799948832631
-0.5709503069495753
0.31907840985634983
-0.7622346694812077
0.27840389893564643
0.6774569886408414
-0.14293558382984392
-0.12457312180486735
0.13799524014196768
-0.9578464410252429
-0.31774577436474805
-0.18511073886866947
-0.2393385592996314
-0.3732671656965178
-0.04316296822897139
0.9183320469133128
0.32630280035998116
0.32661234769033864
-0.44855157688323555
0.06013381255113298
-0.3040215969442477
0.41571855337757124
0.9998631425467658
-1.310087618000527
-1.002123283403948
-0.9996202116571721
-0.9624366046762437
-0.1696397554383085
-0.2581698979860925
-0.38595934302160895
-0.3393326287743301
-0.7999217765035374
-0.9852836506211055
-0.9999193918363115
-0.8175004675996843
-0.5128688425789121
-0.4048087463795862
0.24000218410892005
-0.5059423614437704
-0.5629941142633053
0.1574534867930487
0.030870451973942892
-0.09223921607230892
-0.2562242883093831
-0.7324290466644793
-0.7423256194645899
-0.4983753660556444
-0.9557289189621981
-1.0352949994887233
-0.8125681805613407
-0.43598356749315137
-0.7323996099428479
-0.6138438686952021
-0.29005236674153917
-0.28610097547046526
-0.2696789864154002
-0.2667900145301223
-0.3896673624715753
-0.422288553679082
-0.6534377857561949
-0.9048642863750443
-1.0071942487501944
-1.0288771978207119
-0.46904097496861413
-0.004783827837488208
-0.17132412604958683
-0.11235456516645104
-0.32374109343608315
-0.39423988856642656
-0.03218844562276349
0.008383743437968771
0.2937657449443297
-0.013433879329502074
-0.60049719389491
-0.7892590010679498
-0.4385066574503405
-1.0010895426156168
-0.47062898179396345
-0.3181644936728769
-0.30980041589113594
-0.502263206530607
-0.5092974612504481
-0.5677320602465199
-0.9034837722262492
-1.0165207520741533
-0.7190986385956176
-0.31470326378083746
-0.977557465179817
-0.8848586029261752
-1.0038503884239027
-0.546766347484515
-0.9096436048667945
-0.33079152372516274
-0.429372560972749
-0.11354142736071554
-0.8666508231107822
-1.1123086927817543
-0.6528186975655075
-0.5073554004478743
-0.22643604484263766
0.20473776476181432
0.0467726633444453
-0.06222412986728071
-0.221751270391428
-0.07387946507479912
-0.3207104584807371
-0.5234372050752603
-0.2981919396850646
-0.3576128400358983
-0.2658201257323804
-1.156167608877392
-0.49370250774174124
-0.6758370542954449
-0.9004718503542425
-0.8251245959438761
-1.3052344210259572
0.3869304965389412
-0.6409015003141022
-0.6938291357326785
-0.3357021870903055
0.157113784329027
-0.8487496261094872
-1.0943112410520937
-1.1744733286982891
-1.0346751811600923
-0.9904138999103044
-0.9922622781080592
-0.4928707960616632
-0.4069520657117812
-0.6864120968459272
-1.0031052223218186
-0.8475967266465699
-0.6235045425679979
-0.24225660323339426
-1.089033504526952
-0.3442734938630643
-0.3640195485068825
-0.7690299265467372
-0.6459390713447449
0.005387358184340996
-0.8312944987658278
-0.7076684684730835
-1.0106034176014016
-0.04356535225000993
-1.1513974459586382
-0.9766154168562586
-0.9067116854943729
-1.0667292093089351
-0.994418938559252
-0.43782636178803863
0.0365388496780753
-0.5300940435640662
-0.2723412201451121
-0.41865837518213767
-0.5676694787096093
-0.8590459007407465
-0.715221463408861
-0.9404942361410356
-0.7253114850477034
-1.2126002641811922
0.008991324757409713
-0.4212649116390783
-0.43282150832697164
-0.6074476986291223
-0.4251589072905705
0.579705410855971
-0.41230917780772397
-0.7728695050455107
-1.1216524009253903
-1.0760575032290238
-0.8391989152939953
-0.8161157863750692
-1.0607800680587198
-0.7624188386807714
-0.8483969546489231
-0.04607793980030714
-0.4985698765135106
-0.9518755976421387
-0.8590077149452577
-0.9731387392538662
-0.8874765738559504
-0.9620392266378938
-0.9060946627725791
-0.9345375253503482
-0.7629549093124514
-0.9566455275043054
0.9609537458845664
-0.654244292949445
-1.15703190302197
-0.44804779503892267
-0.5543053203866227
-1.177203082195148
-0.42002791350389357
-0.7608357348052514
-0.32810772351670103
-0.7564364436606639
-0.7219115460563359
-0.5230782178095597
-0.16637370803437512
-0.3541386655414584
-0.6240628167321509
-0.4889243383663239
-0.1684953875406352
-0.5019042473930441
-0.8271800799151717
-0.6298434254499156
-0.4885744943535276
-0.36614287953983377
0.3187644599689442
0.40002576204003093
0.04753421024190091
-0.6033017212475591
-0.6477068236619671
-0.7130682803411118
-0.10729090473827874
-0.8760158271567994
-0.4398690606936863
-0.5099520962855092
0.5051951811705692
0.25596764837909836
-0.5210483600993617
-0.5318563312054083
0.6125353780739801
-0.4744659624541412
-0.7764400216376934
-0.6049607051541075
-0.9221949309831596
-0.8860502040775974
-0.7921746905817209
-0.9578940303601263
-1.159701872460265
-0.8964216571288752
-0.10873350145089272
-0.6330619744509866
-0.4406819715402023
0.48414950731255135
-0.3016562037976862
-0.4309224107270443
-0.8156135787512132
0.4590648075797217
-0.14076430815367608
-0.3108193917268574
-0.7567453362186368
-0.36761622131957683
-0.10747796461978995
-1.0001928928791435
-1.046699317218252
-0.14750133803965637
-0.7219568285474189
-0.5272031009876336
0.0393013334629268
-1.2671333256279333
-0.10180964966564868
-0.5401076600097426
0.3931102268642286
-0.3815537421695382
-0.4749540911857226
0.40753564782265017
0.12440293989845064
-0.24754763129562382
0.04284159244439356
-0.6544521671724688
-1.0065924846357543
-0.23048150215142607
-0.5027835155038248
-0.8390711785086824
-0.4798466512780605
-0.6151757940035182
-0.7176507258045296
-0.10843977334398269
-0.8994112969186872
-0.6933800378565773
-0.7829906040135642
-0.7792597315167632
-0.028314030177562566
-0.24239946823176411
-0.4199459993145644
-0.8392127127611347
-0.31457835610020424
0.6402866289824231
-0.27866075495102716
-0.2810754974077847
-0.27060346947351455
-0.24220762929883954
-0.2835532108001497
0.4302961265919799
-0.6155003381176746
-0.5039426474571457
-0.5577652158079287
-0.3078018481101933
-0.29072555673305756
-1.102564479450828
-1.195562066689877
-0.7283340552982412
-0.23882465033273773
-0.5942274021480602
-0.49515644326425556
-0.8452504942065959
-0.26916177608921377
-0.8899259640949347
-0.5467384873521038
-0.7415671798750141
-0.26128864179622757
-0.3788553872620108
-0.6356240890886351
-0.08607496988535332
0.6388945393454001
-0.7681465569631561
-0.5054332408018523
-0.6331257392396021
-0.23623507771447727
-0.3613403314218697
-0.8734229164852201
-0.9089372579481639
-0.6760887445135948
-0.49057718693917246
-0.27643876290438407
-0.8162789352509419
-0.36124839563856503
-0.49695504969366666
-0.5467610520620119
-0.8170346112703751
-0.6616118225112948
-0.7179977274559748
-0.5378503058050612
-0.8243465837284172
-0.3316588056932546
-0.5578992698471159
-0.6027885390615092
-0.2806306030142481
-0.584563825628656
-0.7422342178683503
-0.667740106721085
-0.6170996144805545
-0.6887033328337056
-0.05843714797563579
-0.08336590800274576
0.45855223926324684
0.37702895725904795
-0.005201941008801225
0.0751276895552968
0.14469508874931492
0.19878302634236744
0.38547847238114963
0.07297436492853937
0.2246195572954438
-0.4646885091834807
-0.274286220412563
-0.492287588252589
-0.4939983345490241
-0.5727958540592062
-0.5478320925403298
-0.44226795725639734
-0.5085672888312966
-0.869126317369074
-0.511833825486678
-0.8281989380266055
-0.5997615092264987
-0.347569326169887
0.16271754749641165
-0.19649653140237805
-0.8351369516785427
-0.7783664046759757
-0.7780180434962584
-0.2599031743093973
-0.8646866858585782
-0.679411100541174
-0.9263838217344157
-0.9410134556817543
-0.6306611444023731
-0.5892599408958153
-0.27936315263263994
0.3505120927892057
0.12933565857610402
-0.6589834294055845
0.3219469187477847
0.4191939344060499
-0.12167020030029013
-0.33184658265920014
-0.3541689423390837
0.3126365216005408
-0.400453516232418
-0.45688471231253097
-0.3710357922537723
-0.7160005025412806
-0.6400898196492254
-0.31286064173850137
-0.5314348578994454
-0.43463104269913355
-0.5161939327071912
-0.3238021493931257
-0.11200768002366945
-0.2711240646933518
-0.2913335087612658
-0.21584229756174161
-0.3507104027133103
-0.5534865443200497
-0.7644452939272641
-0.5791107099874343
-0.31639421377511134
-0.7879557470996799
-0.502967957800749
-0.9235942923641454
-0.5353715899144147
-0.6740911865119319
-0.6259448429212031
-0.5870319564437652
0.1256594110941478
-0.4137248913918249
-0.46338621484028353
-0.8478711507272663
-0.8720138336705426
-0.6738016718893753
-0.7309406628848241
0.06666795707985329
-0.3733960022661663
-0.369080755542917
-0.604479127642646
-0.39984615042878546
-0.09873791071931234
-0.5647094553336933
-0.42563171242546427
0.03523690531234186
-0.36707476387746385
0.16954795097786335
-0.5963312025125729
-0.7455673734122343
-0.3407892011524448
-0.12486176645663183
0.0934036871219408
-0.47265347792839596
-0.3122877037545536
-0.01689029808362444
-0.23223532362827248
-0.17041342073790328
-0.16370839820962452
-0.5810825742612332
-0.8322675876038813
-0.2824398315835308
-0.29482651040491503
-0.5509162965939947
-0.7641850450756212
-0.6128172373663169
-0.5764118916858232
-0.48273408543191204
-0.28327661940500615
0.07585058321016164
-0.7847910569771943
-0.6827668470629896
0.22355489839071718
0.13767978757275828
-0.3745469675981788
-0.7048684058718777
0.19549099041456686
-0.45883732081951856
-0.45209505151987417
-0.47092751386880916
-0.37032475174255364
0.1481861048284585
-0.6309110611602171
-0.220291635101816
0.08278851920338826
-0.7413948758038438
-0.41310177662341024
-0.639837258052504
-0.9898304503583898
0.013841864919733715
-0.2952063720996403
-0.11638545409990714
-0.0385344339039195
-0.6050059553068237
-0.6193953568706777
-0.716787657802413
-0.2847774455704986
-0.2008511917117964
-0.6802746070775326
-0.7381613453786242
-0.11830259239282517
-0.4137556467251404
-0.7059225192649853
-0.19833241123453316
-0.5286825618140162
-0.7158056239251283
-0.3781851727868957
-0.45132302221979825
-0.7033257009360098
0.6125949073032991
-0.5324463126614799
-0.14647800796304378
0.19279496633466098
-0.1704520841940125
0.4270680543710298
-0.9884707046425708
-0.4024947179371904
-1.0334736275201863
-0.4242805829549944
0.20534714853748787
-0.04930048388917427
-0.11386844458560491
0.3387997034817155
-0.5235878579887028
-0.2877806685302988
0.07364517457130737
-0.09305532017090343
0.16811535579160397
0.10633168286117572
-0.3226922061271056
0.21229520392899748
0.20136511257126016
-0.2446266499662889
0.04051704906643139
-0.29597115258317985
0.5886323467763152
-0.39846967247783194
0.4060689937914542
0.33099769465718276
-0.14986785058194155
-0.21194402221423989
-0.17596929967047298
-0.25952247295791264
-0.15765222208816454
-0.2764780784970192
-0.14996827093495904
0.22546440453197342
0.014357425936428303
-0.14630383073626982
0.30563949907533006
-0.3298617319450883
-0.201484000425967
-0.2679760124105855
-0.5497200215928393
-0.8972210373648134
-0.8167632547681043
-0.31016421345219036
-0.47174125618598683
-0.3890594979480795
-0.38775288912845035
-0.5012873041183881
-0.7340120884342792
-0.37956827321975845
-0.8456593104851776
-0.44203283549571093
-0.6581095586078652
-0.7131410003149635
-0.5369527457025454
-0.72750579199304
-0.4374495834927052
-0.8271067884582676
-0.9510073338886388
-0.6550479872874195
-0.8033146389550441
-0.8034069804714916
0.2226253949735124
-0.33146077909787264
-0.2239149704791078
-0.5169730064844974
-0.4669578149683409
-0.19512791959049483
0.15695771914693352
-0.42984139781773323
0.25295002617631257
-0.8089381738954399
-0.5012192260113612
-0.7326106373643431
0.10992548746306813
-0.9608618396330912
-0.4819180129858688
0.29349604754550407
-0.19309861924354849
-0.6237575374973103
-0.7324184069834274
-0.7004473768911498
-0.6839198270717148
-0.030495682555169434
-0.4327035855890495
-0.3924114712513211
-0.3108294850015765
-0.6669340271228343
-0.417814594270812
-0.5697175769200913
-0.1659817326388633
-0.5562958246239605
-0.6041703720757692
-0.507847799922678
-0.7727159136365471
-0.6981802791691861
-0.9230919295216755
-0.8877576897496785
-0.5393461452652704
-0.41127733874497946
-0.45321113514867395
-0.4343735524026748
-0.2817339159417659
-0.5459966210737973
-0.7883118782473211
-0.4071376941782514
-0.3752239322864067
-0.20940069937347017
-0.24445407471401462
-0.6777802990658517
-0.6173916058926877
-0.2588107360039212
-0.09995379196058443
-0.4941311791415897
-0.22166431278696033
-0.3172207097420291
0.37994115489085545
-0.34659608277142456
-0.8291992458248688
-0.6932749127707201
-1.0226159210636006
-0.33493653339601553
-0.4857513608875331
-0.6496709102784879
-0.32825580617066563
-0.7326916032445581
-0.570694335874051
-0.9988431152306624
-0.6381293024854178
-0.3172638528431736
-0.3414793963044938
-0.939399992450368
-0.7081131052918757
-0.7782499511840129
-0.4916090680860533
-0.5769698732315145
-0.7573526462943975
-0.25371491311167316
-0.8852978944462896
-0.4115301692769253
-0.7245209907336427
-0.30112783187421266
-0.4807701244009998
-0.4468117352719613
-0.6184159559048404
-0.8752189405981964
-0.5745901254407757
-0.5220024122030065
-0.4291945645432814
-0.3918080951423483
-0.847236945163632
-0.6353123045670522
-0.8548153661347645
-1.0065173166389447
-0.3031472267322437
-0.15474621807062514
-0.43711380179052073
-0.07537290151568432
-0.2738680234790531
-0.8788674416955558
-0.2676222002798002
-0.48220051286408117
-0.6153919485261092
-0.40415804919942466
-0.6908378876945658
0.12387723252051641
-1.1576719858106048
-0.5605041706351447
0.5296787218283241
-0.5271503064670622
-0.26179850488669265
0.32692565720881916
-0.08814263370396125
-0.7368158694100654
0.49700789329809847
-1.0840869304913352
-0.5372330393192798
0.5204195370171183
-0.43928880767842626
-0.6131675235751408
-0.4270794851989432
-0.1959522065798061
0.02621279201790916
-0.48751400589738964
-0.4429471141925068
-0.3697075722634575
-0.8113846465272619
-0.5529424144014439
-0.14330589008857822
-0.36218785496313494
-0.468486731709262
-0.8835165927699096
-0.9639917020870048
-0.7348149740249267
-1.202020716803204
-0.6417640576635291
-0.8299776387836001
-0.35389486357636757
-0.26608486684320976
-0.0599395054334286
-0.4326419832375512
-0.9803367476166783
-0.586693836987418
-0.5952919588854855
-0.7009073204080895
-0.2581698979860925
-1.1849666293093941
-0.768713688867939
-0.48814615759704816
-0.8525010821732332
-0.6912812848261979
-0.6514881810750738
-0.7331382628752151
-0.21689429468592322
-0.807281967880229
-0.9270490008323433
-0.7150636003361288
-0.2132826713295744
-0.4127224360256644
0.05407794707401603
-0.3303750920451886
0.9233879817051035
-0.29199218547903294
-0.4560331245716405
0.4125595446766047
-0.6605977804557187
-0.06539752018539174
-0.15488919050989375
-0.2567198558954342
-0.04351703641447782
-0.7898957022076155
-0.5686177754416561
-0.28442911265788445
-0.9580228660563238
-0.6661256802419662
-0.3742558355105554
-0.30568641543587244
-0.47242717658903427
-0.5011621642144473
-0.08219877955300003
-0.1504053275767041
-0.6587773732831984
-0.5142994137525462
-0.8372160080704228
-1.0892673080111945
-0.6883998281195883
-0.26756347342991915
-0.8583178086643956
-0.871718199394972
-0.6933782744286047
-0.8260039107118059
-1.0094480985925292
-0.689485505011961
-1.176312842471651
-0.9697430591291337
-1.055089742963217
-1.0401142625889344
-0.10999366323494697
-0.811139383268536
-0.41696025931691805
-0.35391331926779224
-0.7833085118951265
-0.2818809860944044
-1.0434325364641093
-0.609430608552863
-0.14397536207312517
-0.28587249237209356
-0.04673623853201253
-0.8189497457112036
-0.8609200938095419
-0.5233104086845974
-0.336799354250009
-0.6055518941251053
-0.38838921108529084
-0.6384611573488147
-0.9359935244920371
-0.39278179820941445
-0.1738188482298612
0.07322628485375593
-0.6323763000383278
-0.2217304647438142
-0.5008911662323203
-0.4637422677225308
-0.8017717052929665
-0.6765301622797814
-0.4929200569909622
-0.34511663887872907
-0.45961204235626074
-0.30972561451683833
-0.4153015737428174
-0.5650262720668016
-0.26714701448695183
-0.6246201319623385
-0.7175905284321491
-0.03375635568456689
-0.7406072629389036
-0.3789701472686069
-0.3005172141417122
-0.30472190093843554
-0.3173709114819497
-0.4941391459641358
-0.09802663613805973
-0.39082868279001226
0.051322455812768675
-0.003172605416124963
-0.1803565230535471
-0.15613469779028752
-0.34166459016490724
0.311275631932316
0.4171476500268033
0.19706931287048812
-0.08907626686029882
-0.1289641982972008
0.16807624922570352
-0.17628657560914673
-0.2548040856030761
-0.2628463965579475
-0.21455088934960084
0.3932266083556327
-0.2887175136007657
-0.5791313257510062
0.10946720951842703
-0.46296247044916394
-0.6580097989171085
-0.525788227901095
-0.8666661895929856
-0.5152784351417168
-0.10681966881774288
-0.5931940467866627
-0.14685728555012226
-0.7891790343674853
-0.8832685949003617
-0.4192191400451132
-0.8369786376155398
-0.11230026941934965
-0.9006535273798416
-0.6867508974133054
-0.29271833586822016
-0.6535835834859202
-0.7989589712151149
-0.4330779058361757
-0.768853250773612
-0.5287460040419367
-0.3821937174300428
0.15570328018921892
-0.578416226240539
-0.35234727591423487
-0.37454762163503497
-0.5193154970893574
-0.5721909476386712
-0.5653992900101308
-0.43545383536607263
-0.7683380766527219
-0.6609074328320117
0.02806190161319766
-0.7177082757546379
-0.44024596501434987
-0.3660778727270824
-0.06718537241722308
-0.00869325595128373
-0.5919712772043665
-0.862560572234533
-0.622549367025649
0.2263262032996166
-0.32382287819789124
-0.0024582557621682932
0.44154603931821057
-0.15167792718076914
0.3060121414638818
0.501590688453552
0.15595202039191874
0.2997413957142975
-0.34344415830857344
-0.49820172304120325
-0.5410781312823554
-0.16440661468373802
-0.0063660259181481105
-0.28131836738843236
-0.07352700237317109
-0.487460226192838
-0.39727338431376313
0.3250354924108939
-0.0292685676153476
0.3528607428427303
0.13349618263316254
-0.12428108996509726
-0.054823474189300225
-0.9425030268743371
-0.375317350539909
-0.2933169826311358
-0.5701931414131874
-0.5624332728106282
0.052921514905533984
-0.14403993041700983
0.2513051870154822
0.15611230057774184
-0.06014630710651431
-0.5408350284517844
-0.8656788887570069
-0.6215525998621039
-0.6095472139333659
0.26960761677235046
-0.5264612902364982
-0.5213209117810873
-0.3801270999177069
-0.3189218294538497
-0.37072897138865063
-0.4403200512623171
-0.4733375378533415
-0.8231774498771127
0.21737062215697212
-0.2502301000161261
-0.22206458476843532
-0.6503632033381082
-0.2551684479822415
-0.42397984848208625
-0.4938606404025564
-0.46227577430714095
-0.2902328319918797
-0.6801016599679122
-0.16341973432969406
-0.4853089159230134
-0.8167754763156342
-0.2796662856428666
-0.19482073975768094
-0.5378593798967507
-0.817077039117166
-0.12512582069553324
-0.4568141773789345
-0.5826046182121508
-0.8294569058642582
-0.3816111309237894
-0.43562745208980597
-0.3000039878043471
-0.31044089911488343
-0.5835980210932142
-0.7259057993016031
-0.2603265464370597
-0.6591150278846948
-0.6268918665250793
-0.4616993943827836
-0.36073631104413767
-0.2581698979860925
-0.29570047870393884
-0.3004768496302933
-0.14087703057487205
-0.12670576070965675
-0.05464557894547831
-0.10487435360636127
-0.24852113647268909
-0.21817436452125677
-0.7984854379967106
-0.018283055673655735
-0.4429270246206112
-0.34646532818825615
-0.2643135636531689
-0.4224183126529345
0.13229989055534858
-0.28277099331372263
-0.35338510576232063
-0.5760325867277354
-0.6804830181872702
-1.0058232571393328
-0.6222365582522065
-0.4415460686293705
-0.47502220085207925
-1.157929494818997
-0.8096181813121308
-0.5953086635804958
-0.6766511532255574
-0.6056960347142168
-0.7066462829421376
-0.633836724421105
-0.549314910669877
-0.6866918518865477
-0.5639358679277161
-0.567653401634562
-0.7788992665519879
-1.0239320044075821
-0.5591208893940132
-1.0318048023262183
-0.502008897112697
-0.5778364479643121
-0.2821961916114957
-0.6916839337616664
-0.5959998482964131
-0.9528771199456085
-0.40118507250702784
-0.3052108350318909
-1.0464501573121492
-0.3335153843205967
0.20673908489231635
-0.2688440524610608
-0.26495497029604564
-0.6689442729901124
-0.7869081585901625
0.07206455427159486
-0.8110690718978243
-0.8339200170480405
-0.5697360776770567
-0.6813610308287794
-0.45004293408336443
-0.40493616575016184
-0.792070994576913
-1.039992557829664
-0.6980826045515717
-0.43355399747335627
-0.08725964965927874
-0.48623028271726576
-0.36092583896322894
0.0076215130861737035
-0.5884121250845369
0.19251338786904748
0.03178245208387692
-0.5789749166795415
-0.32259742333206376
-0.9235971807402077
-0.9264197281477738
0.47522029285394773
0.17910681960364733
-0.660343085633104
0.024345560444917758
-0.18841530602792936
-0.05715534223183544
-0.919847093082092
-1.2170890590337171
-1.0333109046356008
-1.1178528873100209
-0.529942716040565
-0.5477896756784351
-0.8606904824564382
-1.0198043045421157
-0.22040864210496192
-1.2721031620272631
-0.26947072060595445
-0.7397512566419967
-1.1061510772520355
-0.9570792444784442
-0.4652986438134995
-0.2130020817292904
-0.16720116768821883
0.07730827405926366
0.05773082920232969
0.39094711135486915
-0.5389444839638704
0.31977003290162076
-0.4757244081058519
0.3913484230928437
-0.23947898854373112
-0.5361254058266978
-0.6440753951635022
-0.8952463134540612
-0.18104328656850618
-0.7275867746808365
-0.6746005214299791
-0.5280902056648222
-0.38692578518050696
-0.7213890380098732
-0.4596240034493765
-0.5177613911973562
-0.7977862378110001
-0.8165513639803338
-0.6763482291674768
-0.7865817111258094
-0.852679356345673
-0.5520695846288223
-0.43407684044545014
-0.9834511018364072
-0.6642328986927406
-0.5879273106281527
-0.8707545875282191
0.33973627127403494
-0.3378391373689846
-0.25532473441993525
-0.2865612166101471
-0.6251309545737963
-0.6347743771467895
-0.28427233674488683
-0.7510445691261801
-0.3835527976157196
-0.21586975866433444
0.44734486610373925
0.13383829868126096
-0.6094135484137853
-0.19454946328657607
0.3754284622506733
0.19417356322893553
-0.26331797132059154
0.3446824786843061
-0.009777801137790643
-0.7890312674855575
-0.804491770379555
-0.7309565693815259
-0.5480223827146052
-0.3932408109907735
-0.4535174410680859
-0.6513998048744557
-0.7581017054295935
-0.6552809405892579
-0.8402502494098198
-0.4834993847153815
-0.6053544162932364
-0.5340853823821419
-0.7835991546706083
-0.7981890516852997
-0.4906423535716364
-0.3300110788592716
-0.6963504296162998
-0.9743723039544563
-0.9090692985690947
0.057915683079745206
-0.508020559869556
-0.6122223492980927
-0.7759844689797529
-0.013626379718774617
-0.16508537103589152
-0.18513624037591256
-0.7539824253649161
-0.7175641262139838
-0.6043164211424248
-0.6034661277806889
0.20312673230106004
0.42694687710425216
0.409392044761538
-0.43928577174510497
0.05467476586025166
-0.23285170322631124
-0.3530675405002628
0.11319736236821598
-0.45900677698964787
-0.6784347845822072
-0.33237536910372645
-0.5872670316240538
-0.5204180487324224
-0.5339794413790718
-0.4318949429214659
-0.5803590166300455
-0.6440553818344343
-0.3472371679904658
0.06431743028262021
0.11898773837047538
-0.7299837341450148
-0.5926868140734359
-0.49727168455558524
-0.6124931908593259
-0.9293701905366488
-0.6695489496059501
-0.3838337753451545
-0.9385320317137698
-1.0826049975604017
-0.4352024608272618
-0.6693279949038918
-0.3922719834408833
0.40746323237112314
-0.4109851948133907
-0.9705155606596779
-0.2767277025542142
0.011017695801618932
-0.2715891181270098
-0.8473032537911237
-0.6442562905985812
-0.33969817074779396
-0.08489163102536768
-0.3401624458036805
-0.06866068048072083
0.07947476290304512
-0.5146863885093367
-0.5444529678134499
-0.22650024028594828
-0.3386990054590632
-0.2535662667275478
-0.30735801833621823
-0.42101212279810796
-0.28432784028457636
-0.5736420142124093
-0.4277440790592781
-0.506752442825533
-0.5941489975864147
-0.7369313292395161
-0.7586911759522711
-0.007387205757202087
-0.5722737075619241
-0.6728624642058091
-0.5923429856111848
-0.18599725896187885
-0.6916164447390172
-0.6359309513793259
-0.5934649477752039
-0.8765737802212678
-0.9276064018293476
-0.45975517254875203
-0.4796577652286542
-0.21789947339634724
-0.5662995204413523
-0.5651298257521639
-0.6877824879610152
-0.567935547317067
-0.38929293867971987
-0.7874243743082131
-1.1788049819295243
-1.1096010328068584
-0.5332887090503058
-1.2710925870969092
-0.614000322499776
-0.16456764097416002
-0.4458478266211374
-0.7405759735223225
-0.18845459101281348
-0.329678394310871
-0.4866239483524235
-0.34174929304585966
-0.3241327490897843
-0.3206760217808419
-0.4295052788967547
-0.43920394581229877
-0.37735486548188246
-0.366277864539037
-0.4297195153775027
-0.4511570511107894
-0.3691816490691282
-0.24449351136876685
0.5542054107749196
-0.8551996460014731
-0.44166139834951607
-0.4336813236263337
-0.5091461203664642
-0.42611607592512296
-0.4560758442871411
-0.2761648825454718
-0.23399237252306226
-0.5632494984662828
-0.32280489702796517
-0.4938347359564502
-0.524733819588883
-0.49506844439588904
-0.5241938790621657
-0.6725493573596084
-0.7077126006480489
-0.29222561765914423
-0.4788320099263724
-0.12664449393736227
-0.3773840177511687
-0.344846395168464
-0.7223245475453495
-0.6659935681306629
-0.42540613122474946
-0.58966145208879
-0.5739754613627062
-0.6268162489610687
0.171236691047695
0.27087202704390967
0.4056025214391622
-0.6812744662681176
-0.5187742993514907
-0.2865733138903151
-0.5269429669066785
-0.26557018898207707
-0.33400986844450486
-0.6472952424818674
-0.5861490917467918
-0.5658828718319895
-0.7423615784740483
-0.7139248322678065
-0.49655948775438463
-0.27981923146825755
0.10195814907297901
-0.3761718904101963
-0.4264591061853015
-0.3357162754708783
-0.27691912912048255
-0.6267258987433815
-0.9282249168620531
-0.6630954486017607
-0.28086143429969984
-0.28407833135909233
-0.1453502345012182
-0.1662972527684376
-0.6204011495509796
-0.07225645248156892
-0.48346789851271643
-0.7867541309411231
-0.9266478238448502
-0.21625381551733813
-0.15940421939489718
-0.382655410949307
-0.8909726600153097
-0.7442300637903151
-0.48667304314716864
0.002040264332911934
0.4989212550257045
-0.4840842078730258
-0.8070294598406232
-0.42560807994174354
-0.6040979055980332
-0.29104745203466836
-0.21931427084404476
-0.5512058461829021
-0.060417534308296106
-0.6785723373320613
-0.9111322095545109
-0.4769588786985557
-0.7508696447270028
-0.6233058211838086
-0.9581335305024387
-0.5080112511325714
-0.8689123924691964
-0.6336918641826034
-0.967814565733209
-0.8100381001845092
-0.8402528033847005
-0.5676256870390906
-0.5589872881602681
-0.8551815793851997
-0.710789304642392
-0.8201714764811682
-0.5990038370400587
-0.9161090850265069
-0.33125520445051915
0.4778021444739794
0.0293693480447359
0.3055291364689571
-0.11019293356185347
-0.10990744078877451
-0.1324833712766812
-0.3903413935178041
-0.09375493240079688
-0.11738452789006712
-0.29657091562278426
-0.3861351785632578
-0.30616645476960136
-0.5082237499790248
-0.5600471592198872
-0.24937815263596236
-0.4603469007565526
-0.11219758313423481
-0.4359504009330093
0.207706351690645
0.07287146030288494
-0.12082574406295848
-0.06116242630521712
-0.39118595857518873
0.32105938340543994
-0.5139004020012108
-0.27074666865465113
-0.7692899157203895
-0.5851210298367485
0.19103715356222217
-0.0760931951948624
0.5010828657080841
0.5356195254654766
-0.047356453708033625
-0.8627179833419575
-0.20441435120475548
-0.7314771173362186
-0.7187724522589845
-0.3056175191331022
-0.7628065782505563
-0.8235911999956053
-0.5315667255971203
-0.6632884476123578
-0.6793761409770067
-0.7346562349989245
-0.6041872120560294
-0.48526289125665145
-0.6062100613249809
-0.5064605666987456
-0.5007474446875265
-0.16823175772295296
-0.5956335454286544
-0.12620492142735357
-0.32725434287971833
-0.24133695123508442
-0.3336498665387858
-0.24882182854245571
0.7002521897080981
-0.748901048159724
-0.27602908728456094
-0.5531005040800134
-0.6039352077217444
-0.5115911149163993
-0.7224369626810172
-0.4580209932678776
-1.087541761827781
-0.6494184810337653
-0.4053137058758388
-0.5266412189317153
-0.6972576458430739
-0.6678366051072118
-0.8364031124602972
-0.6619890235990701
-0.150772047796029
-0.4505356470652049
-1.045064669281575
-0.7684561629652277
-0.6777287553010323
-0.6623293461988271
-0.4790918671179063
-0.36194741649254525
-0.9276872024795598
-0.6313802222954784
-0.7041869638109249
-0.7422832242665343
-0.8429881787382967
-0.3752080845151996
-0.48308585080279054
-0.23230246421702447
-0.7702997318881656
-0.61410206264106
-0.766742732150324
-0.3509459874635011
-0.5052698594782823
-0.6471339646855987
-1.0178554916132558
-0.5910547418973884
-0.8913836195930626
-0.6836736800828077
-0.6397801179713052
-0.7117997114325617
-0.5136425469354726
-0.8189068454537946
-0.8438626552013931
-0.2878774084758371
-0.3370205862593182
-0.4453356646723712
-0.14923560613467446
-0.5746643290578088
-0.6158987401253299
-1.067311805015002
-0.6435278058380356
-0.4627641344555045
-0.2760966147689535
-0.4556501080861667
-0.6542025918134888
-0.6728962597183964
-0.8231801349936446
-0.2393102939514182
-0.44462114645614476
-0.6229714379377214
-0.36639689483034854
-0.27068616058631934
-0.3985727040789294
-0.3621002306303265
-0.21955989425730446
-0.38547826634349697
-0.32221967268698815
-0.4343652221816315
-0.3042007377678206
0.2340669533913189
-0.6796990164720256
-0.30669632056769247
-0.5801884394602709
0.1728560411362557
-0.4519777527052141
-0.07673824876524285
-0.264244332242489
-0.2856075698881073
-0.36363080968622463
-0.2679129768415919
-0.20513375997806516
-0.25045864109401744
-0.712331938007532
-0.745593913808384
-0.7001283705442652
-0.6447599166981621
-0.004338355922421044
-0.6473169573769
-0.6576370418362777
-0.5939371624976241
-1.1769994454220611
-0.47440943810238384
-0.4685659607026962
-0.6036287989907421
-0.7103108404637464
-0.7984269158650098
-0.7517144245458222
-0.5130900893506625
-0.48840408208563035
-0.7170161628541032
-0.22530165791472823
-0.5243481769685211
-0.6190231185633924
-0.28992702260779
-0.2464683130918678
-0.07371612081521445
-0.5325935745889201
-0.17092034634292824
-0.5204806431394183
-0.9177531908010885
-0.08166539821203078
0.17951266672141752
-0.052680313256732836
-0.20305348350825664
0.02984788504472624
-0.21317882894424975
0.21034858740401208
-0.003163359975567215
0.09669409251529504
0.15624496546606187
0.2986630442691808
0.4381130233763634
0.36006040860036703
-0.7947735805552681
0.0961504532566444
-1.0539801430822042
-0.9669901222113647
-0.5819819030340676
-0.6214377826871205
-0.6706238523221149
