-0.41311208947245837
-0.02697380276703254
-0.9642998707021342
-0.752902147325046
-0.8740958195654754
-0.7166289088400711
-0.6902548078115028
-0.9613816351694672
-0.9637953759141892
-0.9713857976308221
-0.9274881286626679
-0.9614248201698546
-0.9282356089518267
-0.9694824958452041
-0.9861085958455482
-0.9153203316687029
-0.9612056575265602
-0.9818465003934695
-0.5556078134292388
-0.880914708563486
-0.9656646225315679
-0.9910088215750987
-0.9928078917052714
-0.9668474025169769
-0.7021544678326254
-0.5197295906009022
-0.297956157419745
-0.9240900418428776
-0.9224252808631908
-0.8653143049313936
-0.9341647867575797
-0.9529359094927996
-0.9372119919947335
-0.9637300509358724
-0.9641008823423064
-0.9663178827560196
-0.9759777601335641
-0.9625465605271051
-0.9622251624854913
-0.8872927959878089
-0.960497239760857
-1.0112766021249617
-1.0266372906335581
-0.9641949059623932
-0.9580000527476047
-0.9554862877114992
-0.9211573302171064
-0.811207206540522
-0.14579699623054443
-0.6079621457579923
0.1834677403697621
-0.9624295264144422
-0.9627039488549918
-0.9642041314211535
-0.9660686386043791
-0.961440799975941
-0.9715534521319813
-0.9650839948033699
-0.9608663372140869
-0.9620046885300712
-1.0060874896098946
-0.9908181361023534
-0.9797004788483105
-0.9626222450136055
-0.9542191686513635
-0.9611230945027869
-0.9785299868629389
-0.9367375748565395
-0.9607035620269517
-0.9708274148995414
-0.984707680720258
-0.9609309114642915
-0.9626253637320283
-0.9613150397871949
-0.9553279774220361
-0.962487973920965
-0.9647789936932115
-0.903365170841154
-0.9467453425269925
-0.9685720089275539
-0.9605602112529547
-0.9488981599549167
-0.432343158646886
-1.0261996390583765
-0.9677782085452311
-0.9642225239616828
-0.9664820733128148
-0.9641936373201003
-0.9227625236166814
-0.9625661819998705
-0.9681378023713046
-0.9353859753566586
-0.9258940652158002
-0.8826033260049335
-0.9657614120700424
-1.0102815244612118
-0.9659829184126142
-0.978021937871671
-0.8770140705701586
-0.8728529435794405
-0.9423389963795852
-0.9206940563486687
-0.9817242098569013
-0.9782320565485858
-1.0200831559617811
-0.9890906611375513
-0.9458291908370481
-0.7712520156378019
-0.9611808705189573
-0.9842455904626137
-0.9180397856761138
-1.0271589440416737
0.8773426023361791
0.062414289016447744
0.22869156690960157
-0.4710099398433715
-0.24244533816871372
-0.29845979769740283
-0.9471097926526071
-0.9593886001070774
-0.9370355574446175
-0.8922076387387267
-0.9675361126286172
-0.9998133177998664
-0.8784295808515413
-0.9773371618194904
-0.5254253945772085
-0.8677805535338078
1.000272108629014
-0.2570192393314924
0.009966494837767237
0.2571984115601206
-1.0268509088198945
-0.9916527384713071
-0.9597522078457836
-1.0009738353497561
-0.6591879548595612
0.40937586678146365
0.465875872321626
0.003758796274064835
0.6644581979923466
-0.6307545996641459
-0.9660613727996964
-0.9746317563769002
-0.9422703902415722
-0.9632252421690052
-0.9725405076422264
-0.9700035322084524
0.15276863410186514
0.554537660932762
-0.9884214529243543
-0.9597729303325104
-1.0133898377505175
-0.9414574556319915
-1.0135485188625255
-0.9674129391298696
-0.9658133128210711
-0.9759605083599113
-0.9658557039305645
-1.0183497747919494
-0.9640372491140278
-0.9602158003603419
-0.9623584395424902
-0.9630159658394315
-0.9797873844541549
-0.9682561428407958
-0.959518173886613
-0.9639303437333376
-0.9976890032335618
-0.4185851141503105
-0.9594821991329755
-0.9846959597006855
-0.9663629432411471
-0.9012716907391718
-0.9408365056483381
-0.9462744732264495
-0.580269549858378
-0.9999028670896732
-0.966986388572605
-0.9721602587090287
-1.0000285122225885
-0.9676226582805512
-0.8043122593226444
-0.9457437197542289
-0.9648219752010371
-0.9875561142570233
-0.9810508775504708
-0.9962009090790698
-0.9616192434247877
-0.9998639782230896
-0.9755028592997201
-0.969430677803925
-0.9718275636839191
-0.9949637932662792
-1.0067964601320816
-0.9596552282611246
-0.983414589462804
-1.018126405249888
-0.9624714251392784
-0.9719168380547939
-0.9649265684602734
-0.9840072010814842
-0.9757393269034181
-0.9660878862729972
-0.9318133925566416
-0.9755278281308005
-0.9612761506642421
-0.9650270383785842
-0.963002697349318
-0.9609082975200587
-0.9797371902008105
-0.9642215543622032
-0.9754578503599596
-0.9698241912363642
-1.014602472675714
-0.9685229140069989
-0.9769543764862554
-0.9879722144054001
-0.9569941284048383
-0.962069789859781
-0.9548359170475405
-1.0233625427460185
-0.9640083520008881
-1.0001513951901086
-0.6245512274619326
0.18004316786100405
0.14996371108690598
-0.5597877518895404
-0.9606885175051206
-1.0570859361321003
-0.9691311705917166
-0.9633714329584911
-0.9683423144601399
-0.9632880376068718
-1.0001905321030033
-0.9632355973161898
-0.9637774976513116
-0.9857400339865049
-0.9559355925780896
-0.9617878168578224
-0.9646862771926077
-0.9635446298429139
-0.9594564094537582
-0.8871725351866633
-0.9794953779347048
-0.984862586643765
-0.9643293145338728
-1.0082319425647126
-0.99180339849159
-0.9735957045253185
-0.9765236827665479
-0.979429248753885
-1.0034828088249783
-1.003478941862823
-1.010622454813751
-0.9736776513455201
-0.9958653480407906
-1.0214462138092084
-1.0101246520901044
-0.9227863892911894
-0.9626795716251458
-1.0036308605445639
-0.9694155567266658
-0.9778390742434202
-0.9677249191452428
-0.9814600960392946
-0.9862540274001665
-0.9511332581573732
-0.9655878563851283
-0.9693463907086775
-0.9638114752223644
-0.9622877996628462
-0.9662312091690896
-0.9301522306307999
-0.9830838838369794
-0.9857202290036391
-0.9477364317752658
-1.0745819672646948
-0.9783019299175469
-0.9808861765907521
-1.0099159890260037
-1.0113778297769385
-0.9732975635331778
-0.9782290165538987
-1.0967919148281413
-0.9619623941217929
-1.0076518074705496
-0.9847157704737031
-0.9728830721383418
-0.9632643706508597
-0.96602290157708
-0.9645644178376139
-1.1848819497008087
-0.9699480455644552
-0.9706833392118487
-1.0043172097902677
-0.9818923881673911
-0.9702399563138668
-0.9858058374170592
-0.9614705208114023
-0.9589924593225659
-0.9613377857615146
-0.961188923612433
-0.966090756435578
-0.9681262791586277
-0.9632407306957775
-0.9360538404657343
-1.0083778132506511
-0.9816762627589418
-0.9662284145012154
-1.0197268599129203
-0.9641929627664859
-0.9651751093457135
-0.9686694524269979
-0.9622971552055772
-0.9680178452415702
-0.9631636391518414
-0.9628922580923887
-0.982462539061844
-0.9753068867543252
-0.9652187340664539
-0.990223095549231
-0.8012758869681529
-0.9699438669269501
-0.9940406189337588
-0.9739606835900917
-1.0273063708971895
-0.9473352726830174
-0.9255832255198004
-1.0362948525387654
-0.9875598253722532
-0.9806367053037393
-0.972469455131868
-0.9936722171977496
-0.9855298156226127
-0.9689849588795336
-0.9627562617607068
-0.9379483648602982
-0.9622126780358292
-0.9683107719350339
-0.9325541223693438
-0.9966457163269551
-0.9710025254312817
-1.052882405393237
-0.9736838429510949
-0.9769493498597419
-0.9745086548701108
-0.9791083113147749
-0.9696306226769814
-0.9655496338261449
-0.9331102449676967
-0.9668181408885028
-0.8873277443616753
-0.9876225659259743
-1.0026526203878383
-0.9645156061846337
-0.9762066156185847
-0.856625256192362
-0.8352127005784705
-0.8399258270073018
-0.9719957424694278
-0.9377564994468564
-0.9709394393882752
-0.9562563281400704
-0.9613219431491439
-0.9632809342413212
-0.9677028689091468
-0.9631163292174416
-0.7827467747883772
-0.9999689010234719
-0.9633221741566245
-0.9737632137515586
-0.9267023580264527
-0.8908758346138679
-0.889900720933511
-0.9620504112546048
-0.9647997694772287
-1.0624031918806158
-1.0496527565128033
-0.9633175935277677
-1.137777633860646
-0.9660477744051561
-0.9641966493602159
-0.9675655015436638
-0.9670255588906821
-0.9674672723384635
-0.9619293444034068
-0.9783136767158797
-0.9832281513736384
-0.9701404282236313
-0.9699880499073029
-0.9994199548160135
-0.9629300404891014
-1.0123853579137667
-0.9941558456642847
-1.0083417538975739
-0.9653169842163793
-0.9687014689343691
-0.9646643826160026
-0.959753436793594
-0.9898374640434067
-0.9997635547627977
-0.9798828400483025
-0.9651553274147037
-0.9698213385449942
-0.9758455227612777
-0.962996968366179
-0.9642064628552494
-0.9537911435265582
-0.9644442404294458
-0.9625564272712509
-0.9686672540452099
-0.9862360935640984
-0.9665080400832042
-0.9764306427988175
-0.9621906832839395
-0.9727167952335681
-0.904500627151413
-0.9880940909709791
-0.9618446664236883
-0.9671567164483712
-0.9829854656246042
-0.9733537971631129
-0.9537490349175791
-0.7433064669381585
-0.9271501847338814
-0.7707580054111527
-0.8519480400582454
-0.9658702623769043
-0.9786261947270162
-0.8965697464817219
-0.9886362034019629
-0.9670544484185153
-0.960496913251545
-0.9059252541452834
-0.9691522485193942
-0.9580597853111898
-0.9401854546132448
-0.5079252383505424
-0.8672935409341914
-0.9570170259692117
-0.944826522424698
-0.9413976525571646
-0.7467589129556674
-0.9605235629369191
-0.9508924825595808
-0.9998076115990348
-0.9639197236492254
-0.9597795646534346
-0.9801642007214477
-0.8071272266036245
-0.9611142795559539
-0.9633548479424925
-0.9572075411778851
-0.9607978284521572
-0.9591250781548465
-0.884244326596962
-0.971204687455672
-0.965082391578847
-0.9552627442091314
-0.9693321090495063
-0.9591198803650339
-0.9992501676096244
-0.5028796832136923
-0.9656125979378323
-0.9587894981462233
-0.7670259265518709
-0.8538661622607872
-0.9109701778631583
-1.0002382061756494
-0.9493411779333588
-0.9499345512287881
-0.7168641523953335
-0.6415107747640564
-0.7794419175765877
-0.9359407070716155
-0.9525102287812637
-0.9590286225945396
-0.701639902924685
-1.0076728198897154
-0.9612639546338834
-1.02255762428233
-1.013623994189427
-1.0114232115922857
-1.0140432341544061
-0.9603034507444727
-0.9616973336994592
-0.9708410937590266
-0.9884583944163926
-0.9633142580080948
-1.0122912176267804
-0.9876757324969917
-0.97059808723602
-0.9748358533350677
-0.964733359429811
-0.9408415028178303
-0.8713211880688894
-0.9001987634257581
-0.9215548162567919
-0.9185086776467188
-0.881419894858074
-0.8138767987072528
-0.9562688422429578
-0.9742588094855729
-0.9218239275242065
-0.9417058324816405
-0.9621744637472158
-0.9612877591574918
-0.7807847825049312
-0.8964101311474777
-0.8979184092560596
-0.9581654469422766
-0.892739933655398
-0.9660980084036325
-0.9633341018895385
-0.9828499269785659
-0.9637402574049263
-1.018316238481349
-0.9691354680520585
-1.0275165577001684
-0.9864469229833172
-0.9771990316722892
-0.9762234009325853
-0.9641081933215705
-0.9765770513272799
-0.966690892552004
-0.9708513715341062
-0.9638947266373107
-0.9817106264417188
-0.9637538004676854
-0.98383389030894
-0.9245622429819055
-0.9385066562138746
-0.7963338418122536
-0.8223495456676174
-0.964588609406751
-0.9622196079527923
-0.9748939385926457
-0.9769606212252001
-0.9616785290617564
-0.9365494767472198
-0.9535516143383982
-0.9649244935780318
-0.9499379114091248
-0.9562353125515076
-0.964042124746885
-0.969612423875705
-0.9890063068746624
-0.9574042090037425
-0.9653465074509301
-0.971607302578449
-1.003836489347919
-0.9732124876423326
-0.9680112984822651
-1.031867711748242
-0.962955146399433
-0.9755754954205841
-0.9788213759047036
-1.003458087581902
-0.9726960680535458
-0.9624444982872106
-0.9645104010466721
-0.9652733461276141
-0.976563809229257
-0.965854650764563
-0.9629155527856615
-0.9652079488476936
-0.9768917078859208
-0.9923587396739018
-0.9848422730471962
-0.9646525585835255
-0.967289015779411
-0.9622431081937106
-0.9605837545720433
-0.9615238382304003
-0.9681257747123612
-0.9552952683114401
-0.9823058555828446
-0.9632195494737341
-1.0020519594199746
-0.9950805729336601
-0.9687121881767417
-0.985456058359008
-0.9613041479145608
-0.9715363658163189
-0.9788875569884173
-0.9628260657551357
-0.9663142175480921
-0.9156964881112571
-1.038832535856442
-0.9595383194497255
-0.8790287185449558
-0.9727981898968675
-0.9643127075441322
-0.768973375349695
-0.9644059577897144
-1.0102464922148762
-0.9836453350018468
-0.9697955110507248
-0.9751501442123
-0.9946010179823562
-1.0642311058494256
-0.9652799942538348
-0.9678269216290075
-1.0069514619241535
-0.9700888505951556
-0.9795131861141937
-0.9626778524945773
-0.9710517806510952
-0.9622631378346539
-0.9778588081640326
-0.9694549785336198
-0.9625077686766094
-0.9675038280596894
-0.9717622169514605
-0.9751799259845387
-0.9548379458536603
-0.8896916280904321
-0.7829621644036929
-0.9632673220690792
-0.962067158361335
-0.9661283934296652
-0.9983860061297442
-0.9601015469337696
-1.0083787100360295
-0.9656992324935445
-0.9819164659702154
-0.9620349053102756
-0.9644318147948118
-0.9602295263412528
-0.9681560312453101
-0.9665823213663441
-0.9798816064417376
-0.9729907635601137
-0.9437965893519658
-0.9636516793646729
-0.9998676376448008
-1.0350022803238175
-0.9704545926985758
-0.979473040577475
-0.9630800632396872
-0.973047963427217
-0.9690257524079563
-0.9681788785471632
-0.961761777902874
-0.963949418606411
-0.9997045863145559
-0.9635976808842905
-1.0191279310759764
-0.9616996640130978
-0.9568231458652368
-0.9588819586391465
-0.9635965945747453
-0.8605240401098809
-0.9582547290538111
-0.9648315125914595
-0.8541299096178733
-0.9690885017869773
-0.9818664525372749
-0.9791521138237093
-0.8667504569480624
-0.9753615950790999
-0.9637691769865092
-0.9618675701254077
-0.9649733339379413
-1.0007283107929077
-0.7248248164909642
-0.9734419515153908
-0.9749236081670067
-0.9727666413287338
-0.9683330292417885
-0.96244260370329
-0.9661233299859296
-0.9700523112545875
-0.9612857873294445
-0.9727636630994068
-0.9775759459591493
-0.9727189266730517
-0.97745326279324
-1.0128678426574387
-0.9071350508521151
-0.963177800492433
-0.46035615153903653
-0.9438767902541474
-0.9977543527727673
-0.9298936670590874
-0.8914137833933278
-0.9594487095620507
-0.9827662855880134
-0.970404761998575
-0.986346425749872
-0.997521582841801
-0.9540141204488615
-0.9696101234306247
-0.9757192660845311
-0.9699726543788835
-0.9846416406712821
-0.9621715235264914
-0.950785318764357
-0.9734007677804352
-0.9600660234189407
-0.9825202543889577
-0.9727831692716224
-0.9732729277232369
-0.9619758793454551
-0.9649738622866709
-0.9641568208555906
-0.9701225839605843
-0.9649648543290517
-0.9641270498620566
-1.0133120299466316
-0.9657306771979235
-0.961851387264006
-0.9586538773537024
-0.9985936942842092
-0.9722525961675806
-0.9610735216255931
-1.010822230133335
-0.9456105695766369
-0.9561036243915194
-0.918697634998087
-0.9060716268185559
-0.9910668247038109
-0.9985685008123835
-0.961895081699785
-0.9740997284398745
-0.9704105106662375
-0.9617356854396875
-1.000733244926764
-0.973767910393784
-0.8942626390027861
-0.9392055442099242
-0.7660873356016238
-0.8241002591887225
-0.9623788636049637
-0.9709508411889878
-1.0019493539451314
-0.9762619145835442
-0.9519024250514442
-0.9645489895607718
-0.9996151109997402
-0.9984213960479786
-1.0008668657608029
-0.8909769569699203
-0.769000116901204
-0.8446951879777697
-0.3061054403176676
-0.9183094975647903
-0.41426119462042654
-0.694783841608497
-0.8752053035624728
-0.42446843392347466
-0.10745555367347892
-0.9588568829322595
-0.7377882292411744
-0.9992471043190435
-0.9876594950044324
-0.9835621879631108
-0.9587819707847293
-0.9665128693921667
-0.9644695177843743
-0.9393569651677125
-0.8687037530843108
-1.0112741398159497
-0.9866073253437954
-0.8839335069848633
-0.9999972359969139
-0.9695239441466362
-0.9580402115366228
-0.9701347404581545
-0.9661365606477121
-0.9718608976841163
-0.9686443933148142
-0.9626798821983152
-0.9565420038502859
-0.9684238063601742
-0.9933007949154061
-0.9754117017495118
-0.9630135605917013
-0.9747194883302717
-0.9960295008145873
-0.9574857164383447
-0.999212316210524
-0.9661099107007208
-0.9788254935599634
-0.9721369415308405
-0.9700154615773459
-0.9687038164610373
-0.9670236277367705
-0.9871046383054187
-0.9658484129028942
-0.9748548978251896
-0.9776175993078983
-1.0000174315786121
-0.9865922973777331
-0.9857676054575605
-0.9765532006522147
-0.9746903412136831
-1.0174806077269858
-0.9715207174014633
-0.9924839605944437
-0.9678920509014479
-0.8777924843411407
-0.9701777237405517
-0.9702750873399661
-0.9621535687328344
-0.9076754474727824
-0.9684887635985188
-0.900036950996091
-0.9547984161670097
-0.9842447009036667
-0.9689647411351603
-0.9843675295100692
-0.9603261407600177
-0.9465074850647309
-0.9905775086574642
-0.8358098047614151
-0.9835724217131194
-0.9627464664727585
-0.89498705185552
-0.9674162218833414
-0.9638279872752272
-1.0651387448457414
-1.097749957463644
-0.9966727843002441
-0.9340036070901206
-0.9707804811111813
-0.9780021054657058
-1.0161809597329756
-0.9814196787558163
-1.00227697521773
-1.0021795456170393
-1.0172597209956966
-0.9858698450678471
-0.9883858344267058
-0.9894105938255976
-1.006369015133994
-0.9624852185175097
-0.9943097158325321
-0.9950616331395146
-0.8701329979113979
-0.15156465231792293
-0.643110514779312
-0.8540489085652113
0.5247281102328524
-0.9708870341429172
-0.9655904757209404
-0.9507224102788088
-0.9614847749884528
-0.958884670652753
-0.9804329627406472
-1.000108390078628
-0.9619541069945702
-0.9830330712205895
-0.9887377272087966
-0.9780245792074205
-0.9626043996382322
-0.9639698798584947
-0.970209664174706
-0.9616583030231532
-0.9995800933643699
-0.9721056922029648
-0.9649100680298874
-0.9543311235225712
-0.9717155734778348
-0.9603396654483506
-0.9631295545830771
-0.846715082716531
-0.9588621422591928
-0.96410261711812
-0.9629715439735936
-0.928956183224928
-0.9492014885514767
-0.9611853619037257
-0.9637170024896596
-0.9654642776307925
-0.9988952723723336
-0.9668789162571942
-0.972476827438451
-0.9672829562574186
-0.9672186919832132
-0.9735875717976841
-0.9622202480224802
-0.9808214637941763
-0.9873130145204346
-0.9814816329321507
-0.9646054900055543
-0.9766253727878963
-0.9849065556897468
-0.9605924440661728
-0.9548046205009644
-0.9644887921897788
-1.0026666276654095
-1.0048244870127307
-0.987599815961812
-0.9734754113652634
-1.0570859361321003
-0.9635686783356885
-0.9660358657118072
-1.0165234282912365
-1.0935725772522222
-0.9656527918454778
-0.9650745695881229
-0.9627904915574691
-0.966125097981128
-0.9699156430962677
-0.9870106212366341
-0.9826752428874891
-0.9659777275252645
-1.0225439395083522
-0.9616091262021952
-0.9705651520490013
-1.0239823505015015
-0.9707295302999795
-0.856252437789128
-0.9881353317842936
-0.9702392208828498
-0.9594072749950104
-0.9287980732350731
-0.9628489118632075
-0.9580674956363812
-1.0142915197717481
-0.987197050406736
-0.9833861990033614
-0.9640147994913711
-0.8700910456483695
-0.9704779041741687
-0.9681961666864956
-1.0195756862095304
-0.993557509169689
-0.9687243103542604
-0.9627317875347227
-0.9836629731909611
-0.9689454993815152
-0.9815702569312901
-0.9701637521343993
-0.9697577330180541
-1.0071308365160907
-0.9707432060085239
-0.9695422132530519
-0.992403271128712
-0.9796179718338576
-0.963436624963742
-0.9708527971540938
-0.9619742057932109
-0.9704096361373575
-0.9669503694591484
-0.9715112326829537
-0.9688362512378267
-0.9728371599608212
-0.9652825686302379
-0.9660436142083354
-1.001495965474276
-0.9703151717671138
-0.9691508043768431
-0.8194817594664181
-0.946569269505441
-0.9773664168972142
-0.9691324974731963
-0.6299764776639603
-0.6337124720500169
-1.0248674196564578
-0.9559001787421201
-0.935790375975882
-0.9827820415919667
-0.9684611448033408
-1.1522768687283742
-1.0390560724660844
-0.951787951275472
-0.9533637782361704
-0.9982448693573601
-0.9392167931449129
-0.9763270376189449
-0.9828324581673651
-1.0517314186546387
-0.9864408292610006
-0.9727482745751028
-1.0099221934131628
-0.9718780269058929
-0.9555344853917966
-1.0283524050723032
-0.9603143303058099
-0.9318958047401003
-1.0136708105287786
-0.9643386427638172
-0.9645005340002148
-0.9771195364510501
-0.9998642044334184
-0.9965035983693384
-0.8279738981625945
-0.8952620960633013
-0.9260297826245832
-0.9603480053282181
-0.9735759777958312
-0.9653687597592449
-0.9608788399849367
-0.9709187296652488
-0.9666268136274395
-0.9814595759244876
-0.9610011140681124
-0.942878906898979
-0.9580840750940511
-0.9863493088434108
-0.9704426975794459
-0.9659311486020505
-0.9818570037147041
-0.9825660099368815
-0.9860258649443475
-0.9685576413086568
-0.9643149095550592
-0.9583567966046843
-0.9753723139410841
-0.955745208999326
-0.9723126877641305
-0.9722387068315739
-0.9735635184067334
-0.9610813474051608
-0.965004156224875
-0.9628699825134585
-0.9663071117447826
-0.9650249083962004
-0.9765234666923099
-0.9652271102878393
-0.9743792155557988
-0.9857983987388558
-0.9722617784560244
-0.9843971759149808
-0.9657623277086067
-0.9662749529172077
-0.9668089008885403
-0.9807555662690199
-0.9592109020836526
-0.9663014721334119
-0.9548113277481532
-0.9108960195234255
-0.9514128968315213
-0.9622146032090849
-0.9726409281563547
-0.9899910247827692
-0.9622773327336849
-0.9727710036866293
-0.9756119708451377
-0.9958396413042454
-0.9874219321042108
-0.9496234186629949
-0.9483945609544517
-0.9787015572350015
-0.9751719508643335
-0.9543867481118323
-0.9694351485238312
-0.9660802592771548
-0.9761532313287113
-0.9804925693735058
-0.9682029177682724
-0.9637578454741846
-0.9641564780425235
-0.9602233739502009
-0.9625832744501756
-0.9485111393484656
-0.9599053101253117
-0.9603266050727784
-0.9606345154390069
-0.9613492094062187
-0.9579717368279398
-0.9260464372675881
-0.9179906809513984
-0.9738915649749101
-0.9604045217611497
-0.9607014942861701
-0.9579778891909512
-0.9909233593617713
-0.9844863815107184
-0.949171470880705
-0.9610271234484089
-0.9611247588263586
-0.9611546021586045
-0.9643842665752549
-0.9618625299529012
-1.13206530396974
-0.9706748378461826
-0.9687305836260918
-0.9925560825005865
-1.0026342108963349
-0.9669406147782762
-0.9584838638683482
-0.9622646362632675
-0.9644488674430363
-0.9601146724401471
-0.9644692106533405
-1.0582503125218334
-1.0005054378569325
-0.9661216553034997
-0.99084139365002
-0.9785168701764422
-0.9966493406369558
-1.017864897158875
-1.0019519562293089
-1.0139364851133306
-1.022419768074418
-0.9791422369311732
-0.8260897434255616
-0.9576502289090004
-0.9689512685562512
-0.9614138842361276
-0.7890249739701547
-0.9342676038020358
-0.862165624310039
-0.9137212170402746
-0.9914026753486493
-0.927013373938771
-0.9781559533931732
-0.9799537280658729
-0.9532923749690684
-0.9877591319115926
-0.968975498270693
-0.8862738683719916
-0.9643402619989505
-1.0791238455183558
-0.9445649872085432
-0.9853212153808221
-0.9692182896096915
-0.9854010770351609
-1.0080337241635906
-0.901158434158418
-0.9749940346557576
-1.011032360869025
-0.9704660890605781
-0.9444268488379443
-0.9632607704522245
-0.9311040564038853
-0.9328979841231013
-0.9631668978129794
-0.9699509517437156
-1.0570859361321003
-0.9614741087158799
-0.966400474961883
-0.9333147280086883
-0.9825244612681855
-0.9657811533031996
-0.960261124559536
-0.9623190178124433
-0.9844487283863028
-0.9434027583520962
-0.9958837868800257
-0.9642088291416997
-1.0031671259572406
-0.9777186945443997
-0.9609557132423615
-0.9698924000474457
-0.9791739170663131
-1.0080135718547454
-0.96844258592047
-0.9744356442936953
-1.0186463631691862
-0.9662955674378909
-0.9952207576211135
-0.9657969447684102
-1.0048820871211777
-0.9899263479092956
-0.9645872114617533
-0.9979079098031656
-0.9688824493359817
-0.9752126504103167
-0.9656356599116162
-0.9697421756920258
-0.9639716158845764
-0.9631117027876228
-0.9666318639222682
-0.9619104511977556
-0.9679978606886127
-0.9713798588836641
-0.9631833999212631
-0.9698002613848223
-1.019044852229672
-1.0047650161913166
-0.9640003287183166
-0.9675726108049462
-0.9608397620900412
-1.0263577696759159
-1.005205966031379
-0.9663728697934916
-1.0048518243726194
-0.9640644828231346
-1.0031235505816678
-0.9656817720311545
-0.9629888083598596
-0.9650546321806561
-0.9618691748515298
-0.9696712960384698
-0.9903968398067645
-0.9636755017731143
-0.9611322070821354
-0.9793738211901125
-0.9796520921854008
-0.9795350060128404
-0.9819166672132452
-0.9687376632726591
-1.0205616637024177
-0.9368462373168575
-0.9924849081385665
-0.9898956396081399
-0.9625510160040187
-0.9908293289130338
-0.9589838373621751
-0.9647251570354688
-0.9725074288367276
-0.9785661123716356
-0.9820661562649544
-0.9871544727187268
-0.9689203156722132
-0.9287051382526583
-0.9907590615610539
-0.9567720301967068
-0.9419934519753053
-0.9553576392096776
-0.9813785585124075
-0.9624202601853857
-0.9694045547783979
-0.9626384920172474
-0.9752617017180745
-0.9843066099784251
-0.9632555819826978
-0.9934088639558419
-0.9620835994179718
-0.9674757601954134
-0.9767589168430322
-0.977439843540664
-0.9665423132343854
-0.979487632199895
-0.9730776289592777
-0.965932620509148
-0.9646542546572928
-0.9605735045554208
-0.9637298771003738
-0.957171317743569
-0.9876785419651943
-0.9574629977283521
-0.9100555888245365
-0.9612248069083724
-0.9602328641588901
-0.9034993918610702
-0.8929338124229842
-0.9396245576922237
-0.9677195431627391
-0.9608811375941396
-0.7663875164044808
-0.9467019476046171
-0.954503929254591
-0.7764138284328862
-0.9465589848641585
-0.9605791975843159
-0.9517108551590434
-0.9455993909559038
-0.9535459701111542
-0.9730368753366058
-0.9643074334122725
-1.0139780275846813
-0.9661269092820071
-0.9907354233956409
-0.9609900269046021
-0.9675665146071297
-1.107364474591652
-0.9635538684214481
-0.9653337741916609
-0.9735654096313813
-0.9745863769330765
-0.9689757438858505
-0.9841476981398791
-0.9995666654286737
-0.9826137649547
-0.9748850514882371
-0.9599462288990248
-0.9579807416455874
-0.964896771291301
-0.9660759221371681
-0.9542143277416387
-0.962265840620562
-0.9454497267786762
-0.9493277131578289
-0.958881507377073
-0.9560230601655852
-0.9884293192403381
-0.9632022392865871
-1.0074249858946573
-1.0173962561965415
-1.0223004771356163
-0.9943215260874929
-0.9741330927652359
-1.015354489922271
-0.9904850795014422
-0.9720386408290664
-0.9681592504268777
-0.9939333306010779
-0.972419911392745
-0.9647599415634693
-0.9716031612631474
-0.964540571566012
-1.0075834688031762
-0.9616960645803223
-1.1560943976201354
-0.963383218350543
-0.9610044219725337
-0.9624302830022702
-0.9706637487347721
-0.9708407394393026
-0.9613719056616303
-0.9855452718363552
-0.9756758415776321
-0.9823250722623751
-0.9726998690867381
-0.9707294507928153
-0.9771631593570212
-0.9568701065125361
-0.9635584129695227
-0.9801207483528348
-0.9369911618187258
-0.9647768007540213
-0.9621530317038607
-0.9204170080208244
-0.9628070929831978
-0.9651619416157898
-0.9620884852267398
-0.9650550397751323
-0.9712736271864006
-0.978725279952656
-0.9723263418394177
-0.9711870653996855
-0.9161340566840495
-0.8849767295816601
-1.0006708604915813
-0.9621616352601324
-0.9624738537054361
-0.8862613083196635
-0.970970691526127
-0.9721905041698553
-0.9709822071836417
-0.992530014703465
-0.9807623003514422
-0.9849214731117247
-0.9743042349028909
0.05866665896243617
-0.852087644466781
-0.9608224033914
-0.9627640497423785
-0.962712967028845
-0.9632451112925742
-0.9629477330184077
-0.9464430358434155
-0.964639172585547
-0.963125446492696
-1.1012113856687236
-0.9738224556970699
-0.9890315781056136
-0.9610463606101168
-0.9065497358205004
-0.9548137569608501
-0.9344523155128895
-1.0040970855856433
-1.0005629669244755
-1.0132997793536647
-0.9938477746317135
-1.0156218799611874
-1.000284812641533
-1.021581151294569
-1.0204028823511067
-0.7600591274917011
-0.9617086630386421
-1.0095324264218588
-0.9759107223144915
-0.8317988680430102
-0.6579873784361181
-0.9672711570239315
-1.0188229346389088
-0.9800908077820816
-0.9768465899867386
-0.9694584170240341
-0.9778484283006699
-0.9901899644917234
-0.9703735868253176
-0.9657018350823969
-0.9976698885903775
-0.9587728757961034
-0.9858306884524803
-0.968934091366905
-0.9913049314575587
-0.9993942297285716
-0.9807225096822886
-0.9939305799228063
-0.9710133006990561
-1.0079862029216273
-0.9882853471048968
-0.9635377573297097
-0.9616855730998087
-0.9657172427631496
-1.0039927228723098
-0.9999613725783545
-0.9948743402618913
-0.9894088010265737
-0.9633143248436938
-0.9848748980704226
-0.9757266957523549
-0.9910953136392149
-0.9998551810445735
-0.9649135568078432
-1.0234960599510787
-0.9893742563446906
-0.9871307460109161
-0.993253857277824
-0.9927652310898442
-1.0144398768783698
-0.9930800127141647
-0.9650685892449301
-0.9617139131321267
-0.6848024721695121
-0.9406811307192439
-0.9597792958098154
-0.9677709399531419
-0.9816058023057268
-0.9715525811704351
-0.9528417670504388
-0.9643167214224173
-0.8604991968312332
-0.9857587555798202
-0.9698083044023194
-0.9860603545580451
-1.0398882091807728
-1.0294055718528243
-0.997956754763458
-1.0058176878836569
-0.9653337409470577
-0.9738054641850877
-0.9657113107549709
-0.9686176436724605
-0.9634088075720716
-0.9690675914449338
-0.9969286880842471
-1.0137578768363955
-0.9833009470531923
-1.0111117489911046
-0.9511191685177752
-0.9639287484331782
-0.9602506427219722
-0.9530672713881811
-0.9656531544838683
-1.041166066605803
-0.7596971004752936
-0.9759648995628472
-0.9695963667112281
-1.0266088361701846
-0.9736431173561384
-0.9838455786906569
-0.9782797568366635
-0.9663427337150243
-0.9950888937380398
-0.9650412817523946
-0.9887675667068734
-0.9669164074369524
-0.9731042568262503
-0.965342574637768
-0.9636791004889995
-1.0001026884301756
-0.9817796873028098
-0.9743978140326295
-0.9807233785824178
-0.9798699679663639
-0.9873956278706676
-0.9656606356604944
-0.9635360951052102
-0.9619114687425628
-0.9595012848961624
-0.9622551003092509
-0.9681208967798255
-0.9650054984256863
-0.9551480924968504
-0.9503868442187584
-0.9617502162528221
-0.9671349560100139
-0.9619922853690597
-0.9799412364422107
-0.9525973626565245
-0.9643808381644579
-0.9624072309904822
-0.9834013024201856
-0.9650562510566718
-0.9868897692058174
-0.9703463558026395
-0.9820054766966391
-0.989389979766245
-0.9918683643406025
-0.9771153434492834
-0.9603156497990223
-0.9595417999302175
-0.9765849883544699
-1.0191226962821796
-1.0114332773118753
-0.9738292804006339
-0.9711261147571248
-0.9759945239766162
-1.1471462333586455
-0.9763730830401698
-0.9690612390155288
-0.9670517122810854
-0.9604849553773461
-0.9769691213063404
-0.9861856091283677
-1.0002108740582347
-0.9833374046440347
-0.9631868480443095
-0.978537330418967
-0.9622697076424521
-0.9620194900791078
-0.9629657360972544
-0.9657651021487507
-0.9636825326260137
-0.9703312971431144
-0.9847617938768509
-0.9672460148769328
-0.980302080397373
-0.9554815456667018
-0.9859655241169067
-1.022624377065272
-0.975424312510256
-0.9506881552264576
-1.015931396748896
-0.9689396386234748
-0.9566188464051242
-0.9504071600683307
-0.9608217196140586
-0.9611522993157384
-0.967324502608991
-0.9564895525331343
-0.9613491780165069
-0.963142462128595
-0.9641474421906865
-0.9737794252324209
-0.9804309256743327
-0.5959125067193012
-0.9252670573629412
-0.9639243221817722
-0.9606086281122689
-0.9611116373589865
-0.9681909919549649
-1.0024386410876696
-0.9591506543447627
-0.9632700016061355
-1.004053022315354
-0.988687441574652
-0.9698186214589005
-0.9798636969254539
-0.9678230402714532
-0.968760985019678
-0.968165219704506
-0.9778667451457714
-1.0051424743816653
-0.9647498167610105
-0.9798646427175659
-0.9666585912088644
-0.9639528958545206
-0.9893688804417372
-0.967019652691333
-0.9672499405511041
-0.9608322183967661
-0.9816330152521495
-0.9874490136760525
-0.9279365269012868
-0.9589854608631185
-0.963779362738129
-0.9666105934218676
-1.011708442812439
-0.923982239679908
-0.9823246056142396
-1.0427358351507796
-0.9642973111063506
-0.9652040809445508
-0.8751569171380112
-0.8930722949639562
-0.9768272523268978
-0.9964706880659125
-0.9940728592451076
-0.9625773775782359
-0.9856401070712157
-0.9491848082696809
-0.9672687540495635
-0.9629548552208129
-0.9704743525088723
-0.9888121011141163
-0.9801268518964349
-0.9676794939188443
-0.9640618714913785
-0.9809455204422581
-0.971077254127142
-0.9802648205599905
-1.0373889738008442
-1.0126108118192059
-1.0127495316510648
-0.9425629680782253
-0.9821542510567957
-0.7602028851145066
-0.9736589215538708
-0.8404752554926097
-0.9602656179107046
-0.946409820658189
-0.9969748820264587
-0.9629059460830782
-0.9668179197125069
-0.9643755465561028
-0.9744575401429912
-0.9670766772464189
-0.9650619193186538
-0.9706176007819121
-0.9666299345556013
-0.9613045813927842
-0.9619198816740675
-0.9968183140032421
-0.9328352689267845
-0.9636922134398028
-0.9198065681680593
-0.9514154539795421
-0.9699307123576292
-0.9632596503064179
-0.99073786541254
-0.9855623396871617
-0.97565047872868
-0.9667247266667598
-0.9717107782539226
-0.9978848767467418
-0.9597188572258653
-0.9752352059271256
-0.9686850533209727
-0.9748263011119451
-1.0033429934940448
-0.9676319259227577
-0.9661595275556843
-0.9605106828491736
-0.9603880945952121
-0.9730536003481437
-0.97272218895748
-0.9580788897574433
-0.9662160163729702
-0.9556486262626082
-0.9771288825630755
-0.9790969191368071
-0.954763139922815
-0.986255563123939
-0.986582211179704
-1.0157170367775776
-1.0205652751808716
-0.9709275912659909
-1.0118639004716838
-0.9677606133111261
-0.9318751451964119
-0.9158510593457333
-0.8175233041450801
-0.8738955303928397
-0.8847179821428497
-0.8336261359897351
-0.9455636849553181
-0.8417519255985826
-0.8609237974001642
-0.9650550586956458
-0.9552843748569643
-1.0496365348306842
-0.9673338918368729
-0.9152923145408935
-0.9428260406771501
-0.961150469422988
-0.9346742899053313
-0.9338224094947906
-0.9344583432816819
-0.9363822721963235
-0.7895736919063799
-0.8055908789946445
-0.9698210947423281
-0.9935423654676675
-0.9614416944509983
-0.9657766952736098
-0.9647239108833048
-0.9704558666013391
-0.9813939064852204
-0.910972445853976
-0.9592918694456286
-0.9601105385089774
-0.9677543388578913
-0.9601793195457123
-0.9659055844034329
-0.9606436548284841
-0.9606480817528095
-0.9482629841495516
-0.9555891192892819
-0.9690477152848996
-0.9607335623278607
-0.9612932208003702
-0.8326482584821483
-0.9607961179078418
-0.9846874328076073
-0.7387387698526573
-0.8594237255985439
-0.641461332064013
-0.8301604733508655
