-0.9832114148713986
-1.009354338790131
-0.9296794316114528
-0.9620513782778491
-1.022925128543743
-0.9713209807841998
-0.9910530284871321
-0.9334358499437179
-0.9449591302003905
-0.9525582243654223
-0.9662284670817749
-0.9382005405928536
-0.9793621555206047
-0.9399177462605258
-0.9884101940857256
-0.9947289496474889
-0.935578981120014
-0.8593523667972622
-0.9830018563059525
-0.9584959208122137
-0.9096222335125966
-0.967759592026505
-0.7168958728948357
-0.9326535182508003
-0.9573061075900785
-1.0109237175373698
-0.9961511925033498
-0.9543288976907067
-0.9550838204751819
-0.972794990741918
-0.9491866119090893
-0.9411454393840611
-0.9510353612880253
-0.9388185762763542
-0.939633820974899
-0.9606166819356967
-0.925305577476619
-0.9394060646580209
-0.935394843086273
-0.98602779759822
-0.9442320533279636
-0.9862573637367391
-0.9838610645840443
-0.9456373549250615
-0.9384072110146203
-0.9471747482243035
-0.9469784901675878
-0.9818883227283571
-0.980662980941538
-0.9755068258907567
-0.998729013889056
-0.9364467277003112
-0.9375587066073889
-0.9459895932351804
-0.9447481987999267
-0.94333579028022
-0.9468663521607001
-0.9439339014073191
-0.9389387082321253
-0.9396776470566901
-1.0108586816372396
-0.9823697414223574
-1.00946984144288
-0.9517154571924755
-0.9502847000112866
-0.936677086430509
-0.9594890305797428
-0.9943900578932857
-0.9369453647053156
-0.9030946330555133
-0.9346466450662746
-0.9391281794212305
-0.940727446329841
-0.9548785879759524
-0.9418742255216419
-0.940396411775425
-0.9325697014541536
-0.9464808579488798
-0.9404879765175576
-1.02632023212405
-0.938421945553721
-0.9413864846872761
-1.0166371325848407
-0.9667105118597038
-0.9002652618490655
-0.9285339525052336
-0.9518532268682232
-0.9194668388679829
-0.9696537695176611
-0.9706989660955632
-0.9740827979935112
-0.9914024607477758
-0.9587843530174234
-0.9887338387567614
-0.9634979561381876
-1.0070331810669144
-0.9827311026920925
-0.9658490815394796
-0.990475203537752
-0.9474280469405708
-0.9504473896814144
-0.9507815779680485
-1.0132596506086544
-0.9711815691542037
-1.0040630944656008
-0.8929581836081698
-0.9495694747057338
-0.9649694998280752
-0.9380556199719484
-0.7857770154023411
-0.9737017682687352
-0.9554990216794145
-1.0000728164072827
-1.0001497811648905
-0.999786005357355
-0.9987356712943817
-1.032670931478563
-1.0280632127184772
-0.9651699647539046
-0.9555073946712378
-0.94882119799709
-0.9531608147042238
-0.9475064824438911
-0.9986967508542214
-0.9602930641156191
-0.9681508582909868
-0.9724736430648345
-0.9968798619917525
-1.000316556659156
-0.9991734810620853
-1.0064971864191816
-0.9959027412357437
-1.0095924444253208
-0.9225671159938957
-0.9448266770704954
-0.8964579867720843
-1.024204844259839
-0.9998194677120005
-1.0000374541439798
-1.0035130899647737
-0.9999121353024414
-0.9822388157128328
-0.9506149282088476
-0.9462083834246101
-0.9551293935354771
-0.9385042592174351
-0.9419128085657141
-0.9295184127722431
-0.9999388776186252
-0.9999427384014041
-0.9815110467004802
-0.9399490127237174
-0.999393274365719
-0.9475139469824553
-0.9841856943829079
-0.932399376900369
-0.950910245317927
-0.9628225849596425
-0.9452784846481557
-0.9739174279910406
-0.9399614910065769
-0.9377884102419538
-0.938966453981604
-0.9396245162535449
-0.9630052994128179
-0.9384222390842766
-0.9520467830402706
-0.9227091500325557
-0.9648649590837698
-0.9885308735101221
-0.9410494276739259
-0.9488151119008418
-0.9430100937710011
-0.9506845206864649
-0.9499878952196865
-0.9420839778563416
-1.0047203312567201
-1.0000278295327232
-0.9457441431994552
-0.9530143977410266
-1.0132257416880752
-0.9715029853507028
-0.9822869706496533
-0.9535569984545463
-0.9332758229094381
-0.9670991057980435
-0.9454671903023291
-0.9633934411426872
-0.9384289214725967
-1.0001872677834955
-0.9122451529600263
-0.9436357263683769
-0.9142462728434849
-0.9080487718827587
-0.9805661545385331
-0.9423162541336098
-0.8191831617653964
-1.0190497557427194
-0.9399583827464253
-0.9387381439913063
-0.9359771026353403
-0.9230382290736626
-0.9704795741126497
-0.9730817609967634
-0.9990081551270235
-0.945238453642899
-0.9733412828417988
-0.9450992200865281
-0.9572455928498086
-0.9381769062549076
-0.8542636912410482
-0.9528305662745825
-0.9439066421155214
-0.9433014317908751
-0.9035239684980929
-0.9319349252115376
-0.9829914673177128
-0.9774240808215894
-0.9484636872173174
-0.9338278749575692
-0.9419699895204328
-1.0130020390802315
-0.9957429318798797
-0.9996501785023314
-0.969611656620476
-0.9994415147574408
-0.9997200189440223
-0.9892175912895576
-0.9378633713869999
-1.0917643135245403
-0.9462496664392039
-0.9404984431243846
-0.9405080495674797
-0.9259462587587808
-0.34498221175345645
-0.9224631115048255
-0.939413386338788
-0.9563882318750011
-0.9462698652896364
-0.9419642428322119
-0.9309014611046555
-0.9401387235500296
-0.9550636849838181
-0.9734597946223508
-0.9390145931203645
-0.9391508364000808
-0.9273284389065316
-0.976173178900765
-0.9773128105996206
-0.9144771427949029
-0.8849052935921653
-0.9577990795413756
-0.8986583523483171
-0.9732703197281125
-1.0134155600690113
-0.989601284290597
-1.0055472448276601
-1.0136439386970408
-0.9974118407975633
-0.9890807399257472
-0.9370533194420785
-0.7105716498051842
-0.901452704465559
-0.8629681449022961
-0.9322063147127416
-0.9688711368054749
-0.9778595456423744
-1.0173101680908805
-0.9433344873235147
-0.942592217843364
-0.9526572382299434
-0.9420593413883557
-0.9509388875893673
-0.9486704123831362
-0.9172731879912043
-0.9496253610713201
-0.9654188959470847
-0.9783431350021804
-0.9549111108366605
-0.9715826758061535
-1.0004896996715549
-0.9416436421842854
-0.9485103376122168
-0.902669252006143
-0.9347621962840367
-0.9312678538910024
-0.8195511476976526
-0.9754864706529885
-0.8684432522058274
-0.9266887354391082
-0.9229857772184435
-0.9272809459025696
-0.8973168165752989
-0.9661068266450115
-0.9279861571285316
-0.9879939357041474
-0.8067800590824759
-0.8666090253133102
-0.9566448478294016
-0.9549998316900877
-0.9504267221742276
-0.9378893650617767
-0.9374859428280882
-0.9516721430763025
-0.9457139426781634
-0.9431071606107958
-1.0127640142466432
-0.9608556701734582
-0.9919342504593365
-0.9747369618046144
-1.0107878065510703
-0.8981688746307023
-0.9324031642691943
-0.9289378336083518
-0.9248067640709177
-0.9058247955718456
-0.9169565088266525
-0.9436482709339304
-0.9260755530051475
-0.8936125985198742
-0.9407452248888161
-1.0052064523272541
-0.9758196646790286
-0.8705862549496513
-0.7076153831973659
-0.8985374189607023
-0.8417304824453605
-1.018338862610863
-0.952998695955544
-1.0285569017119616
-0.9171290797238878
-0.8405756676821426
-0.8848490246094491
-0.8413576304838057
-0.9663668797478864
-0.8792960243444631
-0.9376335857598245
-0.9624568804449983
-0.9353710755246298
-0.927884321761831
-0.9505274084966971
-0.8286095454931571
-0.901736490785695
-0.881700194239823
-0.9405200215170892
-0.8399111838126034
-0.8564895119700453
-0.839558913905299
-0.8252572407016074
-0.9080869486451696
-0.9472307080634877
-0.9428379510289124
-0.9712734922528263
-0.9317289603850744
-0.9778132602404849
-0.9377232136168526
-0.8805455254848913
-0.9537928153205085
-0.9625132821684425
-0.9557252662554859
-0.9091217294304856
-0.9470976851795639
-0.9414554577636113
-0.9626862455956436
-0.9383275052447175
-0.9340185811006414
-0.9464755823751148
-0.9357482953908208
-0.982507043479198
0.1589509895381156
-0.9262361985920238
-0.8812502494507126
-0.9420839036027824
-0.945213390887462
-0.9461331726649715
-0.9292454431677839
-0.9416903628377323
-0.9782337787852424
-0.8799588744308896
-0.9235996558764832
-0.9481547333821229
-0.9064646162903192
-0.9232443893057226
-0.8848743967800502
-0.8873805552298004
-0.9034146293390413
-0.9310378918036685
-1.013200040583812
-0.9016553187918046
-0.8388482017867424
-0.9537702495812034
-0.9821505800773352
-0.9295316585807706
-0.9398292178947109
-0.908669073521951
-0.9763818927234396
-0.9287647129990042
-0.9253378356339047
-0.9746734363485032
-0.943855878031218
-0.9565721629720042
-0.8737380105176107
-1.0177489173504959
-0.9504217823274208
-0.9515854013335922
-0.9202334383362342
-0.9307871273425036
-0.9513625338533657
-0.9393562502781643
-0.9423295193533059
-0.9424887051331143
-0.9724514163123233
-0.9414418453457163
-0.9346828244102645
-0.9120223679689106
-0.9413116699651096
-0.8986037985104374
-0.9961061342530731
-0.9925043791201126
-0.9376603696302087
-0.9550826703170664
-0.9169517799133076
-0.9363484909595575
-0.9505678161999442
-1.0288080976312879
-0.9440445188996319
-0.9773791439639097
-0.9848668680440255
-0.9187895600478556
-0.9278188334354734
-0.9777580948962524
-0.6290410757481146
-0.9134547381018192
-0.9646281277843625
-0.9563031163281427
-0.9364241126850958
-0.9635929167354548
-0.9438537689321849
-1.017642403334497
-1.0393740845950932
-0.9408355140219532
-0.9867542089298686
-0.9503182942558521
-1.0008014279846018
-0.9372228886600114
-0.9488240244060433
0.15907841705138281
-0.9256147820280972
-0.952466326545694
-0.8808510662940521
-0.9800668131428149
-0.9424851115984306
-0.9160682693080086
-0.9869260492462133
-0.9394496687625294
-0.9464326422204621
-0.9923434668911446
-0.9407142792009422
-0.9467576437768855
-0.9491793199639493
-0.9422002248656719
-0.9378895156474837
-1.0246277179373753
-1.0050404418403724
-0.9443576698343586
-0.976439202584317
-0.97985145091155
-0.980398409015347
-0.9567661031507319
-1.000234897606158
-0.9405711573719473
-0.9495090015239517
-0.9814439762188865
-1.0059950193493117
-0.9615355528123944
-0.9526991290918959
-0.9503521413051896
-0.9724336733959453
-0.978795485405363
-0.9784477700267881
-0.9380756880822991
-1.0116037452355837
-1.0095038500972775
-1.017585734359296
-1.0161465844791302
-0.9530554164835862
-0.9521430548592609
-0.9720114330819114
-0.9531177078185429
-0.9568008782980085
-0.9990541374650149
-0.9949000073679313
-0.8124337533034935
-0.7744804037976312
-0.9307691169434933
-0.9643101203859339
-1.0032803559948016
-1.0002546251820412
-0.9816300278194856
-0.9508108881245745
-1.000834253562627
-0.995596236714016
-0.9424742198220861
-0.9310414333067412
-0.9483046787210943
-0.9673211178876655
-0.9390670661538488
-0.939695062683592
-0.9955047969539154
-0.9491015727930463
-0.9679473724214852
-0.9384557788652452
-1.0040570072795647
-0.930616400684782
-0.9280786449525127
-0.8671435435006107
-0.9297513028341657
-1.0118518716455902
-0.9127797257214144
-0.9988997860487308
-0.9000752183778808
-0.9015674884241885
-0.9201332722057727
-0.9321163994408674
-0.9257844426518828
-0.931123539980577
-0.8994590553987629
-0.9358461796048171
-0.9578502694822555
-0.9361098867557435
-0.9563532744519218
-0.9475793317989675
-0.9544533467169013
-0.9874679300347059
-0.9613087867907366
-0.9254192646884609
-0.9369015422916588
-0.9472151319473591
-0.9526672616502541
-0.9388846001669432
-0.9896201793804995
-0.9978881572543382
-0.9404306564717323
-0.9570214601047302
-0.9670072898368924
-0.9394729793278063
-0.9732267985212578
-0.9868061135538424
-0.9492287344015838
-0.9404816317422977
-0.9745047792567648
-1.0012519841568848
-0.9301816767358001
-0.9329276542743021
-1.0266581803702566
-0.9322449529548186
-0.9220210846306693
-0.8845672600894027
-0.9152146115201915
-0.9499061695250488
-0.9708046959338141
-0.9453354230532146
-0.9215426216533592
-0.9291473764460668
-0.9204062852281368
-0.9503454118584534
-0.9305825480842062
-0.9167967080359872
-0.9842984007036182
-0.9745261244540959
-0.9373303288873532
-1.0011303041850903
-0.9396297518866148
-0.9738140273583353
-0.9393322382714653
-0.9322273831126848
-0.9552574725594273
-0.9975999415364109
-0.9386933778883385
-0.9687146012963146
-0.9701738861106574
-0.9467949812575025
-0.9645297013337056
-0.9456716252102734
-0.9480409172519512
-0.9137737238869023
-0.9338945890005407
-0.946358685006529
-0.9909692770080493
-1.0027123782824565
-0.9474153148771713
-0.977969707483963
-0.9661286055434576
-0.933265189852558
-0.9925100051288644
-0.9403437799744974
-0.9869167662675057
-0.9449953360928051
-0.9141322792607892
-0.9206240135048304
-0.9607986371752892
-0.9888489752632361
-0.9195221300817965
-0.902164034841315
-0.9171391822528937
-0.9318279175110707
-0.9231023443877484
-0.9363382347412094
-0.9495949897687505
-0.9625105158254869
-0.9353570016060556
-0.9223976826517809
-0.9318915446802011
-0.932465861168607
-0.922361036786797
-0.9478556036851199
-0.9550990093314692
-0.9673437373611675
-0.9824980221756066
-0.9412320821236374
-0.9386657917345785
-0.9351035448625412
-0.9668844466402331
-0.9430900183292511
-0.970629610922445
-0.942658531352837
-0.9106742794193093
-0.9308774724538916
-0.9502757542619121
-0.9380498441217027
-0.946461078614829
-0.93415628971158
-0.963410739259143
-0.9500788941985973
-0.9439480011671448
-0.9424721873801208
-0.9526258425281448
-1.0061820927788403
-0.9312634252677263
-0.9642075658865144
-0.9356630929479047
-0.9341270730330583
-0.9163582029427642
-0.9382785960534749
-0.9342488627008521
-0.9363634333590202
-1.0024502642231066
-0.9440181247780821
-0.9771085099056644
-0.9369429479567795
-0.9457026028646156
-0.9451436993081915
-0.9429639124837519
-0.95144100999409
-0.9429915808725486
-0.9907962714478038
-1.0032559425879664
-0.9480699249706961
-0.9795245000974162
-0.942640774594468
-1.0031015787451747
-0.955756147926
-0.941776014855013
-0.9292304696017637
-0.9360608306821299
-0.8909646935388094
-0.9750521021399062
-0.9512284090723551
-0.9643485782239242
-0.9765064701804369
-0.9438138387412794
-0.9330684047013622
-0.9357162906218848
-0.9198984836562104
-0.9377772836131938
-0.9428020549989172
-0.919246457107126
-0.8900060504023808
-1.0023190434994906
-0.9947008377005624
-0.9571035086023942
-0.9464030540897308
-1.0057328923819207
-0.9755100932089645
-0.9967929727640907
-0.9491720079283792
-1.0217676087890148
-0.9490317251044433
-0.9597268850969112
-0.9649736498323124
-0.9830419887750972
-0.948482941866247
-0.9625348592903876
-0.8936895113039459
-0.9311051681212607
-0.8848768076785006
-0.9809365966978436
-0.9430167753551039
-1.0011381474133123
-0.9533896905140415
-0.9392895512585305
-0.9528937695614657
-0.9537619610432599
-0.9590057298915466
-0.9442747204161299
-0.9675084258217596
-0.941877450079899
-0.9340906935986257
-0.9428929157385696
-0.9659272470759583
-0.9128809027157998
-0.9542706311804462
-0.9346876934805506
-0.9427973824970898
-0.951775182114549
-0.9588431414757993
-0.940408132694293
-1.0107281035616698
-0.9588131684365867
-0.966974878861641
-0.9583916277609315
-0.9777140266355139
-0.9438996256511402
-0.9947720965654053
-0.9432518950861233
-0.9812492548796091
-0.976391105756835
-0.9410565045190853
-1.0179301881798795
-0.9670496129632814
-0.9570079639191345
-0.9622896738666171
-0.98395416121461
-0.9691454343197919
-0.9350053974041672
-0.9274754735126673
-0.9825794489255686
-0.9571958707413758
-0.9553460479568225
-0.9197173277941313
-0.9122045942626257
-0.8566581186983823
-0.9451005382627531
-0.9548570664296461
-0.9753924276846565
-0.9657422661957649
-1.0024627792874983
-0.9510919744582836
-0.9617695371001606
-0.960656838003599
-0.9515314403445976
-0.9970567199057673
-0.9903084611358941
-0.9420700572822422
-0.9871009517056066
-0.9963413507800869
-0.9064177152616849
-0.9629462668253698
-0.9411998341461192
-0.9492141414858569
-0.9585226490693063
-0.9619493371283859
-1.020908833802758
-0.9219603502416417
-0.9122019878076614
-0.9604435291093019
-1.0079131772159178
-0.9388635872480654
-0.9506228535446247
-0.9681906966015481
-0.9428013509631151
-0.9275422081710225
-0.9111220282461614
-0.9335410449911197
-0.9424464502689635
-0.931412509803385
-0.942830921648322
-0.9459402791830609
-0.9373492488281406
-0.9467251770522511
-0.9049132869512742
-0.951167042933701
-1.0026577848245968
-0.9432767905729383
-0.9517638145126078
-0.9091667669008512
-0.9312914955160867
-0.911544259642419
-0.933032839362796
-0.9602386216216704
-0.9345018924839309
-0.940328799105812
-0.927987147369065
-0.9995837939202205
-0.9806996688349467
-0.8503895518215601
-0.9570733550220037
-0.9523028117667167
-0.9832147842549779
-0.951496513298919
-0.9504418810703378
-0.9328391848406019
-0.9741296674242398
-0.9330204250395866
-0.9281340900085718
-0.9596831870558276
-0.96255724824353
-0.9776218945221339
-0.9537959794029252
-1.0185041103655057
-0.8957600137707237
-0.8820908924894993
-1.0010257385885377
-1.0062312275311154
-0.9579146109285204
-0.9051627342198397
-0.992686570912894
-0.9558300265530352
-0.9310493653328594
-0.9660565999490671
-0.9223747526644555
-0.9421099493595182
-1.0043644103236964
-0.9909434442975461
-0.8471325878670503
-1.0142251443695103
-0.9342518012343864
-0.9444862888793296
-1.0135086986788822
-0.9905269522157604
-0.9709155871910655
-1.0115946761577064
-1.0010057602751883
-0.9977346978583844
-0.9554400082344034
-0.9639567546596137
-0.8390487414398445
-0.9347991758691159
-0.9871061150201866
-0.9905483713844122
-0.9565267897012246
-0.9956863561672165
-0.97499350490372
-0.9486593358302389
-0.9909904412391727
-0.9559673074394668
-0.9465893408001331
-0.9609208827586887
-0.9481116344220546
-0.9477467066775984
-0.8727551177738757
-1.003968806788212
-0.9397347851359841
-0.8910912372407149
-0.9817756211326079
-0.9408733812450443
-0.9389140818188358
-0.9159823312601503
-0.9250932571129649
-0.9527364420957627
-0.999944521139243
-0.9728135470650452
-0.9432528200166729
-0.9512350776456339
-0.9149014612779333
-0.9386029565382406
-0.9220008809992297
-0.9485362021199915
-0.9404931718389783
-0.930854702629928
-0.9359388541079279
-0.9899445249165285
-0.9440818194687655
-0.9382947000044384
-0.9500338090692705
-0.9427395761460027
-1.0264781497289726
-0.9301075883177523
-0.9454774936354268
-0.9296641334917626
-0.9407076852999039
-0.9219961341891788
-0.9334791205850494
-0.8601833895957656
-0.8788939107527665
-0.7140695763707431
-0.9274437537294993
-0.8740004179358767
-0.9333287756973977
-0.9380176613684866
-0.9531772006159228
-0.9337453464864803
-0.7256158433367765
-0.9049905923472881
-0.8986260100058922
-0.9135403907996292
-1.0917643135245403
-0.9140730816364905
-0.9200509170711765
-0.9714713702849626
-0.9606898543710749
-0.9281183950717975
-0.9126047495112871
-0.9250743816058772
-0.9462344680481526
-0.9314614168609134
-0.8163954980325054
-0.8710573201523152
-0.9511691117886589
-1.0152370631643957
-0.9398748511581436
-0.9693254490445757
-1.0110699603556923
-0.9438318229976321
-0.9853536311667981
-0.9747558800605897
-0.9162211694589243
-0.9394803337903758
-0.9666489429297629
-0.9364543933603652
-0.969171786305889
-0.7576772203462238
-0.9873317505188305
-0.9732885910128786
-0.9296587155016098
-1.0278483195290589
-0.9601063798278442
-0.9421125849219718
-1.0290153991776665
-0.9958102023014068
-0.9555049184013937
-0.9979242860505436
-0.9000080131881374
-0.9413330586266971
-0.9029785705090645
-0.8923657670475835
-0.9286745835996174
-0.9402436557610616
-0.930299426994496
-0.885931766333377
-0.8133636255539559
-0.9107529246925522
-0.9222710095987443
-0.8873284913778677
-0.9303720430927195
-0.8829854662901145
-0.8881145027707991
-0.8731197482726701
-0.9608813706477007
-0.8808198872066012
-0.9331731787188661
-0.9396625370013255
-0.9105460344580841
-0.9308926907904955
-0.9213620863097505
-0.9821841955398112
-0.9443283265407111
-0.959527364919088
-0.9570337734782965
-1.0184270566868538
-0.9686247617001664
-0.9425684916677396
-0.9423191021434313
-0.979309288118362
-0.9470615921038981
-0.9367710048713084
-0.9713063815346406
-1.0307400471936061
-0.9452044561631001
-0.99243629128379
-0.9882133762061621
-0.9499913674528176
-0.9212663111084068
-0.963763776825913
-0.8733318403206828
-0.9147159819363301
-0.9487535686737931
-0.9806908308367503
-0.940133615030942
-0.9863675701644289
-1.0166726947083118
-0.9606231089373299
-0.9555283286549624
-0.9119626497922673
-0.9303996441433081
-0.9397997665321034
-0.937244795330587
-1.0075264212343313
-0.9683582732221904
-0.996540627299406
-0.985067035782872
-1.018117045111398
-0.9407621722799052
-0.9395792106223451
-0.9491607731720266
-0.9448145191916997
-0.986918393225429
-0.9963796472481047
-0.9485481964284903
-0.9382273859321734
-0.9600139480497843
-0.9624774641040665
-0.9880014014717329
-0.9581191081141447
-0.9501463037220931
-0.9763083577827244
-0.9748234110153269
-0.9889812261926986
-0.9422918065480568
-0.9439180384025416
-0.9403953401478173
-0.9260689470701343
-0.9595015316119834
-0.9394558498883522
-0.9030518905319389
-0.9151913182901752
-0.9366098774118577
-0.9288306784628722
-0.9430210726411877
-0.921807655478408
-0.9501920669236548
-0.9137020943511532
-0.9095183374263156
-0.9027061027963139
-0.8719421571414775
-0.9425730653383397
-0.8481526644998948
-0.9402818927989071
-0.9410692539303105
-0.939831644314418
-0.9034394324643303
-0.9414751601699957
-0.9328200943746201
-0.9794849371521355
-0.9760910853036842
-0.9629636617605892
-0.9367904287709887
-0.9593631697108101
-0.9674568877452021
-0.93569211955946
-0.9402906168360059
-0.9406415925694274
-0.9683829351436544
-0.8280205391507591
-0.9893580910044024
-0.9579172707068581
-0.9439286733201689
-0.9394972953877128
-0.942272764289543
-0.9393377998168683
-0.9443297411377661
-0.9164034570453868
-0.912474844010258
-0.9292240333282016
-0.9436113013916118
-0.9520163001259807
-0.9381329032598799
-0.9413866663621817
-0.9476719005461768
-0.9420062121919357
-0.9384127975887426
-0.9370564725125345
-0.9388210071645433
-0.9395215269239676
-1.0020260667672278
-0.947417758468641
-0.9799853503647429
-0.9404345337036871
-0.9376179485467595
-0.94487385612151
-0.9945332771522124
-0.9211362881058028
-0.9752259769125343
-0.9380570546630133
-0.940992881015649
-0.9387325308243182
-0.9555332976113242
-0.939105737152458
-0.977265490457082
-0.9795271293657862
-0.9458441356577499
-0.9118684651066631
-1.024297852538826
-0.9442655948902258
-0.9510080986803534
-0.9447324773820136
-0.9428320002777717
-0.975850153228473
-0.9309972515428878
-0.9384611547728217
-0.9358302876600451
-0.9323887994128017
-0.9768233385534969
-0.9446885008911688
-0.9426884787261584
-0.9738142755320482
-1.0243958889200795
-1.0097507825324123
-0.9879120978582375
-0.9297238066165772
-0.9590579767024412
-0.9389161361436825
-0.9506606256287006
-0.937627913830252
-0.9959098506337668
-0.9601913902864228
-0.9843439910469873
-0.9921475981255156
-1.002686195363774
-0.9871943614980465
-0.9098779971511265
-0.9545105016088621
-0.9729769615001267
-0.8468626524144652
-0.9525626202933788
-0.9775035457007712
-0.9339142183299167
-0.957837997476365
-0.9659637519256348
-0.936306011426118
-0.9445643493318269
-0.8727093325596178
-0.8869704924817662
-0.984154449916727
-0.9618630547565191
-0.9916356909327098
-1.0043775432153759
-0.8919324957570871
-0.9474613338017716
-0.9731065408394415
-0.9815291825908545
-0.9449530791499502
-0.9478014983188228
-1.0917643135245403
-0.9464231324708593
-0.9520562170420719
-1.0027839698024663
-0.9501647915534386
-0.9529169877519003
-0.9406170551281573
-0.9387129317828679
-0.9796069071476409
-0.9816147036780504
-0.9723307384361413
-0.9380559957604335
-0.9797429324229947
-0.9373688507439084
-0.9359530485779484
-0.950444475339731
-0.9626822540279381
-1.009108074525632
-0.9299197509571633
-0.9177495472833429
-0.9717332244843798
-0.9270857221292648
-0.9478187745510149
-0.9343339730706243
-0.8648299748432237
-1.0027376951729863
-0.9357569763371362
-0.9100699463239316
-0.9376745114951646
-0.9235643781334871
-0.9362704131721962
-0.9320499960232306
-0.9341945749135534
-0.9355729318699575
-0.9301419373611087
-0.9344701678922117
-0.9218518083309114
-0.9132292166464666
-0.9268808306668102
-0.9275152784868416
-0.9260320481605212
-1.0108500156864975
-0.9356276921735761
-0.9364592051020395
-0.936089790724354
-0.9965348606105537
-1.007964200173323
-0.9038208259745507
-1.0124136987157255
-0.9779183846114062
-1.0132207573009537
-0.9365789718195372
-0.934289160838816
-0.9320831754875719
-0.9384376521646665
-0.932768195172409
-0.9249022833644595
-0.9369002300519225
-0.9362482664495074
-0.9275997147039605
-0.9381076246536123
-0.9172183265385437
-0.8732673383068486
-0.9331158089927629
-0.907017215425594
-0.9607363605202517
-0.9768875031305192
-0.956967165423825
-0.9384596606209793
-0.9588543520125047
-0.9433051031562065
-0.9396209512679576
-0.9385656151299807
-0.9548866695710244
-0.7554346175071627
-0.8131397976131984
-0.9905135999190199
-0.9543654811831667
-0.9068370119638265
-0.9407975284371558
-0.9573463893864544
-0.9393029525936951
-0.8652764802469324
-0.928842835614141
-0.9030429106829562
-0.9269656751583603
-0.9108650872594342
-0.900467908262424
-0.9352579944516133
-0.7686198036922373
-0.9369832094066115
-0.8728171610537239
-0.9113819966075137
-0.8620395483191802
-0.9086221861389563
-0.8760748764050507
-0.9489346708529955
-0.9439826022083558
-0.9433422331423892
-0.9388052830973885
-0.9391959416498087
-0.9515322717295311
-0.9455475123663444
-0.9438223900638307
-0.9505283475674687
-0.9387417598032061
-0.9404309931414199
-0.9721463416331436
-1.0020447909812336
-0.98040820234719
-0.9341908219010274
-0.9363309392155357
-0.9773669374808606
-1.0082885506699562
-0.9438565431438309
-0.9644445053640729
-0.9540428564806973
-0.9375886292152401
-0.956155156158704
-0.9588426129770262
-0.9508296070964387
-0.9175579361789595
-0.9317437916643719
-1.0034834333044462
-0.9332368340504904
-0.9676832142056107
-0.9381841890899921
-0.9371400114567362
-0.9615217541924777
-0.9438842648635207
-0.9343260352223042
-0.9472140713124169
-0.9419027909779085
-0.9302716956109156
-0.9670169672434502
-0.9582403360997134
-1.0271572020127095
-0.9470219822767495
-0.9503611782835423
-0.954568202468312
-0.9459200889840833
-0.9298183347408218
-0.9426232446956097
-0.939609804898835
-0.9554286071660123
-0.9456116519619546
-0.9489528935652208
-0.9488293778462261
-0.9823752413751266
-0.936953625788384
-0.9199286427716136
-0.8765028696548635
-0.9744553695205478
-0.9619709201860706
-0.9317925576326103
-0.8518194054505019
-0.9276756623821601
-0.9068639708656842
-0.9319410973747855
-0.9134808442753632
-0.944668469896545
-0.9362097062247257
-0.9223049734717151
-0.9370970092001423
-1.0275041644512632
-0.9354274493410714
-0.9350451443586784
-0.9241360418926856
-0.9383388113934225
-0.9351363000590509
-0.938207260177767
-0.9235205783617583
-0.9376555657767078
-0.9769708625477866
-0.9562938858271748
-0.99567860551252
-1.008720989286491
-0.9881569748262876
-0.9904160507844951
-0.9545487736569697
-0.9421211567152473
-0.9936702625507153
-0.9469883728449172
-0.9521564978261581
-0.9993488855214446
-0.9888392030440353
-0.946913831517362
-0.9349592959953085
-0.935807449686446
-0.9332569293106423
-0.933941112359975
-0.9762725106503614
-0.9298959752942316
-0.9470144985867677
-0.9903944931364621
-1.0190902305347902
-0.9896730189608923
-0.9529178953457186
-0.9403713594013398
-0.9720038150839239
-0.9508935230808885
-0.9315126964664886
-0.9351670848676803
-0.8781507733853098
-0.950901837672072
-0.9272670637965233
-0.8775122667315702
-1.0213834569253297
-0.9749961234697799
-0.9463565495317469
-0.9361190305721154
-0.9535768684492683
-0.9356345378385393
-0.9257421017257341
-0.9545648432133611
-0.9475859866974563
-0.9376252973653679
-0.9867179661343634
-0.9299195574490854
-0.9816044508950637
-0.9373995715058584
-0.9870302482136443
-0.9626525178429327
-0.9541073925855562
-1.0095320783364339
-0.9871912979330102
-1.0168767873107754
-1.0124392801692659
-1.0149986076503312
-1.0010408024589383
-1.0030908012759503
-1.0114339867261035
-1.030639495679671
-0.9974526787029581
-1.0234522689958703
-0.9280871235859224
-0.9893763204795105
-0.9794226981746117
-0.9428717637759829
-0.7388081935534213
-0.8983132014570049
-0.9527649695396538
-0.9698017659876494
-0.9351441164447596
-0.9585836150475119
-0.9389175375448194
-0.9222774553793667
-0.7620401682322232
-0.9578851281209463
-0.9572477369820386
-0.9495241937159313
-0.9948934846283792
-0.977353772001259
-0.9751218983182227
-0.9692609359302239
-0.9409177557732291
-0.8442308099007212
-0.7609122731931501
-0.9311053936725219
-0.9371186829452385
-0.8963153199355224
-0.8941446939272408
-0.982261051727354
-0.8790515866725913
-0.9384005451623961
-0.9394505790058519
-0.9525860445007737
-0.9501325023526647
-0.9810137748240748
-1.0030641216180234
-0.9347988793076153
-1.0136283128661743
-0.9914251385601888
-0.9820198488951964
-0.9982883566281758
-0.9938600348890146
-1.025529460490874
-0.9803688396834135
-0.9460795600359455
-0.9457754567551482
-0.9703022777007829
-0.9736658561982126
-0.9597165359263565
-0.942952870325345
-0.9676396858012574
-0.9504124046114706
-0.9511502239353317
-0.9389953078833213
-1.0190949652410575
-0.9754232072841121
-0.9354448796502822
-0.9666680823000873
-1.033729518754264
-1.0286492328369063
-0.988008016721212
-0.9811656497609099
-0.9443937711003205
-0.9522881728622011
-0.9472293438495313
-0.9607324001244867
-0.9395417010440652
-0.9341379365522456
-0.9205570554530311
-1.0228330592520205
-0.9741298789336281
-1.016222398186228
-0.952759196701215
-0.9418271331112936
-0.9387914826749449
-0.9496327926821826
-0.9383367824981353
-1.0332726730539057
-0.9680668184956983
-0.9297400876838876
-0.9427053285265529
-1.0014561866786573
-0.9093325739797894
-0.9370837427001611
-0.9577156282516034
-0.9179852001324187
-0.7517317539175062
-0.9330020163628119
-0.9507042274382648
-0.9353021056631247
-0.9525696754239399
-0.9363534955834041
-0.9355214525169883
-0.9999402838229091
-0.9328277832723993
-0.9286888228720048
-0.9226450118322946
-0.9878394465908557
-0.995269061106452
-0.9385524558754654
-0.9356795209557426
-0.9347013916494181
-0.946403382401822
-0.9367619562606572
-0.9350857691996426
-0.9227392992942361
-0.9521267881875943
-0.9449817568706494
-0.9327685516352785
-0.9058499022732459
-0.9340297704627094
-0.9288782582949702
-0.9701313875391088
-0.9466280884495716
-0.9361158638196077
-0.795112909401901
-0.937857693050932
-0.9251246948843056
-0.9438269802615876
-0.9670823791651924
-0.9268642176265384
-0.970523408769468
-0.929301521261808
-0.9403287999787823
-0.9433145931151429
-0.9357875453404034
-0.8284542048631409
-0.9586763371724266
-0.9417183071952074
-0.9036205007604073
-1.0291802568120132
-0.9444376789023669
-0.9073843746135015
-0.9047134345379654
-0.9295598414860393
-0.944025999124789
-0.9257802170697328
-0.8327093208964605
-0.8980907307222911
-0.9418617710028151
-0.935363090624739
-0.9511673094494385
-0.9461662547817281
-0.9448890039918918
-0.9400037529718583
-0.9486906997355364
-0.9477433822552096
-0.9572471757771113
-0.9744419030040926
-0.939976635129835
-0.9493130086356885
-0.941141312695169
-0.9616308998206764
-0.9982920675115067
-0.9361609183901104
-0.9521974229248265
-1.013301484791132
-0.9483869870551136
-0.957972700109809
-0.936206172884018
-0.9377003278384204
-0.9460756670449858
-0.9417916808818335
-0.9427551438459276
-0.9366541604862205
-0.9398121240953071
-0.9414362367140579
-0.9460642724944476
-0.9149272299705347
-1.0074126749754646
-0.97211144913555
-0.9945687811880153
-0.9395220948108318
-0.9402419479802817
-0.9870397514784036
-0.980213905706053
-0.940609483804828
-0.9325395467935148
-0.9379518702267923
-0.9415210879394493
-0.9251270201618305
-0.8964501441233708
-0.9323961708598238
-0.9214230529856681
-0.9196299238781588
-0.956019279592165
-0.9339788421810745
-0.9474591454765433
-0.9439471342430531
-0.9385077294886861
-0.9390005100828903
-0.9348160816999308
-0.9315305208859727
-0.9396707875007785
-0.9373536994099426
-0.9740317966072374
-0.9656122798162874
-0.9466717833472567
-0.9449134475305173
-0.9196762091160228
-0.9478417037053601
-0.9939155461953634
-1.0108926196006933
-0.9666761270435409
-1.020357159392473
-0.929923567397441
-0.918911636141656
-0.9822835461069548
-0.9497601666637532
-0.9456771750737093
-0.8108196001980807
-0.928290623381852
-0.9345463637490676
-0.9413467534963348
-0.9429792888673925
-0.9396628068229109
-0.9271649766726995
-0.9323656766888403
-0.8988244386189418
-0.9009123337615237
-0.9371264787097169
-0.9392765184780553
-0.8652850544690041
-0.9404073173401843
-0.9152799423499296
-0.9835061566730564
-0.773830934983692
-0.9738423319761341
-0.96748482279538
-0.924399367094827
-1.023443942842842
-0.9088110710669195
-0.9731195169680826
-0.9433082590637831
-0.9890586508513709
-0.906106342613044
-0.9331515685467954
-0.9325026142771623
-0.9248529195864594
-0.9176935455038063
-0.9280840586747718
-0.9280122161488362
-0.936463443231029
-0.9140798768959821
-1.0457500778431494
-0.9633179566943659
-0.9867645232254397
-0.9516350760160521
-0.9461800058591247
-0.9593558152968906
-0.9470734407661561
-0.8761913982840539
-0.9326899415803853
-0.94026876878194
-0.9844555486846176
-0.9616121494911842
-0.9277663641764072
-0.9294012954170386
-0.9327864607119797
-0.9417161049460847
-0.9425984963726544
-0.9416445994065377
-0.9769660036761519
-0.9597174090869894
-0.9407483648162832
-0.9413771746128552
-0.941039968367922
-0.9421085765899271
-0.9406949018670794
-0.9444406283245922
-0.9707801693882133
-0.9400869667772345
-0.9564695841912625
-0.9378437692916879
-0.9427513588742504
-0.9395764381200294
-0.9683769179337023
-0.9952402934162045
-1.0135749015671434
-1.0067770014443047
-1.008710346063023
-1.021696478575294
-0.9650923682740717
-0.9458627890727218
-0.9691304529203338
-0.9792785879522257
-0.9745018640531343
-0.9778555657068817
-1.011155990127926
-1.030358473337135
-1.0349464845977394
-1.0315509953603892
-0.9082980669603914
-0.9501011326534223
-0.9827013664153125
-0.946689656500939
-0.9848109500581634
-0.9525525834579229
-0.9435686926126979
-1.0016066648461652
-0.9973221021407084
-0.9820497739940661
-0.9938210759092105
-0.9644790923584492
-0.9719890057067903
-0.9475593368277584
-0.9691966497448773
-0.9388433460266696
-0.9513216285176166
-0.9356125836146
-0.9397266604454688
-0.885336170325971
-0.985382236783224
-0.9395184628734283
-0.9492960448492211
-0.9504020375669654
-0.9383297096553432
-0.9415225425932393
-0.9371492810813021
-0.9371089866502724
-0.9887291932846787
-0.9433893723513856
-0.9670787195064757
-0.938790881836512
-0.9379856918705985
-1.0268488637804964
-0.9374613088969433
-0.8309873792461404
-0.968847354047784
-0.9509372083347719
-1.009825290430955
-0.973179419522658
