-1.060512669522716
-1.0047347614138644
-1.0030433008874229
-1.0108996429272807
-1.0149391477667822
-0.9802726521826838
-0.9859127871271922
-0.962888085543265
-0.9153710641891896
-0.9583349269859203
-1.0745436728027566
-1.0748456134717959
-1.0596933053719135
-0.9143201483351081
-1.0644908708223493
-1.0291703942277932
-0.9903085030543003
-0.9840745906624261
-0.9860472560604204
-0.9820477437845113
-0.9590261979801548
-0.9465700517382319
-0.982657907004287
-0.947272036526824
-1.000948252868609
-1.0166326576110543
-1.0319582476420737
-1.0282089255761377
-0.9585060871243032
-0.9896071716597504
-0.9747053101988938
-0.935765243567659
-0.903195036800992
-0.9362718533668708
-0.995314915146595
-1.0562594034439527
-0.9930680106364821
-1.0272214927602232
-0.9804921468969766
-0.9569987989326233
-0.97278614886839
-0.9359382237036569
-0.9130239922038655
-0.9667254717420442
-0.9519547460828655
-1.0177999661237895
-0.9281388686273755
-0.9558948435773743
-1.0724313009913522
-0.9283564435905209
-0.9872085585630591
-0.9246499290772868
-1.0039777040509723
-0.9731877073334377
-1.0002036881540781
-0.9839892720061542
-1.0652500532733906
-1.0123291742378304
-0.953995841425711
-1.0203103995998413
0.5742913924434617
-1.066094592132069
-1.0090262090688953
-1.0579138507918129
-0.9937871009945987
-0.9948320868720315
-1.0441764429275344
-0.9769903945867675
-0.9817362680349481
-1.0946708471759603
-0.9893553822531214
-0.9227784655940163
-0.9763175025031057
-1.036293481119341
-0.9714041725648785
-0.9598691504028112
-1.0091916708364868
-1.0092169723325672
-1.006036110226857
-0.9801308858639113
-0.9778854532971958
-0.9854893144414436
-1.0114969411653416
-0.9636669513405812
-0.9548815369243233
-0.9621959540077414
-0.9707980210922047
-0.9488192121737841
-0.9688680346193942
-0.9617200364192834
-0.9506153648925769
-0.9844195928700967
-0.9253615693157059
-0.9836782249090653
-0.9151753933996043
-1.0053756784563637
-1.0074555960737224
-0.9885792671063501
-1.0758371418355297
-1.0079804873115534
-0.9964303451978348
-0.9766666369712383
-0.9360392171344556
-1.0000530168446102
-1.0000530168446102
-0.9475422024641278
-1.0000530168446102
-0.9790067327544623
-0.9847092833589897
-0.9235071428196538
-0.9990351795293154
-1.0032661383890207
-1.0002502391183603
-1.0313563376783623
-1.0403294994476349
-0.9967598823743754
-1.0284790350829138
-1.0007477941591008
-1.0286419385672783
-0.6991416422726164
-0.9761679144078345
-0.987814156425206
-0.9773373973888839
-0.9869225269180509
-0.9968766039980624
-1.010336322039499
-1.0076237389177136
-1.002761101440733
-1.0152142398713955
-1.0441818653073827
-1.0218559122949613
-1.0432864121955574
-0.9937937111487277
-0.9952956299656143
-1.0485684394079724
-1.0629984376002692
-1.0343639855451643
-1.0389760715787126
-1.0107189486781276
-1.0103443766916085
-1.0485355186477747
-1.0002696944169345
-0.9982115022228795
-0.9747702500250661
-0.9986917085910266
-1.0033774011296333
-1.0080718847573908
-1.011528815789031
-1.064704896058089
-1.0090743952170593
-0.9857595428760997
-0.9427501128573204
-0.8317502354903616
-0.9844669815436144
-0.9692144929391332
-0.9797898342726089
-0.9524249649658577
-0.9979986994845041
-1.0338135641729287
-0.9935858475790911
-0.9891702587089889
-0.9593913380373691
-0.9851743706708773
-1.0148400567629676
-1.0250039585951405
-0.9908318318768308
-0.9965647267471605
-0.9724966299891442
-0.9791054226736196
-1.0149485080302507
-0.9830178132644963
-0.9869016115569891
-0.9402093527118157
-0.9852330515414061
-0.9732840176043499
-1.0425772802566189
-0.9865560521395541
-0.605887784590009
-0.9576065514196261
-0.9506107068040025
-0.8678777873206245
-0.9684228570479065
-1.006773981830326
-1.0313865868311312
-0.9706365541629202
-0.9912716003350337
-0.9912304364910823
-0.9660454694738925
-1.007150314126452
-0.9873667617775252
-0.9933711089547869
-0.954683583088716
-0.9538444219161922
-0.9861012837147087
-1.0016607820742298
-1.0164874683256757
-0.9983761146491275
0.5292803506307436
-1.0000530168446102
-0.9736207824717505
-0.9552591119650407
-0.9482823390314524
-0.9571335445488438
-0.9318133563534017
-0.9939679932684341
-0.9565158715926878
-0.9652139585029729
-1.0075501445855632
-0.9625466358292657
-0.9905073612287225
-0.942285420565232
-1.0047105418033997
-0.9944197939170221
-1.00080280230405
-0.966187211455407
-0.9820134814999681
-0.9702615118954031
-0.9993161925310435
-0.9587488673371369
-0.9630973741841945
-0.9564999858871569
-0.9949131882326313
-0.953127150388879
-1.0000530168446102
-1.013498930463673
-0.9996107413502403
-0.9986786646566188
-1.0353486720731535
-0.9652108057961333
-0.9980451085966708
-1.0037055553967629
-1.0099438580380342
-1.0027838451282578
-0.9935266650489868
-0.9999182502511141
-0.9864134878023832
-0.9715225739919908
-0.9839752820762582
-0.9876385860527608
-1.0033884412638276
-0.9466390957862875
-1.003246125554316
-1.0737878462599588
-1.0263874923296943
-1.0732580936010003
-0.9800371325971281
-0.9811490871791032
-0.9742728100666969
-1.000010776024878
-1.0000530168446102
-0.9930959715684285
-1.0548899562809646
-1.0102349552426102
-0.9237142734131748
-0.9679797910580914
-0.9767357124473479
-0.9410587955337324
-0.9715717363435133
-0.9610999385207429
-1.0372982492870793
-0.9705797671086281
-0.9784269133976806
-0.9013844634885781
-0.9639064235315132
-1.0086636373241848
-0.9657545838250509
-0.9988396307315579
-1.0927193295382476
-1.054833909669933
-0.9510045199367271
-1.0184493887986377
-0.9718115330236796
-0.9559231085295635
-0.9705479091486153
-1.03071533801392
-0.9850458641314369
-1.0276444905055366
-1.0000530168446102
-0.9864195238892881
-0.979824035707953
-0.6584154125271007
-0.9998933503821208
-0.9691503478072044
-0.9553423491938002
-0.9586351919910183
-0.9821249438215853
-0.9504960915729017
-0.9547484291290693
-0.9989835626484577
-0.9881963621970451
-0.9732093383578836
-0.9361670441630084
-0.9560018367892941
-1.0000530168446102
-0.9663266660651817
-0.9751299550193219
-0.9768091933337476
-0.9776092476716897
-0.9501813054657223
-0.9866933939225018
-0.9256530016357164
-1.005658464902226
-0.9731301987178086
-1.0816510697612927
-0.8678959781444038
-1.0118892461859799
-1.008277876371611
-0.9953260969143476
-0.9404796176441812
-0.9333015390604066
-0.9998933503821252
-0.9575711364584807
-0.9904146724962879
-0.9231496282449196
-0.949367079158484
-0.9590701353877833
-0.980887543042043
-0.9557835173816707
-0.9472462978172348
-0.9578034382249306
-0.8644957120262108
-1.010161932558737
-0.9765715343363515
-0.9311713715300692
-0.9592412520606786
-0.9610439026907298
-0.9973983967277833
-0.9750636540813836
-0.9578204072828908
-0.9951806132309274
-0.9781012906459292
-0.9964714058592185
-0.9687027350913087
-0.9633788522863937
-1.0174006387198289
-0.9709505737696708
-1.0074036701497673
-0.9967778903970623
-0.9379846922961638
-0.9422974942564104
-0.9777972468842204
-0.9872722548869634
-0.9832370134515594
-0.9815382267349713
-1.0018880392026541
-0.9737235256293253
-0.9638011511002547
-0.9805967456934556
-1.0090313097265944
-0.9707081734548813
-0.9995066101888681
-0.9308660314156275
-1.0269173832446103
-1.009035098900296
-1.0802737555244342
-0.9905042086222455
-1.0089578824021974
-0.9766360597068869
-1.0355455401563969
-0.8879599675198042
-1.0000530168446102
-0.9339889414275575
-0.9594391089564173
-0.9792836172101967
-0.9494240755183078
-0.9712395363194759
-0.8801579686425696
-0.9327618023504599
-1.0375283031062852
-0.999727020794198
-1.0115234700288673
-0.9534218966898667
-0.9731075591104977
-0.9892716442616588
-0.9774161154105535
-0.9257659397122545
-1.0132978685085963
-1.0000530168446102
-0.9751308592098226
-0.9504133476587113
-0.8800440586750712
-0.9835594334345753
-0.991549448087801
-1.0000530168446102
-0.959671172345343
-0.9784619885638035
-0.9927698866183345
-0.979341945939805
-0.9559080177742532
-1.0634944295850834
-0.9857787292336985
-1.0617594697033939
-0.9633900736785205
-1.0001191718454303
-0.9589840823907183
-0.9602169624161452
-0.9053844206880614
-1.0014252026804216
-0.7433893175751596
-1.03631201665559
-0.9797564500248747
-0.9886911360097543
-0.9701101503533424
-0.9919772514651227
-0.9548862821437885
-0.9900164214037136
-1.0316072692015934
-1.015250554778344
-0.970587989137317
-0.9347773458754194
-0.9995457801629881
-0.9972861715363185
-0.974782704702811
-0.6266018790565515
-0.8557654639755172
-0.9850076193125403
-0.9760218354104147
-0.9837267942045017
-0.9879889120680868
-0.9564488340395879
-0.9993910682544579
-0.9411287022666449
-0.9754378525560699
-0.945200846450639
-1.0125436022369287
-1.019023354122788
-0.9678573744239369
-0.968406745106049
-0.9879340294488429
-0.9925137945378061
-1.0041150263042118
-1.0115359367190733
-1.0010456045823397
-0.9625945145208302
-0.9785338930296322
-0.9567051641193925
-0.9797070307168634
-1.026714869420632
-0.9968225264014821
-0.996590702276993
-1.0056886455826068
-0.9889815816499409
-0.9795400954682214
-0.9771013343357614
-0.9901498863554569
-0.9872424743114849
-1.009534078602845
-0.966058664828582
-1.0130151234049516
-0.9630127053147138
-1.0114488067756218
-1.0393601932066112
-0.9607899023502853
-1.0222727252485235
-1.0000530168446102
-0.9922059608358349
-0.9881457536980177
-0.7556620778081803
-0.9407342730673688
-1.0173223873261956
-1.0206383414656792
-0.9856398281019496
-0.9941162671664132
-0.8592810078945846
-0.9698038581662247
-1.0017366197576683
-1.0028017873787707
-1.0246637036969362
-1.0247253242079863
-0.9999661683168048
-0.9870858574717927
-0.9877927331204003
-0.9870528990761309
-0.9297155605247966
-0.9537537260750043
-0.9787432902456924
-0.9062419442316995
-0.9760219085336536
-0.9752623900047439
-0.989057102918809
-0.9101858592471215
-1.0018539100385815
-0.9998933503821168
-0.9703003855641701
-0.9661513633717378
-1.0258915675352343
-0.9747116786465855
-0.9951365973009824
-1.0079193444299357
-0.9938705755976402
-0.9554274130187336
-1.0226958194184619
-0.9970074527509499
-0.9552836421184363
-1.006912413481935
-0.9914176216519595
-0.9988504666323985
-0.8555801114204049
-1.014859605905888
-0.9858975315887338
-0.9541438415375906
-0.9330034779848924
-0.9656244965882689
-1.0375406438281591
-1.071073434079522
-0.987803402531408
-0.9326567817707045
-0.9370938568750432
-0.9723837489889092
-1.0311554130272658
-0.9768548004418955
-1.000714363454563
-0.9910025725179272
-1.0182450344836862
-0.9823277846652432
-0.9482085287613936
-0.9739434914554453
-1.0057204213599285
-0.9818653911400393
-0.9333852999185458
-1.0010300628129316
-0.9629453165815703
-0.9792277245084821
-0.9772251586996688
-1.0000530168446102
-0.7627183582143999
-1.0000530168446102
-1.0000530168446102
-1.0003785884493481
-0.947553022600187
-0.9450024510859859
-0.9559448360362919
-0.97811993486298
-1.0425509783073097
-0.957043807851171
-0.9256967185275882
-0.9920416729669996
-1.0000530168446102
-0.8738719287092088
-1.0402300296097156
-0.7542200418074936
-0.9263056264467611
-0.9569229588523174
-0.9998933503821039
-0.9448987542212355
-0.979949014186516
-1.0000530168446102
-1.0477402713055441
-0.9866478504274779
-0.8633754367946089
-0.9797185770526031
-0.9695454485495603
-1.0000530168446102
-0.9696198885175106
-1.0014074547267504
-1.0159828499191104
-0.9692897020397233
-0.9907597391556999
-0.9988885622411616
-1.0139654092554296
-0.9540786132587501
-0.9569175897285872
-0.9795153690902831
-0.9727690847008857
-0.9686982177063985
-0.7968738013029866
-0.9197255602240572
-0.9827844202077157
-0.981109511751988
-0.967565548231243
-0.9756233167198161
-0.9926097896879632
-0.9717116469304746
-0.980517593035647
-1.0036668897222556
-0.9489228317549807
-0.9606157748221911
-1.0000530168446102
-0.9768219591817964
-0.866827445300242
-0.952173264372517
-0.9824712513423655
-1.0000530168446102
-0.9983573889163792
-0.9782553326786304
-1.0000530168446102
-0.9647905761128858
-0.7977637652706328
-0.9190198593801903
-0.9845310369556297
-0.8717035818750214
-0.9665075149657071
-0.9420616768933228
-0.9647810592190873
-0.957673472543693
-0.9575201983079932
-0.9688075728981409
-0.9704811341333721
-0.9627636560320565
-0.9693925590984404
-0.9519649038832991
-0.9918921345759305
-1.005660022428265
-1.0064186586376616
-0.9957045358173442
-1.0029300874377394
-0.970932253049162
-0.9829085437037566
-0.936603132295556
-1.0255601330191655
-0.9548572645717488
-0.8312804487843606
-0.9813084970651841
-1.003163493645005
-0.9595933441532055
-0.9712185100661761
-0.985996020071491
-0.9829611871134581
-1.004135032426253
-1.0173975695537734
-0.9771269677188703
-0.9987834881682033
-0.9574962022109288
-0.968110026079389
-0.9864192800395214
-0.9880414100698488
-0.9888436679714322
-0.9660744361781541
-0.9780016105532505
-0.9829959074328317
-0.9594468660207357
-1.014521712798891
-0.9722010866683298
-0.9897389403654402
-0.9900641494885541
-0.9961258218844992
-0.95602015618608
-0.9884277828412116
-0.9856163785468698
-0.9492918216619702
-0.9914683119751179
-0.9614325848589153
-0.9979014904320953
-0.7465721186315966
-0.9611482435005515
-0.9747551720255287
-0.973432014192773
-0.9229397623880526
-0.9825974256496972
-0.9746864080776058
-1.050745324556722
-0.9314748691649286
-1.0158957828791801
-0.9818722424421777
-0.9566132147993636
-0.9868801624460559
-0.959846243090178
-0.962861104953525
-0.9693463609118435
-0.8090332989566312
-0.9801475569275259
-0.9872407630732729
-0.9703706227767628
-0.9567837221018226
-0.9471721978344214
-1.0492338544187265
-1.0696122902167564
-0.9602268796512564
-0.9635365253433874
-1.0056737156431421
-0.9883807235266586
-0.9689374621206249
-0.9088115846916803
-0.9824953272395508
-0.8269424443987005
-0.9543928514465176
-1.051373193624391
-1.0001993644938945
-0.9470738416720124
-0.9229978343480367
-0.9744536958446248
-0.9868365484737169
-1.0620303195685639
-0.9925844771700412
-0.9875372902956154
-0.9652424230426626
-0.9809410138979157
-0.9722141335941774
-1.0926382500026415
-1.0000530168446102
-1.0028714095171378
-0.9964023294575748
-1.0302080512594007
-1.0064589780873159
-0.9755700485670253
-1.0121626593500723
-0.9795327749907601
-0.9722730209641619
-0.9345567909862266
-0.9979609688977351
-0.8763504281569394
-0.9815658321350703
-1.0214482786721573
-0.9654624451894811
-0.9761542567312496
-0.9536354149089433
-0.9718884008503471
-0.8315955251447142
-1.0115456376659728
-0.9867321327481222
-0.9809076189942583
-0.9678998462986796
-0.9671216879113176
-0.9792885746036716
-0.9806770545905399
-0.8976793700654943
-0.9732358971096745
-0.9998933503821142
-0.9402879340340203
-1.0305096667491402
-1.0080575098487878
-0.9113407719872941
-0.9886956670563641
-0.9656577376715947
-0.9254370950760586
-0.9602842364243813
-1.0791184353385925
-0.9292200709867157
-0.9799713221866148
-0.9973214393268163
-0.9924294370476526
-0.9871788476556342
-0.9753885789684577
-0.9687120345279228
-0.9465951351691791
-1.0100966167832637
-1.0450295551116275
-0.9741511023652497
-0.9998933503821671
-0.9869036302951899
-1.0428859711637135
-0.8378606522571903
-0.9561906874843408
-1.045713601738959
-0.9721173815770832
-0.9940503702428067
-1.0115879840134059
-1.002449651151678
-1.0125558612881584
-0.9730328359922165
-0.9727436335191371
-1.0103576913712522
-0.9449843253652574
-0.943343797181608
-1.0077844095191641
-0.9395331962896736
-1.0171297156063352
-0.9999099433190837
-0.9888686761725037
-0.9835007296141939
-0.9988233212069261
-1.0031273686527629
-0.9791688786445713
-1.0000530168446102
-1.0000530168446102
-0.9998933503821098
-1.0000899281946443
-0.9852316659790811
-1.0049089952391317
-1.0411631649134314
-0.9954572179176884
-0.9559235006608312
-0.968182981691024
-0.9893001014167919
-0.9791879376056943
-0.8859520892187193
-0.9642502034299476
-0.9658536635795144
-0.974889798480153
-0.9819763474296848
-1.0000530168446102
-0.9800142320598307
-0.976432276689919
-0.9739255766207976
-1.0014728269817852
-0.969972612087511
-0.9706185902416897
-0.9625334872940554
-0.9695101959657066
-0.9594080417904923
-0.9747009151485613
-1.0128031466082525
-1.0040785082832517
-0.9999629634800911
-0.9719216854323699
-0.9796397533049624
-0.9869272521139492
-1.0323028400422753
-0.9770473976293699
-0.9696924782707255
-0.9830372075219246
-1.0120667340426586
-1.0324310672609494
-0.7967943213290971
-0.9998933503821472
-1.0667977545129523
-0.9858019892179825
-1.0000530168446102
-0.940693558038714
-0.9939756653084676
-0.9662003074342429
-1.00706594627341
-0.9895770996819648
-1.0849005143052046
-0.9319874525074459
-0.9860015125471288
-0.9891753520018587
-0.985547161740075
-0.9382044326973794
-0.9775196241977907
-1.0000530168446102
-1.0247402578032356
-0.9616409444131766
-0.986957296090977
-0.9944037794004321
-1.052442644291344
-0.9641892446488446
-0.9447535813019156
-0.9812640787525154
-0.9685754741609052
-0.9672829241826231
-1.0594917455063544
-1.006011240278419
-1.0123359174912347
-1.0000530168446102
-0.9594394229338338
-0.9113430631656524
-0.9609479730476639
-0.9863787175142119
-0.9895556430518696
-0.9934598539651943
-0.9927402799169577
-0.9888265320063181
-1.0085820411159703
-1.003125699210885
-0.9791262761136047
-0.9109669238440877
-0.9790630095944802
-0.9907015634715415
-0.981607867487865
-0.9880481688211311
-0.9333819928347197
-0.971888894088993
-0.9629712515541465
-0.9935978366540861
-0.983135076410038
-0.9336455357604437
-0.9672391957673788
-0.9217480832426846
-0.985031212637946
-0.9863577661792059
-0.9352007622705352
-0.9551833240264349
-0.9501832635454426
-0.929237766763154
-0.9850445524576892
-0.941913591346312
-0.9569998775810532
-0.9684210462831847
-1.0285325363133793
-1.0083852842615484
-0.9990743039859643
-0.9534155589367667
-1.03740078772275
-0.9802629215112864
-1.0395957584027746
-0.9996005897957793
-0.9943342947443566
-0.9905285922581472
-1.0025135404477332
-1.0026008285986125
-0.9948293912717927
-0.9833317067258721
-0.9665006051002231
-0.9848320579097172
-1.063008952276351
-0.9568934773409097
-0.9975163863730425
-0.9645015203889153
-1.0036242913777733
-0.9855334307690549
-1.0177997662865235
-0.975978384092975
-1.0147259159898343
-0.967111726598115
-0.9751006291811982
-1.0063398447411156
-1.0496259551475058
-1.016918280840344
-0.8986056040489947
-0.940957731788304
-0.9595571424322848
-1.0000530168446102
-0.9725618145657726
-0.9998933503821068
-0.9670899796894344
-0.9630561715857251
-0.9724476221201345
-0.9848268969383615
-1.049343088878764
-0.9814747545832192
-0.9832871461588009
-0.9842788626602569
-1.0461556231231735
-0.9783237068133622
-0.9852872379130879
-0.9672647931924687
-1.0095302276419456
-1.0155428141912448
-0.9671575394655489
-0.9672058247329437
-0.9175766459451954
-0.9290990712150887
-0.9167076827812909
-1.0004060730497275
-0.9962845384672504
-0.9975096583271542
-1.024195546965113
-0.9911677507268671
-1.0178611698982538
-1.0257333200023644
-0.9803632644233772
-1.0150155478911633
-0.9688864649600297
-0.9772465589750745
-0.977385785733743
-0.9616986599223086
-0.9642450503284914
-1.0188654697426511
-0.9714762712480942
-0.9894346116743691
-0.9582567888922643
-1.0084304342543478
-0.9937822113052406
-0.9447278333437594
-1.0269750099096056
-0.9504440384460989
-0.9496897272025958
-0.9452880902557695
-0.9992829088634982
-0.9783620659809462
-1.036038619678433
-0.9993825860722982
-0.9873358056405593
-0.9859638435324602
-1.0165404362362076
-1.0610335628023773
-0.9652545394926034
-0.9545225195106741
-1.0478513938480818
-1.021111762483004
-0.9934577943694896
-1.0515772852904612
-0.9583045113345792
-0.9638010147265095
-0.9974088218616273
-0.9707598107472851
-1.0166613992845008
-0.9933993125191275
-0.9766090378369509
-0.9782930992850877
-0.992544403725854
-0.9857586517695747
-0.9947154158826872
-0.9810358780344073
-0.9812009195488322
-1.0231791797836263
-1.0075219664308013
-0.9794291069721055
-1.0089402528851348
-1.0549465626915315
-1.0014227316795492
-0.9301357920978025
-0.9736750080886182
-0.8972994859250002
-0.9973727893571726
-0.9987882031345852
-1.0001281914962439
-0.9792996463259793
-0.9699444518042964
-1.0411550993707521
-0.9937001275485001
-0.9612901764024779
-0.9540003167700445
-1.0586681628235441
-0.9723769635721429
-1.0000530168446102
-0.9740896396232811
-1.0056136057297074
-0.9544411532357667
-0.9751455640632314
-0.9644398413670237
-0.9783090050659822
-0.9704126444290215
-0.9802910759166596
-0.9966588351786492
-0.9859095747395729
-0.9687766966442476
-0.9990057703901384
-0.9861080314695664
-0.8850285828071728
-1.0019887662516649
-0.9604015689027091
-0.9719131402390938
-0.9722700251648883
-0.9906680850931152
-0.8171571891558418
-0.9987950086603684
-0.9645006267974591
-0.9752039535007875
-0.9965747203462322
-0.9332720540448318
-0.9762203894460315
-0.992665171898693
-0.9571294609015547
-0.9817296742384518
-0.9709281394974224
-1.029247738237947
-0.9758916739493059
-1.0011267656280083
-1.0200461261361653
-0.9719310579396954
-1.0033365662510616
-0.9803156249950727
-0.9952405931555103
-0.9808032644648741
-1.003494073656331
-0.9926422549743994
-1.0015221814487136
-0.9696668707354794
-0.9977555285757838
-1.00083477817194
-0.9600458017565113
-0.9430536385510002
-1.0040061292444018
-0.9559114938123371
-0.9523414677145753
-0.9431042624060262
-1.0005729938624477
-0.9782019645370885
-0.9797085844923092
-0.9864820088154185
-0.9680127815968046
-0.9903459514613647
-0.9972100442701854
-0.9991918528018064
-0.9716662678246113
-0.9489430907403968
-0.9974206100886592
-0.9738993660687444
-0.9418350686644498
-0.9933447013873431
-1.0214461269620383
-0.9887209896762923
-0.9812672457582238
-0.9734633159771576
-1.0479309245960182
-1.0084538237309593
-0.9726428054417571
-1.0436306884518407
-0.9859972055832235
-1.0178723389611788
-1.0210377933740573
-0.9713680667648837
-0.9741443181428693
-1.0253558884043301
-0.9874461530416947
-0.9938952668675949
-0.9819318073835416
-0.9896471486122668
-1.0060378374413077
-0.9861012837147087
-0.9938977595268764
-0.9627500303111526
-0.9840845682392887
-0.9680815205211913
-0.9368342481207452
-1.010332505444077
-0.9171840530669426
-0.9855985654885399
-0.9572143220996343
-0.9890624582207074
-0.9846096193331468
-0.9710792387765813
-0.9811484951646438
-0.9784657053715977
-1.0004291743866889
-0.978108410116664
-1.0007749271548176
-0.9925766140284222
-0.9841647445311524
-0.9889881793640256
-1.009392222399462
-1.0832883543053973
-0.9479861797776531
-0.9922134561405298
-1.0025248541673295
-0.9589039663654423
-0.9551551759312275
-0.9571151267398252
-0.9776509845474826
-0.9802563943027545
-0.9668025457904887
-0.9265816552725137
-0.9779429757598717
-0.9838296231633051
-0.8300545245595681
-0.9414224313095367
-0.965645650238141
-0.9606181545415347
-0.94990698532218
-0.753281305763682
-0.9956375998796034
-1.0052720753685025
-0.9667930966953255
-0.9979109338766821
-0.973895351913475
-0.9935300272799734
-0.960205543060133
-0.9760881824932371
-1.0493830590043443
-1.0103420656934081
-0.9730417004119335
-0.9658638032361598
-0.9891013762615887
-0.9786417456147375
-0.9702238805807679
-0.9756935728015118
-1.0114111445353415
-0.9853902263238001
-1.0153465664112622
-1.0000530168446102
-1.003179574818146
-0.9744761229391665
-1.020041842227471
-0.9721886106970119
-1.0151858177298063
-0.951555384736928
-0.9861476935903472
-0.9792451122315423
-0.9131850742079982
-0.9606977554560605
-1.0269902006011602
-0.9701149268511683
-1.0763168915876808
-0.9847923281061297
-0.9812879766764281
-1.0000530168446102
-1.0000530168446102
-0.974328344621029
-1.0082377534535132
-0.9743743530339793
-0.9582928830053673
-0.9801156627055463
-0.9887032837007875
-0.9581185997026928
-0.9405190199767831
-0.9458655077099952
-0.9797338113926729
-0.9867992084102801
-0.9516197298364367
-0.9901112929254725
-0.932571332224551
-1.0000530168446102
-0.9852044195844145
-0.984562396604279
-1.0826939871885033
-0.9951741145555464
-1.005589853231608
-1.0302175253171462
-0.9929119749516799
-0.9741534274183772
-0.9857101603476293
-0.9437019339488754
-0.9218028771601177
-0.9919850819763795
-0.9490776022836707
-1.07141867683576
-0.9345190295105725
-0.9663560737122878
-0.9753465156325066
-0.9716942369654914
-0.9722099695919943
-0.992603193812162
-0.9511529832949052
-1.0084520530145966
-0.9625530441118322
-0.976312642071973
-0.7996864589374467
-0.9882554091479342
-1.0127976840254642
-1.0000530168446102
-0.9908758912574959
-0.9738186170704985
-1.0369753274020062
-1.0042090751287598
-0.9745155770256008
-0.9895579108453358
-0.9731790086451662
-0.9725415094704347
-0.9345148204595508
-0.9841319976559587
-0.993630770076641
-1.0105687231348581
-0.9914135163141046
-0.891979035871465
-0.9630581475574767
-0.9180602584461902
-0.9662308290230309
-0.9796785856537176
-0.9497261473926146
-0.9750166702299615
-0.973638618886991
-1.0078668004069589
-0.9989263445820028
-0.9251863849576076
-0.9935556956284934
-0.9491917109038327
-0.9692269021302844
-0.9785420894130089
-0.9797090961494271
-0.9691686405555763
-0.9192076733611719
-0.8852440815262868
-0.9860365464262727
-1.0172150258208454
-0.9842676745095252
-1.002573999231668
-0.9475026584008723
-0.9750587103571253
-0.9863248364763905
-0.9704594242125367
-0.9683254931171379
-0.9565318565551231
-0.9409896290055566
-1.0219986947900015
-0.9710899097411548
-0.9989230999307188
-0.9804472253347114
-0.9800475294139535
-0.9830166032244658
-1.067309074804143
-1.066427157792518
-0.9716218792170702
-1.0094149682271905
-0.953591727410412
-0.9673488492000653
-0.9814829384931664
-0.9734700530462508
-0.9833621952108852
-0.9838460237596064
-0.9193338585835106
-0.9768536727695648
-0.9741039715754896
-0.961330620141788
-0.974227045395863
-0.985728355032508
-0.9870773163793208
-0.9992746803550846
-0.9747094695989821
-0.9744615053991138
-1.0021954847789925
-1.0011573243439722
-0.9860887039877702
-0.9931647029679486
-0.9736899136179329
-1.0272276750004636
-0.9849437368673297
-0.9425522772341797
-0.9763908480101212
-0.9928414184274653
-0.934284433587218
-0.9561563660828188
-0.9814188834248274
-0.993873797641939
-0.9271706380841676
-0.9848506423857004
-0.9357334713090314
-0.9905173506396812
-0.9808650908964889
-0.9779965898726047
-0.9507914374701785
-0.9867923635566874
-0.9747797024467385
-1.0021416125832205
-0.9851426628424922
-0.9329171992496501
-1.028276662238202
-0.97590217704508
-0.9233448470671934
-0.9838925614332282
-0.9983736704806092
-0.9525578389866385
-0.9527958624535954
-0.9302701278853868
-0.9556222080177436
-0.9691668430685451
-0.9925995628396982
-1.043165605538745
-1.0426500519198723
-1.049211271526169
-1.04111116595423
-1.0470967502867008
-0.9541489429201727
-1.0000530168446102
-0.99674280969142
-0.8532025642008872
-0.9757272391495586
-1.007357375453295
-0.9908137389442909
-0.9960726603673997
-0.9447411168731457
-0.9026671651945263
-0.9594198490262963
-1.0000530168446102
-0.9750769999958824
-0.9449671459248852
-1.0235314139047749
-1.1143386359425427
-1.0009671951356018
-1.0327648682288766
-1.0035884159220456
-0.9749787255667307
-0.9117969622603544
-0.956099037965208
-0.9996391967819349
-1.0154119236949213
-0.9774694950338327
-1.0206150787756305
-0.9861291615763107
-1.0099912620129206
-0.9925644605761749
-1.0089913976249543
-0.9737662880501362
-1.000076142443131
-0.9652549848534521
-1.0833585781238937
-0.9793698707978987
-0.9703966534436375
-0.9953488022064421
-0.9916969496768463
-0.9706490402608772
-0.9446032559703057
-1.0013328874834375
-0.9501718255449072
-0.9859846033489454
-0.9881933955508009
-1.0047170726404606
-0.9739604476727993
-0.9378857337270999
-0.95143925391541
-0.9763194798362294
-0.9726539162746761
-0.9819049391637685
-0.9868408878035498
-1.0362988149487005
-0.975420998053292
-0.9437370993042756
-0.9802796457767812
-1.0283740541153903
-0.93066994622503
-0.9688014898619542
-0.9849914994923009
-0.967246306613634
-0.9914979720805314
-1.001136821509791
-1.0000839703522686
-0.9737718648169367
-0.981853226807826
-0.9872555880049588
-1.008332645328941
-0.9918237629747229
-0.9893097646641694
-0.9719154441028344
-1.0140127708067053
-0.9920977678601259
-0.9908292222904993
-0.9510222290017167
-1.0036317914607302
-0.9947983884396453
-0.9834535627958054
-0.9790150624648738
-0.9712443701810365
-0.9652397153523651
-0.9844214566516168
-0.9978220826148163
-1.0088244746996466
-0.9869232821860581
-0.9718347056409816
-0.9793695235694855
-0.967714316891157
-0.9606910147763793
-1.0043518937096616
-1.0085174515018063
-0.9357219468705698
-0.9642809670771332
-0.956850449796975
-0.9587297003641756
-0.979973196034221
-0.9934560738102057
-0.9673874747228589
-0.970871805639445
-0.9770155133181907
-1.0295403220855415
-1.0413746054265103
-0.9803212381361899
-1.009500891701745
-1.0069122766092045
-1.028248167364569
-1.002247228202074
-0.9851301883462701
-0.9705010233423399
-1.0485050337185735
-0.9325315592820821
-1.007106030886098
-0.9594083017735174
-1.0015968012924645
-0.9723598928204703
-0.9838512483117009
-0.9795678582646793
-1.0000530168446102
-1.0000530168446102
-1.0140583894985538
-0.9596284577115503
-1.0081326196260234
-0.9802050069015935
-0.9776850610178187
-1.0021734191230385
-1.0093515164773454
-1.0125947813964924
-1.0253410652793855
-1.0149947850821164
-0.9921880937148039
-0.9416674108974127
-1.0104788132826064
-0.9736429245397686
-0.9897097033934061
-1.0733784714840247
-1.001105436272333
-1.0006844347627657
-1.025176810025812
-0.9877419686282293
-1.0000530168446102
-0.9586056417384872
-1.0044218191537297
-1.0000530168446102
-0.9925554097659139
-0.7950745131381518
-1.0467640820643986
-0.9674423187456767
-0.9999323681772605
-0.9874721765662697
-0.9982694842891432
-1.0598536043298985
-1.0799181214367337
-0.9622648625775826
-1.0251591039252217
-0.9638526282650891
-0.9615977182029675
-1.0159687923815293
-0.9704468054015295
-1.0137143653349274
-0.9954787834935561
-0.9753885824514583
-0.9813510274808931
-0.9912726022301526
-0.9573552087157987
-1.006703380395767
-1.0199711119224666
-0.9784360558341614
-0.9405946561292308
-0.9931254065223976
-0.9728404617600352
-0.9309182742666702
-0.9803856835912882
-0.9688263330639433
-0.9660475783287742
-0.9523305157250909
-0.9964974985142454
-0.9998034692310985
-0.9785740162303679
-0.9673536205706275
-1.010930927340482
-1.0642134144096056
-0.9820496486680725
-1.0141728781254504
-0.9715583171767982
-0.974513301039013
-0.9706354190323123
-0.9936748484603714
-0.9997455814093867
-0.9973902556130149
-1.0206042183943045
-1.0000530168446102
-0.9879007480472726
-1.0207602153386772
-0.9831474957222307
-0.9589117118572907
-0.990908407572678
-0.9855107060516541
-0.9820594108828892
-0.9859082965280248
-0.9794760317054946
-0.972242275550676
-0.9282130666483126
-0.9780751715738023
-0.999702503725611
-0.9929651698191972
-0.9463517403244635
-0.9768934442449211
-0.8655216091315207
-0.9603175400508728
-0.9436671536227643
-1.0119736977863827
-0.9940559456927462
-0.9930879413826205
-0.9993894289861229
-1.0102629619437065
-1.0224793335192222
-0.9810801316580453
-0.9991258493965378
-0.9836217030914278
-1.0404246197985536
-1.005687318361632
-0.9634475266949202
-0.9863556231098086
-0.9877204720472763
-1.0864951428032852
-1.0181798101884154
-0.9999610025477141
-0.9658224055462268
-0.9926536389548278
-0.866222976160272
-0.9794835051431799
-0.9813143685233079
-1.0014777730592517
-0.9854178444937288
-1.0000530168446102
-0.9949982128385682
-0.9821228906036223
-0.9583225078537513
-0.980416003298928
-0.9812400072157477
-0.9867993378168003
-0.9423590103106468
-1.0132424952410604
-0.9663182915274222
-1.02898248251832
-0.9939366391410793
-0.997953693699136
-1.0044702943302413
-1.015692120313772
-1.0090846834945042
-0.9556932516914765
-0.9663243038389003
-0.9989634202818569
-0.9847551585487657
-1.010176202818237
-0.9870147672516615
-0.9832107298609936
-0.9958326377920792
-0.9907710178999819
-0.9647214938866211
-0.9754354813191631
-0.9937726840129422
-1.0807361909152293
-0.9784777225612226
-0.9702434785174493
-0.9551135264993315
-0.9582346820919054
-1.0192729101732327
-0.9796310970030804
-0.9839572125276973
-1.0002471935883606
-0.9718246803919306
-1.00984464602718
-0.9930017349250991
-1.0111170636441125
-0.9276493079514535
-0.9870593239467147
-1.027324671043882
-1.0212788167112383
-0.9537182258654311
-1.0142670101714555
-1.042963063610993
-1.0372414387513067
-1.001246128059862
-1.0915850828587061
-0.9986895805313032
-0.9806037157846541
-1.0143736664190401
-1.0115853218956772
-0.9563465545129952
-0.9519343660059814
-0.9698300885850232
-0.9843910748252389
-0.9841260551029359
-0.9708151718355635
-0.9792964183356593
-0.9830243608827818
-0.9750249862947582
-0.9441165940637193
-0.9629506048870127
-0.9643406517630384
-0.948075080479332
-0.9542575660167928
-0.9588030454302837
-0.9680431392105815
-1.0290818899750538
-0.9876030639088915
-0.9418251012268293
-0.9737327801211946
-0.9783306958909056
-0.9756315350969467
-0.9995200292650772
-0.951348524545969
-0.9491788257116301
-1.015677664991112
-0.9542044478792776
-0.9462789034331149
-0.9875089250166883
-1.0000530168446102
-0.9703003418140348
-1.01278366943256
-0.9917984463405503
-0.9658348174656344
-0.9658189688701984
-0.9557563949685395
-0.42588471506338277
-0.9803193235228518
-0.9862365948545501
-0.9903130879417944
-0.9893517075980333
-0.9833927283403453
-1.0531034840026539
-0.9876466217127108
-0.9980392192777103
-0.9998933503821182
-0.9667313088080262
-0.925004490335487
-0.8767036978468103
-0.9984148261284383
-1.0804695710576804
-0.9599059221861318
-0.9830965300307658
-1.032553684095933
-1.016844003483895
-1.030531148915927
-1.014053634691181
-0.9901325638621434
-0.9874812964101769
-1.0000530168446102
-1.0000530168446102
-0.9370920982037636
-1.00635068339655
-0.9799719246888736
-0.996988256756743
-1.0832355055366953
-0.9867664484989788
-0.9991556441187361
-0.9983559220811323
-1.0747968772192968
-1.0000530168446102
-0.9604008325828887
-0.9603202145642171
-1.0112786532660458
-0.9887013307274126
-1.0000530168446102
-0.9923157042682031
-0.9930385391329798
-0.9710900604383892
-0.9556185569693045
-0.96354021901879
-0.9805985756449845
-0.8192366787403005
-0.9563753610947822
-0.5692688724257905
-0.9768386062715322
-0.95127573127232
-0.9654155731809296
-0.8363541262626041
-0.9896771828861296
-0.9561537187164699
-0.9759250417754591
-0.9721706077617774
-1.0466912494071434
-1.0378386682917897
-0.9386099648976364
-0.9794159868298407
