-0.11142994337228995
-0.8618122496634376
-0.9475874426240065
-0.9310155577705789
-0.6878086788552895
-0.9843150278857576
-1.000615862617913
-0.9607157949531128
-1.0093618317565627
-1.045365794343999
-1.1874827285211325
-1.0160357957860098
-1.1623525217054578
-0.9782200720809326
-0.8206459628241377
-1.174260870800759
-0.9583023630781249
-0.9776817882220882
-0.8614564468878051
-0.9027384839757127
-0.97863796342855
-1.0220246690990653
-0.9735673955943173
-1.001294438001204
-0.7982692143350586
-0.764959909584588
-0.6736253741603728
-0.44191715423904765
-1.015695288961922
-0.982134072706926
-0.955572009884922
-0.9767642392472998
-0.9824180131127441
-0.9614146481003591
-0.9839767846560973
-1.0550188141725685
-1.334504067888848
-1.033845162052458
-0.8655610611861817
-0.9608908287091378
-0.9625768990264023
-0.9409385476162764
-0.9806159141922665
-1.0078904399678403
-0.9834596484764654
-1.0041827861207038
-0.9675075216213008
-0.9996609443117426
-0.5810410141090407
-0.8081558986386023
-0.9171235075937972
-1.0001350169239966
-1.0292606511098832
-1.0253998343115065
-0.8605210297731463
-1.0194265001499005
-1.117150903192814
-1.1148309953475
-1.034947835327205
-1.065444388598071
-1.1254274474672012
-1.0534732367941502
-1.1460167931534122
-1.1602601484553583
-1.132131163220004
-0.9721698157267582
-1.137441259903333
-0.9859159364330704
-0.9561042672729952
-1.0927002943604949
-0.9798636202310071
-1.1272800566556678
-1.1439182289164527
-0.7701218380010036
-0.9816435747132811
-0.9798460169913941
-1.0243827867524549
-0.9521307495040662
-1.0157566842890633
-0.8571225182955508
-0.7272950207855311
-0.8291001526447986
-0.8506399813181155
-0.9357572987418268
-0.9826536092842199
-0.9654934201078145
-1.0096248229289915
-0.9183328620713285
-0.9921714843946405
-1.010716858377302
-0.9787053044875995
-0.9631855150240387
-1.0417707749731895
-1.060349802362501
-1.0171537179557406
-1.0274111034983642
-0.8851532254223731
-1.0116938308447014
-0.7707318571508073
-1.1923897761316993
-1.0369974119602927
-1.0242185098315106
-0.9951144807508919
-0.9999376826833757
-0.9999376826833757
-1.0058034180283142
-0.9999376826833757
-0.8363402718283888
-1.0063904051210164
-0.9689742909924154
-1.0190544710563025
-0.8297084533421242
0.2660533478737117
-0.21940450391091404
0.03608737384352145
-0.9047208705149957
-0.017282576778397507
-0.8517970552478219
-0.9786790674033996
-1.0338046283936322
-0.9615860116827754
-0.977689695373314
-0.972320353370906
-1.0456524539991483
-0.9321968556844404
-0.942974565604452
-0.8277048339767459
-0.7690724152286954
1.0001466388604991
-0.07867765305989471
-0.5753099915785576
0.7870695657658002
-1.013043980460099
-0.9386228254929023
-1.1100832765152409
-0.898258902861925
0.5202742361802934
0.6240170148608957
0.46535114409835976
-0.48257485789652305
0.6896446449047406
-0.5182042625837836
-0.8295571246980681
-0.9792279576174032
-0.7670246149568088
-0.8240452577498725
-1.0771658387928957
-1.0641059104207626
0.35633110463774487
0.1868327196074202
-1.030222790609594
-0.9813265304112354
-0.9832326275066373
-0.976937785357161
-1.0208213365165906
-1.0719419391398621
-1.046019561801169
-0.9579509567524669
-0.6037354314770729
-0.9532464696706713
-0.9584486879634129
-0.9738408209579934
-0.9687983862319939
-1.0216264125176586
-0.772228473233561
-0.9200694855703744
-0.9146419326293393
-0.978065467033328
-1.0028138039361796
0.1342828387137991
-0.9859936158262018
-0.9049573602783313
-1.1494868578102335
-0.7279913760378618
-0.9789413105261077
-1.1264625288170047
-0.9709604822225232
-0.9995904930619117
-1.0817607255188868
-1.0323871868140602
-0.9825823700038152
-0.9532905566308925
-0.9693854174759662
-1.2599545963491354
-1.0299598057655395
-0.9948661256547395
-0.9753149242924531
-0.9721465286737292
-1.0371493264428167
-0.9953865157478134
-0.9923529829124585
-1.0205708438332284
-0.9854581827107868
-0.9802702045899212
-0.8088379760609864
-1.0773002243338785
-0.9983981231474046
-1.0211570141583153
-0.9999376826833757
-0.9797029629641817
-1.0365063036246416
-1.0096950410754089
-1.017416254307754
-1.0370702209253042
-1.042055360701787
-1.0130988931373337
-0.9840704351987519
-0.849827035391299
-0.9856736917004658
-0.9753673789940023
-0.9822366409904887
-0.9936433272444214
-1.0027428523329989
-0.9978780056450595
-0.9697123452311491
-1.0026144182283916
-1.0066549823248214
-1.011212682039672
-1.004839445134453
-1.2491227869757835
-1.0058051479385006
-0.9510293158832657
-0.9672625340227567
-0.9999376826833757
-0.5610392575166905
0.15770308674812017
-0.1672751858274325
-0.7517607140387548
-0.8997323784176551
-1.0213642037517803
-0.9755309686103505
-0.9952950390095134
-0.856220498318633
-0.9648464891256364
-1.0253614877760162
-1.1651489843090095
-0.8536223286844347
-0.9016053248199963
-1.0290314479196672
-0.9315843714662658
-0.7290270228131922
-1.0182155080680129
-0.9842197798889238
-0.9956943398510494
-1.2371663501362857
-1.0706025324182395
-0.8730689896280548
-1.1482090883512004
-1.0464372901328534
-0.9999376826833757
-0.9948047599313283
-1.3084793187137653
-0.9684462828972408
-1.0550003809078798
-0.7130440756349457
-1.0344648639380893
-0.9609606710672319
-0.9869669662555157
-0.9853591873155575
-1.1197816725875787
-1.0226667471416244
-0.9702857631885504
-0.9886471522442898
-0.9887363928319592
-1.1544655201787806
-1.0167412669459954
-1.001490233479944
-0.9966944775575394
-0.954419361146415
-0.9666154180583154
-1.0099120171892575
-1.0202510693834193
-0.9842733420200717
-1.0019754180880396
-1.0276645995585239
-0.9391336995123366
-0.9879981617519962
-0.9999376826833757
-1.0037116455622916
-0.9816700439634959
-1.1026081201658366
-0.999857646635902
-1.0005298023346143
-0.9898222756574655
-0.9933446818546154
-0.9684447629362909
-0.9707657786265486
-0.9945702262185682
-0.9360909636306896
-0.9619807127260824
-1.0312128589807457
-0.9821793550859867
-0.9287351871610119
-0.9999376826833757
-1.023485251085438
-0.9658547015111807
-1.004694355565003
-0.9541784508658416
-0.9452965278639193
-0.8676698161705612
-1.0021713526602563
-0.7217381427558286
-0.9821782458695187
-1.0868651897330572
-1.0888379392460685
-1.0816890926587788
-0.9909750234481048
-1.0468277168663134
-0.9885348265913808
-0.9814402223619247
-0.9998576466359039
-1.0034972722019526
-0.9438861032758875
-1.1146781983680496
-1.0058882449062443
-1.0261963534495164
-0.9639648264379839
-1.0058834086551418
-0.9658469348407007
-1.008247886341736
-1.1285498509647423
-1.1016175897298106
-0.917418241349568
-1.0261847677896476
-1.0554082984653814
-0.9527169496851304
-1.0478619139251677
-0.9931984865864418
-0.9996814297563115
-0.8840331436935791
-1.0118293810714325
-0.9039367961319369
-0.9937204977874552
-1.009375039243911
-1.0089531998185575
-0.905305319892192
-0.9895566740215981
-0.8975082775777931
-0.9662844257290202
-1.0266133228123715
-0.9937615850493258
-1.0006527314387064
-1.000628127682181
-1.0456383182776603
-0.9746507492640681
-0.9544822812806936
-1.0120900118942353
-1.0057125512856842
-1.0391079532769236
-1.0118999301740461
-0.9606181459779204
-0.98425813578833
-0.9643134504937632
-1.0335963550967422
-1.2263665023392174
-1.0269577894817834
-0.9482088271245778
-0.9198035515968754
-1.402398154752165
-0.9993211405756824
-0.9999376826833757
-1.008899276065956
-1.003406053915444
-1.000429559613371
-0.9378810663937618
-0.9974102568898633
-1.0148080474977934
-0.9587932506047144
-1.250609103288387
-1.0927153417806066
-1.0387041794749285
-1.0218488977448592
-1.0253936476394798
-1.0020805813278333
-0.9931813800918193
-0.9714090204745026
-0.940720267289054
-0.9999376826833757
-1.0349504872736113
-0.9943749754216142
-1.0287410356354125
-1.0405755361241735
-0.9651827704766319
-0.9999376826833757
-1.005585123450106
-1.0026910165916272
-1.0060789912080244
-1.0235834013750618
-0.9733157531738038
-1.000772665209322
-1.0063659332027735
-1.0973289463424798
-0.9694772845168472
-1.0285754120433317
-0.987117528559015
-1.0071049821613276
-1.2256832646256357
-1.0446041637422834
-0.9880153648560719
-1.0796225045415104
-0.9496483546619207
-1.0378131590505077
-0.9884328234314684
-0.982251363188922
-1.0016573282092636
-0.9498898789022107
-0.6402050369184371
-1.3368994665921634
-0.9985347504230735
-0.9639173661623818
-1.0121860427252065
-1.0099080045503048
-1.041137822439281
-1.0610425709903988
-1.0060590075290863
-1.0140645478808687
-1.0142200850638796
-1.0088584629666049
-1.0366147618839041
-1.0175644461494484
-0.9709673381253163
-1.1747222903625787
-0.986770453469282
-1.0116411313808236
-0.9485474914064989
-1.0470651443887968
-1.0109817478730714
-1.006020676029464
-0.8331374126625533
-1.0103073012334058
-0.952349180778647
-1.0093358678720776
-0.9184542495174004
-1.2121403532219424
-0.9955808786093285
-0.9945739158410499
-0.9227210141942485
-0.32462094070312564
-1.0384553213018202
-1.0859919004351761
-1.0532192604925095
-1.0252026596282215
-0.9866466148361741
-0.8812871032462418
-0.9828379710415373
-1.0943553851638743
-1.0160491684323436
-0.9758582440139139
-1.0225459361705391
-0.9943657554255751
-0.9450275135743829
-0.925261710069762
-1.0167386727525725
-1.0382576492155546
-0.9999376826833757
-1.0229573251470039
-0.9951446435553907
-1.0642381916428465
-0.994485733094702
-0.936942574451213
-0.994549384275146
-0.9332406739673006
-0.9870087590047768
-0.9369745710663422
-1.0055891859047608
-0.9487501769765183
-0.8670991720657901
-0.9706592718350213
-1.1423930381084895
-1.0001519898402433
-0.8488757146059112
-1.0249247218166742
-0.9612528866317434
-0.9852598044705378
-1.0308434726482765
-0.9949248699885078
-1.0225475427404773
-0.954169387292995
-0.9795787443667607
-0.973394875979447
-1.020047943827361
-0.6673644565757924
-0.9998576466359033
-0.9900335424111248
-0.9898189743187935
-0.539162446465474
-0.9913357880420799
-1.0113933800134673
-0.9493463454341456
-0.7996262838810057
-1.0071975096570271
-0.807861226706293
-1.0464926540005035
-1.0209510066412149
-0.8708414440042815
-1.1506743894899811
-0.9879354415691614
-1.0186967865954584
-0.9218499848711039
-1.1133138665091875
-0.9748231551926874
-0.9889374082680893
-0.9963961021069132
-1.211995016644596
-1.2156600294365933
-0.936091694945956
-0.9809889858127555
-1.015240257175239
-1.0241711121163164
-0.9529320358528102
-0.9974792970136871
-1.014923729728613
-0.9599659351971622
-1.0261298715757494
-0.9940313215548512
-0.859249501116611
-1.048913979076515
-1.1802943385615308
-1.01103123573253
-1.018513265408477
-1.01940594499656
-1.018384526972195
-1.0312990466917809
-1.0148367169359807
-0.9999376826833757
-1.0452432754758594
-0.9999376826833757
-0.9999376826833757
-1.2647458370815257
-0.9960261274044137
-0.9939121786972216
-0.9746060472488589
-0.9612058035256794
-0.9959625447521682
-0.9711507429696397
-1.0191662990283306
-0.9803992342951844
-0.9999376826833757
-1.0428696656993013
-0.8343047269182577
-1.101127177571387
-0.9724605017357241
-0.9771387230445111
-0.999857646635912
-0.974388806276679
-1.0398603098823804
-0.9999376826833757
-1.1841835402639447
-1.0443743010462059
-1.0555701745565977
-0.9740502105005685
-0.9826241207464977
-0.9999376826833757
-1.0120912914397107
-0.9394550808622983
-0.8639697760290349
-0.9937260721590461
-0.967585241665324
-0.9966448119865706
-0.9198103649647296
-0.9897531895738336
-1.0075702910341497
-0.9692609910862835
-0.9914392289210924
-1.001327871810511
-0.9566558696497192
-0.9999939609378834
-1.0057203260850942
-1.0128795955334002
-0.9992458742172434
-1.0207326164517185
-1.014374222791428
-0.8576873051311189
-0.9742338636695697
-0.9939879165240664
-0.9778900043317067
-0.9699015434226997
-0.9999376826833757
-1.0165568159801552
-1.0790800418828748
-0.9952070804305119
-0.9987700466975782
-0.9999376826833757
-0.7674655002331936
-1.0315175188112016
-0.9999376826833757
-0.9900483880253624
-1.1162896204769694
-1.0518679296935083
-1.019171092074278
-1.1309700918056476
-0.8154468306293574
-1.0206849361629697
-0.8995815047796184
-1.13342847741758
-0.9456741902437409
-1.0239915288326191
-0.9707076136110572
-0.988208218273781
-0.9864140271840114
-0.9878116933963064
-0.9991970056191575
-0.9891618523144216
-0.9549048406061258
-0.9669182835977115
-1.011960945257537
-1.0078630195845801
-0.9650215319911688
-1.045224453706217
-1.46438153648081
-1.0053479106238628
-1.1720415155486705
-0.837658151972651
-0.9675211629219862
-0.9580674287953506
-1.0222640840116843
-0.9816035607785016
-0.9406820824484048
-1.025271305160825
-0.9648467118249348
-0.9486798122430901
-0.9595664436378011
-1.007933595687318
-0.8455360467779701
-0.9617304330168966
-0.991369391240544
-1.0232787395255187
-0.9878372212623989
-1.0069112425268396
-0.9699953683619378
-0.9895231417761421
-0.9659522018722739
-1.0074627458836638
-0.9929770840134827
-0.9273557860281497
-0.806919297499322
-1.0224384494493775
-0.9657503169620276
-0.9767687587438701
-0.9834494274114332
-1.0951532930738537
-1.0007929328056258
-0.9855164366182191
-1.031718056925788
-0.9873018059914718
-0.9550141475279875
-0.9421305637388817
-0.9798179749200879
-1.0289936852508204
-1.0171137441887346
-0.9883389873458798
-0.9718118343225045
-0.8818730142801687
-0.9816480891026537
-0.9968090067401523
-1.0299222657438711
-1.002791993295517
-0.9859619029550134
-0.8631607615646919
-1.114015947267622
-0.9792365406492403
-0.9912405608350984
-1.0189121294718309
-1.004778193415956
-1.0037061916714907
-0.5053730292461345
-0.7177024670719898
-0.9817438437256892
-1.2236510170315347
-0.912645544428448
-0.9325495140788398
-0.9715897619187954
-1.0042157408970291
-1.0496030794642115
-1.168466523321851
-1.0120504456982369
-1.2392603782497402
-0.9712963659628833
-0.9041209005682572
-0.9849429642125315
-0.9842950113678957
-0.9703402451636194
-0.8545964951959414
-0.8016263019126059
-0.8948429593018004
-0.9636990690361769
-0.92764836837773
-1.0158035969975492
-0.6622679445865017
-0.9999376826833757
-0.9483237136972876
-0.9421196148847625
-1.1690450805656996
-0.9348515050695204
-0.9694761902980394
-0.982968988058807
-1.0322398281574512
-1.038598508728452
-0.9931291253613066
-1.1629907035424418
-0.997708489175369
-1.0326043341434685
-1.168899620397663
-0.9447227340690442
-1.178642162642348
-0.9735466929482676
-0.9696705514424662
-0.9878649289826482
-1.0348333248698485
-0.996435177819734
-1.0074176970183575
-0.7790499308132932
-0.8695285481546271
-1.0183538243453951
-0.9755738321251498
-1.0760964144959049
-0.9868464181897543
-0.9998576466359052
-1.0780783927117712
-1.162890458223013
-1.0980568842461613
-0.995860027360382
-0.9773824480578527
-0.9890004418108067
-0.9801926305407885
-1.0936769463624247
-0.7911729690464467
-1.010754770781169
-0.9530225934560743
-0.912767174749773
-0.8813779135598394
-1.0291293512332325
-0.9988198311065773
-1.013796660801557
-0.9747524593534262
-0.9910643858299671
-1.1490459907980832
-0.9755241627078385
-0.9998576466358884
-1.0064269051557118
-1.0935520610705245
-1.0757455440611685
-0.9826322536845093
-0.7352964944293631
-0.9722768846287957
-0.8610575248435992
-1.0589855085166537
-0.9531952789858447
-0.8528396538697182
-0.9502756703567535
-0.9859352233757122
-0.6332496024203962
-0.9716858761693312
-1.003371080550385
-1.0057486127758013
-0.9950036999343201
-1.1746076728450772
-1.3423988570384986
-1.2191374709662142
-1.031002466663573
-1.0113704517234194
-0.9496796455009645
-0.9867126152242007
-0.9999376826833757
-0.9999376826833757
-0.9998576466359098
-1.019617361444034
-1.0213963425633783
-0.9762547031326393
-1.1933859983334183
-0.9688811709785368
-0.9830557305067499
-1.054511257230145
-0.9794131131816048
-1.0208330149471005
-1.0137643274769172
-1.0073653863030072
-0.9484623358790324
-1.0909176910391227
-0.9084247395658471
-0.9999376826833757
-0.9818844677207835
-0.9910384970327727
-1.0133733079276075
-0.9834415284578489
-1.0187892081627006
-1.0050959216805586
-1.0140291771472132
-1.0348797783158568
-1.0175617414267795
-1.039714226551066
-0.9990916396067012
-1.2599961531407486
-1.0200899076985275
-1.0126029593436916
-0.9788606529529222
-1.0156646208016051
-1.0818891916587179
-0.9587832235563352
-0.924620635364051
-0.9813283616724441
-0.9581992126120529
-1.1372057448789585
-1.0954667935966482
-0.9998576466358996
-1.0890432160176722
-0.8474459514908635
-0.9999376826833757
-1.0181488581533653
-1.0164686509514411
-0.9821366798975191
-0.94309699404167
-1.0602270419561626
-0.8399735457891282
-0.9702439321637025
-1.0138451669451085
-0.991963747111064
-0.9583971524721085
-1.0397667190923652
-0.9975928997189587
-0.9999376826833757
0.3785737704809393
-1.0135832112846912
-1.006055491652872
-1.034904896176172
-0.7633335464877262
-1.0431125817376818
-0.9807627606430062
-1.0049499741332795
-1.001817496166592
-1.0307277960127041
-1.3261417346109763
-0.8989499213464911
-0.8417328106987054
-0.9999376826833757
-0.7863109022311386
-0.9969635886894008
-1.0279248827039928
-0.9988767039805513
-0.9994703731271852
-0.9728951800782504
-0.8201322151940639
-0.9741690133156453
-0.39422587603911285
-0.3861533629641064
-1.0281786871181853
-1.07066012778111
-0.9665276284408718
-0.9933369577396894
-1.0201657541604114
-0.9756824652721412
-0.9705759244872416
-1.0019097880095176
-1.006152204259522
-0.9937505658111009
-1.1349365813908756
-1.0203250448492767
-0.9537407249906058
-0.9835496512699
-1.0096961004094307
-0.9892123993649238
-0.9977721427908529
-1.038310814258813
-1.1082728807472486
-0.9677568406136017
-1.0038123800783612
-1.0317911773348252
-0.9082334862178494
-0.9472843107632183
-1.0344601413800412
-1.0103286631901003
-0.9751961300359492
-0.9655404432711197
-1.104783042778437
-0.6556542567148875
-1.1148614447173792
-1.0323985816040768
-0.9478460016938008
-0.9648369265946162
-0.9399092592120287
-0.9911038193173037
-0.9868082357681468
-0.9423409074373112
-1.012925802163137
-0.9776645549150095
-1.0545040228110865
-1.0382711211267
-1.026144314767154
-0.7832321406589645
-1.0312159989031224
-0.883078539996587
-1.2459055430120376
-0.9406956852041958
-1.0093314488025473
-0.9931715204433407
-0.9682074968213454
-0.9146799078524166
-1.1425239578298803
-1.254436908750737
-0.9979823107014693
-1.0022188009697448
-0.9774341800401468
-0.9999376826833757
-1.0053782800526283
-0.9998576466359075
-0.9474634023037481
-0.9840727478275456
-1.056971604706747
-0.7894308082603178
-1.1583149192248468
-0.955095218367409
-1.0336602440390041
-1.037437769336255
-0.8766930062008651
-0.922558075326874
-1.1253042042761519
-0.9575921486640903
-1.009591451074195
-0.9699265535135364
-0.9727308588536432
-1.0089263239756674
-1.0128604415240314
-0.9945575251701747
-0.9295598680668128
-0.9514828701632414
-1.0423056121451721
-0.7840023461476787
-1.0373422424596404
-0.8466827762625136
-0.6224612008826748
-0.8264976654414325
-1.0353156496908045
-0.9997412097971563
-0.9888492640313162
-0.9749661454398453
-0.8348474555225887
-1.0068250147566922
-0.9821253506496551
-0.9528436079666172
-0.9419055556220481
-1.0266811163637684
-0.9894182621957937
-0.880374780996868
-1.028385095241926
-1.0019966718082858
-1.1015374799348414
-1.000830039289142
-0.9772557883925872
-1.0042681639173143
-0.8846449821913194
-0.9816631504387654
-0.7642410938577364
-0.9211523526111515
-0.880365242395333
-0.9272681352793349
-0.8943109487306915
-0.3592625645919927
-1.0098461275846187
-0.9642813408645415
-0.8769823440866544
-0.870670688077756
-0.8059873000185354
-1.3924135837227896
-1.0012653144296202
-0.9936706774288353
-1.035397508569181
-0.970838245238726
-0.46038636876200423
-0.9529803388335377
-0.9710058090851995
-0.9522609150731345
-0.9219264891631782
-0.9987586691192684
-0.8413042673585611
-1.0312654881151182
-0.972173727835773
-0.7380041673518654
-0.9459428274223286
-0.9655514807126286
-0.8547017773027222
-1.2522769160316831
-0.9768244884629016
-1.0450357794871958
-0.9758450357344205
-1.0854384978788558
-0.9589640667883428
-0.9767215298723674
-0.9749108331395324
-1.055972603118063
-0.914598022088815
-1.011823279816775
-0.9654287906883668
-0.9176365148414993
-0.9718406590257105
-1.0694209932024308
-0.9823469351903783
-0.9999376826833757
-1.1193105720817715
-0.919314339932251
-0.965304816758314
-1.0615633531296376
-1.0011468205209966
-1.0022740417479816
-0.9139338799272181
-0.9786915533224675
-1.0122253016827072
-0.9754352837556576
-0.9877899419660208
-0.9725870644939206
-1.0501540653989099
-1.0733552183255883
-1.0142106590129432
-0.991539245983114
-0.9689827778079065
-0.9783345501584667
-0.9188154481902067
-1.1860254010192104
-0.9587549027902487
-0.9953118318487878
-1.0142615619954365
-1.025811593874432
-0.9725667189132519
-0.9706713480236034
-1.0224539767560998
-0.9727395314277895
-0.9684459208228516
-1.0343756992123356
-0.9933461948561257
-0.9715487543970333
-1.048652722218293
-1.0073499719570715
-0.9547482139201626
-1.0562079207243724
-0.9697439887553252
-0.9875234079910812
-0.7148164041785031
-1.0269155845496178
-0.9591334370072597
-1.0254888153098933
-0.9848625910392365
-0.9756563445480089
-0.9895630931963713
-0.9753952391756043
-1.0047802395064898
-0.9595474793693832
-1.0270399326224273
-1.0562001647881571
-0.9762900919692789
-1.193439136551993
-0.9780850514491259
-0.9918959874263316
-1.0114889251935972
-1.025919162377546
-1.0063793699449015
-1.017058253054267
-0.972824260185586
-1.005740109652229
-0.9570524545884234
-0.9814245281000862
-0.9731597146485642
-0.9819080173098855
-0.9953948384013824
-1.0393044193614744
-0.9266361175013452
-0.96476651194887
-0.9171370067117658
-1.159249780385512
-0.9659080340357801
-0.9775797616282174
-1.000547826518998
-1.0056727250445165
-0.9925239875809697
-0.9605816393714233
-0.913510690475126
-1.0475332873890646
-1.047003829887394
-0.9848040471190795
-0.9940113195736539
-1.0095527874671237
-0.9727320129544579
-0.8627774494112699
-0.9802702045899212
-0.960992156512854
-1.0004722152532826
-0.9346627236600797
-0.9735062587196278
-0.9617346942215133
-0.9832353628121279
-1.0046470312534659
-0.8777989406620054
-1.0122657941883717
-1.0077726540820338
-1.002278811638115
-1.0144869368527338
-1.0277519874486774
-1.0180763201486922
-1.0195311840856787
-1.0236360185809803
-1.0129608853957215
-0.8450441200995592
-0.9853082221100837
-0.9892453095805951
-1.079183257699452
-0.6350461878640086
-0.9820723745147365
-0.9942470465628008
-0.9678976495864858
-0.9732603316646056
-0.9721037737609712
-0.9741250245549039
-0.9693825773622943
-0.9664155615273481
-0.9968295812073751
-0.9780065598158524
-0.9809017372137185
-1.009057467193046
-1.1002075811603316
-1.028864507564503
-0.9777891945230145
-0.9733407446695591
-0.9891465209599805
-1.04094943406057
-0.9840652818444016
-0.9925296943992635
-1.0371398786335455
-0.9827845595774033
-0.955971008542239
-0.9877717705289735
-1.0076278697583312
-0.9792880877875408
-1.0217346818105184
-1.1586634110546234
-0.9934691568106497
-0.967814366136942
-0.8172217566621436
-1.0202045097194978
-0.9636857789116774
-0.9713821638099145
-1.0550665167208781
-0.9839910344654839
-0.8977152840236878
-0.9999376826833757
-0.8770961784214507
-0.9805628777091576
-0.7581640603588714
-0.9892912319299686
-0.5259795640575617
-0.9651861288964066
-0.9737914549050444
-0.9358885699238202
-0.9830956330795129
-1.0512768226131473
-1.10864633931536
-0.9995335483047465
-1.1955307418234848
-1.0793255417147398
-1.0650056548254927
-0.9999376826833757
-0.9999376826833757
-0.9949696990316843
-0.8946012302501947
-0.9914464879046939
-0.9953713340302507
-1.068076145796854
-0.9800833283216512
-0.9699854789137271
-1.0165607978325923
-1.0129275956909998
-1.0208106435652253
-0.9991659074574223
-1.0047236405566278
-1.017782997742515
-0.9913507587512955
-0.9999376826833757
-0.9966087180311068
-1.0339075008282341
-0.8796634580397469
-1.0104215137346866
-1.1039779853470453
-1.3031090902575233
-0.9982027275864579
-1.0002521457289844
-1.033099060704912
-0.9922008981845103
-0.9764511274791764
-0.9802781345439955
-0.9542118576020189
-1.1014259808196052
-0.9852117375890541
-0.9995002479240334
-1.002201682297305
-0.933101730918934
-0.9549326530366886
-0.8887681152511167
-0.9790287448391594
-0.9149106557959881
-1.014961885088111
-1.0357994236238492
-1.0549459954734555
-0.9036224083774679
-1.0076160529534623
-0.9999376826833757
-0.9348809586091121
-0.998636283586975
-1.021905172315907
-0.9902097114332988
-0.922525690134868
-0.9666961737173388
-1.0232108256010226
-1.0001995525416825
-0.9914979694400889
-0.8846733286572455
-0.9800604229983348
-0.9620075284877354
-1.0758045808739634
-0.7246375685810671
-0.9618669982842635
-0.9938733901968259
-1.088386533431747
-0.885417727370634
-1.0217800668643904
-1.1101176331274376
-0.6598855611650615
-1.1345915927781607
-1.0403257018632124
-0.9854710310661512
-1.0306494494525538
-0.983831440314367
-0.9749748530953399
-1.019417219341411
-1.0315383522412498
-1.0191311758510613
-0.984165336407023
-1.1076132820134745
-0.9749469709993505
-0.9355568128775605
-0.9511743789388828
-1.0196528016732183
-1.0083927673968116
-0.9767539625847605
-0.9214802872042406
-0.9497276088648374
-1.0184531269585084
-1.002720846346987
-1.0113813391720414
-0.9223275305526433
-0.9580371861955791
-0.9102594802597967
-0.9473031146159845
-1.0517069013237867
-0.9960280061951513
-1.110908039753715
-1.0830202894608445
-0.997642786696872
-0.9389917081125456
-0.9294150894612637
-0.9721234611416159
-1.0181891933800582
-0.9882591994024849
-1.0041191943556758
-1.028939652766754
-1.012313000263163
-1.0082302499847096
-0.9858390956832691
-1.020573481264262
-0.9786911245840706
-1.0305749442542829
-0.995381972669245
-0.9871744181869558
-0.9015535116766253
-0.9765953939665135
-0.019366790977616954
-1.0366961678533582
-0.9814564592848147
-0.9835583929241031
-0.9890874466249528
-1.1580711956598049
-0.9655793655872433
-0.9935165051892499
-0.9739857765079803
-1.0437968267919269
-1.0244004686226922
-0.9499269872541674
-0.9940270035513736
-1.0066449814643446
-0.9844565422183801
-0.9721164076554879
-0.9804236646257602
-0.9638815924420356
-0.9555746255851999
-0.982047162018549
-1.0057953709923497
-1.0045212544300006
-0.9646079878319491
-0.9464160062650717
-0.9967556587545492
-0.9951600354626892
-1.1647110860083696
-0.9957912245890047
-1.0201503224005293
-1.0139068167991567
-0.9635156171925205
-0.9903351213593462
-1.0026820571123107
-0.9854155849871392
-1.0069601509610766
-0.9376417317898796
-0.9904252155628531
-0.9289164001630109
-0.9260158687570936
-0.8301143446098089
-1.166383702898439
-0.9272713665206107
-1.0479690997858175
-0.9999376826833757
-1.084630163549224
-0.8740045403656879
-1.0170344331400996
-1.2151350184487324
-1.0687935665105954
-0.9037067645067816
-1.0123336287584466
-1.0669343628605739
-0.9926310217823118
-0.9999376826833757
-1.0192159342587057
-1.0144304471302725
-1.1022712440694262
-0.7846010220199453
-1.2837753335188795
-0.39125827181274364
-0.9613131274160479
-1.0290794854273577
-0.9119844911228282
-0.9486773134360028
-1.033429266442709
-1.0315415148961713
-0.9914708859617618
-0.9981471703562249
-1.0425622843548055
-0.7079824599751134
-0.9423891527909047
-1.0159621334497715
-1.0296124228216195
-0.9705576803442587
-1.0028120435052086
-1.1115563740614283
-0.7837506030845882
-1.013342685603078
-0.9928463044609908
-0.9765342524189414
-0.9792620641337675
-1.0396819855091066
-0.998598022936655
-1.022902441813942
-0.9264414824214505
-0.979762064814414
-1.0159604920677925
-1.0016818929365998
-1.0384804675004133
-0.9320837770247603
-1.0230833658088196
-0.9739393267674695
-0.932538441195914
-0.9787216199160508
-1.257909400479007
-0.9690390158812039
-0.9768481718459313
-1.0071963037747587
-0.7544097356046647
-0.9533464605273216
-0.994860949781941
-1.026317353241782
-0.9675923962581345
-1.0363579529970355
-1.0210448620768677
-1.0425608667772892
-0.989357170001212
-0.9642927523123067
-1.0316979557496764
-1.0423759341693581
-1.0260277537351916
-0.9595602114895615
-0.9093009320084625
-0.9632920217221842
-0.9427387161022068
-0.9834348831393442
-0.9985569396982455
-0.94581480594948
-0.9801597189842338
-0.976330127279052
-0.9875066408620258
-0.9364004554442594
-0.9849799113174803
-0.9779270598432384
-1.0016808311760959
-0.866850945160917
-0.837538029161917
-0.9473754156682481
-0.963097419667351
-0.9830483514652237
-1.0041824778074022
-0.9770242093999789
-0.9626465983037177
-1.0116516491537846
-1.0160135336482248
-1.0049521653739373
-1.0855176888010905
-0.9995299697921789
-0.931604660962324
-0.9726859248100873
-0.9758232883183494
-0.9975305220840088
-1.034553564690178
-1.1093811418175183
-0.9111637658635074
-0.9827937827587181
-0.9955171979313187
-0.9848371165515223
-1.0349287982317994
-1.0265837749195441
-1.017523912925932
-1.0001586070956128
-1.0283625747795868
-1.0083504862637909
-0.9859694528108287
-0.9886515232184191
-0.952767049746981
-0.9963214408241476
-0.9380117404978133
-0.9999376826833757
-0.9999376826833757
-1.2441233806578003
-0.9533889315943775
-1.0278926603717062
-0.8583779739341747
-0.9282564666363069
-0.9942878594123752
-0.8347172762517554
-1.0204377260879482
-1.2441475067912222
-1.084620649025168
-0.9525769001713317
-1.0165784321825009
-0.8869260275742572
-0.978977504425161
-0.8796451485161737
-0.9476222175515424
-0.9822774860222877
-0.9551466166512947
-1.0769021981134625
-0.9088262280244064
-0.9999376826833757
-0.9737478469318547
-1.0067954430505348
-0.9999376826833757
-1.0279341753523017
-1.044504987921797
-1.0310228622881938
-1.0431022536178112
-1.0086598835504343
-0.9783071382597978
-1.0650879684504646
-1.0688441570343856
-1.0190349468127122
-1.0651055539568475
-0.694297344955747
-0.935785717017016
-0.9655537599124269
-0.783139553268323
-0.9108770812715082
-0.4922604819932976
-0.8391096827509691
-0.9789787413076692
-0.917910606983689
-1.0651306813759556
-0.9648118355794908
-1.0495884674925435
-0.7241018284133912
-0.959169420503966
-0.9726751433089985
-0.9566947250053016
-0.845982587585835
-0.9568101852606088
-1.0071378829692084
-0.9668733468245704
-1.0140270857886284
-0.9769489993874577
-0.9884123769638891
-1.0143663725501701
-0.9920462508792196
-0.9624525171722284
-1.023271312269375
-1.0639904869231902
-1.0270921675535787
-1.005134141339942
-1.0397080231712952
-0.9622125440218084
-1.0150868584242092
-0.9446761985776819
-1.0257336295188915
-0.8807308814590683
-0.9744171907262079
-0.9999376826833757
-0.9442316717260402
-1.071756766488236
-1.0267186081730508
-0.9718607557529804
-0.9890942044257295
-0.999574119129899
-0.9272282847187802
-1.0125503754058884
-0.8145813653058263
-1.0801582163000232
-1.0172154486349225
-0.9623390955581361
-0.8780786652092286
-0.9912178604049171
-0.981754881333708
-1.0002044831083738
-0.9837224449444244
-1.000474464017909
-0.9876512907335613
-0.9553004978363208
-0.694332972704352
-1.1919983141861334
-0.9401082431356413
-0.974630543243404
-0.9737359872678278
-0.9804226206018286
-0.9765641541794163
-0.9732204537797637
-1.003938892077389
-0.9911680110481471
-1.0032384296665653
-0.995081165373343
-0.9519047478967575
-0.7458182567588469
-1.0503022245721652
-0.9744508098694824
-0.9735116570964557
-0.9718363882002149
-1.0252664612634055
-1.0314391330468926
-0.8733998841856729
-1.0142329386792384
-0.9915213013213554
-0.9999376826833757
-0.9504102493131458
-0.9970272671142033
-0.9828409313648377
-1.0074382436209843
-0.8893204940647873
-0.9115704856660178
-0.9110435826855895
-0.8378393274232523
-1.0386345888478203
-0.7022986899397089
-1.0027454658173731
-1.0171986336121055
-0.9150584374125609
-1.367433443663271
-1.0172936802157053
-0.9446226467082457
-1.013145086291184
-1.0120053662568842
-1.0097779924125156
-1.0047865014578938
-0.927707419624307
-1.013754309899556
-1.0079604405083613
-0.9426581826413364
-0.9719425623267085
-0.965401722364384
-0.951125965415843
-0.7453503206728107
-1.0126783516568487
-0.994176442095053
-0.9397853654928782
-1.0237637386377814
-0.9732917951399542
-0.936730204862077
-0.9625968544516686
-0.8814613338919839
-0.8964670096437238
-0.9419367691433748
-0.9226994341649615
-0.8050528424986148
-0.9384994431365593
-0.9275429769540788
-0.8879295234455382
-0.9258179713332254
-0.9879879496654833
-0.8513905812976009
-1.1210189349975066
-0.9528262503880897
-0.5333697461054793
-0.8925451039093102
-1.0242697996495929
-0.9866833105295596
-0.8472113816315391
-0.7245535138142426
-1.0151404625276472
-0.9684544561828692
-0.9555015450390448
-0.9749097119572514
-0.97941579743105
-0.9678066447718732
-0.9775984389603192
-0.9700790924637659
-0.9535314299714912
-0.9917951610138434
-1.004285587015889
-1.005846834690994
-1.0190783474407377
-0.9687752717190967
-0.9883556649499351
-0.9659727962491466
-0.9049114122374144
-1.0384686360372053
-1.0144593126033907
-1.0062688547324519
-0.8378289229629166
-0.9149166904164734
-0.9991177844072451
-1.0029497570305663
-1.0179704542634942
-0.9740470764001051
-0.9668017357854877
-0.9910197541538996
-0.9850808832716456
-0.9999376826833757
-0.983171535538075
-1.0527447073310063
-1.0172467729854955
-1.0083400395315658
-0.9692843254662236
-0.9120184559901755
-1.0391027397879855
-1.0153846716370503
-1.045518797514121
-1.024675555390516
-1.0107554312698979
-0.9646057676618338
-0.7791340201309389
-1.0222829141629834
-0.9999113599655393
-0.9998576466359029
-1.002711481653729
-0.9264764769730245
-1.018636094549326
-1.0059993460116816
-0.1788553174815739
-1.0012209756903045
-0.9857348181441313
-1.077844928911282
-0.762416478792176
-0.44866688205413885
-0.6018362192271175
-0.9760281960446514
-1.0137217900411306
-0.9999376826833757
-0.9999376826833757
-0.9991806732937838
-0.9962540269125157
-0.9703486082564972
-0.9748045670605388
-1.0622200231085253
-0.9965796992210146
-1.0096892976399008
-0.943205308791835
-1.103216236791032
-0.9999376826833757
-1.022318239967977
-1.0220836525815744
-1.0231417517479704
-0.8243264676279052
-0.9999376826833757
-0.9903705815964361
-1.0003340754553462
-0.9969748924854072
-1.1441007155631466
-1.004748492371222
-1.0074826109201742
-1.04074271216347
-1.0539311836621648
-1.0770203123346742
-0.990508675793865
-0.9979786150249889
-1.0018893570337137
-1.0338412164564246
-1.0310640018133825
-0.9842165026966736
-0.9884905354763536
-1.0080984670765467
0.25344659033041883
-0.6929546352284823
-1.0268978549044865
-0.9539844873901865
