-1.0192597897965694
-0.9367216899346361
-0.9983087721409557
-0.998867117772104
-1.0250907336281936
-0.9714212182179137
-0.899024155086174
-0.8817670140762135
-0.913866712697474
-0.9391149475501733
-0.9366103158412116
-1.0066470517851225
-0.9896018153464305
-0.8993220655812598
-1.0120947237736415
-1.0124337846941756
-0.9694585129170623
-0.9696357085270898
-0.9066035275572121
-0.9702939468347309
-0.9526505077009317
-0.8706410791332825
-0.9574953028552515
-0.9423580432958149
-0.9644365578176367
-0.9794699340767234
-0.9503848597135518
-1.086750542766472
-0.8134445706286507
-0.9412772082118057
-0.9444548899157927
-0.9043993590958773
-0.9604413491723659
-0.8842468846240245
-1.0042848417935941
-1.0066226446550819
-1.0097083203412245
-1.089639399878407
-0.9796250330357238
-0.9354726276394281
-0.9576096846420052
-0.942166782148847
-0.8435983521404888
-0.8716744488962493
-0.8921474208611071
-0.9587921961935448
-0.9541928634374468
-0.9261664107247364
-1.0531683194528347
-1.0026410402545542
-0.9802457180619325
-0.941264883322564
-0.8425384819990965
-1.0052954154387244
-0.9646076930752345
-0.921974902459392
-0.9756730999249104
-1.0238282020521052
-1.019427353690413
-1.009834918160717
-0.9998293655284923
-0.968605889690868
-0.8551112033081398
-1.0023490362109264
-0.9950251646052095
-0.9270060452732918
-1.0403538093273506
-0.9406390025427117
-0.940093832945052
-0.959800486314654
-0.9387650262058758
-0.9624239287812979
-0.8686318869208571
-1.0063453670853888
-0.970270965437667
-0.9673912660849492
-0.9547438697387722
-0.980484114920074
-0.9441023985769854
-1.024014403569152
-1.0208031191599263
-1.0246161715552877
-1.0045994594285292
-0.9399222345797487
-0.9245184844145138
-0.9435856580306365
-0.9484975888940561
-0.9541269463604924
-0.9391022853814629
-0.8145356075560035
-0.9877639414398507
-0.9396792499376396
-1.0218249277162277
-1.034549091944151
-0.9273019510853707
-1.0226558230419378
-1.0174743178195096
-1.020498692229939
-1.0083172255194732
-1.0176879946105282
-0.994335004076693
-0.9145778183935745
-0.9330328693314192
-1.000027467145918
-1.000027467145918
-0.9043929287192172
-1.000027467145918
-0.9781943284958798
-1.0123654981651038
-0.8977322762994858
-0.8802418973086678
-0.9401738634488238
-1.0184902624243284
-1.046772692693716
-1.040894634988546
-0.97231423563082
-1.0372576772533038
-0.9870532165882501
-1.0515611203080055
-1.0333205888248624
-1.0510498490878784
-0.9228051078562906
-0.8915042961153513
-1.015996553784194
-0.9446339912764756
-0.992079891384238
-0.9820499113284955
-0.9571534745779019
-1.0004817499563208
-1.0220969322490343
-0.9820693234541256
-1.029006419455046
-0.9334784400100612
-0.9776411794375677
-1.0176410440470596
-1.0468206248873282
-1.028556692370652
-1.032344858727498
-0.9999460376979362
-0.9207958733084509
-1.0375521129959813
-0.9743154636143943
-0.9757715294671561
-0.9198509468938325
-1.009320788362624
-1.0099711837347312
-1.0127570161679962
-1.0141126767048412
-1.0290041970626584
-1.0163848498858148
-0.7946800682049955
-0.9212975020170917
-0.8957124828920979
-0.9296014845454502
-0.9725256953459318
-0.9991465811443263
-1.0113157231092476
-0.9708066497335103
-1.0263587223051212
-0.9496112519503426
-0.9476023286347723
-0.9393805589480956
-0.954194030518477
-1.0141822155783367
-0.9927450910639084
-0.9878734799498136
-0.9728222272269487
-1.0088870590453751
-0.8602802695184418
-1.0176295760629595
-0.9719558324429619
-1.000459750018192
-1.0179364298142173
-1.0096912802844358
-0.9195012268334004
-1.0202048943942865
-0.9902744476612898
-1.03423861953353
-0.94102686218582
-0.90882995600918
-0.9213911278455572
-0.9870079624785016
-0.9608452322687976
-0.9335777503598929
-0.887659743027146
-1.010042232800372
-0.906455703911921
-0.9753332188679756
-0.8511044363805296
-0.9429721210842391
-0.9460243483856148
-0.9297226342841334
-0.9691407412414786
-0.9631026655719198
-1.018089583101576
-1.0007365396298764
-0.952746563506857
-1.0118181647462907
-1.000027467145918
-0.9006115906063411
-0.9345076477571438
-0.9737322292991196
-0.939277695484751
-0.7649441418455897
-0.9356666745212533
-0.8801777275279035
-0.8632712441391958
-1.0050065690958376
-0.9708734509856805
-0.9641919088437163
-0.9070277734932332
-0.9798562387908402
-1.0093195834199347
-0.9732360524431134
-0.9942682184846195
-0.8511017702153386
-0.9386286276336845
-0.9575897569273335
-0.9561280741481794
-1.000257767718589
-0.9914239010889315
-0.833357357006864
-0.9888333418158907
-1.000027467145918
-1.0078497464551268
-1.0226496266308982
-0.9935614743062531
-0.9842431329424529
-1.021330122200352
-0.9434597133715961
-0.9302714162756194
-0.9258445904095621
-1.0043090931076963
-1.0169036932859268
0.004983852361849395
-0.9223479947112738
-0.987232853178323
-1.012658029392547
-1.0062492563625625
-0.9884849021142366
-0.9953955019887025
-1.008037589723141
-1.066156534350122
-1.0073540686480844
-1.0111417196311627
-1.037873638900789
-0.9564272249941974
-0.9746465351576852
-0.9999362617764733
-1.000027467145918
-0.9830108286204555
-1.0314945541475737
-0.972773093788853
-0.9844822014949363
-1.017438678002294
-0.9525905790063668
-0.9501570301244615
-0.9323274350571104
-0.8639042709424066
-1.0062691673939927
-0.9342397139277654
-0.9291557989908352
-0.8364512622065196
-0.9005635932066384
-1.0143095013907653
-0.9464848890510031
-1.0068630663322553
-0.9859671679703008
-0.9656486313398235
-0.9460682338709296
-1.0123493144558404
-0.9468078514274699
-0.9450181480721715
-0.9493916404722493
-0.8261728733617963
-0.9340868666134551
-0.939232969713243
-1.000027467145918
-0.9963742403267333
-0.9925769201441008
-0.9783210642710721
-1.0379865185418535
-0.8219093126287739
-0.9494501816910569
-0.8890672623839629
-0.9346047581825228
-0.8516477659782902
-0.9033834616225379
-0.8757001730841083
-0.9600020341749246
-0.8155738724543682
-0.8905014871098005
-0.9993079221682349
-1.000027467145918
-0.9405633954729912
-0.9319236123941264
-0.9791582103219888
-0.9374073013140367
-0.9085988547399099
-0.9965021308521733
-0.9620421394397874
-1.0196550083459306
-0.9332051411112916
-1.018508430610593
-1.021026311611359
-0.961367092373516
-1.0017223877376704
-0.9488339027312505
-0.9484644065970206
-0.9689049184849826
-1.0379865185418538
-0.940730663261558
-1.0211601860891548
-0.9867766819386999
-0.9169505782388463
-0.6692069109253761
-0.9123989885678775
-0.8491722592425942
-0.9727909065694963
-0.9373468034716901
-0.9394837635526921
-1.0244369325918499
-0.9992911425763418
-0.7922122583458333
-1.020758762438472
-0.9499792888659775
-0.5838572859807611
-0.9613501654268579
-0.9864828343946138
-0.9763957468824359
-0.9321382464684009
-0.9575495459563041
-0.9765166908419827
-0.8696635745523524
-0.9459162015496229
-0.9566053949373712
-0.9404793636639553
-0.9689926044776944
-0.8854316745324076
-0.917283143878958
-0.9280813725282705
-1.0344549351835832
-1.0343625828998868
-0.6820615287154207
-0.9274012554517626
-0.9158913029805296
-0.9648060521764941
-0.9233207215438848
-0.6361637449826378
-0.8145630470426656
-1.0011851325526442
-1.019930695481648
-1.0231522432477176
-0.9005670983688672
-0.8613040415880625
-0.848694503453561
-0.9682701469074124
-0.9868813930729008
-1.0563087892619363
-1.0001555813764311
-1.000027467145918
-0.9016689875174946
-0.9745801521446966
-0.9245831834641502
-0.8318745013221877
-0.9617255466562632
-0.9897189269858945
-0.9745292935559905
-0.9906584973321442
-0.4483905912035586
-0.8468560394249582
-0.9086354075673755
-0.9612690431527566
-0.9027259573855533
-0.8353012941078893
-0.9423608427829815
-0.9103392948013239
-1.000027467145918
-0.7684155020433031
-0.9535548118498736
-0.9434896273213544
-0.7367049794745595
-0.9542249787283337
-1.000027467145918
-1.0174108899713876
-0.9998623687802869
-0.9476592208929574
-0.9250920554167431
-0.9326792979077735
-0.9568569215832448
-0.913249359292771
-1.0349663602579644
-0.9608656935225082
-0.9494660979627765
-0.9753428986814852
-0.9836947240184807
-0.8960413297768903
-0.7627840019818198
-1.0002855102026853
-0.9936041294166749
-1.0180631734667616
-0.8218151442322214
-0.9781442634910836
-0.9876378182370581
-1.0432760776903403
-0.9953467197307565
-1.0289304493139009
-0.8949731779370602
-0.9499543140675486
-0.9581747264455722
-0.890261999856859
-0.9888204131123359
-0.9027561412008525
-0.9776313778224657
-0.9447505184308025
-0.9574877823299491
-0.8685044400857358
-0.9630461198581232
-0.9425841065291181
-0.8379448308664809
-0.9390764950345509
-0.8810243911123518
-0.9532297368577826
-0.9465924554131361
-0.981314743901515
-0.9880226409668387
-0.9600963830238143
-0.9823264393312637
-0.9728811844959564
-0.9609632287906665
-1.040907580269311
-0.9346439859687948
-0.8973400715806362
-1.0271714032029116
-1.0611985836522821
-0.9434092483461535
-0.9789662022099678
-0.9533396329337289
-1.0134217972255175
-1.0179301202723388
-0.9365263998219631
-0.9537105287784431
-0.9492252785648275
-0.9456901037535014
-0.9580539184784677
-1.0654923086611172
-0.11710234061499625
-0.8407457983000346
-1.028307057715809
-0.9049030703430255
-0.9716960879487463
-0.9990290843343584
-0.8094315806399602
-1.032130000218977
-1.000027467145918
-0.9024483909354595
-0.9944285211814238
-1.0184048916759467
-0.9318832182284913
-1.0409638936960093
-1.017825010656346
-0.9330637951307622
-0.9828528558166711
-0.967982141811047
-0.7786547254404717
-1.022821809227965
-0.9359804447997411
-0.9692094497182439
-1.0043829861996207
-0.9999658112438314
-1.0151406693690244
-0.9949117230699034
-0.976126737663197
-0.9380264605121954
-0.9940685726155718
-0.9928280501128848
-0.9694466000534219
-0.9474411339883518
-0.9733163822965353
-0.9541568951049336
-0.8554384621917948
-1.0297025466468108
-1.0379865185418622
-0.9394011429287416
-0.9597215957925027
-1.0224337637507923
-0.8910718571631584
-0.9459617203153234
-1.0143214267546288
-0.9666660111362029
-0.9909075477643056
-1.0091415992007984
-0.6334963313741151
-0.8538731987318606
-0.991369446671516
-1.0140824734230751
-0.9557434738948027
-1.0401268047150922
-1.0253307469315451
-0.9277910943652619
-0.9531799851303593
-0.9535810002865877
-0.9904520074883403
-1.0118773618763424
-0.9814480851233987
-0.9612755345296202
-0.9183629373517987
-1.0001853468940314
-0.8004432319748218
-1.0277390259786106
-0.9410285112163082
-1.0179122409427295
-0.9273056766008577
-0.7989868425480838
-0.8445950867749205
-0.9651627931963301
-1.0658953067318708
-0.9706015828374686
-1.0143722763366039
-0.9555688083485017
-0.8509779465661788
-0.8191935591668962
-1.0284533129991016
-0.9551998939966334
-1.000027467145918
-0.959442865894744
-1.000027467145918
-1.000027467145918
-1.0383283640190946
-0.8799169964668617
-0.992566904394378
-0.9712100892907061
-0.945951109882857
-1.0701615719850994
-1.006610020535758
-0.8924715391742265
-0.8661274868525045
-1.000027467145918
-1.0187165566927323
-1.0002390109126824
-0.9676122771858502
-0.9135736956334802
-0.9543916535737962
-1.037986518541872
-0.9666944204090155
-0.9193509779792904
-1.000027467145918
-0.9942811197766903
-0.9732622067308024
-0.9891077299763015
-1.004291229201075
-0.939705702903725
-1.000027467145918
-0.9623251789360352
-0.9791048730558456
-1.003214453747744
-0.9033041008715856
-0.9815733201969057
-0.8410394947256018
-0.969041915354346
-0.9258295724164574
-0.8575343205532975
-0.9450587700006318
-0.9477621340765425
-0.9432386503689065
-0.9846010757882961
-0.8710316404388221
-0.9694379441960974
-0.9080494029257844
-0.9523988405423132
-0.9092003217389713
-0.9003566997980417
-1.0005896126428593
-0.9466878291128292
-0.9535740314323367
-0.951271787880072
-0.8681131757827841
-1.000027467145918
-0.884232780108157
-0.9918938729359722
-0.9028171308108613
-0.9986635367083121
-1.000027467145918
-0.9470452960099573
-0.8805758356205247
-1.000027467145918
-0.9550409861234811
-0.97134489073712
-0.9724149320728861
-0.9621156985715621
-1.0069369404856188
-1.027094210939398
-1.0251607955952602
-0.9990592908706473
-1.0098165842224691
-0.8610004734878005
-0.8798269442729414
-0.9143189979925238
-0.9578573797996166
-0.8917885826688925
-0.9553151641032702
-0.9676161197021107
-0.949447347005661
-0.9460689137182277
-0.9754423038156597
-0.9407527204420615
-0.8695544794336788
-0.9868000832063714
-0.9412007717097997
-1.0447188767088105
-0.9606904353601966
-0.8852871698975637
-0.9640819711017775
-0.9049026837896992
-0.9232854017739011
-0.942572713469243
-0.990828547963579
-0.9513362113895133
-0.9229118372528571
-0.9976307726585184
-0.974489000630784
-0.9321638799522841
-0.9447990221820589
-0.9563377350243214
-0.9793981664807714
-1.004152511397946
-0.8740924614948085
-0.9686248817271467
-0.840479338908291
-0.9458769446080554
-0.9364400485554754
-0.9555962834931939
-0.9980463097567186
-0.9578430203466108
-0.9663507578223235
-0.9717136204803027
-0.8816888529278006
-0.9693141515308507
-0.9652401435224929
-0.9611131661546074
-1.0292021505892686
-0.9828442208294034
-0.864885957784932
-0.9608653735373657
-0.9450162365172743
-0.9009577547220642
-0.9378033981022363
-0.9343366423426558
-0.880760628428419
-0.9299852655170859
-0.9939051740145249
-0.9037572453199281
-1.0162873331358644
-0.9309359149709299
-0.984339713654566
-1.009239204704369
-0.9710195671321701
-0.9789215219465384
-1.0149989053031254
-0.8171990001078937
-1.0212941445576407
-0.9131485478273471
-0.8936450120439925
-0.94299061778642
-0.9498760961382794
-1.008589319780914
-1.0187243310617269
-0.8904280598924099
-1.017113046286514
-0.8307621943238188
-0.9954346955277528
-1.004473951616412
-0.994280471149448
-0.9130468086995349
-1.0246700001045244
-0.9621254148923998
-0.9450685960081182
-0.9828491338837302
-0.9860899377212553
-0.950037083570801
-0.9047285033688518
-0.9645830210390205
-0.9775624018469568
-1.0068915606525939
-1.0208736715641087
-0.9382145382229308
-0.9807096856340128
-1.0088048211947376
-1.0128710920313684
-1.000027467145918
-1.0307373458468907
-0.9568811569826897
-0.9726553602348154
-1.0010744221072214
-0.9930567892153588
-0.9084131196321434
-0.8593229845698103
-0.8257053213057423
-0.8882136867291885
-0.9988803924859294
-0.9231855181423798
-0.8423194095324322
-0.9891740137313924
-0.9680581287259711
-1.0053108230744572
-0.9616108650223139
-0.9682113991862777
-1.0030838759943546
-0.8550276511946286
-0.8852039211266023
-0.8128555193508925
-0.9864310543466207
-0.9752429117277166
-0.9126296549207192
-0.9515934098628901
-0.9718969429224035
-0.816929328851259
-1.0379865185418629
-0.9858252142622931
-0.9416737659552478
-1.0173433108419865
-1.0127895342610178
-0.988173012678565
-0.9623438988514551
-0.913467069013306
-1.0068151583624807
-1.0743209305188277
-0.9455725263747222
-0.9089616227010974
-0.9412050879476643
-0.9896544358504641
-0.9218928455709947
-1.011427198260552
-0.9852104580528466
-0.9606871213536716
-0.9580543008741909
-0.9564078897698595
-0.9272096862935997
-1.0379865185418196
-0.8981221529926289
-0.9988922270496542
-0.9748883355478228
-0.9539813008088586
-0.9982417397702291
-0.951370809844607
-0.9544579258920438
-1.0119702459290358
-0.9765701643996206
-0.9642455152475305
-0.8761798596506565
-0.9786968984092962
-1.04713394663762
-0.9571555492550959
-0.9501273696080973
-0.9986413579033272
-0.9719194777545583
-0.9548999576344352
-0.9809489455429952
-1.0507308601146121
-0.9876972856190619
-0.8952090553501656
-0.939173278721264
-0.9747763909601624
-1.000027467145918
-1.000027467145918
-1.0379865185418649
-0.9997976306346459
-1.0032599959725021
-0.9279989227600695
-1.0463404769122517
-1.0065212904650742
-0.902338480980998
-0.7982559179315791
-0.9742988163137607
-0.9392963054764455
-0.845902727966731
-0.8987618307625774
-0.9327211321953532
-1.021841670858843
-1.0001808018294838
-1.000027467145918
-0.9570136003477981
-0.9240960053814482
-0.9625393948085627
-0.9899968568676015
-0.8272952831754485
-0.8627538105344399
-0.8625558739002458
-0.8639247038850425
-0.9212468700371963
-0.8360944609411061
-0.9692789625690701
-1.0095633713569478
-0.9999767617613726
-0.9363868024542057
-0.9172140591191482
-0.8625172249590307
-1.063543700526008
-0.9528466577081098
-0.9826495606630212
-0.9454367462157937
-0.9354876493665025
-0.9909998422424556
-1.0024531335095435
-1.0379865185418418
-1.036374288372069
-0.993392206417571
-1.000027467145918
-0.8882753268076076
-0.9052852637748177
-0.9503479461864116
-0.8566789515885815
-0.8627551260047212
-1.0071229929926306
-1.0094917934908072
-0.9494548866913073
-0.9350308002622078
-0.9583513549012926
-0.9863389853922796
-0.9859041128455671
-1.000027467145918
-1.016653878027966
-0.7750088739348945
-0.8090950319195391
-0.860867779448962
-0.9479497223086101
-0.8294761682038947
-0.9651219354004732
-0.9915034189895255
-0.9719663201883298
-0.880240274551901
-0.9693400220302907
-0.9689990273439673
-0.9529013975761508
-1.000027467145918
-0.9909954249992942
-0.8619663064215073
-0.8205634467293317
-0.9823298710588295
-0.9937321090450877
-0.929162894108963
-0.9615359841473773
-0.9592651546874292
-1.0170621127771544
-1.0551358982922903
-0.9691232915345357
-0.9406105057891738
-1.0150589390270173
-1.008408700817133
-0.8823643736912032
-0.8462054406345451
-0.8904572513727026
-0.9471131106074265
-0.9215946360894288
-0.9554229304915157
-1.0151996371159613
-0.9768540201655288
-0.9204212490391699
-0.9256975328106088
-0.9726979539591989
-0.9837883782134702
-0.9649625469075
-0.9495206408555974
-0.9917968819522341
-0.943153966906355
-0.9575386450975981
-0.7556084609051631
-1.002387959544967
-0.9426452760160062
-0.9346819642604425
-0.9259499150316243
-0.9354187170694412
-0.9419331251740762
-1.0423166107830368
-0.9959825336346048
-1.0439054484778352
-1.012950727088052
-0.9378750592766639
-1.0167785533049012
-0.9883187812714865
-0.9431747931200491
-0.9633471605352179
-0.9256670107015705
-0.7477355995378083
-0.9807880971620656
-1.019814587614941
-0.8449915218519064
-1.0055162166907343
-0.9877611713101621
-1.0116016019730887
-0.9963119494891078
-0.9931082109967697
-0.9461477762066017
-0.9257963135605061
-1.0090517762273188
-0.945985348986311
-0.9840398396048868
-1.0201021898453768
-0.9499107667632346
-0.8992569263358627
-0.921730976651802
-0.9111472405596089
-1.000027467145918
-0.9002424205984313
-1.0379865185418646
-0.9244003300650957
-0.9193799008903379
-0.6661870781168567
-0.954792357077173
-1.0554592117319046
-0.9589398502570283
-0.8791213555806723
-0.8278881781089784
-1.02793260640653
-0.9384754408560018
-0.9938810093143694
-1.005698674513616
-0.9503023692143185
-0.9499492114228675
-0.9050128121130236
-0.9560956233502388
-0.8123455080910231
-0.9556093815420648
-0.969062235214641
-0.9143088895261203
-0.7596119578305749
-0.9466714348119124
-0.9181603036082399
-1.0073151067519204
-1.0253587340432293
-1.0242189070599423
-0.9814000855594566
-0.8910809195488011
-0.9467616813065682
-0.9456746228263733
-0.9443379628227704
-0.9136153736839865
-0.9160778564442396
-0.975384814391004
-0.9063533636525428
-1.0053710758886496
-0.906090491387273
-0.9624391560659296
-0.9436109460701841
-0.9682970691679852
-0.9366240541835241
-0.9549660110278568
-0.950723505942175
-0.8870208255938072
-0.8957989247469638
-0.9810534787187876
-1.0041732321401984
-0.9484608000136973
-0.921846989238486
-0.9466883528442854
-0.9819961501062865
-1.0504771215812747
-0.7645948602879952
-0.9598531090013863
-1.006365416168475
-0.9668076788731901
-1.01394057927994
-1.0457562442302057
-0.955673705054532
-0.9524949522267534
-0.9513957552962119
-0.9837241846345787
-1.0189611257495328
-1.0376049466006378
-0.9718934656673502
-0.997910509574441
-0.9488312166386266
-0.9873671522358471
-0.956207159815214
-1.0041315588429058
-0.9601232035861619
-1.0135008837757542
-0.9969035436596052
-0.9228110077411529
-0.9582340522030747
-1.0398212479442646
-0.9363520043427308
-1.0227692693551842
-0.9911469689519761
-1.019568473642918
-0.970832948366271
-0.8985347441134577
-0.9893198528043476
-1.000822220007696
-0.9725049334341807
-0.9749695670902163
-1.017228806955584
-1.0134330393325028
-0.9736301795248723
-0.9791956532909699
-0.9577073961708981
-1.000027467145918
-1.0222462333222624
-1.003001235228147
-0.9562365807309507
-1.00167853804196
-0.946536980450782
-0.9553965141043609
-0.9704007044671052
-0.9854692308784689
-1.0021730354766976
-0.9834206585912719
-0.9725068456402468
-1.0388124243232655
-0.9962776273730496
-1.014628541876827
-0.9594825308395364
-0.9253479258395021
-0.9539836956338857
-0.9407500953005193
-0.9703892502407953
-0.9061586945277808
-0.9627938193686779
-0.9301251251653697
-0.8741661503753269
-1.0222745801876205
-0.9405283437621269
-0.9587154747744631
-0.9731034052975521
-0.955055415574744
-0.8706955140241233
-0.715962497821915
-1.005671142140566
-0.9746785717529858
-1.0032826860853812
-0.8996745285414453
-0.9828173059897112
-0.8485968015901025
-0.9185681469970567
-0.9104620348294248
-0.9911830477897748
-0.9536013259070737
-0.9884997268527359
-0.9168235095019439
-0.9609545727766383
-1.0007959079444233
-0.9314460441522137
-0.9292957749969517
-0.7892296756191103
-0.9660289798951811
-0.8311811399524235
-0.9825177948685142
-0.9424718831608739
-0.9626965530151548
-0.9100503962053007
-0.9124018044824973
-0.7890124225636311
-0.7552714842453606
-0.8843732784287894
-0.9130095253878956
-0.9306819849475693
-0.954584070398667
-0.9467077520618401
-0.8680189907753767
-0.9695563742017849
-0.9503609195953722
-0.8892454059271356
-0.8966957697842424
-0.9105808521127499
-0.9373123398419139
-0.9626926811126804
-0.9333264855177137
-0.953314102079842
-0.8829661576785609
-1.0000803085851153
-1.0234638438420742
-0.9638249403995484
-0.9151385255734121
-0.9861132748821758
-0.9445211345911017
-0.9265741644481345
-0.9909128548166314
-0.9579373109058995
-0.9298875171541798
-0.9318000360585535
-0.9712051613327118
-0.9631026655719198
-0.9996143479694387
-0.9105534200715444
-0.9789209663391203
-1.0014163981700581
-0.9192234802838878
-0.9945175850585972
-0.9063304809089743
-0.9856771082493776
-0.921304899300803
-0.9414868528092182
-0.9743972857106876
-0.9465781377444077
-0.9065517355571551
-0.8954026189395689
-0.9507913812831158
-0.8991972666284146
-0.9381976309328063
-1.0201606577113638
-0.9451326040508641
-0.9940652504532288
-0.9096623896598952
-1.0620214948496722
-0.9920621707341237
-0.9140120643283253
-1.026479326604114
-0.9790115866012331
-0.9446949086067972
-0.9793514313575225
-0.9599626305777043
-0.9339352139359025
-0.8945695458330803
-0.8670989119703245
-0.9425095443845971
-0.9263330428284048
-0.983378591551768
-0.9199095421294914
-0.9696856076739807
-0.9786382205779637
-0.987004779784074
-0.9927110667902433
-0.8867212956960817
-0.9654920688728665
-0.9236128302064316
-0.8753923279040929
-0.9712730518596536
-0.9655635270577995
-0.9497013922907217
-0.9394121565004463
-1.0344620249450296
-0.9507606661880987
-1.0010581254709803
-0.95862221289114
-1.0086451068097
-0.9592697798029185
-0.98096448322728
-0.9880568204565929
-1.0029487674860438
-0.9636961647640255
-0.9794309724567977
-1.000027467145918
-1.0117102284413702
-0.9581024941674314
-1.0042283637211948
-1.0002498181099253
-1.0140120669434716
-0.9462300201426388
-0.9415932407323333
-0.9353333151136625
-0.9547192718995294
-0.8777075778416134
-0.9865156341860173
-0.8598251602895302
-0.875350071495522
-0.9987960415704297
-0.8040762986397759
-1.000027467145918
-1.000027467145918
-0.841699366817995
-0.9800980111068991
-0.8835423292725089
-0.9144332417202113
-0.9640788335487364
-0.9428236621796355
-0.9208993511752185
-1.005116908034227
-0.9927134212894285
-0.930418662017309
-0.9554123958868588
-0.9052064366364959
-0.9550773422578149
-0.8861060457132435
-1.000027467145918
-0.9986721182044738
-0.955075637394576
-1.012257408066357
-0.9356553270276106
-0.971378205746237
-1.0058417260560795
-0.9353524907879449
-0.9150212279343505
-0.9427491478918935
-0.9315589188422613
-0.8868068554456301
-1.007526347474228
-1.0692926497156303
-0.9819809491882354
-0.9393645505938248
-0.9135625715743452
-0.9290280702241838
-0.9914396532773176
-0.9814029494211295
-0.9351581354578099
-0.9856876287834792
-0.9786148479654997
-0.935837493773336
-0.764909513953691
-1.0322247631395376
-0.9790493258802715
-0.9431778192826513
-1.000027467145918
-0.9433010174829501
-0.9572471769408611
-1.0176711405700276
-0.9361841468522992
-0.9966870759088248
-0.9663208603504796
-0.9492789140630299
-1.0109966688801872
-1.0010702060945413
-1.0326321098173468
-0.9519816359745101
-0.9401982999497955
-1.000849721047156
-1.0412748051146203
-0.9145285805264887
-0.9328166729818056
-0.9896951305114634
-0.9858320222667429
-0.9814270667856908
-1.0321169687475238
-0.9991352219159512
-1.0173547637553253
-0.8679904895274133
-0.9227829648905429
-0.9164255329414339
-0.966300327741844
-0.9689351575606336
-0.9800668018552915
-1.0438491454411079
-0.9931347137963868
-0.9124948545118917
-0.9891801675836415
-0.9674380058701447
-0.9853064394641968
-0.9354492105258566
-1.012655457181227
-0.8380252982572203
-0.9910180795435023
-0.9751347392223824
-0.9336790485702224
-0.9689589073064696
-0.8852452646100732
-0.9433323344507389
-0.9956747139524007
-0.898095119744207
-0.9743495757241747
-0.9488577446223189
-0.9696438440016278
-0.8841529776331776
-1.0509264152838158
-1.0506906276442665
-1.0463479811372274
-0.8784021458092163
-0.884902537079989
-0.9723724423426554
-0.9689395958147962
-1.0116611116951937
-0.9366063425637977
-0.9386753703960212
-0.9483445756174606
-0.8804379478606941
-0.9202466288668878
-0.8859027472146708
-0.9155016787530479
-0.9401135077714372
-0.9691403876972597
-0.9500825297191526
-0.9971036203114806
-0.967828007369086
-1.0110107824021335
-0.8845575878027794
-0.9802344209527278
-0.9766727310058486
-0.9486766020437607
-0.9538014975250367
-0.9446090592956605
-0.9382538936813443
-0.952669812870358
-0.9521564924819929
-0.8133981629022904
-0.9537875673397188
-0.9397045616335263
-0.9846319405194398
-0.9269900302691332
-0.9902302459453138
-0.9206905773272049
-0.9757787002124662
-0.9757310731119484
-0.9779674760494659
-0.9082831527985
-1.0031726920187152
-0.987320743528223
-0.9514669607100625
-0.9178227764962954
-0.9322906643382816
-1.0555994949065162
-0.9227431106204775
-1.0300036311663916
-1.0068108048895468
-0.8910088275466419
-0.9343803074556429
-0.924199823065897
-0.9525818515782253
-0.9862833800070712
-0.981914159016809
-0.985731686679569
-1.0735115957407138
-1.0678222959442984
-1.0629901762512097
-1.0761967265293158
-1.0005289240499204
-0.7752326162450118
-1.000027467145918
-0.996864987464397
-0.941131209710366
-0.9854780924500384
-1.0121575946073171
-1.017076209078977
-0.9957846143442556
-0.8475108434326516
-0.9845764753647577
-0.9258923822521772
-1.000027467145918
-0.9055677313508724
-0.8713057383248481
-1.0683715551737727
-1.0332953451562774
-1.0545688412531535
-1.0622738631921553
-0.9227249776793952
-0.8318381168386071
-1.0013031868940017
-0.9334095040161691
-0.8413577324440252
-0.8645959811094943
-0.9023196681163042
-0.950717253488393
-0.8232487812929572
-0.9642482655291887
-0.9808435853853706
-1.0020942598366722
-0.9976068772405264
-0.8877515357186948
-0.885259576258271
-0.9704395041056343
-0.9813092555377206
-0.9246320021438594
-0.9857584136101253
-0.9717262406585384
-0.9189910478684616
-0.8223305250704634
-0.9002327542708968
-0.8583776539284325
-0.9565989194438128
-0.9767916452760782
-0.9498397157703988
-0.9683813427794575
-0.9058259628854448
-0.9988126527526484
-0.9514336027526167
-0.9899928231790492
-0.9893844230556149
-0.9318526050207642
-0.9989894722492767
-0.9543021238000836
-0.9863840339403868
-0.9424944161059488
-1.055733296326974
-1.0336010101892377
-0.9054789244061934
-0.9205947227439099
-0.9431913119756934
-0.845523923708355
-0.8453963051439154
-0.8276681269996504
-0.8992576621100483
-0.9137618960137976
-0.8569839998604295
-0.8349292633231299
-0.8100413736842897
-0.9817330393148601
-0.9955971204150428
-0.9060783202355748
-0.9651584450330164
-0.9238483986267589
-0.8722584461547428
-0.9723343635354839
-0.9338412775254021
-0.8833779997417177
-0.9950670058958568
-0.9394487746699377
-0.7099938550386525
-0.9703851627844599
-0.9941429764136506
-0.9474466141531409
-0.9986742956538046
-0.9205122562794246
-1.0044241975178272
-0.9606969899680851
-0.9603501324883594
-0.9807295899963131
-0.9945925781729867
-0.9911656333949022
-0.9877915894199483
-0.9462408910474285
-0.9461299485414768
-0.8668775120241358
-0.9772654426041472
-0.9929466410057635
-0.9783874889038666
-0.9609304005614121
-0.9415098785485027
-1.0198803431926644
-0.9481170734652296
-0.9530889808872993
-1.018558574464677
-1.0475906164913167
-1.01049051897841
-0.9413685585673125
-0.8207779205088374
-1.0474707140376736
-0.9573440307166018
-0.9926050274538926
-0.9531879192399109
-0.9317441951070464
-0.9478521922605088
-0.9669220001604352
-0.9192057125060394
-1.000027467145918
-1.000027467145918
-1.035886332091866
-1.0085919858268828
-0.8198846130046107
-0.9913731407665034
-0.908191683417088
-0.972844942924021
-1.0036644655547937
-1.0149606204135178
-0.9998294805701169
-1.005974949307506
-0.9624580709422094
-0.893727150284399
-0.9891373196178114
-0.9880701915488745
-1.0055380668792158
-1.0323777517287152
-0.9923312036362233
-0.9624882598594349
-1.0244989500210027
-1.0265533182259179
-1.000027467145918
-1.0134573773323818
-0.9962837513053105
-1.000027467145918
-0.8547503404949727
-1.0231855194439972
-1.0406718572464195
-0.9145082108615453
-0.9983315336911198
-0.9730142472561217
-1.0072955193202562
-1.032878729940493
-0.9843433535697177
-1.0038421305607779
-0.989279979069585
-0.9206656839766526
-0.9580110555227775
-0.9859328803820291
-0.9515243873502922
-0.9944965746478707
-0.9687484675981989
-0.9638118360740677
-0.982315918299236
-0.9919311022570271
-0.9488678528732106
-0.9064027135422947
-0.9886138394070256
-0.9466981048909764
-0.9416630553678741
-0.9212176845731694
-0.9988224353288411
-0.9219593606708014
-0.9475307024193684
-0.9447363613145549
-0.8935930200800227
-0.9422608362174301
-0.9509689037541027
-1.0223784612868754
-0.9470778858871998
-0.9604263193155886
-0.9053108562133578
-0.9913740060819618
-0.8877849097326284
-0.9387993100563075
-0.8680721696609652
-0.9376097462552635
-0.8686520177772853
-0.8411553442625781
-0.8224599514629538
-0.9243540006888412
-0.8380533753954353
-1.000027467145918
-0.9931266818326924
-1.0053594945442168
-0.8758882668588278
-0.9618986385130779
-0.9501305952058966
-0.9116346504908425
-0.9836513459239768
-0.974948633727608
-0.9675850113084941
-1.0461886253420833
-1.0411478624176602
-0.9190235152329702
-0.95722637895634
-0.9608791767945839
-0.9910175976648755
-0.9499257729184047
-0.9981137550028005
-0.9021002024197332
-0.9569655844070257
-1.0544231353440106
-0.9616960603802158
-1.0044552907808488
-0.9510112367657259
-0.9406721579490473
-0.9424571865830454
-0.9067963705167454
-0.980406395685035
-0.9477223006906258
-1.048705488335781
-0.9830381049286259
-0.8906714330038047
-0.934082512860295
-0.985594544068764
-1.0321399052309879
-0.9994334725905051
-1.0107033458075023
-0.9693763239429263
-0.9783799217634703
-0.9854326245581407
-0.9565993327613532
-0.9940080507509497
-0.9554890258931779
-0.9762767686593875
-1.000027467145918
-0.9406485234299258
-0.9516475787477254
-0.9043314431224684
-1.0017680552426267
-0.9706526568779399
-0.9515479770751099
-0.9718491354730379
-0.9932836443525764
-0.9367372434618837
-1.0218848629120576
-0.9051737316082297
-0.8363303855675325
-0.9046314304366367
-1.0227439945774226
-1.001205207926996
-0.9418962227313642
-0.9532515431827477
-0.9573027097242045
-0.9970068970962204
-0.940141597698907
-0.9804143859288299
-0.932115453443927
-0.8695134647190799
-0.9505421830213989
-0.8793329984666478
-0.8883634744250274
-1.032202576146615
-1.0452094673283545
-0.9600576446799763
-0.8862990704746257
-0.9976164600167071
-1.0057714575312213
-0.9963615766517596
-0.9095926390716842
-0.971297812855561
-0.9498068399671441
-0.9779298672617269
-0.846233963344297
-0.8754155340679184
-0.9205610049882609
-0.8986006976280769
-0.932870235175356
-0.9985619505273843
-0.924687994060169
-0.894624392674551
-0.9802227586752279
-1.0334737918211023
-1.039275691856753
-1.017905699789236
-1.0260864562092196
-0.8301978429685407
-0.969948318387613
-1.01112540999385
-0.99703706895029
-0.9787005898837631
-0.9537984930932986
-0.9122584772899263
-0.9534895778505699
-0.9331092324573282
-0.949957681907648
-0.9415003958718481
-0.9444006529018205
-0.89609768753623
-0.9218260166225354
-0.9406274627421146
-0.9101220775270875
-0.9001354426489783
-0.9412905393253753
-1.0033165201755112
-0.9663304093828091
-0.9431234562298195
-0.8843812866386362
-0.8263865369528194
-0.9874590730854086
-0.9939840616055935
-0.9366107821906671
-0.9371878611871515
-0.9555429946326182
-0.855653458067535
-0.9078667768562101
-1.026327436384773
-0.9276049139836061
-0.9720332736240959
-1.000027467145918
-0.9546718314178214
-0.9637108287943383
-0.9317744235363613
-0.9722570013405142
-0.9500394526192156
-1.0351288633016604
-0.999073270640485
-0.9879980577680667
-0.9056624781250263
-1.0183145301630925
-1.0556811859630904
-0.9746506614514527
-1.0536950417136337
-1.0072768316383467
-0.9687030374001905
-1.0379865185418602
-0.9274956296792389
-1.0347801918271866
-1.0145878469017025
-0.9161828850574176
-1.0446653508561996
-0.9397861491781833
-0.9829442424065727
-0.984832593303749
-1.0235633126496018
-1.0102388576668881
-1.0021106289601842
-0.9850708234690839
-0.9567839399720248
-1.000027467145918
-1.000027467145918
-0.9445282659561078
-0.9323005649996937
-0.8962812445612272
-1.0185895107347354
-1.047188943325451
-0.9165112286646676
-1.0168599212557448
-0.9460350282948131
-1.0673150324675036
-1.000027467145918
-1.0407264755723817
-0.8696263748560675
-0.9145713192472048
-0.9829827162196417
-1.000027467145918
-0.9441892902450851
-1.0019648563265564
-0.9336168380969887
-0.9630056198066701
-0.900664808407224
-0.9643101036014361
-0.8893199474579958
-0.977217129799914
-0.9686263462477307
-0.9632402732954677
-0.9130141230392934
-0.9380483202421623
-1.00105598137198
-1.058365256325261
-0.9005890640421779
-0.9561656809477739
-0.8916393411841521
-1.0275446616508468
-1.0526723408620549
-0.9662958983483703
-0.99410891198797
