-0.9999632925829737
-0.9999632925829737
-0.9999632925829737
-1.014146827067593
-0.9999632925829737
-1.0113785300517226
-0.9999955601734516
-0.9541738341859437
-1.0054460890102106
-0.9999632925829737
-0.9999632925829737
-0.9960789670104675
-0.9999632925829737
-0.9999632925829737
-0.9999632925829737
-1.0037179716039604
-0.9999632925829737
-1.0054338604903337
-0.9999632925829737
-1.0095401623597586
-0.9999632925829737
-0.9999632925829737
-0.9999632925829737
-0.9999632925829737
-1.0140563635816406
-1.0209426112225517
-0.9819182655592144
-0.9956685669329897
-0.9820403416338912
-0.9999632925829737
-0.9999632925829737
-0.9999632925829737
-0.9621655154452755
-0.9999632925829737
-0.9999632925829737
-0.9999632925829737
-0.9999632925829737
-0.970962418986973
-0.9999632925829737
-0.9996196673724048
-0.9888784785227895
-0.9999632925829737
-0.9999632925829737
-0.9999632925829737
-0.9999632925829737
-0.9999632925829737
-0.9999632925829737
-0.9999632925829737
-1.0224841419102662
-1.0107907478468545
-0.9999632925829737
-1.0056179361086606
-1.0044548447816293
-1.0119607304840565
-0.9999632925829737
-1.0152459919146906
-0.9999632925829737
-1.005426008225429
-0.9999632925829737
-0.998087475947009
-1.0052295602682357
-0.9999632925829737
-0.9999632925829737
-1.0022734279596148
-1.0119607304840565
-0.9999632925829737
-1.0048859127756917
-0.9999632925829737
-1.0084378344686165
-1.0156242141584007
-0.9999632925829737
-0.9999632925829737
-0.9999632925829737
-0.9999632925829737
-0.9999632925829737
-0.9999632925829737
-1.005426008225429
-0.9999632925829737
-1.0117764942847596
-0.9999632925829737
-1.0068145115598464
-0.9999632925829737
-1.0049905729846724
-1.0249339183648456
-1.0085278706066934
-1.0195549589293815
-0.9920747572957971
-1.0128418905184486
-1.0032251501589544
-1.0064424906283733
-0.9530270443364686
-0.9406784661951978
-0.9550190403629816
-0.9440346012997822
-1.0132788754287183
-1.0104906581499586
-0.9629957830832403
-0.9935823435067611
-0.9917277958917692
-1.010530193118816
-1.0119855943323588
-1.012249965166553
-1.0113697601866352
-0.9436985623113332
-0.9504725399525803
-0.9658482039638691
-1.0080429793563481
-0.9919039848630279
-0.9859590409822975
-0.9770467501153989
-0.9836579733456747
-1.0019080089412316
-1.0039434094835122
-0.9999632925829737
-0.9806309555715305
-0.9672197013005366
-1.0093984715780602
-1.00852929755768
-1.0048792329242193
-0.970379869584769
-0.9956820155713567
-0.9865508897743007
-0.9931040209475661
-0.9999632925829737
-0.9578671705777121
-0.9903539781977014
-1.0101168069819084
-1.0021254743591668
-1.0137519744572474
-0.9878902150645144
-0.9728764085505472
-1.01497801725115
-0.9999632925829737
-0.9862487630772306
-0.9999632925829737
-0.9999632925829737
-0.9999632925829737
-0.9999632925829737
-1.014299626374028
-0.9937776249585524
-0.9999632925829737
-0.9999632925829737
-0.9519445948241859
-1.0042785382959896
-1.0114921867658453
-0.9999632925829737
-0.9758082280181002
-0.9999632925829737
-0.9999632925829737
-0.9999632925829737
-0.9808816791887194
-1.0125984816888052
-1.0077211876253156
-0.9618474043424786
-1.014504124471188
-0.9999632925829737
-1.0186770462491248
-1.007170375042635
-0.9999632925829737
-1.0252044714678197
-0.9999632925829737
-1.0139952254346105
-1.0145352444455982
-1.0036130105614467
-1.0090309613354749
-0.9946502158212636
-0.9858218474212028
-0.9793444800374885
-0.9996157401600752
-1.0118833509474958
-1.009205101005701
-1.0053644719248602
-1.0054624111526935
-1.0216818360116708
-1.0193767011323953
-1.0111076933495156
-0.9999632925829737
-0.9839536173138036
-1.0072722248021788
-0.9999632925829737
-1.0059341578924046
-0.9999632925829737
-0.9946630391275367
-0.9999632925829737
-1.0074866254255688
-1.0000918651195065
-0.9914826187218018
-0.9597466751243193
-1.009947266921131
-1.01443627314267
-0.9901965731144888
-1.0214068337327893
-1.0076707903991702
-0.9448475607150181
-0.9824521485495503
-1.0008756198906652
-0.9999632925829737
-0.9779040698018502
-0.9999632925829737
-1.007427927004393
-1.0264158951049882
-1.0141561815225963
-0.9640945560288993
-1.01619907307858
-0.9999632925829737
-1.0084471022643575
-0.9999632925829737
-1.0125234760852684
-0.9999632925829737
-0.9999632925829737
-0.9999632925829737
-1.006301044523582
-0.9999632925829737
-0.9999632925829737
-1.0021497043374454
-0.9999632925829737
-0.9999632925829737
-0.9999632925829737
-0.9999632925829737
-0.9999632925829737
-0.9868289478298752
-0.9783481755306396
-0.9999632925829737
-1.006362912602588
-0.9999632925829737
-0.981637262208931
-0.9901603636564458
-0.9675777735596138
-0.9437904739220351
-1.007776962505402
-0.9999632925829737
-0.9796148238993743
-0.9473322203857351
-1.0093034352329393
