-1.0000208647609947
-1.0000208647609947
-1.0000208647609947
-1.0000190504112565
-1.0000207826095497
-1.0000207842711106
-1.0000513212502644
-1.0000210718242266
-1.000020790917153
-1.0000207826095497
-1.0000208647609947
-1.0000212314135248
-1.0000208647609947
-1.0000208647609947
-1.0000208647609947
-1.0000161658087399
-1.0000207826095497
-1.0000207842711106
-1.0000208647609947
-1.0000207842249575
-1.0000208647609947
-1.0000208647609947
-1.0000207826095497
-1.0000207826095497
-1.000020785600343
-1.0000131562596783
-1.000020799224268
-1.0000207846864975
-1.0000158524079772
-1.0000208647609947
-1.0000207826095497
-1.0000207826095497
-1.000017374804276
-1.0000208647609947
-1.0000208647609947
-1.0000208647609947
-1.0000208647609947
-1.0000231200514427
-1.0000208647609947
-1.000020799224268
-1.000022620283252
-1.0000207826095497
-1.0000207826095497
-1.0000207826095497
-1.0000207826095497
-1.0000207826095497
-1.0000207826095497
-1.0000207826095497
-1.000020799224268
-1.0000207849831995
-1.0000208647609947
-1.000020799224268
-1.000020790917153
-1.0000207881480054
-1.0000207826095497
-1.0000243273726974
-1.0000207826095497
-1.0000207881480054
-1.0000207826095497
-1.0000207881480054
-1.000020790917153
-1.0000207826095497
-1.0000207826095497
-1.0000204796510188
-1.0000207881480054
-1.0000207826095497
-1.000020799224268
-1.0000207826095497
-0.9999037839553722
-1.000020799224268
-1.0000207826095497
-1.0000207826095497
-1.0000207826095497
-1.0000207826095497
-1.0000207826095497
-1.0000207826095497
-1.0000207881480054
-1.0000207826095497
-1.0000256661854345
-1.0000207826095497
-1.000020799224268
-1.0000207826095497
-1.0000270257297852
-1.0000207859326504
-1.0000273805981224
-1.0000103621399345
-0.9999983380381112
-0.9999992313986841
-1.0000232481553548
-1.000020790917153
-1.0000226189394563
-1.0000200534669776
-1.0000257741734424
-1.0000176584508422
-1.0000034639908706
-1.0000198749297387
-1.0000196924628701
-1.000023523161792
-1.0000222272811243
-1.0000242667992472
-1.0000180818644202
-1.000030870729586
-1.0000337891697935
-1.0000174153734627
-1.0000185937403228
-1.0000215096662868
-1.0000192441444369
-1.000027454123823
-1.00001960153958
-1.0000221322862661
-1.0000156247898404
-1.0000424826304084
-1.000020784280941
-1.0000207826095497
-1.0000177380335404
-1.0000201378503952
-1.0000146326789652
-1.0000143251130944
-1.0000220035548228
-1.0000167580215333
-1.0000207890710613
-1.000021554247182
-1.0000421901615175
-1.0000208647609947
-1.0000217212643727
-1.0000002578185097
-1.0000207868187976
-1.0000207838876747
-1.0000305368352744
-1.0000216656825545
-1.000021382647436
-0.9999869898018647
-1.0000207826095497
-1.0000265992137294
-1.0000207826095497
-1.0000207826095497
-1.0000207826095497
-1.0000207826095497
-1.000020799224268
-1.0000235596449112
-1.0000207826095497
-1.0000207826095497
-1.0000213055386287
-1.000020790917153
-1.0000207842711106
-1.0000207826095497
-1.00002157087798
-1.0000207826095497
-1.0000207826095497
-1.0000207826095497
-1.0000207888402977
-1.000022820895883
-1.0000246013082936
-1.0000214720303486
-1.000018732556888
-1.0000207826095497
-0.9997744831976145
-1.0000195532392406
-1.0000207826095497
-1.00001703697868
-1.0000207826095497
-1.000022177972781
-1.000017090585399
-1.0000043625638966
-1.000020786763412
-1.000021801764116
-1.000028499642364
-1.0000289258104302
-1.0000171543160876
-1.0000274373939382
-1.0000207859326504
-1.000020790917153
-1.000020799224268
-1.0000112523911635
-1.0000197129124615
-1.000020785205731
-1.0000207826095497
-1.0000258728144953
-1.000020790917153
-1.0000208647609947
-1.0000305492141448
-1.0000207826095497
-1.0000207837963815
-1.0000207826095497
-1.0000207846864975
-1.0000207862441868
-1.000022004959744
-1.0000227036511111
-1.000020799224268
-1.000017707558983
-1.0000368975767404
-1.0000145070336843
-1.000020786763412
-1.0000252671371666
-1.0000212312849286
-1.0000207849831995
-1.0000208647609947
-1.000040621055613
-1.0000207826095497
-1.0000207859326504
-0.9999969738040795
-1.000020790917153
-1.0000207881480054
-1.0000228732626757
-1.0000207826095497
-1.000020790917153
-1.0000207826095497
-1.000020790917153
-1.0000207826095497
-1.0000207826095497
-1.0000207826095497
-1.000020799224268
-1.0000208647609947
-1.0000207826095497
-1.0000241056618837
-1.0000207826095497
-1.0000207826095497
-1.0000207826095497
-1.0000208647609947
-1.0000208647609947
-1.0000236781957592
-1.0000235265709627
-1.0000207826095497
-1.0000231412677978
-1.0000207826095497
-1.0000032010469657
-1.0000262187320959
-1.0000221199347792
-1.0000167020043707
-1.0000229536701484
-1.0000207826095497
-1.0000114804960922
-1.0000239395001647
-1.000020671763972
