-0.999922594939798
-0.999922594939798
-0.999922594939798
-0.9999227088436402
-0.9999225675633765
-0.9999229451637021
-0.9999225814970207
-0.999922584765804
-0.9999225471467433
-0.9999225675633765
-0.999922594939798
-0.9999245115128059
-0.999922594939798
-0.999922594939798
-0.999922594939798
-0.9999228282313809
-0.9999225675633765
-0.9999241069383723
-0.999922594939798
-0.9999225740247426
-0.999922594939798
-0.999922594939798
-0.9999225675633765
-0.9999225675633765
-0.9999373556766314
-0.9999303915909897
-0.9999310906079015
-0.9999219963287523
-0.9999217787521292
-0.999922594939798
-0.9999225675633765
-0.9999225675633765
-0.9999234848309306
-0.999922594939798
-0.999922594939798
-0.999922594939798
-0.999922594939798
-0.9999228073523755
-0.999922594939798
-0.9999225814970207
-0.9999224622177217
-0.9999225675633765
-0.9999225675633765
-0.9999225675633765
-0.9999225675633765
-0.9999225675633765
-0.9999225675633765
-0.9999225675633765
-0.9999225814970207
-0.9999213005147405
-0.999922594939798
-0.9999225814970207
-0.9999265019244242
-0.9999221356648673
-0.9999225675633765
-0.999921674104675
-0.9999225675633765
-0.9999217356333745
-0.9999225675633765
-0.9999225356962003
-0.9999225471467433
-0.9999225675633765
-0.9999225675633765
-0.9999219331476918
-0.9999221356648673
-0.9999225675633765
-0.9999225814970207
-0.9999225675633765
-0.9999225471467433
-0.9999225814970207
-0.9999225675633765
-0.9999225675633765
-0.9999225675633765
-0.9999225675633765
-0.9999225675633765
-0.9999225675633765
-0.9999217356333745
-0.9999225675633765
-0.9999176718784608
-0.9999225675633765
-0.9999225814970207
-0.9999225675633765
-0.9999220659138859
-0.9999232575118421
-0.9999232128283534
-0.9999198702016003
-0.999925625814426
-0.9999220126056342
-0.9999181944771026
-0.9999225471467433
-0.9999250889468356
-0.9999232626602023
-0.9999364227320224
-0.9999260260272788
-0.9999218760975017
-0.9999209517844382
-0.9999248783545728
-0.999921875182376
-0.9999282379614955
-0.9999064441491713
-0.9999210623231614
-0.9999194813548296
-0.9999097528706873
-0.9999246639242698
-0.9999225222887401
-0.9999249049892656
-0.9999221003108221
-0.9999309589438047
-0.9999203711935128
-0.9999311964943353
-0.9999220098122611
-0.9999416144483384
-0.9999169892627708
-0.9999225675633765
-0.9999256066200327
-0.9999246519721807
-0.9999185514743445
-0.999917611832501
-0.9999208524681521
-0.9999222989696009
-0.9999238577874382
-0.9999270156283517
-0.9999218667179591
-0.999922594939798
-0.9999233839359025
-0.9999241841879747
-0.9999494349912963
-0.9999210640811554
-0.9999108063676714
-0.9999284831268206
-0.9999526535507877
-0.9999185780458849
-0.9999225675633765
-0.9999230447388954
-0.9999225675633765
-0.9999225675633765
-0.9999225675633765
-0.9999225675633765
-0.999844581419534
-0.9999241141948884
-0.9999225675633765
-0.9999225675633765
-0.9999234183568955
-0.9999222471291099
-0.9999457396693149
-0.9999225675633765
-0.9999229337714105
-0.9999225675633765
-0.9999225675633765
-0.9999225675633765
-0.9999267934164058
-0.9999262708737021
-0.9999222646967414
-0.9999233436754348
-0.9999237425443038
-0.9999225675633765
-0.9999256360425457
-0.999928384443611
-0.9999225675633765
-0.9999198096368781
-0.9999225675633765
-0.9999215660264088
-0.9999307029820335
-0.9999219882290601
-0.9999223799576521
-0.9999199994109969
-0.9999270997883162
-0.9999243987029051
-0.9999269671941454
-0.9999225873037968
-0.999922526535611
-0.9999225471467433
-0.9999225814970207
-0.9999313076543014
-0.999922349747674
-0.9999127728901888
-0.9999225675633765
-0.9999218241768469
-0.9999222471291099
-0.999922594939798
-0.9999122315068932
-0.9999225675633765
-0.9999378818621616
-0.9999225675633765
-0.9999230532544713
-0.9999224528169554
-0.9999224703957158
-0.9999221995388092
-0.9999225814970207
-0.9999030288105594
-0.9999384213755076
-0.9999267618273794
-0.9999235936990946
-0.9999239843809221
-0.9999354295781634
-0.9999570313164472
-0.999922594939798
-0.9999359759470694
-0.9999225675633765
-0.999922526535611
-0.9999324861595669
-0.9999225471467433
-0.9999937716230448
-0.999921530931418
-0.9999225675633765
-0.9999201470031559
-0.9999225675633765
-0.9999222471291099
-0.9999225675633765
-0.9999225675633765
-0.9999225675633765
-0.9999225814970207
-0.999922594939798
-0.9999225675633765
-0.9999197942969534
-0.9999225675633765
-0.9999225675633765
-0.9999225675633765
-0.999922594939798
-0.999922594939798
-0.999926275926459
-0.999923885565421
-0.9999225675633765
-0.9999204759943089
-0.9999225675633765
-0.9999263119941744
-0.9999180879127281
-0.9999241294603839
-0.9999225459385893
-0.9999159560134833
-0.9999225675633765
-0.9999223492543229
-0.9999277673650303
-0.9999330180120162
