-0.9996376592666216
-0.9842135838235337
-0.9996376592666216
-1.0188713970631227
-0.9996376592666216
-1.0251482602558992
-1.0029105317172202
-1.0027916496459557
-0.9737873174328657
-0.9269157560671196
-0.9996376592666216
-0.9996376592666216
-0.9996376592666216
-0.9834070838361445
-0.9996376592666216
-0.9996376592666216
-1.0319035879448475
-0.992806231981801
-1.0339151113921128
-1.000542512276267
-1.0081869987523535
-0.9097538900928327
-1.0049395857667374
-1.0015203303332714
-1.0098836590487281
-0.988071179500275
-1.0200399496482953
-0.9996376592666216
-0.9584722425533183
-0.9941788477629245
-0.9750863965819563
-0.9430014505577652
-0.9505762258351459
-0.9617748842901644
-0.9996376592666216
-0.9996376592666216
-0.9996376592666216
-0.9996376592666216
-0.9996376592666216
-0.9257085002941815
-1.0139321898636642
-1.0003084138159661
-0.9996376592666216
-0.9686658768655578
-1.036739255433012
-0.98741391539709
-0.972085670982718
-0.9650895284891521
-0.9996376592666216
-0.9996376592666216
-1.0124630718404828
-0.9981421082710896
-1.0002002039095441
-1.0002002039095441
-0.9851111531354573
-0.9757999790403209
-1.0002002039095441
-1.0002002039095441
-1.0002002039095441
-1.0002002039095441
-1.0002002039095441
-1.0002002039095441
-1.0002002039095441
-1.0002002039095441
-1.0002002039095441
-1.0002002039095441
-1.0002002039095441
-0.9892644643645998
-0.9933697234906236
-0.9996376592666216
-1.0061448047389578
-0.9996376592666216
-0.9996376592666216
-0.9996376592666216
-0.9923371322236862
-0.9546901858038904
-0.985831092429615
-0.9996376592666216
-0.9918090874718796
-0.9996376592666216
-0.9996376592666216
-0.9996376592666216
-0.9853653644088183
-0.9863173424527065
-0.9747851842641484
-0.9968850504007187
-0.9830387260307877
-0.9588927862506387
-1.0041119128645073
-0.9968818515374778
-0.9855000814377195
-0.9977566968414167
-0.9996376592666216
-0.9996376592666216
-0.9202134392089573
-0.9996376592666216
-0.9996376592666216
-0.9996376592666216
-0.9996376592666216
-0.9996376592666216
-1.0116748818337638
-0.991281872357899
-0.9539608761473222
-1.0002002039095441
-1.0002002039095441
-1.0007459972594397
-1.0002002039095441
-0.9582945254365721
-0.9996376592666216
-0.9078907785998269
-0.9996376592666216
-1.0002002039095441
-0.9999432541838762
-0.9996376592666216
-0.9996376592666216
-0.9874622422156375
-0.9996376592666216
-0.9872176323421646
-0.9996376592666216
-0.9996376592666216
-0.9996376592666216
-1.0694972549379897
-0.9975175019840415
-0.9996376592666216
-1.0100146261903085
-0.9996376592666216
-1.0006593605134324
-0.9996376592666216
-1.0294137557173955
-0.9996376592666216
-1.0077319074741726
-0.9996376592666216
-0.9996376592666216
-0.9870298217346155
-0.9996376592666216
-0.9996376592666216
-0.9996376592666216
-0.9996376592666216
-0.9999296580374355
-0.9543967459251186
-0.9996376592666216
-0.9870317244564224
-1.0278617620777641
-0.9353414851117976
-1.0253857279064555
-1.0253857279064555
-0.9996376592666216
-0.9996376592666216
-0.9996376592666216
-0.9996376592666216
-0.9996376592666216
-1.0145629499898745
-0.9109600429446758
-1.0061728107309371
-1.008675335177266
-0.9996376592666216
-0.9996376592666216
-1.0523584772243657
-0.9996376592666216
-0.9495135643646034
-0.9996376592666216
-1.0057138813270872
-1.0047646904004137
-1.0281015502819726
-1.0219624403824634
-0.9870317245677327
-0.9996376592666216
-1.0297248714169474
-0.952544150876392
-0.9996376592666216
-0.9984739616682686
-1.0051962320204717
-0.9996376592666216
-0.9996376592666216
-0.982020733235734
-0.9996376592666216
-1.0103441697975293
-0.9996376592666216
-0.9996376592666216
-0.9728383024527801
-0.9818970850066489
-0.978123101123386
-1.0073285609818425
-0.9996376592666216
-0.9483127684604148
-0.9533908693864017
-0.9889689147082072
-0.9053754153941378
-0.9839324666750566
-0.9854072330246831
-1.0020342542158094
-1.0280399978980637
-0.987521284171377
-0.9832785429680055
-0.9996376592666216
-0.9996376592666216
-0.9816321231738353
-0.9996376592666216
-1.0002002039095441
-0.9576068446214065
-1.008087978572775
-0.9823290573126784
-1.01494934725164
-0.9350384269129164
-0.9773764670921883
-0.9897878946037455
-0.9849497649110108
-0.9996376592666216
-0.9949814543372202
-0.9891025333511938
-1.0230241053652436
-0.9998455678092093
-0.9996376592666216
-0.9931157129913244
-0.9773087616467386
-0.9587864068064575
-0.9591327334929842
-0.9961684094400174
-1.0032029480804663
-1.0002002039095441
-0.989360927908803
-0.926558458704301
-0.9768012082985409
-1.0002002039095441
-1.0253857279064555
-0.9996376592666216
-1.005856343900963
-0.9996376592666216
-1.0006735452541966
-0.979604930056709
-1.0275236624782809
-1.0063370462520582
-0.9719936179202263
-1.0253857279064555
-1.0074168558981773
-1.0002002039095441
-1.020676974829764
-1.0002002039095441
-1.0002002039095441
-1.0549218088322672
-0.8654619377720165
-0.9996376592666216
-0.9996376592666216
-0.9996376592666216
-1.0002002039095441
-0.9996376592666216
-1.0002002039095441
-1.0002002039095441
-1.0002002039095441
-1.0002002039095441
-1.0002002039095441
-1.0002002039095441
-1.0163312926205545
-1.0002002039095441
-0.9996376592666216
-1.0030618890960354
-1.016191107378083
-0.997243967505691
-0.9508588445380799
-0.9996376592666216
-1.0021358793685196
-0.9604136339097122
-0.940179646094683
-1.000429186563576
-0.9996376592666216
-0.9583409756423554
-0.9996376592666216
-0.9996376592666216
-1.0002002039095441
-0.9815669549300577
-0.9996376592666216
-0.989246915528059
-1.0003602613119162
-0.9236820205135041
-1.0195645260359716
-0.8924662152761099
-1.0225550220413162
-1.0002002039095441
-0.9988695643936272
-1.013705599445954
-0.9996376592666216
-1.0002002039095441
-0.9592802628697796
-0.9763663020296591
-0.9286699814479679
-1.017895416068332
-0.994210444442952
-0.97362930840442
-1.0233171287327352
-0.9984469516035637
-0.9392155327801625
-0.9966937327987029
-0.9996376592666216
-1.0002002039095441
-0.9974283823896893
-1.000906373616693
-0.9892491338922236
-0.9940333782861654
-0.8598351057900271
-1.004755946553917
-0.9487316087333647
-0.9996376592666216
-1.0142062742068334
-0.9996376592666216
-0.9996376592666216
-0.9996376592666216
-0.9996376592666216
-0.9996376592666216
-1.0183224966497069
-0.9998300741931136
-1.0002002039095441
-0.9756437988184159
-0.9741830140671853
-0.9996376592666216
-0.96541412396329
-1.0160493296765614
-0.9670062045397212
-0.9877565341876123
-1.0082029524660348
-0.9865986622236598
-0.9996376592666216
-0.9996376592666216
-0.9780117849069823
-0.9598766970094694
-1.0002002039095441
-0.9183423092779304
-0.980632884839735
-0.8919651928475505
-0.9546871324294186
-0.9997287994907913
-0.9486641213407573
-0.9940027920981105
-1.0122248451843376
-0.9802989052607057
-1.0028459086855412
-0.9666884632055468
-0.9926752418503252
-1.0283005756901433
-0.9486437697691654
-0.998278762352122
-0.9856805208254302
-0.9996376592666216
-0.9996376592666216
-0.9660068492467787
-0.974602207644236
-0.9892917892794701
-0.9741460237988242
-1.0158183281604896
-1.0482960959614578
-0.9936933824497056
-0.9996376592666216
-0.9996376592666216
-0.9996376592666216
-1.000961289886664
-0.9996376592666216
-0.9884552792900052
-1.0200651482052774
-0.9996376592666216
-0.9996376592666216
-0.8694858288679674
-1.0002002039095441
-0.9366495968376053
-1.0470732029194039
-0.9977151750228468
-1.0113627846883695
-0.9820297815200194
-0.9996376592666216
-0.8705081915011967
-0.9996376592666216
-0.9996376592666216
-1.0044596046514644
-0.9683913519652376
-0.9377225447075676
-1.0184859573297596
-0.9559289245127547
-0.9040287568665502
-1.0489136697651038
-1.0002002039095441
-0.9583503936890231
-0.9903747254876828
-0.9996376592666216
-0.978304265306878
-0.9994043994734233
-1.0002002039095441
-1.0010604468497917
-0.9967515430476728
-0.9716964671424158
-0.9706577578444757
-0.9823621430110284
-0.9996376592666216
-1.0480533654965034
-0.9996376592666216
-0.9235137872356897
-1.0344715413713108
-0.9206830348660131
-0.9996376592666216
-0.9996376592666216
-0.9677768786067231
-0.5152305178147699
-0.9996376592666216
-0.9626748569878242
-0.9448806557249473
-0.9639291797304592
-1.0059835343882797
-0.9693077759748762
-0.9822949696244611
-0.9996376592666216
-0.9996376592666216
-1.045355688533982
-0.9897297197313195
-1.0497093225942367
-1.030448938742827
-1.0010306861365665
-0.9996376592666216
-0.9996376592666216
-0.9699368507250614
-0.9360607374752484
-1.054061252284306
-0.9996376592666216
-0.9658283804483461
-1.0196109663346324
-0.9996376592666216
-0.9328234678118912
-0.9999514934209424
-0.9996376592666216
-0.9996376592666216
-1.0154461559756938
-0.9991485937172118
-1.0090686282625836
-0.9743946845218933
-0.9996376592666216
-1.012047983843607
-0.9819748652608338
-0.9996376592666216
-0.9996376592666216
-0.9935591723067408
-0.9523517219119351
-0.9996376592666216
-0.9996376592666216
-0.9996376592666216
-1.0322583776011074
-0.9975611735416703
-0.9742790072439579
-1.0302742938065674
-0.9569506872811524
-0.9996376592666216
-0.9972826156411654
-0.9512557249247846
-0.9996376592666216
-1.01027249092378
-1.0151767011082062
-0.9996376592666216
-0.9797210124567671
-0.9996376592666216
-1.0002002039095441
-0.9909570602205211
-1.004991216419651
-0.9996376592666216
-0.9870298217346106
-0.9996376592666216
-0.9996376592666216
-0.9887755502077233
-0.9887974721313375
-0.9996376592666216
-0.9606709549856255
-0.9996376592666216
-1.0125157281842014
-0.9996376592666216
-0.9996376592666216
-0.9999535894307335
-0.9996376592666216
-0.9778745755946143
-1.0000043332092587
-1.018741190795584
-0.953938894926436
-0.9858569397337053
-0.955979149555862
-0.9863867929348856
-1.0002975576594038
-1.0040646141929261
-0.8020345654440635
-0.9996376592666216
-1.0002002039095441
-0.9363639112181202
-0.9841017754089021
-1.0229207937162568
-0.9917487752411698
-1.0040859439191478
-0.999939806789612
-0.9954814406604737
-1.0126530629520372
-0.9999064175016664
-1.0122097518866675
-1.0001568542836687
-0.9996376592666216
-0.9996376592666216
-1.0226731496905734
-0.9996376592666216
-0.9917910900402145
-0.9996376592666216
-1.0283720727880632
-1.0078515361244145
-0.9996376592666216
-0.9996376592666216
-0.9996376592666216
-0.929662021244455
-0.9900468204294532
-0.9996376592666216
-0.9847766095500969
-0.9996376592666216
-1.0047480002978377
-0.9996376592666216
-0.9830659364507931
-0.9917358864934986
-0.9995548818630551
-0.9996376592666216
-0.9996376592666216
-1.0002002039095441
-0.9996376592666216
-0.995871436057054
-0.9770515390943818
-0.842705201188011
-0.9996376592666216
-1.0065094769118943
-1.0002002039095441
-0.9996376592666216
-1.0002002039095441
-1.0002002039095441
-0.9996376592666216
-0.9263355128893289
-0.9996376592666216
-1.0010100627055851
-1.0028420541269585
-0.9996376592666216
-0.9569966678155848
-0.9316101468350932
-0.9451238805639557
-1.0002002039095441
-0.9996376592666216
-0.9996376592666216
-0.9996376592666216
-1.0068759056538328
-0.9969052693255388
-1.0002002039095441
-0.9805362497432055
-0.9557314646627887
-1.0002002039095441
-0.9996376592666216
-1.0218114578532982
-0.9996376592666216
-1.0129778613851108
-1.0403123433473882
-1.0002002039095441
-1.0003602613119162
-1.0295773536321995
-1.0253857279064555
-0.9902031675025993
-1.015844125080749
-1.0197336852298815
-1.0219843446572434
-0.9867055365054853
-0.9605947020682231
-1.036852592704999
-0.9924445270991595
-0.9076197416761247
-0.5152305178147699
-0.991436231247096
-1.002262601336399
-1.0309290312729806
-1.0029787308744686
-1.0003131912256655
-0.9664771914627992
-1.01345865100762
-0.9891421780110645
-1.0055615166500596
-0.9876442962206939
-1.0071651117785536
-1.0002002039095441
-0.996841335951469
-0.9996376592666216
-0.9826875392619845
-0.9996376592666216
-1.0002002039095441
-1.0002709389272089
-0.9750938160180875
-1.0002002039095441
-0.9770601271728462
-0.9996376592666216
-0.9999883322436924
-1.005461426582542
-1.0002002039095441
-0.9996376592666216
-0.943080640269488
-1.0253857279064555
-0.9996376592666216
-0.9394931225652527
-0.956022300818116
-1.0371937365910369
-0.906381093234726
-0.988212480954724
-0.9610552571380013
-0.9673453357091406
-1.0052087697782506
-0.9881357425328875
-1.0352297312274892
-0.9581632303599896
-1.0070171999064872
-0.9746024943672208
-0.9706116584581586
-0.9996376592666216
-1.009444592343632
-0.9996376592666216
-0.9996376592666216
-1.0010658034451192
-0.9380294613357001
-0.9944618144014126
-0.9821848069204275
-0.9717913619633023
-1.0229694624900945
-0.9996376592666216
-0.9501400638711607
-0.9691716233853231
-0.987663679036703
-1.0184438160087876
-1.0230596529000229
-0.9870222090672578
-0.9483447877056167
-1.009444592343632
-1.0073401615368884
-0.9884523980997277
-0.9799392256939423
-0.9726163850644836
-0.9996929277039015
-1.0209297659112129
-0.9881125980647318
-0.9942330438748644
-0.9667342071701022
-1.0253857279064555
-0.9870298217346116
-0.9478986821789236
-0.9996376592666216
-0.9996376592666216
-1.0208190472340588
-0.9996376592666216
-0.9061844636600499
-1.0087625144467975
-0.9890339964926987
-0.9336775575301047
-0.9123643317196378
-1.009444592343632
-0.9996376592666216
-0.8989746776002
-0.9996376592666216
-1.0167759083194279
-0.9610646485734559
-0.9996376592666216
-1.0167679639310616
-0.9607832728179327
-0.9996376592666216
-0.9996376592666216
-1.0094542760074194
-0.9789662122127782
-0.9533959453866406
-0.9393831274413081
-0.9871128954180793
-0.9996376592666216
-0.9996376592666216
-0.9825945137782608
-0.9996376592666216
-0.973314369808796
-1.0181313388444997
-0.9852158676863396
-0.8234166747245215
-0.9996376592666216
-0.9996376592666216
-0.9902830869671487
-0.9996376592666216
-1.0119904713101666
-0.8665742691229434
-1.0326296805564739
-0.9992809068869277
-0.9872116796669894
-0.9996376592666216
-1.0166205465952534
-1.0205216284555796
-0.9039528864337785
-0.9889259537534054
-0.9996376592666216
-0.9996376592666216
-1.0002002039095441
-0.9996376592666216
-1.0184267767709125
-0.9996376592666216
-1.0405111763905202
-1.0100906989467313
-0.9586939519041539
-0.9482319019035448
-0.9266001499337744
-0.907782189341023
-0.9996376592666216
-0.9364430154688641
-0.9536569496783831
-0.9996376592666216
-0.9912411100465174
-0.9996376592666216
-0.9668182436371399
-0.9702448631338111
-0.9538696122541619
-1.018710780658752
-0.9640127842752071
-0.9818999381507676
-0.9575729981922161
-0.9763520002746054
-0.9820219192709491
-0.9566751264387134
-0.9996376592666216
-0.9768675335232252
-1.0002002039095441
-0.9996376592666216
-0.9996376592666216
-0.9996376592666216
-0.9996376592666216
-1.0058469487822925
-0.9684197475088724
-0.9274106064908845
-0.9996376592666216
-0.9996376592666216
-1.0176503323843227
-0.9917376611924364
-1.0307072888227231
-0.9950310905222696
-0.9996376592666216
-1.0261964907792724
-0.9820815789461979
-0.9690079089926271
-1.0521104638820666
-0.9996376592666216
-1.0059325117867528
-1.0002002039095441
-0.989922925864314
-0.9996376592666216
-0.9996376592666216
-0.8931183930922665
-0.9996376592666216
-0.9729280506471741
-0.9996376592666216
-0.9996376592666216
-1.0234048583107969
-1.0043624822199093
-0.9871737252450961
-0.9237944719059701
-0.9996376592666216
-0.9324309032860634
-0.9816786912805907
-0.9996376592666216
-0.8877967205587208
-0.9996376592666216
-0.9996376592666216
-0.9996376592666216
-1.0091951430497768
-1.0101511593584542
-1.005468941086073
-1.0013311594500938
-1.0002002039095441
-1.0002002039095441
-1.0002002039095441
-1.0073007918243972
-0.9996376592666216
-1.032328387063387
-0.9996376592666216
-0.9739731262674212
-0.9706918095798657
-0.940189925813268
-0.9996376592666216
-1.0360600528843673
-0.914900489047647
-0.9216679323232586
-1.0019944992726586
-0.9996376592666216
-0.9996376592666216
-1.0002002039095441
-1.010915736027603
-0.9996376592666216
-0.9454302224100588
-1.0011545927686667
-0.954159583721268
-0.9702114556209948
-0.9594289040426416
-0.9749000940049259
-0.972323428386909
-0.9615936968067996
-1.0234535870021848
-0.9996376592666216
-1.0003546032378898
-1.000621605446674
-1.014177664825861
-1.0190022954520637
-0.9996376592666216
-0.9981421082710896
-0.9747856147987859
-1.021004756307873
-0.9996376592666216
-0.9996376592666216
-0.9996376592666216
-1.0002002039095441
-0.9996376592666216
-0.9830915908516302
-1.0002002039095441
-0.9595228110296347
-0.9807473363077847
-0.999101556818708
-1.038931859902679
-0.9959477027238031
-0.9996376592666216
-0.9996376592666216
-0.9931301694487339
-1.0014425835566028
-1.0463954254505932
-1.0050613019826957
-1.0103519547957311
-1.0002002039095441
-0.9996376592666216
-0.9767463758094362
-1.0298087760229429
-1.006245947498254
-0.9996376592666216
-0.9331045459760415
-0.9301862211417756
-0.9978408660012283
-0.9860214111730032
-1.018767979258152
-0.9996376592666216
-1.0028743139489833
-0.9632571836531015
-1.0002002039095441
-0.9737451226972358
-0.9260028036307069
-0.98196779782527
-0.994496896159387
-0.9751830888301289
-0.9870298217346137
-0.9791389829662328
-1.0000981134542979
-0.9996376592666216
-0.9996376592666216
-1.0072653040064183
-0.9996376592666216
-0.9996376592666216
-0.993904534446334
-0.9967745578326066
-0.9415910874834033
-1.028403208138511
-1.0005413758626505
-0.9764047429196803
-0.997242766830614
-0.9996376592666216
-0.9141284828956922
-1.0132280510315044
-0.9616479420620692
-0.966702778671171
-0.9808823501078999
-1.0091951430497768
-1.0002002039095441
-0.9996376592666216
-0.9548302670857018
-0.9999897618113941
-0.9366980773501828
-0.9763622594426559
-0.973209153414039
-0.9996376592666216
-1.0195460224526542
-0.9871698616353716
-0.958470088759274
-0.9996376592666216
-0.9996376592666216
-0.9996376592666216
-0.9996376592666216
-0.9883654170681275
-0.9996376592666216
-1.0113819546850902
-1.0085803935666635
-1.0531720111419915
-0.9831888937783453
-0.9556230204523104
-0.9651859692592414
-0.9996376592666216
-0.9828026951684609
-0.9996376592666216
-0.9904309388529333
-1.0002002039095441
-0.9614286447459299
-1.0002002039095441
-0.943025953927422
-1.0044427711618518
-0.9996376592666216
-0.9332107457582042
-1.0002002039095441
-1.0002002039095441
-1.0002002039095441
-0.9164397965703712
-0.9711117085830051
-0.9763165906773021
-1.0002002039095441
-0.9286478953499483
-1.0002002039095441
-0.9407470153942374
-0.9481546222693047
-0.8739791335313726
-0.9996376592666216
-0.9996376592666216
-0.9703199429001867
-0.9687919584983311
-0.8669533724628037
-0.9996376592666216
-0.9880450112678872
-0.9996376592666216
-1.0081098122778076
-1.0173339314888057
-1.0328907588418657
-0.9542526558646771
-1.0046514804335993
-0.9977453950589089
-0.9517791770626931
-1.0002002039095441
-0.9835359576902698
-0.9577091708904385
-1.0039275299356287
-1.0188877554094555
-0.9996376592666216
-0.9996376592666216
-0.9996376592666216
-0.9872033534968431
-1.019488368212147
-1.006632847354528
-1.0071172760392149
-1.01338683089767
-1.0322107367715172
-0.975958907416358
-1.018792676723532
-0.9684333891692792
-0.9996376592666216
-0.9402477503939173
-0.9944254297652068
-1.0197094296107794
-1.0013473982787038
-0.9996376592666216
-0.9824516131684142
-0.9597928957292083
-0.9824516131684142
-0.9882973647517563
-0.9946254387647439
-0.9996376592666216
-1.0078157998796042
-0.9959525013066174
-0.9996717380445383
-1.0198615591914373
-0.9996376592666216
-0.9615336579943745
-0.9823140180081784
-0.9996376592666216
-0.9995548818630551
-0.9996376592666216
-0.9996376592666216
-0.9874783789339262
-0.9999897618113941
-0.9601718328633932
-0.9924604184964165
-0.9996376592666216
-0.9996376592666216
-0.955651699550452
-0.9996376592666216
-1.0606882448641306
-0.987029821734612
-0.9348480904255732
-0.9996376592666216
-0.9406274193479927
-0.9999064175016664
-0.9915361749392435
-1.000835203401236
-1.0120631506698998
-0.9996376592666216
-1.010072864613171
-0.9996376592666216
-0.9570892833996324
-0.9996376592666216
-1.0302241970748494
-0.9903597014042913
-1.0000441245065703
-0.9996376592666216
-0.9924859331297299
-0.9996376592666216
-0.9996376592666216
-0.8703040919523638
-0.8980940091090626
-0.9996376592666216
-0.9500589322426212
-1.0002002039095441
-0.9996376592666216
-1.0253857279064555
-0.9485776534182155
-0.9996376592666216
-0.9574940507775147
-0.9983967956010671
-0.9926664837352261
-0.9920409058424426
-0.9996376592666216
-0.9870298217346073
-0.9062013442438819
-0.9996376592666216
-0.9996376592666216
-0.9996376592666216
-1.050250875870952
-0.9572251760382988
-0.9712117553431212
-1.0045749805245563
-1.0042631783602571
-0.9996376592666216
-0.9873133801822149
-0.9890763723663107
-1.0003981934361788
-1.0085105357917146
-0.9950746692563855
-1.0022350530375415
-1.0337207966466002
-0.9830445936947145
-0.9831553208297663
-0.9846075060167243
-0.9996376592666216
-1.0072677005666038
-0.9996376592666216
-1.0456635112926325
-0.9908204363116988
-0.9762517064784361
-0.9882173904417946
-1.043060435463343
-0.9947614450718569
-0.9522558108855386
-1.0089623407419528
-1.023652172981066
-0.8928396845059767
-0.9996376592666216
-1.0176931926219823
-0.9511159118836806
-0.9781335858320882
-0.9996376592666216
-0.9327668504621234
-0.9996376592666216
-1.0008657718240137
-0.9996376592666216
-0.9727928001597553
-0.9938680999866243
-1.0231215202777348
-0.9470176468433286
-0.9805821996249215
-0.9930354760656824
-1.015505052509494
-0.982134266606105
-0.842350112402883
-1.0115704113479353
-0.9226709384217309
-0.915983754916688
-0.9791511056084925
-1.0461841262257332
-0.9725369553692922
-0.9888717776853537
-0.9760313058823382
-0.9996376592666216
-0.9871144370792849
-0.9747543474411072
-0.9996376592666216
-0.9996376592666216
-1.0056990364166145
-1.0134451595763876
-1.0052415636641094
-0.9896879268729051
-1.0005304721293053
-0.9999704299350799
-1.0106206503184678
-1.0369415103313355
-1.0002904062007336
-1.0003661844018308
-0.9832785429680055
-1.0095231183424163
-1.0040885114888125
-0.97773291993205
-0.976941938479063
-0.9406112410999763
-1.0034840486772645
-0.8468203673202027
-0.9893396435373824
-0.9542971719599498
-0.9736773734455125
-1.0403339610057007
-0.9504749849690894
-0.9870066422178709
-0.9400193669372687
-1.0037931373748106
-0.9470900925512946
-1.0036055384170073
-0.9996376592666216
-0.9996376592666216
-0.9544653925182904
-0.9996376592666216
-0.9996376592666216
-1.018524323625208
-1.0147308804817814
-0.9996376592666216
-1.0195661407651293
-0.9983240395732245
-0.9616471610130133
-1.0077206340453533
-1.0413230614197326
-1.0317314821601042
-0.9258339876613525
-0.9900219719280334
-0.9981882207719638
-0.9996376592666216
-0.9655860279716555
-1.0114196187028779
-0.951756525681457
-1.0033414376201855
-0.9996376592666216
-1.0529870067125435
-1.0304289398807063
-0.9778654100512796
-0.9563114721952481
-0.9280567314991353
-1.0096410896161152
-0.9621757300713549
-0.987319135123131
-0.9996376592666216
-0.9996376592666216
-0.9717540057778755
-0.9923159769405688
-1.0205518541556242
-1.0097510636349771
-1.005694401788569
-1.0407928087705007
-0.9996376592666216
-0.9407162766156587
-0.9818705218495376
-1.0002002039095441
-0.9996376592666216
-0.9199190291081921
-0.9999328703712977
-0.9401136672526823
-0.9996376592666216
-0.9494414802033286
-0.9943754538630012
-1.0103433321542943
-0.9202361223357678
-0.9606002300179449
-0.9996376592666216
-0.9667335046643888
-0.9996376592666216
-0.9996376592666216
-0.9818824761140739
-1.0002002039095441
-1.0002002039095441
-1.0010500047475084
-1.034975968377177
-0.9576071568995072
-0.9558784171536415
-0.9738652576670672
-1.0097001700241464
-0.9865761691286112
-0.9425402197071482
-1.028898429461082
-1.0407953189282229
-0.9996376592666216
-0.9651625157503543
-1.010392054637583
-0.9576226941702634
-1.0002002039095441
-0.9996376592666216
-0.9884095512102953
-0.9996376592666216
-0.9872716816510974
-0.9996376592666216
-0.9996376592666216
-1.019202720436202
-0.9885497417799523
-0.9996376592666216
-0.9922118255983526
-0.9804135342943913
-1.0231118833152764
-0.9996376592666216
-1.0002002039095441
-1.0040610848582252
-1.0011523199087062
-1.0234033003529759
-0.9515732344624623
-1.0022350530375415
-1.0189739928247883
-1.0025304298995446
-1.000906373616693
-0.9972807720597846
-0.9408813804280991
-0.9996376592666216
-1.0178428953333614
-1.03996107634473
-1.0002002039095441
-0.9926735001529096
-0.96576926681237
-0.9996376592666216
-0.9876418754186788
-0.9914889670733638
-0.9999064175016664
-0.9988776917918473
-0.9996376592666216
-0.9794346161654472
-0.9996376592666216
-0.9870298217346066
-1.014625210480662
-0.9996376592666216
-0.9996376592666216
-0.9575128078874523
-0.9749667952838755
-0.9996376592666216
-0.9894001062474127
-1.0274251618201184
-0.9996376592666216
-0.9873378194869146
-0.9996376592666216
-0.9996376592666216
-0.9572670337698848
-0.9996376592666216
-0.9999485621496912
-0.9953064500602371
-0.9846678024030541
-1.0323418913854752
-0.9693577865767686
-0.9929779321568819
-0.9996376592666216
-0.9892584053174222
-1.0456378980538064
-1.0044162840597282
-0.9996376592666216
-1.0046942424951146
-0.9552931301727272
-0.9870298217346128
-1.0009067398951124
-0.9665164922414587
-0.9879225778214837
-0.9442909286287293
-0.9996376592666216
-1.0066549146160522
-0.9975904945742353
-1.024579307289144
-0.9996376592666216
-0.9457874485661029
-0.9996376592666216
-0.9996376592666216
-0.9919623228733001
-0.9963702918137842
-0.976387998205468
-0.9984080358146658
-0.9996376592666216
-0.9963691588218186
-1.0194878185075917
-1.0138777989426038
-0.9311356511774314
-0.979480577694793
-1.0255915359783718
-0.926826632604173
-0.9885373416017048
-0.9240498406494779
-0.9724924623949817
-1.036059537272379
-1.0054631136551384
-1.037293485655638
-0.9996376592666216
-1.0043809721150265
-0.9872985713941591
-1.0438525798212335
-0.9999485621496912
-0.9996376592666216
-1.001436701048515
-0.9962989779904767
-1.0085351703245142
-1.0028126868164873
-0.9686915691457664
-1.0124197021624428
-1.0215398996009282
-0.9999897618113941
-0.9683988756071906
-0.9996376592666216
-0.8762985401358746
-0.987292259783344
-0.9749661411612945
-1.0003602613119162
-0.9940256255992287
-0.9996376592666216
-0.957547631980877
-0.9769322748252374
-0.972884753308197
-0.9892583798108581
-0.9996376592666216
-1.0058807030403514
-0.9996376592666216
-0.9996376592666216
-0.9668195837515272
-0.9735391209903566
-0.9786956232226902
-0.9600514883210888
-1.013633636656152
-0.9974049192953319
-1.021224696175469
-0.9996376592666216
-0.9996376592666216
-0.9996376592666216
-0.9996376592666216
-0.9996376592666216
-0.9836840940107423
-1.0002002039095441
-0.9996376592666216
-0.9996376592666216
-1.0082572904945488
-0.9996376592666216
-0.9996376592666216
-1.0253857279064555
-0.9506522614322481
-0.9996376592666216
-0.9621765289359405
-1.0002002039095441
-1.0159660289332697
-0.9798004782538716
-0.9996376592666216
-0.9996376592666216
-0.9996376592666216
-0.9996376592666216
-1.017848970155822
-0.9755618143416702
-0.8473661903533061
-0.9875436768725872
-0.9996376592666216
-1.0482832832629891
-0.9892400668309642
-1.0166420899710251
-0.9860684995084182
-0.9959108112084802
-1.0151628530686951
-0.9996376592666216
-0.9290469758856281
-0.9973294141251101
-0.9342182951495532
-0.9996376592666216
-0.9978237978696002
-0.9823590531887116
-0.9791125784758316
-1.0128352976571724
-1.048719399621508
-0.9045401052448397
-0.995783585261848
-1.028682188871724
-0.9898020263475849
-1.069042919102792
-1.049684201470725
-0.9615602459311081
-0.8782019776393433
-1.0187537725881577
-0.934056636401426
-0.9931926813250447
-0.9996376592666216
-1.0016359280708071
-0.9996376592666216
-1.004223305932557
-0.9642859353132063
-1.0068486865700186
-0.9996376592666216
-0.9996376592666216
-0.9716387044851619
-1.0056705311248888
-0.9863559786363102
-0.9559286936601984
-0.9539902722394291
-0.9317208784592399
-0.9424231374869415
-0.9440392008568091
-0.9416229897646309
-0.9710061118252531
-0.9814360497354757
-0.9870298217346146
-0.9541380765074341
-1.0158664628041836
-1.044320183581957
-0.9602392987410854
-1.0219077015625582
-0.9742032450685714
-0.9791082888866899
-1.0210043105671376
-0.9774534235469572
-1.0173903101606414
-0.9306399826932632
-0.993915536897201
-0.9996376592666216
-0.9961144829396442
-1.0239606478141325
-0.9493399729012133
-1.0003084138159661
-0.9856621616829507
-0.9426539338065802
-1.0189319054308261
-0.9996376592666216
-0.9810137365572865
-0.9465324440178673
-0.9261481121359246
-0.9996376592666216
-1.052174477624349
-1.0000043332092587
-0.9987440983158307
-1.0045023899364873
-1.002616829880161
-0.9996376592666216
-0.9996376592666216
-0.9541877938592912
-1.0078486925142893
-0.9996376592666216
-0.9996376592666216
-0.9996376592666216
-0.9811037451464728
-1.0075331446812619
-0.9996376592666216
-0.9996376592666216
-0.9996376592666216
-0.987548734938428
-1.0267693874508594
-0.973220311794104
-0.9996376592666216
-0.9842460328754477
-1.0002002039095441
-1.0002002039095441
-0.9996376592666216
-0.9894292584005271
-1.0593614386554002
-0.987836776055242
-0.9606783541505151
-1.0291216990706529
-1.0253857279064555
-0.9996376592666216
-0.9996376592666216
-0.9996376592666216
-1.0231854795361837
-0.9455367230355594
-1.0080333556460548
-0.9278622605566583
-0.9854685365222042
-0.9996376592666216
-1.025926377409761
-1.0509811431700784
-0.9996376592666216
-0.9996376592666216
-1.0002002039095441
-0.961597837245534
-1.0294164906423144
-1.0002002039095441
-0.996422961869886
-0.9996376592666216
-0.9996376592666216
-1.008599903403381
-1.0015270333778052
-0.9990679362943712
-0.9996376592666216
-0.9996376592666216
-0.9996376592666216
-0.9996376592666216
-1.0341102670520186
-0.9967952137295819
-1.0455376415403101
-1.002333196497841
-0.9430386325512218
-1.0292933631352088
-0.9996376592666216
-0.9999485621496912
-0.9862118557603258
-0.9996376592666216
-0.965104722921292
-0.9915072917414198
-1.0334925075952677
-1.0114573648285161
-0.9839727601446204
-0.9639504360215807
-0.9596967226167737
-0.9397193057945853
-0.9724552181926015
-1.0110678178240282
-0.9974289375601377
-0.9543006997265961
-1.0194493720338866
-0.9996376592666216
-1.04037823302949
-1.0058658062724632
-0.9545592003646294
-0.9996376592666216
-1.0306770877716036
-0.9940902963793224
-0.9790510660402829
-1.0048367796551454
-1.0128171963030153
-0.9896915542169222
-1.0211767823444053
-0.9298824572418586
-1.0373408739500247
-1.0002002039095441
-1.0244797210897605
-0.9996376592666216
-1.0319363616317838
-0.8794429402869781
-1.003371544556757
-0.9927039543417396
-0.9996376592666216
-0.9859110180848525
-0.9528760252102475
-0.9996376592666216
-0.9996376592666216
-1.0319268557285477
-1.0036377150047755
-1.0203921893491168
-0.9999704299350799
-0.9718556446362944
-0.5152305178147699
-0.9688607739802433
-0.9879706465961099
-0.9996376592666216
-0.9596321619696474
-0.9996376592666216
-1.0291298497368961
-0.981353652742617
-1.0243598696885043
-0.9469514649451537
-0.9859863621927676
-0.9891861079829856
-0.9996376592666216
-1.0056476748486318
-0.9866811605655476
-1.01334404389802
-1.0017852754553487
-0.9996376592666216
-0.9996376592666216
-1.01950546772085
-0.9854376064299165
-1.0088470580499131
-1.0002002039095441
-0.9996376592666216
-1.0110847781632901
-0.9973910448570976
-0.9996376592666216
-1.0002002039095441
-1.0188390861160381
-0.971671824732246
-1.0129965765302962
-0.986915300966417
-1.006361822429244
-0.9934232252839323
-0.9227113267617533
-0.9996376592666216
-0.9646174373908025
-0.9996376592666216
-0.9720266282659317
-0.9983424473240813
-0.9998326289618589
-0.9996376592666216
-0.9996376592666216
-1.0029164485465532
-0.9972899061208174
-0.9996376592666216
-0.9564655602451739
-1.033312950732048
-1.000906373616693
-0.9627924657742094
-1.0067996619400188
-1.0062763953610028
-0.9712959289536881
-1.0058469487822925
-0.9854728287766247
-0.9996376592666216
-0.9764663069087925
-0.9953861727113118
-0.9522207617212626
-0.993772278735499
-1.0067886501669332
-0.9953888455569376
-0.9047672991575414
-0.9937750879315953
-0.9818534268097541
-0.9866432065160093
-0.9960556173787812
-0.9873684055294756
-1.0037036289310617
-0.9942600944955569
-1.034975968377177
-1.0125767007105588
-0.9972639335128357
-1.0101360607187182
-0.9996376592666216
-0.9996376592666216
-0.9996376592666216
-0.9996376592666216
-0.9857490212009103
-1.0034802723896077
-0.9996376592666216
-0.9998455678092093
-0.980074819665953
-0.894084980377353
-0.9563341825088034
-0.9681293896323668
-0.9581466858572397
-0.983991248391147
-0.9317939664970651
-0.9600546802227695
-0.9347543848345268
-0.929251274016261
-0.9435156463517285
-1.029635543337451
-0.9119658013702976
-1.0332994026710816
-0.938598342842274
-0.9689017531292323
-1.0505155777116375
-0.9829008194907708
-0.9397349001017633
-0.9619897336766711
-0.913465983912011
-1.0070322180406257
-0.9479928707503883
-0.9333167941250247
-0.9049354226078924
-1.0502407555715387
-0.9537088872939855
-0.9923972730213075
-1.020170559389873
-1.0002002039095441
-1.0430701744855797
-0.9996376592666216
-1.010967051799827
-1.023967918102855
-0.9890609400855169
-0.9996376592666216
-0.9996376592666216
-0.9872451872736041
-0.9639459954855153
-0.998388188603601
-0.9996376592666216
-1.0003602613119162
-0.9996376592666216
-0.9996376592666216
-1.0155211094603998
-1.0002002039095441
-0.9704110534215101
-0.9996376592666216
-0.9996376592666216
-1.034495779177397
-0.9996376592666216
-0.9618406983952393
-1.001865970670442
-0.9996376592666216
-0.9996376592666216
-0.9996376592666216
-0.9996376592666216
-1.0026808376857923
-0.9642436618103861
-1.0002002039095441
-1.0002002039095441
-0.8800641991933653
-1.0324220404375164
-0.9974670465127463
-0.9804255753268156
-0.9996376592666216
-0.9892102733676402
-0.9996376592666216
-1.0549102784416011
-0.9996376592666216
-1.0002002039095441
-0.9996376592666216
-1.0038178976684775
-0.9611536366255369
-0.9946985403265967
-1.0002002039095441
-0.9996376592666216
-0.9996376592666216
-0.9871260559486843
-0.9996376592666216
-0.9515048784944562
-1.0057126658613649
-0.9996376592666216
-0.9996376592666216
-0.9996376592666216
-1.0183235494412757
-1.0003602613119162
-1.0441846349130048
-0.9996376592666216
-0.9996376592666216
-1.010659026167227
-0.9873898260367833
-0.9879164173001147
-0.9996376592666216
-0.9996376592666216
-0.9999883322436924
-0.9679636446474778
