-0.9997563484820172
-0.9584513041740401
-0.9997563484820172
-0.9889269640540309
-0.9997563484820172
-1.0113316677436195
-1.0295266801013634
-1.0013234616354854
-1.018811961017392
-1.0067453790430183
-0.9997563484820172
-0.9997563484820172
-0.9997563484820172
-1.0143712640905045
-0.9997563484820172
-0.9997563484820172
-1.0060183255714257
-0.9907917719467321
-1.0072126237734413
-1.031763655815809
-0.9316637325834614
-1.0085479047154307
-0.9850265217177893
-0.9852928053865236
-0.9377766804256537
-0.973124626530709
-1.0366356209633651
-0.9997563484820172
-0.9872443074312598
-1.0167788088007859
-1.00661316692139
-0.9481523411918439
-1.0076378509688086
-0.9841177036917315
-0.9997563484820172
-0.9997563484820172
-0.9997563484820172
-0.9997563484820172
-0.9997563484820172
-1.0027146752551244
-1.0163211849873846
-0.6178051450409217
-0.9997563484820172
-1.0104503654468906
-1.060673367788408
-0.986528605934272
-1.0036699145726156
-0.9502776640709254
-0.9997563484820172
-0.9997563484820172
-0.972278878103778
-0.9858191313298091
-0.9999541446041347
-0.9999541446041347
-0.9109359943506046
-1.0353491422720509
-0.9999541446041347
-0.9999541446041347
-0.9999541446041347
-0.9999541446041347
-0.9999541446041347
-0.9999541446041347
-0.9999541446041347
-0.9999541446041347
-0.9999541446041347
-0.9999541446041347
-0.9999541446041347
-0.985799175710325
-0.988018922338212
-0.9997563484820172
-0.9832037324292073
-0.9997563484820172
-0.9997563484820172
-0.9997563484820172
-1.0026943844103178
-1.0019895209578635
-0.9731823073358563
-0.9997563484820172
-0.9893990926320733
-0.9997563484820172
-0.9997563484820172
-0.9997563484820172
-0.999180233427684
-0.8567240959967148
-0.9980264125386703
-0.9817860879703245
-0.9643867431879842
-0.9407713060074081
-1.0014604859283291
-1.0177348061426832
-1.0007012651071112
-0.9274515516094224
-0.9997563484820172
-0.9997563484820172
-1.0493246616717729
-0.9997563484820172
-0.9997563484820172
-0.9997563484820172
-0.9997563484820172
-0.9997563484820172
-1.0000896405252164
-1.03566301311044
-1.0060714734910263
-0.9999541446041347
-0.9999541446041347
-1.010623573392839
-0.9999541446041347
-0.9773720537881766
-0.9997563484820172
-0.991746356899094
-0.9997563484820172
-0.9999541446041347
-0.27446743627186354
-0.9997563484820172
-0.9997563484820172
-0.9730793014200363
-0.9997563484820172
-0.9730900009513115
-0.9997563484820172
-0.9997563484820172
-0.9997563484820172
-1.0399283940926203
-0.9787636518489832
-0.9997563484820172
-0.5703880831896229
-0.9997563484820172
-0.978919955630636
-0.9997563484820172
0.4905774707018439
-0.9997563484820172
-0.9944015344049564
-0.9997563484820172
-0.9997563484820172
-0.9730776856364387
-0.9997563484820172
-0.9997563484820172
-0.9997563484820172
-0.9997563484820172
-0.10841296887304919
-0.9653436112833802
-0.9997563484820172
-0.9730813416744319
-0.5714722379890426
-0.9929798554882165
-1.000073976953697
-1.000073976953697
-0.9997563484820172
-0.9997563484820172
-0.9997563484820172
-0.9997563484820172
-0.9997563484820172
-0.9386725183306701
-1.0053798167515118
-0.9141818294553503
-0.9927960417773967
-0.9997563484820172
-0.9997563484820172
-0.920890353268695
-0.9997563484820172
-0.9848979244521334
-0.9997563484820172
-1.0001084550488446
-0.9968829734669942
-0.9998626656351574
-1.090946392894154
-0.9730793014200346
-0.9997563484820172
-0.9564856433665371
-0.9970586878171824
-0.9997563484820172
-1.0017492140725808
-0.9905615297350536
-0.9997563484820172
-0.9997563484820172
-0.9890601235852742
-0.9997563484820172
-0.9817366286834814
-0.9997563484820172
-0.9997563484820172
-0.998460798783484
-0.9630296593082414
-0.8698622437560958
-0.996732904367825
-0.9997563484820172
-0.9928787493042597
-0.9391033864865933
-0.9730809175815504
-1.0154560807248987
-0.9949116778387156
-1.0126045708260738
-0.9108089107204788
-1.0203546952882052
-0.9737157997174664
-0.9961523693156675
-0.9997563484820172
-0.9997563484820172
-0.9867596950914616
-0.9997563484820172
-0.9999541446041347
-0.9813917579043423
-1.0507625224352524
-1.036627011688221
-0.9984025481596155
-0.999143629188925
-1.035786733485892
-0.965137549719031
-0.9697340395567203
-0.9997563484820172
-0.9846308501455308
-0.9749729367394502
-1.0171996697783494
-0.9998391573941815
-0.9997563484820172
-0.9630521051191898
-1.0327981805900925
-0.9865214842208763
-0.9856905955647857
-0.9866954244293469
-1.0067160756870468
-0.9999541446041347
-0.9912698517135887
-1.0210255166379638
-0.8814373420029319
-0.9999541446041347
-1.000073976953697
-0.9997563484820172
-0.4347476057215369
-0.9997563484820172
-1.000057915296186
-0.9206669101246262
-0.9619813988211018
-0.9547756664914205
-0.9265516323708757
-1.000073976953697
-1.048832603058508
-0.9999541446041347
-1.0000727464446588
-0.9999541446041347
-0.9999541446041347
-1.039128532269523
-0.9139555935444263
-0.9997563484820172
-0.9997563484820172
-0.9997563484820172
-0.9999541446041347
-0.9997563484820172
-0.9999541446041347
-0.9999541446041347
-0.9999541446041347
-0.9999541446041347
-0.9999541446041347
-0.9999541446041347
-0.9802192217991882
-0.9999541446041347
-0.9997563484820172
-1.0144909274256975
-0.8201375639738682
-0.9652000934806032
-1.0024068929483754
-0.9997563484820172
-0.9809638800356045
-0.9216112314715265
-0.9985942637821313
-0.9546487661336112
-0.9997563484820172
-0.9879294220959415
-0.9997563484820172
-0.9997563484820172
-0.9999541446041347
-0.9815212916979167
-0.9997563484820172
-0.9766190256231694
-0.9998921943714609
-1.0469971312791468
-1.0214797505099424
-0.9575236017917789
-0.9861731706400193
-0.9999541446041347
-1.0158950078320206
-0.974574773513178
-0.9997563484820172
-0.9999541446041347
-0.9765950506407353
-0.9853591501349547
-1.0283826420297897
-0.9803837825488645
-0.9695819967688233
-1.0093483672255943
-1.0288814044413643
-0.9721370702970806
-0.9944755481219795
-0.9801419437294738
-0.9997563484820172
-0.9999541446041347
-1.0463779061214478
-0.97935700912729
-0.9804947991738083
-0.93758677012506
-1.0056735775905357
-1.0072531626395296
-0.9884962671557022
-0.9997563484820172
-1.0149565861583363
-0.9997563484820172
-0.9997563484820172
-0.9997563484820172
-0.9997563484820172
-0.9997563484820172
-1.0307527105320744
-0.958476588794748
-0.9999541446041347
-0.9911395209213549
-1.017109015965326
-0.9997563484820172
-0.9872796690749495
-0.9973739972294965
-1.0505958184748618
-0.9976597693797316
-0.9666951917002758
-0.984434295950655
-0.9997563484820172
-0.9997563484820172
-0.9991412542012148
-1.033373901917385
-0.9999541446041347
-0.8992640011924242
-1.0246262615332014
-0.971744609726529
-0.9965271516223351
-0.9999475990676641
-1.0610997241666442
-0.9465148454359593
-1.0180153652034967
-1.0135287240246535
-0.9581556987750358
-0.9926658646140349
-0.9897079800685409
-0.9776455867080398
-0.8848732193266875
-1.0199081030016157
-0.9760690307968463
-0.9997563484820172
-0.9997563484820172
-1.0101474419685506
-1.0034016147165863
-1.0157032897765965
-0.9955522250184948
-1.038995673126082
-1.0588921166923033
-0.9834743626953095
-0.9997563484820172
-0.9997563484820172
-0.9997563484820172
-1.0651891967365301
-0.9997563484820172
-1.0130018096412114
-1.0251691721018408
-0.9997563484820172
-0.9997563484820172
-1.025398507269159
-0.9999541446041347
-1.021037268388386
-1.0036129309034039
-0.9960544712805544
-1.0394025951128845
-1.0390528154473582
-0.9997563484820172
-0.9979175394201475
-0.9997563484820172
-0.9997563484820172
-1.0106660554467723
-0.9742862077822547
-1.0346547491956377
-0.9805570189498529
-0.9758525796136761
-0.8953111024926821
-1.0345147252167024
-0.9999541446041347
-1.0155243021772922
-0.9981894547976281
-0.9997563484820172
-1.0055385148113858
-1.016899725053514
-0.9999541446041347
-0.9729138631017535
-1.0140429513772011
-1.0043904156536836
-0.978593422338103
-0.9984022044664235
-0.9997563484820172
-1.0271699356451847
-0.9997563484820172
-0.9951159745949014
-1.0063323542304938
-1.0105764154438683
-0.9997563484820172
-0.9997563484820172
-0.965799093862353
-1.020838197299088
-0.9997563484820172
-0.9933836742929738
-1.0195474944790048
-0.9160294470671839
-0.9536382402584908
-0.9740747035679375
-0.9752781763335168
-0.9997563484820172
-0.9997563484820172
-0.9928687611010313
-0.9893630001892226
-1.0441423824191873
-1.0003666975491432
-1.0801991278859957
-0.9997563484820172
-0.9997563484820172
-0.9566548980120946
-0.9243056238401348
-1.0432504120337167
-0.9997563484820172
-1.0352112185490878
-1.0265518332394241
-0.9997563484820172
-1.0203575726523977
-0.9999374714519011
-0.9997563484820172
-0.9997563484820172
-1.0497101575072676
-1.0018244767880116
-0.37167552635219203
-1.013692987458364
-0.9997563484820172
-0.9670097823487165
-0.9777939129541985
-0.9997563484820172
-0.9997563484820172
-0.9741531307501572
-0.8648137322821103
-0.9997563484820172
-0.9997563484820172
-0.9997563484820172
-1.0308040253478787
-1.0026027900230547
-1.0510395241822252
-1.0054403543171506
-0.975502091266494
-0.9997563484820172
-0.9926417085155104
-1.000797653417035
-0.9997563484820172
-1.0207937252601083
-0.9999184880126029
-0.9997563484820172
-1.014896745722881
-0.9997563484820172
-0.9999541446041347
-0.9934595912581413
-0.9568299864476568
-0.9997563484820172
-0.9730776856364352
-0.9997563484820172
-0.9997563484820172
-0.9733550604757544
-0.9795811826633778
-0.9997563484820172
-1.0150007900382894
-0.9997563484820172
-0.5083953299507196
-0.9997563484820172
-0.9997563484820172
-1.0004445370159212
-0.9997563484820172
-0.9797356063856287
-1.0002301665239774
-0.955661385431896
-1.0183711141256695
-0.9888085542653459
-1.0214061063022408
-1.0320449826118865
-0.9029385974526962
-0.996115617269116
-1.0181299389813483
-0.9997563484820172
-0.9999541446041347
-0.9946063457805596
-1.0341429608403225
-0.9623830264930997
-0.971116414013586
-0.9792029344479213
-0.9999193163669707
-0.5790414072929914
-1.0097626396622852
-0.9997298836476004
-1.0709654149900332
-0.9714075565451611
-0.9997563484820172
-0.9997563484820172
-0.9719429186815587
-0.9997563484820172
-0.9531123063454323
-0.9997563484820172
-0.9470136677819467
-0.9999359304729463
-0.9997563484820172
-0.9997563484820172
-0.9997563484820172
-0.9830625222772197
-0.9780495448528286
-0.9997563484820172
-0.9530554314614423
-0.9997563484820172
-1.043594971374014
-0.9997563484820172
-0.9992016086441022
-1.0336755812336043
-0.9999591560107219
-0.9997563484820172
-0.9997563484820172
-0.9999541446041347
-0.9997563484820172
-1.0123197368240975
-1.0261608137851463
-1.0018556916372132
-0.9997563484820172
-0.9828114200235081
-0.9999541446041347
-0.9997563484820172
-0.9999541446041347
-0.9999541446041347
-0.9997563484820172
-1.0531727531895432
-0.9997563484820172
-0.973800585072194
-0.9926298801112902
-0.9997563484820172
-0.8879795856619296
-0.9942231686167587
-1.0199821651510768
-0.9999541446041347
-0.9997563484820172
-0.9997563484820172
-0.9997563484820172
-0.9264481095766824
-0.9591911815768223
-0.9999541446041347
-0.9598613972288204
-1.0147767758893487
-0.9999541446041347
-0.9997563484820172
-1.0485087280330763
-0.9997563484820172
-1.0079119305611193
-0.9387257706948187
-0.9999541446041347
-0.9998921943714609
-0.9665788320974236
-1.000073976953697
-0.9777759357879319
-0.9882700720963848
-1.030017302021092
-0.9679087269915547
-1.0261547997468399
-1.0052855770370763
-1.0562420382809075
-0.9755673836626363
-0.9835144388989636
-1.020838197299088
-1.0052686188218014
-1.0344428035510143
-0.9867527167322412
-0.9828702333297861
-1.0188007521160933
-1.0121946044121628
-0.9445295306630754
-0.9733815507205059
-0.9999021718827593
-0.9734856108771521
-1.002061071591481
-0.9999541446041347
-0.9934306321785835
-0.9997563484820172
-1.0195279060768794
-0.9997563484820172
-0.9999541446041347
-0.9710025364837396
-0.9783766029269889
-0.9999541446041347
-0.9591087227533035
-0.9997563484820172
-1.0214292120193864
-0.9845031355356375
-0.9999541446041347
-0.9997563484820172
-1.0175528460046346
-1.000073976953697
-0.9997563484820172
-0.9780443498893299
-1.0272020839619387
-0.9106394601259216
-0.9967917698264804
-0.9915131347748526
-0.9400235866860033
-1.0172816005626684
-1.0045603245417272
-0.9763681078449095
-0.9655860443676729
-0.9977223921420407
-0.9629796713304958
-0.9716716350677809
-1.0348384691579773
-0.9997563484820172
-0.9999824519862173
-0.9997563484820172
-0.9997563484820172
-0.9987873509180683
-1.0098680632496062
-1.011548616762865
-0.9889104545710681
-0.9865975287954145
-1.0240178862071725
-0.9997563484820172
-1.005947721597693
-1.0230452532435748
-0.9793701995454964
-0.9994226451684936
-0.9710263908506087
-1.013508979411958
-0.9940968922283696
-0.9999824519862173
-0.9798499457540926
-0.9978631500258434
-0.960590119348123
-1.003871586158123
-1.0338417751362192
-0.980152938167237
-0.9730776856364387
-0.9831412842629792
-0.9818707539147021
-1.000073976953697
-0.9730776856364369
-0.9686099745129809
-0.9997563484820172
-0.9997563484820172
-0.9955505487476571
-0.9997563484820172
-1.0030916312239193
-0.9431812532371816
-0.9731811699602582
-0.970058992845614
-1.0092726403278447
-0.9999824519862173
-0.9997563484820172
-1.007203219205996
-0.9997563484820172
-1.008888132076129
-0.9945697944489813
-0.9997563484820172
-1.002902629585178
-1.006230139919657
-0.9997563484820172
-0.9997563484820172
-0.9979366772300061
-1.0363116292963377
-0.9837341311183969
-1.0576036563297893
-0.973077685636437
-0.9997563484820172
-0.9997563484820172
-0.9864672979138179
-0.9997563484820172
-1.0014155937455904
-1.0183384498291044
-0.9975417740605339
-1.0087658933651342
-0.9997563484820172
-0.9997563484820172
-0.9803788832889411
-0.9997563484820172
-0.9501809391376229
-1.0083769798589093
-0.9817059379464033
-0.9672865392344522
-0.9733088384338253
-0.9997563484820172
-0.9496001963139473
-0.9501762114900774
-0.9132646055488718
-0.996866249174014
-0.9997563484820172
-0.9997563484820172
-0.9999541446041347
-0.9997563484820172
-0.8711177579905842
-0.9997563484820172
-1.0025389734507408
-0.9935175996025927
-1.0069486162419659
-1.016337653697193
-1.003488478426533
-1.021673733000038
-0.9997563484820172
-1.02028702967063
-0.971792032666237
-0.9997563484820172
-0.9735778762225481
-0.9997563484820172
-0.9712162346361555
-1.0120125182323696
-1.0441156744216549
-1.0115207278000744
-0.9987513149392573
-1.0432772998515736
-1.0032297738164706
-1.033703254498701
-1.0409517880743897
-1.0167915757107633
-0.9997563484820172
-1.0149362758912845
-0.9999541446041347
-0.9997563484820172
-0.9997563484820172
-0.9997563484820172
-0.9997563484820172
-0.987221806761483
-1.0037633236808159
-0.9960148428753377
-0.9997563484820172
-0.9997563484820172
-0.9806623406293571
-0.9915633567233347
-0.9837588280304237
-1.0240637680250342
-0.9997563484820172
-0.9878306299128574
-0.976772531693746
-0.893710982801049
-0.8898210581922386
-0.9997563484820172
-0.9992818173982992
-0.9999541446041347
-0.9967533668497156
-0.9997563484820172
-0.9997563484820172
-1.0037782448804318
-0.9997563484820172
-1.0073249262845516
-0.9997563484820172
-0.9997563484820172
-0.8928811379409897
-0.991238440599931
-1.0082439489561645
-0.9655219310960774
-0.9997563484820172
-1.0154522330632392
-0.9985203078395039
-0.9997563484820172
-0.9916000464984771
-0.9997563484820172
-0.9997563484820172
-0.9997563484820172
-1.0023366996658944
-1.0048808776291593
-0.9855719984108001
-0.9391066572065873
-0.9999541446041347
-0.9999541446041347
-0.9999541446041347
-0.9998278496379206
-0.9997563484820172
-1.0109985173188762
-0.9997563484820172
-0.9345633938310224
-1.0105582898292247
-1.007532168956212
-0.9997563484820172
-1.027190831292374
-1.0218502145928203
-1.0024493051647234
-0.9919817679247894
-0.9997563484820172
-0.9997563484820172
-0.9999541446041347
-1.0180065310012523
-0.9997563484820172
-1.024976589172412
-1.000399499730789
-0.9956059358713875
-0.9804124455504852
-0.9898508275529695
-1.0174016132880666
-0.9673875112677197
-1.0027680145627091
-1.07549505512764
-0.9997563484820172
-1.014454068991245
-0.9871189409046104
-0.9609184722010875
-0.9988195486251892
-0.9997563484820172
-0.9858191313298091
-1.0119738393023137
-0.9511234197290483
-0.9997563484820172
-0.9997563484820172
-0.9997563484820172
-0.9999541446041347
-0.9997563484820172
-0.9949860863165874
-0.9999541446041347
-1.008728932728565
-0.9916351826113996
-0.9972353907680442
-1.0472482839715191
-0.9844164196969905
-0.9997563484820172
-0.9997563484820172
-0.9978689424889128
-1.0061278294990152
-0.8884335245698554
-1.0182850665786884
-0.9982303901083776
-0.9999541446041347
-0.9997563484820172
-0.9957920609241746
-0.9517330227700256
-0.9823153345111951
-0.9997563484820172
-1.0258247043806188
-0.9723360117626859
-0.9901610266889438
-1.013693786357394
-1.030747861090093
-0.9997563484820172
-0.9771056730510785
-0.951404588730823
-0.9999541446041347
-0.9764236593481919
-0.9708113760415009
-1.033827802214447
-0.9932187044167698
-0.9972550206715354
-0.973077685636437
-0.9792979326120423
-1.020567860800228
-0.9997563484820172
-0.9997563484820172
-1.0198175303662278
-0.9997563484820172
-0.9997563484820172
-0.941297118547026
-1.0162201792083514
-1.0028794661769895
-0.9631908036911854
-0.9964827105634183
-0.9693406816153483
-1.0086363592742305
-0.9997563484820172
-1.0224951172131005
-0.9576420306779796
-1.003641917035834
-1.0192708207775425
-0.9989202171642738
-1.0023366996658944
-0.9999541446041347
-0.9997563484820172
-0.962222206154753
-1.0030927048170184
-0.9676208669057986
-0.9856697757293755
-0.9612105874785464
-0.9997563484820172
-1.08497282065564
-0.973077685636437
-1.0244908134716115
-0.9997563484820172
-0.9997563484820172
-0.9997563484820172
-0.9997563484820172
-0.976742803711661
-0.9997563484820172
-0.8980609681771353
-0.9938800768005488
-1.0337709469166738
-1.003911454194531
-0.9667328100004369
-0.9921601094135757
-0.9997563484820172
-0.9841828850248546
-0.9997563484820172
-0.9776435229145819
-0.9999541446041347
-0.9943679632509076
-0.9999541446041347
-0.9887631486738391
-0.9464599076704656
-0.9997563484820172
-1.0037324553311706
-0.9999541446041347
-0.9999541446041347
-0.9999541446041347
-1.003990310143676
-1.003286926737419
-1.0030486971752743
-0.9999541446041347
-0.9505782140646778
-0.9999541446041347
-1.0115994648720574
-1.0504134419649724
-1.0241367250433617
-0.9997563484820172
-0.9997563484820172
-1.0042867803711968
-1.0079124814188678
-1.0262713029107688
-0.9997563484820172
-0.9900865681422306
-0.9997563484820172
-0.95174376752025
-0.9822174388188469
-1.002499887194971
-0.9519948238034036
-0.8989449276067848
-1.01028130579444
-0.9931294414891587
-0.9999541446041347
-1.0300590527142404
-0.9913169993230858
-1.0186117125197856
-1.0283964829166015
-0.9997563484820172
-0.9997563484820172
-0.9997563484820172
-0.9825693995133151
-0.9918451812926747
-0.9750299727795683
-0.8888460000980707
-1.0231180516545102
-1.0193704388331681
-1.0314348926803418
-1.0377641742155077
-1.01654534028804
-0.9997563484820172
-0.9948576011390019
-0.9782645043206651
-0.990232998184869
-0.9860620845767618
-0.9997563484820172
-0.9775668694959562
-0.9783186166134504
-0.9775668694959562
-1.012587500515187
-0.990455039781909
-0.9997563484820172
-0.8753574470892356
-1.00150218857192
-0.9999736028627209
-0.9621627551980025
-0.9997563484820172
-1.0079257804791122
-0.975405211438448
-0.9997563484820172
-0.9999591560107219
-0.9997563484820172
-0.9997563484820172
-0.9956514835767643
-1.0030927048170184
-0.9447771939296762
-0.9958530443358462
-0.9997563484820172
-0.9997563484820172
-0.9978013800253512
-0.9997563484820172
-0.9772087971639138
-0.973077685636437
-0.9835551396193165
-0.9997563484820172
-0.9810814070685754
-0.9997298836476004
-1.0261035688684685
-0.9825838102390408
-1.0264547611761419
-0.9997563484820172
-0.9928596133656089
-0.9997563484820172
-1.0053274426549592
-0.9997563484820172
-0.9773021322706338
-0.8186822219935354
-1.0121616307105217
-0.9997563484820172
-0.6486317715586386
-0.9997563484820172
-0.9997563484820172
-1.0174923629960284
-0.9338973718732329
-0.9997563484820172
-0.9993397632429349
-0.9999541446041347
-0.9997563484820172
-1.000073976953697
-0.9990593396476843
-0.9997563484820172
-1.005248799638918
-0.9146703086740834
-0.9859801915343281
-0.9482940133683612
-0.9997563484820172
-0.9750142727065989
-1.0125886959528254
-0.9997563484820172
-0.9997563484820172
-0.9997563484820172
-1.0303569682591724
-1.0346074528879885
-0.9686163923938858
-0.963683672570412
-0.9690804518609146
-0.9997563484820172
-0.9731823073358563
-0.9811739792224832
-0.9982082699104057
-1.0181785246994153
-0.9887950110448134
-0.8521455527821935
-1.055339404842317
-0.9454235493211133
-0.9830223172050153
-0.9903357260421335
-0.9997563484820172
-0.9870424936566687
-0.9997563484820172
-1.0522615188031443
-0.9681938550228831
-1.0109167768833967
-1.000542117825044
-1.0701706147849745
-0.985486671474814
-1.0165820542532713
-0.9723304614062427
-0.9972915798137789
-1.016828040905983
-0.9997563484820172
-0.972126899301382
-0.9882047210662184
-0.9575003991912047
-0.9997563484820172
-0.9871715467815831
-0.9997563484820172
-0.9547557800461848
-0.9997563484820172
-0.993734838443387
-1.009030819313577
-1.0476590640306078
-1.0401661113809852
-1.0171394324942071
-1.019881721613268
-0.9544263262127374
-1.009031291204807
-1.0068174676091213
-0.9930596661695046
-1.007448434543869
-1.0070480454431894
-1.0581483624105772
-1.0292336193051561
-1.0159686612839463
-0.9716967583332751
-0.6408742301182531
-0.9997563484820172
-0.9730793014200363
-0.9904388401798442
-0.9997563484820172
-0.9997563484820172
-1.035354191608626
-0.914604907098171
-1.013692544665657
-0.986230046667298
-1.0126514363469306
-1.0105185075117742
-0.9949088329881751
-1.0809989032384584
-0.9151717389427052
-0.9484403524893802
-0.9961523693156675
-0.9613004572104669
-0.9574314025659846
-0.9835057949196606
-1.0041420913581645
-1.0123107133631073
-0.9387726677971535
-0.9938250015926386
-0.9736667822989085
-0.9959893967285489
-0.9991088858947701
-0.9980761595935783
-0.9964071169557838
-1.0307739593445062
-1.0154567447307468
-1.0103849067703534
-1.0148153792924117
-0.9800463170398398
-0.9997563484820172
-0.9997563484820172
-0.9956237799941452
-0.9997563484820172
-0.9997563484820172
-0.9840188751055459
-0.9476510837884236
-0.9997563484820172
-1.0075724369644872
-0.9560192164261191
-1.0042765637305142
-0.9678936616550304
-0.994538310298781
-1.0317460313730555
-0.9979101147964944
-0.9762107542689146
-1.0011335741181573
-0.9997563484820172
-0.9877605892586656
-0.9396490173969193
-1.0123741408655993
-0.9541574379659502
-0.9997563484820172
-1.0678242249185852
-1.0269247320359869
-1.0272247830694483
-0.9750393586545845
-0.9890394130508204
-0.9772109689339354
-1.0703677445136415
-0.9748107930301111
-0.9997563484820172
-0.9997563484820172
-0.9591786957076931
-1.040090563616844
-0.963062081928979
-1.0308112089715016
-0.9618565315286138
-1.0114674809231785
-0.9997563484820172
-1.0138976030741367
-0.9682812629567367
-0.9999541446041347
-0.9997563484820172
-1.0024568947679886
-0.9999616544641694
-0.9853413823898449
-0.9997563484820172
-0.9947038890074398
-0.9703066753476065
-1.0117653920623668
-0.9573369750793704
-1.053919806152217
-0.9997563484820172
-0.9727315444850768
-0.9997563484820172
-0.9997563484820172
-1.0249814005888647
-0.9999541446041347
-0.9999541446041347
-0.9955512908882401
-1.0000284576301532
-1.0225551445599812
-1.0158181663748844
-1.0080270652699603
-0.9555297370261513
-0.9029604457973369
-1.0089343497657248
-1.0554844994545778
-1.028666378831904
-0.9997563484820172
-1.006635749573073
-1.0259532159508418
-1.009302475901278
-0.9999541446041347
-0.9997563484820172
-0.9897339093793412
-0.9997563484820172
-0.989656992491851
-0.9997563484820172
-0.9997563484820172
-0.9619581168956788
-1.0148650587182844
-0.9997563484820172
-0.9812412549795924
-0.9472991037371674
-1.0304717367332696
-0.9997563484820172
-0.9999541446041347
-1.0494682712780974
-1.038305147228569
-1.0369570514556878
-0.8515518680544588
-0.8521455527821935
-0.9995110216369454
-0.9845295240820354
-0.97935700912729
-1.0069501760441977
-0.9987430979999439
-0.9997563484820172
-0.943902491377436
-1.024490592665734
-0.9999541446041347
-1.005255300817943
-1.0011311061804602
-0.9997563484820172
-0.9745002257485625
-0.9857518799274141
-0.9997298836476004
-0.9893052908630764
-0.9997563484820172
-1.016680447731929
-0.9997563484820172
-0.9730776856364369
-0.9918793922911238
-0.9997563484820172
-0.9997563484820172
-1.0126461711478199
-1.0061871059990561
-0.9997563484820172
-0.9712818002525082
-1.0068907317449072
-0.9997563484820172
-0.9809091414215703
-0.9997563484820172
-0.9997563484820172
-0.9749717766920031
-0.9997563484820172
-1.0210657105857368
-0.9505740664603416
-0.9269583543367126
-0.9326081645005473
-0.9782905531496114
-0.9814363157975677
-0.9997563484820172
-0.9946361755126201
-1.0040040571754005
-0.983542066785873
-0.9997563484820172
-0.9835386791525339
-0.9617592958909894
-0.973077685636437
-0.9815623777337353
-0.9816291129699343
-1.0249115379068465
-0.9945355260401898
-0.9997563484820172
-1.0295912390694384
-0.6887332007603988
-0.9781288871655434
-0.9997563484820172
-0.9156214277028474
-0.9997563484820172
-0.9997563484820172
-1.0105892273511135
-1.0258368780945186
-0.9959433307084977
-0.9820091995974836
-0.9997563484820172
-0.9572976814468631
-0.9713596244402118
-0.9936716254682476
-1.0204813246823297
-1.0141671333827031
-0.9994212724991822
-1.019028576241359
-0.9864730158936107
-0.990071776526554
-1.0192912073101699
-0.899517022034789
-0.9750680208079121
-1.0011747447252044
-0.9997563484820172
-0.9593872365614826
-0.9731014824367361
-0.9666490300386391
-1.0210657105857368
-0.9997563484820172
-0.9546530297611224
-0.9865061994572296
-0.9506906938075292
-1.0108349215787142
-1.011263230672503
-0.991939499958734
-0.9876309739145943
-1.0030927048170184
-0.9838013790238263
-0.9997563484820172
-1.0269921074667754
-0.9730793014137356
-0.9972779181242106
-0.9998921943714609
-0.9809371431027488
-0.9997563484820172
-1.0111378987318476
-0.9958884453488897
-0.964572699630921
-0.9738019044800805
-0.9997563484820172
-0.9439350230680463
-0.9997563484820172
-0.9997563484820172
-0.93300889375136
-0.9856224534303825
-0.9913120670233495
-0.9710285035806604
-1.002254428992592
-0.9643451689503185
-1.0145577352117476
-0.9997563484820172
-0.9997563484820172
-0.9997563484820172
-0.9997563484820172
-0.9997563484820172
-1.02491288241733
-0.9999541446041347
-0.9997563484820172
-0.9997563484820172
-0.9996636687781462
-0.9997563484820172
-0.9997563484820172
-1.000073976953697
-1.0364101650471056
-0.9997563484820172
-1.0106201687534768
-0.9999541446041347
-1.0288110255444263
-0.9978325758399222
-0.9997563484820172
-0.9997563484820172
-0.9997563484820172
-0.9997563484820172
-0.9681941925542941
-1.0089811663039074
-0.8759626339210063
-0.8388283080663024
-0.9997563484820172
-0.9622891316183604
-1.006056441732048
-1.046198793814659
-0.9971722875194584
-0.9804535394307519
-1.0149964984933832
-0.9997563484820172
-0.9915430022213402
-0.9844867653946553
-0.9967934591201889
-0.9997563484820172
-0.29629654807329897
-0.9993867869510927
-0.9796357581867833
-1.0193598829693638
-0.9034408039099738
-1.0088494249714832
-1.0110176778481315
-1.046745875976938
-0.9740366899558369
-0.980526115514611
-1.0504864493921104
-1.0579446760034932
-0.9973156859241656
-0.950406386602038
-0.9750683402498215
-0.9957483122212263
-0.9997563484820172
-0.9788405440392951
-0.9997563484820172
-0.9932510219881694
-0.9808341662549671
-0.9767068332725631
-0.9997563484820172
-0.9997563484820172
-1.0168891511083373
-0.998731026856218
-1.0064279165881533
-1.0060354211590714
-0.9943111234030587
-0.9820755785654622
-0.9984989368796682
-0.9932461283178036
-1.0010935052888132
-1.0111405709678216
-0.9976046519250761
-0.9730776856364369
-0.9991331350954221
-1.0018741751047455
-0.908621431967067
-0.9971286114274851
-1.0193634939697056
-0.9580754154325236
-1.002941076506571
-1.0156118956070317
-1.0239841376273142
-0.97890427216829
-1.0311808747334812
-0.9837439344614727
-0.9997563484820172
-0.975426060831742
-1.0205379212140526
-0.888136041204012
-0.6178051450409217
-0.9869526819455069
-1.025885581345506
-1.048684540188158
-0.9997563484820172
-0.9289464906180027
-0.9882622532714909
-1.0181621629796929
-0.9997563484820172
-0.9787881718773364
-1.0002301665239774
-0.9932245779853295
-0.9886258939223117
-0.9772470157122126
-0.9997563484820172
-0.9997563484820172
-1.0205101123873008
-0.965658632779505
-0.9997563484820172
-0.9997563484820172
-0.9997563484820172
-0.9941943407209047
-1.033835549778554
-0.9997563484820172
-0.9997563484820172
-0.9997563484820172
-1.0556633255003907
-1.0497260615265371
-0.8680101049928792
-0.9997563484820172
-1.0149782252538002
-0.9999541446041347
-0.9999541446041347
-0.9997563484820172
-0.9296213332602274
-0.9749114450656455
-0.987270748899427
-0.9066941879927644
-0.9996630171786529
-1.000073976953697
-0.9997563484820172
-0.9997563484820172
-0.9997563484820172
-0.8686757215223941
-1.0450376620471526
-0.9782313847386229
-0.9861273210757174
-1.0308198372228894
-0.9997563484820172
-0.9661823551904187
-1.013958256621161
-0.9997563484820172
-0.9997563484820172
-0.9999541446041347
-0.9577450423691056
-1.0140444349621165
-0.9999541446041347
-1.0359093719454688
-0.9997563484820172
-0.9997563484820172
-0.9993958379106054
-1.0110550097746152
-1.0184811749771256
-0.9997563484820172
-0.9997563484820172
-0.9997563484820172
-0.9997563484820172
-0.9378542083045853
-0.9857072295418666
-1.0461904931779893
-0.9343163839022484
-0.9832142230539247
-0.8060581861290894
-0.9997563484820172
-1.0210657105857368
-0.9749863806810652
-0.9997563484820172
-0.9518444462162934
-1.0132855194628532
-0.9597165207734881
-0.9890503467592081
-0.9747137896317077
-0.9833774721478628
-1.0074645312864094
-0.9928418441257041
-1.0060602795432334
-1.005575781022236
-0.9663085794111393
-0.9818186092026806
-1.0103962352425815
-0.9997563484820172
-0.9035939263977008
-1.068076814420041
-0.9629279411904903
-0.9997563484820172
-1.0319265565542612
-0.9574215971006786
-0.9795862126692605
-1.0206098224608704
-1.0005992378501867
-1.0227095238911101
-0.9923473268694356
-1.0152137071124545
-0.969692050859456
-0.9999541446041347
-1.0134922535395101
-0.9997563484820172
-1.0136567079980914
-0.9682051947497532
-0.9833973998905853
-1.0106216561784302
-0.9997563484820172
-1.0091122540392872
-1.002138997216843
-0.9997563484820172
-0.9997563484820172
-1.029518457270358
-0.8245599927685261
-1.0255665663246125
-1.0105185075117742
-0.9526993537680342
-1.020838197299088
-0.9991559993663457
-0.9745106511918409
-0.9997563484820172
-0.9292190143403436
-0.9997563484820172
-1.0409916059877347
-1.0328377180061943
-0.945086327586249
-0.9693518872123802
-0.9914424394602565
-1.0170596880565983
-0.9997563484820172
-0.9740054788222963
-1.0378934138045952
-1.0117335359309791
-1.000162524894457
-0.9997563484820172
-0.9997563484820172
-0.9523041477774252
-0.991635082825761
-0.9979203731487621
-0.9999541446041347
-0.9997563484820172
-0.9492117031306126
-0.9823848890682
-0.9997563484820172
-0.9999541446041347
-0.9773537293159885
-0.9618032919101195
-1.0060516449064023
-0.9986489420822505
-0.6366714890058531
-0.9930434681141384
-1.0256245937837383
-0.9997563484820172
-1.0452285115147866
-0.9997563484820172
-0.9652117352256048
-0.9862469750480887
-1.000732242687492
-0.9997563484820172
-0.9997563484820172
-0.9571827251893096
-1.005175950249339
-0.9997563484820172
-1.0026587660112445
-0.976095049881296
-0.97935700912729
-1.0013345100816666
-0.9952348457339124
-1.0157293145949253
-0.9825883273074864
-0.987221806761483
-0.7377046644388467
-0.9997563484820172
-1.0180584361933087
-0.9723157228961057
-0.973934987166183
-0.9972135724598274
-1.0182552733346886
-1.0148741877260308
-0.978971914088995
-0.9823791381790153
-0.7143513553250836
-1.0120051217190678
-1.040847385766849
-0.9019967534767263
-1.0312195871950762
-0.9772194925418557
-1.0000284576301532
-0.9642009122043584
-1.028207622314186
-0.810445087785989
-0.9997563484820172
-0.9997563484820172
-0.9997563484820172
-0.9997563484820172
-1.024886528361253
-0.9726891377251963
-0.9997563484820172
-0.9998391573941815
-0.9669287570862531
-0.9362178072443902
-1.0202024063607016
-1.008919905902298
-1.0231295861171923
-1.0041986115020003
-1.0081469147806434
-0.9860784546608206
-1.0163593412678933
-1.034463046076614
-1.0014776796755749
-0.9928390007565617
-0.9897798573199846
-0.9969768652314193
-1.007085016225626
-0.9814907199656903
-0.9348631412470537
-1.0121626816997562
-1.0145419484457379
-1.0104974763902852
-0.9819720828975443
-0.8254848015169
-1.0214875305554607
-0.963993905969016
-0.9836923199377388
-1.0389236870833727
-1.0155884341531038
-0.9756155163357065
-0.8985704166745422
-0.9999541446041347
-1.0403113860682287
-0.9997563484820172
-1.0136113668227746
-0.9934359970118898
-0.9787550304131014
-0.9997563484820172
-0.9997563484820172
-0.9730776856364387
-0.9936267666876476
-0.9807860100751532
-0.9997563484820172
-0.9998921943714609
-0.9997563484820172
-0.9997563484820172
-0.9393893600534046
-0.9999541446041347
-0.954693026593905
-0.9997563484820172
-0.9997563484820172
-1.0474825945945914
-0.9997563484820172
-0.9468327467385335
-0.9865125588248433
-0.9997563484820172
-0.9997563484820172
-0.9997563484820172
-0.9997563484820172
-0.9712116037149099
-0.9974891734153536
-0.9999541446041347
-0.9999541446041347
-0.9550053278474584
-1.0006473810779357
-0.9713703257049546
-1.0003214373641016
-0.9997563484820172
-0.9842100600917215
-0.9997563484820172
-1.022920263290836
-0.9997563484820172
-0.9999541446041347
-0.9997563484820172
-1.007473161644848
-0.947009135775956
-0.9747440234900896
-0.9999541446041347
-0.9997563484820172
-0.9997563484820172
-0.9842187965427615
-0.9997563484820172
-0.9957035718391645
-0.9917831499332241
-0.9997563484820172
-0.9997563484820172
-0.9997563484820172
-1.0222656637847776
-0.9998921943714609
-0.9964210132225417
-0.9997563484820172
-0.9997563484820172
-0.9735938436761296
-0.8761492386106186
-0.9730776856364387
-0.9997563484820172
-0.9997563484820172
-1.0214292120193864
-0.956222535729295
