-1.0352379793702728
-0.9555748405286774
-1.0872614316376004
-0.9994027164908001
-1.1410619544496012
-1.090908062149169
-0.931119442433358
-0.8080238589447599
-0.9195378544631136
-1.083788862963634
-0.9609179642725454
-1.0329873307170316
-1.009460609881963
-1.017506896481541
-1.0199309672390415
-1.105814428750595
-1.0724027595873422
-1.0871616135943805
-1.013340848257576
-0.9968875060449407
-1.0351582996910105
-1.1259108553309927
-0.9804981294621358
-0.9381190132732885
-1.0418260532687629
-1.1025697303307294
-1.0305482786973008
-1.1474790627506515
-0.9384620540152293
-1.134016318271013
-1.0334815630363496
-0.9602838964673438
-1.072721267157935
-0.9270181534455201
-1.0829207002955918
-1.078229223265637
-1.020436455785872
-1.205762670132507
-1.000094015659443
-1.016253665754652
-1.0554739490456768
-0.9514924815436506
-0.9601088845604093
-1.0108336824937623
-0.9134525294181989
-1.009551015527228
-1.0511989163473372
-1.0829221808953255
-1.1363871357917807
-1.0946172046276694
-1.2031060730868464
-0.9507926753697931
-0.9510984507602349
-1.0008916510085095
-0.993983904502143
-1.0492789270836416
-0.9769264908993613
-1.0881416112368205
-1.032912707056631
-1.0355521105259884
-1.0003868888337968
-1.089932841980774
-0.945699660634427
-1.0495921669771155
-0.9976748901781394
-1.018656476393558
-1.1454243142661105
-0.9153050483699217
-1.1317581337373634
-0.9514149433036242
-0.9782604266515452
-0.9685276524511486
-0.9310316916176549
-1.0585262493712724
-1.0426868560344
-1.038703276246227
-1.0410994120272736
-0.9928649858525003
-1.040491440919205
-1.0261396078251528
-1.0234901121163504
-1.0217028466495377
-1.0957042638937184
-0.9404258575020008
-1.0214909290754448
-0.9996061051902643
-1.0482976730108118
-0.8848565925350871
-0.9846774300062904
-0.9734532805663478
-1.069387868931135
-0.9387193479074186
-1.0928469959568385
-1.0631921398771156
-0.9920482235040062
-1.0516418772313796
-1.0261679060905768
-1.02359195158395
-1.089434437485517
-1.0662674204692457
-1.063849982142484
-0.9322482982715343
-1.0024547931173702
-1.0002644460782297
-1.0002644460782297
-0.9084079509756902
-1.0002644460782297
-1.0613892756455647
-1.0805112760649367
-0.9204192823467733
-0.966250884904308
-0.7504223529051935
-1.0236819217422533
-1.118336056957959
-1.0807218111264676
-1.0301480811434647
-1.0928536020329116
-1.0728592706589677
-1.1889739305383125
-1.098714162947792
-1.1207291739936418
-0.9772257497587625
-0.9203046893168643
-1.097970117627047
-1.059257456441371
-1.000394179395915
-1.1176509837067066
-0.9767939338469874
-1.000067010454125
-1.0335050280729368
-1.020336811795674
-1.0371207399476463
-1.0471216015926181
-1.1056177407638437
-1.1066944334458466
-1.1043503134984005
-1.0469864027481888
-1.0281112850990324
-1.058926614421751
-1.065154357911425
-1.0582621982131468
-1.0031367838628364
-1.027832520478399
-0.9182940014827663
-1.0297083077128868
-1.0326277162599704
-1.0310527183907576
-1.031924893196857
-1.0968069518552919
-1.0147352790743565
-0.8889103355256922
-1.0733784698975077
-0.969808658996503
-1.1110105032464868
-1.0815781210426545
-1.0943748738162302
-1.0726845844498547
-1.09811027345502
-1.037627850833211
-0.9893223177387985
-0.8470270977295357
-0.9506662268327166
-1.001092314505112
-1.0688623824896486
-1.048213994562669
-1.1014214260317936
-0.8645869843030826
-1.1545118431334156
-0.9369634373371183
-1.0160361021355064
-0.9994073031810046
-1.0224702683867124
-1.0691993203842172
-1.0467762012650508
-1.0227937404591554
-1.0305349105215664
-1.1604907543721912
-1.078901326818116
-1.0242990473957247
-0.8393908806858961
-0.9996957334937673
-1.0243086946659135
-1.0264430344668836
-0.8838627341277656
-0.855575813410526
-1.1177188241807352
-0.8597595057388495
-1.0975482125673846
-0.9213767468748997
-0.9999951278479854
-0.9538260699703688
-0.9662337806922197
-1.1032810050089163
-1.0188136030949713
-1.0533816059066208
-1.0709729802059604
-0.9025590603246849
-1.0000440674699627
-1.0002644460782297
-0.9767735557026938
-1.014277415187504
-1.014534645314922
-0.9740293060432985
-0.7964556486348995
-0.973706790675836
-0.8710649476884715
-1.028830429322051
-1.0054627790838186
-1.1115817730972049
-1.0472009436357719
-0.9196844446623327
-1.0085436550986313
-1.0228743268449576
-1.034738719051065
-1.0259756748402171
-0.942604744091739
-0.8999445483435693
-1.0600304370171338
-1.0803477931771608
-0.9592033851761346
-1.0646109737413878
-0.9370426504751642
-1.0936940195960339
-1.0002644460782297
-1.0509903648804064
-1.0001641034154374
-1.0003078508486127
-1.0291532420019769
-1.1853965831374123
-0.946262526170942
-0.9564273339691918
-1.0413162008669414
-0.96762411358193
-1.1080358050863945
-0.4001509021770884
-0.8175489540050218
-1.0053904699814409
-1.018844322181556
-1.0209095812993252
-1.017923057597986
-1.0239909739529798
-1.0195695763818262
-1.138842538589604
-0.9853405230288295
-1.0044980841086826
-1.0954320032825617
-0.9774996013728021
-1.018575624813978
-0.9997856484870553
-1.0002644460782297
-0.967812443938743
-1.050126421479464
-1.0258806558335167
-0.9318525787433697
-1.0210545761311425
-1.1185041145349168
-1.045725074492166
-0.9195795421262529
-0.8940741213046037
-1.0515053059674493
-1.0308867282963972
-1.0054719296594214
-0.9412199493115814
-1.0564014225715805
-1.0251481954709625
-0.9202409593441906
-1.0127239057997401
-1.103283451443242
-0.9588855794948432
-1.0206517119968586
-1.0857759639944016
-0.9880322863145448
-0.958114858920613
-0.9872230341959404
-0.8884957435757698
-0.9415720758385397
-1.0500014234839359
-1.0002644460782297
-1.0202636953614292
-0.9430684114678957
-1.0155347250779378
-1.1116118295507327
-0.7539423088327751
-0.9713105331013048
-0.9077294035123287
-0.923516291891336
-0.832760908898307
-0.9341287530790469
-1.0126659208287552
-1.0390211621983405
-1.0512965991322354
-0.9603094443466071
-1.0180379006439177
-1.0002644460782297
-1.0877047194295861
-0.9828470280789994
-1.0612849805206337
-1.0575337978085333
-0.9403338945800485
-1.0329599272751189
-1.0108285302399203
-1.0056360536928473
-0.9859081043431381
-1.0365846950611382
-1.0089566851603937
-0.896049751303962
-1.0546258495749257
-1.0079233746903213
-1.0805353549409351
-1.0852416341325912
-1.1116118295507325
-0.9452982444533379
-1.1123114635372382
-0.9350767593891126
-1.0467916660732546
-0.7325462808042849
-1.0748497630478673
-0.786318006197871
-1.0794992378442556
-0.9517988310538138
-0.9006227501210528
-0.988393616267428
-1.138436316413335
-0.8402073272670209
-1.0309367083696572
-0.9532946616706148
-0.9175966902497371
-1.0254788264018275
-1.1295373689301764
-1.0391912716169296
-1.0216838050603536
-1.0111696801496737
-1.007340819440087
-0.8878467090373416
-1.0434921071736265
-0.9657061663765203
-0.9360638403002862
-1.0350897201319647
-0.8878771739675371
-0.9136043464687281
-0.9871321480477723
-1.1015200556064297
-1.1012910886568843
-0.8345553397117311
-0.9887480031095593
-0.9982674091450401
-0.9650109009687108
-1.014175208697681
-0.340707489324676
-0.8037339497272518
-1.0481492939636097
-1.0625871341269961
-1.0682085118672147
-0.8035344747573047
-0.9323602478643276
-1.1699357713222391
-1.0734327619847912
-1.0151966114982458
-1.1090946940661173
-1.071808014368536
-1.0002644460782297
-0.8785695180523316
-1.0099612222798984
-0.7499906345060638
-0.8692697440950627
-1.026980812556466
-1.0753245303756602
-1.0898824214535803
-1.0216939244750844
-0.47247786262405955
-0.946541103508766
-0.8588881546840502
-0.9807372756926482
-0.9519145388864978
-0.9652596546609515
-0.8775513518312588
-0.8828269646851679
-1.0002644460782297
-0.9160106057648247
-1.0220444777169757
-0.9833095014928328
-0.8691827006899815
-1.0472376160137107
-1.0002644460782297
-1.1269116524751719
-1.107934863919749
-1.0330295451519853
-0.9567040887815157
-0.9124789316697784
-1.074300752352042
-0.9939227512380212
-1.0823936418797377
-1.09888592637913
-0.9860124350439774
-1.0783373866885093
-1.0321585894731862
-0.8950362946399976
-0.7745820959881706
-1.0619181279865328
-0.963135256787096
-1.1239953655863455
-0.9331208092123411
-1.0584934814332159
-1.1879714491109818
-1.1831200756226283
-1.127300926435665
-1.1009757199915828
-0.9002225282662863
-0.9683823568280137
-0.9999903734657793
-0.9898275714630417
-1.1011330873647822
-0.9455821593296021
-1.0191513626445543
-1.023552620874115
-0.9793853088013886
-0.8739910521140599
-1.0026158377304593
-0.9652752609384245
-0.932130095465064
-1.027640707496223
-0.9004072098453315
-1.1138105823856443
-0.9976748901781394
-1.0493240670086414
-1.1013793761409074
-1.098910021445527
-1.086132999167074
-1.026294125969956
-0.9189568559820958
-1.069804797006092
-0.9688439349270876
-1.0209426535650734
-1.053432231638046
-1.1453247836038132
-0.9670092071477808
-1.080088959732589
-0.9788376418509454
-1.0461115745353433
-1.0156789165221913
-0.9915031963391359
-1.0634066961845423
-1.1024793847229974
-0.9986302795223362
-0.9932448314837484
-1.1120119018094934
-0.6399387400079642
-0.8457536532437124
-1.0465202739340365
-1.0088526417716093
-1.0520580273367495
-1.1355499949903616
-0.8290428820245455
-0.9040899976259663
-1.0002644460782297
-0.9192802976570288
-1.1265045275180994
-1.113955276621476
-1.0503978645458159
-1.0486091794509231
-1.0684701179968878
-0.9619489036496622
-1.0272940202943854
-1.0314398520952648
-0.6780908913556783
-1.0342942429010742
-1.1197685134640174
-1.0448140101953358
-1.0641353930060777
-1.109420690948778
-1.0324545026891925
-1.1014276447380782
-1.0514548673328699
-0.9955122735047569
-1.1178849962778457
-1.188287316956547
-0.9710236426789457
-1.0408222882083336
-1.077704988109149
-0.9341533367149649
-0.9470484014481307
-1.0692523172732207
-1.1116118295507407
-0.958546851981283
-1.0026741489247553
-1.115945253706402
-0.8866088741499973
-0.9819027476204343
-1.1174439955756523
-1.0152972923043229
-1.0583657872645849
-1.127757004887653
-0.33979416432248666
-0.7941091356607098
-1.0161828310883114
-1.0663867588271896
-1.068480791341083
-1.178965097287701
-1.1340002106666518
-0.9458782705897038
-1.0398133243865453
-1.163749239162504
-1.016971564241449
-1.0563463361777221
-0.9624762150831802
-1.0184743002753611
-0.8978035129498487
-1.0190079293306884
-0.7271289993267966
-1.0799030618769603
-0.9971625397136816
-1.101451256631941
-0.9692181788603463
-0.847441566606757
-0.9923237064842493
-1.026162020381296
-1.077750772106827
-0.7646706068942379
-1.0688153881648241
-1.0232769485332223
-1.063192751563321
-1.066263931049727
-1.1091393348948893
-1.0269135936474192
-1.0002644460782297
-1.0110735392011587
-1.0002644460782297
-1.0002644460782297
-1.0822660205392616
-0.9060466319792785
-1.0229727728739042
-1.0380499608434297
-1.0097187589304342
-1.15285412787591
-1.052933868525855
-0.9459388248624832
-0.8634577869062636
-1.0002644460782297
-1.07583556205923
-1.051700947546537
-0.8932493123093754
-0.818094176157109
-1.017045348818228
-1.1116118295507478
-1.0211176921491485
-0.9910812966085429
-1.0002644460782297
-1.0155039196850164
-1.1403323066645945
-1.037831064147714
-1.0838379404625909
-1.060828008394646
-1.0002644460782297
-0.9459594222845278
-1.023686803479219
-1.0983747225704676
-0.9821229358227627
-1.0180773548264834
-0.8668700673061922
-1.059842514883582
-0.8463744791369251
-1.1578967373150761
-1.0910133837564575
-1.0263268834626385
-1.042315373931832
-1.0502459656901346
-0.8827311057350501
-1.0511492294289575
-0.9790229434944381
-1.0190140108264942
-1.1040118209115617
-1.0002240794956725
-1.0060724750232508
-1.0539640984736836
-1.078332540499682
-0.9879172678717533
-1.0417207158144515
-1.0002644460782297
-0.9594687919408011
-0.9386921160994263
-1.0576344091559378
-1.0263555781775429
-1.0002644460782297
-1.0545739325412995
-0.9528062229028785
-1.0002644460782297
-0.9788822927934581
-0.9982058394375165
-0.9451719295327057
-1.0653371532858322
-0.9978222547224915
-1.0684436324612687
-1.0883806807487966
-1.0145225025806315
-1.0486927273737114
-0.8044090706792715
-0.9488638334583899
-0.9604359828384907
-0.9271130579434723
-0.9428406788103054
-0.9284013948685912
-1.0823555088351344
-0.9416179775123507
-0.9875101378227967
-1.0141956834078458
-1.0916399826629828
-0.9723072342084178
-1.0145889590941943
-1.0135057248077737
-1.1155445231177117
-1.0191337105010898
-0.8879898576750682
-0.9420928080248144
-0.8910457377418901
-1.0097277599869419
-1.0184590218910994
-1.0610354505379158
-1.0397840030406666
-1.0831329724326355
-1.0197212035443628
-1.0377606911373365
-1.127052380516297
-1.0143605224451198
-1.0101650191045923
-1.0208241301314067
-1.0905811654739863
-0.8475500684687679
-1.0085737320795967
-0.8376035980415848
-0.9750404673772268
-0.9541050459894347
-1.0850516868028481
-1.164700731413822
-1.0177193040404109
-1.0401917966532124
-1.074473465727527
-0.9460132953933544
-0.9989037071118962
-1.048756592632824
-1.102644535094725
-1.1306688199638186
-1.0240822983092603
-0.6756837645523073
-1.0061374840455288
-1.0835668136147283
-0.8446928858704157
-0.8895892731895865
-0.9925914840267394
-0.9755107502835513
-0.9440313464804199
-0.9997958905860507
-1.0628692349385505
-1.0734820016165958
-0.953601176109977
-1.0752394490066846
-1.0196929876351837
-0.9301859782830681
-1.032599239920974
-1.1175146321541691
-0.8139840941980416
-1.1402444648104277
-0.9778961524314386
-1.1055348510302136
-0.9898928807243292
-0.9909210536532851
-1.0024764424923638
-1.0989627582762767
-0.8486559505574436
-1.1412703999982605
-0.922867038681684
-1.047482250762972
-1.0827853011277264
-1.04816424465976
-0.8772120063935552
-1.1538147614711192
-1.0467688679585252
-0.9335497181433279
-1.0176351959660594
-1.067373550993793
-1.0642360844337528
-0.9164263727754861
-1.034355811904271
-0.8654134363149795
-1.0295564496836194
-1.1553063685074751
-0.9028094059258954
-1.0634391249520259
-1.0318496864368458
-1.0592175671632706
-1.0002644460782297
-1.0463282869903752
-1.0299763875065353
-0.9860167408951506
-1.0722884569496571
-1.1040778100125974
-0.9810796369328783
-1.0360050729815489
-0.9759987615367154
-0.9024265339706532
-1.0407360180228657
-0.9644383590406107
-0.8807304525025343
-0.9972645624042351
-1.1064072012997972
-0.9731110549464713
-1.0997016335604308
-0.963584173547972
-1.1172052423441317
-0.8845684724354411
-0.9545926116785077
-0.9444733024560112
-1.0275408446142988
-1.0143348928079794
-1.0584462260989906
-0.9176433011313079
-0.9418240958260097
-0.900262566081095
-1.1116118295507418
-0.9953413022448437
-0.9673483141087051
-1.0223367837499207
-1.0345235031020852
-1.0261934000268782
-1.0468001895869445
-0.9246265863191546
-0.996316646510058
-1.1104616304817818
-0.9442029101813724
-0.971526228063293
-1.1016847367964275
-1.0359661216533635
-0.951251976431307
-1.1325438474931653
-1.0430756396546557
-0.9143358819895481
-0.9524862071516531
-0.9880304861117852
-0.8795788804191053
-1.1116118295506863
-0.9570573781759838
-0.9943959385848993
-1.0141619443490997
-0.9633199396782098
-0.9934273028171547
-1.0043516762365838
-0.9966700218888088
-1.0303998109167425
-1.1082254122499928
-1.1900613198140537
-0.9432183874128018
-1.0223642492361393
-1.0689910897119055
-0.9965805374741274
-0.9418188587563825
-0.9644083041350593
-1.0178139882865953
-1.0207158598229142
-0.9690692852827041
-1.097828276821029
-0.9903141927193264
-0.9898332688460151
-0.9686637347884044
-1.0891851055066308
-1.0002644460782297
-1.0002644460782297
-1.1116118295507482
-1.0000074554761191
-1.0194033181541222
-0.9595611405913487
-1.1605402818311659
-1.075762062664915
-0.9917705799230184
-0.8089977180584395
-0.9925674038542944
-1.060782264287048
-1.0441944850588318
-0.9653828965821395
-0.9692507501118741
-1.0454618786476244
-1.021601116502944
-1.0002644460782297
-1.0113566510832377
-1.033216403490233
-1.0817803518659674
-1.0997455557103557
-1.008355086954484
-0.9355024865632909
-0.9357073046762703
-0.9958153686563367
-1.1433390496252367
-0.8439914132971339
-1.1247841207988318
-1.0262793700111612
-1.0004152008731797
-1.0210003744315825
-0.9213135442416758
-0.9024403376801559
-1.1716735779825556
-0.9762183395755711
-1.0147803484080413
-0.9502391796651187
-0.9013387357726053
-0.9849482950687344
-0.9511674097126485
-1.111611829550719
-1.1083705509324475
-1.02517260203203
-1.0002644460782297
-1.0146815404712506
-0.8737860351100866
-0.8378857882259152
-0.7316687109299118
-0.9483480682591785
-0.9188247563312002
-0.9889818036247034
-1.1232018926705252
-0.9312233530404077
-1.0274510883220478
-0.949097608898356
-1.0885934199968808
-1.0002644460782297
-1.0209069791290333
-0.7147766694218081
-0.662597493668655
-0.9940335754751884
-0.8674791150595719
-0.864918835244194
-1.0016527775433621
-1.1005687496144843
-1.0243851513721232
-0.9359842802690158
-0.9657739272309945
-1.0220094154085513
-0.9890468396704483
-1.0002644460782297
-1.0225616950939629
-0.9323893619919223
-0.799411509776252
-0.9784654591757512
-0.9919792989932372
-0.8633652792885134
-1.1153305459363483
-1.0205822108042346
-1.082072884111857
-1.2550635234203071
-0.9743847465972385
-0.9811772549399729
-1.0321293638037217
-1.0869537781957663
-0.8803305283787222
-0.6875558749458097
-0.9310833243008703
-1.0099297495279154
-0.8818688456852933
-0.9541905784109722
-1.0463888050014776
-1.0379157104812338
-0.9692894122088248
-1.0404981390254526
-1.0791579398676783
-1.000222344833648
-0.9510558672797329
-0.8901831050591602
-1.0446618178244256
-1.0038300544089636
-0.8639569298158163
-0.7190767697160786
-1.127737530986067
-0.9741224101208378
-1.0155989761802837
-1.0523816841192952
-1.0145070127755442
-1.0207698754914893
-1.0668684022874362
-0.9944336796651643
-1.1231008631812351
-1.0931755679935908
-0.8791624704939185
-1.0486420329163564
-1.0661670671114827
-1.0300270730434848
-1.0231793119993418
-0.9892086515665632
-0.8454613612839812
-1.0273046506452668
-1.0364550858919064
-0.7982281638824
-1.0275776336633387
-1.009353708144881
-1.02768955933459
-1.0237680133291367
-1.0080850361317115
-0.9612761452497491
-0.9907607326502474
-1.0428080925648524
-0.992607096770467
-0.9250786440335583
-1.0852905621108295
-1.0045643763028387
-0.9371615106280771
-0.8851645362344475
-0.9757188504202602
-1.0002644460782297
-0.9410653825767749
-1.1116118295507489
-1.005713533708579
-0.9409590144953943
-0.9125864456562092
-0.7480345963670274
-1.1229621995405472
-1.0316868783715756
-0.9644103193398418
-1.0413333285619788
-1.0338101596682838
-1.0343484567052696
-0.9535257136533815
-1.0747864255091153
-1.0844238875611363
-1.006472623790061
-0.8833234568461039
-1.0090239379461323
-0.6852551016605875
-1.0084843969354695
-1.0313788479945671
-1.0216462829709296
-0.912131441078982
-1.057680474275428
-0.9257831312427471
-1.059770756760599
-1.0759378175625023
-1.088389838474668
-1.0728488536929621
-0.9695862436255525
-0.9948090849167391
-1.0406817602237373
-1.0179077420901317
-0.8971774556014389
-0.912351217952113
-1.0788725664585002
-1.0627832502752521
-1.0437958699531966
-1.0529545399999307
-0.9414267918088799
-0.895130459000676
-0.9903294176143815
-0.887261736625556
-1.0337469393669971
-1.0466033389501619
-0.8184814098082855
-1.0337645825687671
-1.0242232466484773
-1.0661620781641346
-1.0404085390306541
-1.018014131016356
-1.049558719644772
-0.9882661325641282
-1.1102934754299572
-0.7892255849004239
-0.9931607976017887
-1.1625708252378237
-1.0241586914661254
-1.0642302512811639
-1.1319018644147807
-0.9821782510364375
-1.0007822062886753
-1.0566396625399161
-1.03997902390569
-1.0276822857162817
-1.1125779750448885
-1.0644625919987525
-1.0227395316592307
-1.0316885939996563
-1.1331023307670758
-1.0022434234132347
-1.026450263943789
-1.0272926835572909
-1.083731500187134
-1.0737999149365378
-0.951187438828281
-1.0488152827358515
-1.1135958059826503
-0.8962260055136262
-1.0627852048164799
-1.0449450609989024
-1.0553131492262504
-1.020107142548012
-1.0062052556462038
-1.0273081679117333
-1.035650742755059
-1.125895062570784
-1.024798819979095
-1.0657125635283526
-1.0338922770681835
-1.0329480280609404
-1.0482280074525256
-1.0099634897444416
-1.0002644460782297
-1.076197072819867
-1.0265542505815028
-0.9726365715888003
-1.0299324184358563
-1.061469824200243
-0.9747965900945508
-1.0719058149016285
-1.029249949725179
-1.0172468596176385
-1.0240074034168123
-1.02598671244188
-1.115355645052464
-0.985967041105426
-0.9371089440273224
-1.0233796833749926
-0.9865820541076296
-0.9928581881911829
-0.8906592165163041
-1.025301346253512
-0.8867610939329111
-1.025091303556088
-0.9802802292927639
-0.9987888728953266
-1.0386873534154941
-0.9455858359600828
-1.017690371388579
-1.0089368741410925
-1.0361359037065365
-0.9975223114502945
-0.8323745607611874
-0.96898589505872
-1.0993083723888237
-1.0984151818400523
-1.053544593741019
-1.0623709641333827
-1.0177457819608882
-1.0882191869914974
-1.086276611501614
-1.0125487345651423
-0.9955023053884663
-1.0317202438031754
-0.9892537825389744
-1.0308506349977657
-1.1078840377515957
-1.0676660961120712
-0.9061083651269093
-0.7726703063218614
-0.9405316738793039
-0.791188187778618
-0.9632878056232064
-0.9697138597679007
-0.8767528065037309
-0.9228027465611716
-0.965789592481661
-0.9408771242616291
-0.862401847466747
-1.0065611076093393
-0.9617052724780804
-1.0690132830964365
-1.075550151901523
-0.9376277576374396
-1.003467650169635
-1.1203742039742055
-1.0276123853442682
-0.9795980167075851
-0.984844102127418
-0.9542437622650011
-1.0345253518363093
-0.985207957106361
-1.0526158727754373
-1.0369466147768702
-0.9937231603752785
-1.0175044011727057
-1.0467399207163894
-1.0643448250993524
-0.951633296969796
-1.0155603076363136
-1.0243787531919468
-1.0233347476856103
-1.027124264711505
-1.075146153941115
-0.9969915179530924
-1.0443918579282214
-1.041745414043607
-1.0188136030949713
-1.1518393247020466
-0.8845078502602594
-1.0752893358853124
-1.0296228254611421
-0.9767388432867568
-1.0901832094551638
-1.0195666520546618
-1.061290694556447
-1.007728623987382
-1.0233576676811542
-1.0219086635609838
-0.9759319385425338
-0.9510998299746358
-1.034432500592361
-1.0232285944361679
-0.9988914498596035
-0.9962708084474953
-1.0462919151447372
-0.9710498437579307
-1.1041536824428424
-0.8553085195322572
-1.1069887401507275
-1.0256275757790405
-0.954266339434784
-1.0548445041028018
-1.0316306006606377
-0.9806149311529668
-0.9906085229044786
-1.0341825680119383
-0.9608489882027441
-0.9014771753550145
-1.0116649978870453
-0.9301317402339596
-1.0056057691901137
-0.908900064294345
-1.0061829363339383
-1.0805244782109382
-1.1007352668628663
-1.1355648693987233
-0.9536341339773976
-0.9844955139514617
-1.0700244797209093
-0.9749716506609967
-0.9280432320915994
-1.0987875307014965
-0.9852688614703717
-0.9294667149418143
-1.031807066239944
-1.0894144321592236
-0.8836470857134013
-1.0935075876724811
-1.0212549319773037
-1.03420903643832
-0.9422581079905055
-1.0533820407864865
-1.0222278145889034
-1.0102344999195805
-1.0341480583649771
-1.0389918167687369
-1.0002644460782297
-1.0438604628536585
-0.9827558434736231
-1.10059939948208
-1.0903168603102071
-1.0239399628771044
-0.9869774621697917
-1.0391810510231418
-1.015786042223703
-1.0951138956617703
-0.9551457046759553
-1.009192861111902
-1.0152236110150374
-0.8782122046735108
-0.9995310098669343
-0.8294330494102159
-1.0002644460782297
-1.0002644460782297
-0.9609577231319828
-1.1025975431726216
-0.8978998435804911
-0.9067426904855497
-0.9797675332891111
-0.9838621124275715
-0.9956568851010477
-1.0371309151918648
-1.0463517591416889
-0.9771553371732715
-1.0099856061457477
-0.8674512045616658
-1.0026440692448013
-0.8454376937484782
-1.0002644460782297
-0.9823177429805291
-1.0104086154340026
-1.1233531715698324
-0.8884217693471672
-0.9667826366012049
-1.0365812793212843
-0.9584279688708595
-0.9402696161492486
-1.018234536291975
-0.9781649949877792
-0.8688947616496654
-1.116968447015824
-1.1134260901975424
-1.030120946520408
-0.9771330563801377
-1.0055938514788767
-0.9463876150512283
-1.0202370907200393
-1.0244353526608307
-0.9784931308651793
-1.1117120630940798
-1.0900988742063482
-0.9952305025108439
-0.9732228039300552
-1.0847567569930228
-1.0410211546727186
-0.9899714248078243
-1.0002644460782297
-1.048183771479148
-0.9911973865836958
-1.0413829191567476
-1.0097796631585612
-1.1291396922315051
-1.0868319066208851
-1.0092913361551563
-1.0485841983375466
-1.0251062355011114
-1.1690791518102803
-1.0082467577399452
-0.9979062726161715
-1.0477542660999064
-1.0764448491083334
-1.0677239325881862
-1.0228261139811132
-0.990833019628212
-1.026041291020433
-1.0286722912791146
-1.0843940344423864
-1.0201301244619687
-1.0313075852401878
-0.9488490199378152
-1.001409736176786
-0.9197123820750392
-1.0223990671555296
-1.090289113502323
-1.1041785050718171
-1.16767620476764
-1.150424904555258
-0.9185782741541836
-1.0309962295624684
-1.0603897173658625
-1.0978715977926137
-1.0218200699884064
-1.0032682296036999
-0.9501963252076213
-1.144288196659018
-1.0315596774497475
-0.9388366542714329
-0.9905991594879446
-0.8162517811030693
-1.052505532923849
-1.0320821191751757
-1.0118958799868705
-1.0847040855284176
-0.9848432575137746
-1.0155882233776916
-1.001189836877721
-1.1417315355253352
-1.1428471035575203
-1.1897374676517234
-1.0297057037954698
-0.9587197739108809
-1.0404951537367955
-1.0080899128928666
-1.0920300202455262
-0.9491703266442693
-0.9565411983079093
-1.0437839469331083
-0.9206073539422659
-0.9090803219381715
-0.9157461810997239
-0.9404854498346523
-0.9336581744712551
-1.197546966261962
-0.9943808395400029
-1.1402345133951932
-1.0922670853702159
-1.0364774579185474
-0.8718777660659596
-1.0195468714101683
-1.0198845935924736
-1.0062280821625003
-0.9924318242217876
-0.9935593001369366
-1.0118537792525522
-1.0421411635160915
-1.0529137600835226
-0.9340585722468786
-0.9652018586157709
-0.9816359845183031
-0.9893322753861572
-0.938951848539906
-1.0551575122917558
-1.0654495814743434
-1.0849219139614847
-1.017374854290701
-1.029082834402693
-0.8618207952041184
-1.0448124777382444
-1.1087228481847315
-0.9293281801376178
-0.981459610889484
-0.9092001797812636
-0.9945462469912411
-0.9894737829495269
-1.0025503053313904
-1.0200921269362755
-0.9730360677891101
-0.9178521339789458
-0.9905398648364794
-1.00482596540348
-1.1400366193164901
-1.0179172909841432
-1.1004119140820818
-1.1814267031265333
-1.1683109808773384
-1.1645816141482739
-1.1846454494419796
-0.9915766110654487
-0.8232814737109602
-1.0002644460782297
-1.1020917659795657
-0.9410724121285359
-1.0683008667962448
-1.0483550146979472
-1.023029806386007
-1.0168583563716174
-0.9534760535333259
-0.9890626385371781
-1.0043852311109571
-1.0002644460782297
-0.9478563503777704
-0.7858065978606923
-1.1623772039609226
-1.1134721030484098
-1.1227013308152531
-1.1201023044393605
-1.022540178840943
-0.9307266700950034
-1.0430367005109074
-0.8969361121925234
-0.9667399714443705
-0.9301863429797168
-0.8932834546125779
-1.083159195651033
-0.9589404924136395
-1.0309346188068986
-1.0866838624466628
-1.0228956859421043
-1.0793112542476955
-1.0710461195245737
-0.9257802217524174
-0.9733472756194995
-1.0927488506264853
-0.8714575809880324
-1.1255145533157047
-1.114705850140586
-0.9668826181966639
-1.0441572814517124
-0.9121312605853296
-0.9208270891509815
-0.9424708238681718
-1.0540295909479065
-0.9489008200873026
-1.0873145532399702
-1.0608678707149948
-1.0572350882473247
-1.1180215290252074
-1.0966039702917922
-1.0510836933617786
-1.0885743757359687
-0.9755392057244169
-1.0015385355862185
-1.118188253980706
-0.9766152481432284
-1.1102314447088781
-1.1238704260514933
-0.9688805164644597
-1.0455368460229295
-1.027746647143493
-0.9169634843938632
-0.789533512405456
-0.7242174640732868
-0.8881051665167363
-1.0563123965705443
-0.8908465861015928
-0.953532636773897
-0.8706450666641563
-1.0697006231026818
-1.0037689877863791
-0.996817500308693
-1.0204459466476936
-1.0045095055767457
-1.0092880841440435
-1.0601521111451382
-1.008778604883426
-0.9034791521830856
-1.1110712359366803
-1.0255743199686536
-0.8986192750673663
-0.9979824589491051
-1.0293854498798076
-1.0450036951945916
-1.0132077436716587
-0.9560781075694966
-1.122751051655116
-1.0620172207859944
-1.1021092905306151
-1.0927517307815582
-1.0820209747875693
-1.0913146375545357
-1.016038445985325
-0.8818717523284129
-0.999016575106646
-0.9248558882107658
-1.0595196329697703
-1.0611033863099233
-1.0563341101738142
-1.072492899072137
-0.9533832652737164
-1.0562597816066432
-1.1130572721764536
-1.046703121061631
-1.0638700993252737
-1.0983094308914494
-1.0837686857393212
-0.9970467051818969
-0.7829492087822384
-1.168558495867707
-0.9508343236041832
-1.087609353941526
-0.9151748736311487
-0.9291490460939389
-0.9961127201840372
-0.986446810527688
-0.7916580165941213
-1.0002644460782297
-1.0002644460782297
-1.0787194946306269
-1.0245762409574335
-0.8574496472905823
-1.0466293568977265
-0.8895055818671282
-1.0480561039137104
-1.0365510966065445
-1.0156207797985408
-0.9981082232382502
-1.0138087300734329
-0.9695299198173297
-0.8569203240943212
-1.0777660253531203
-1.0727294711099242
-1.0293030671636347
-1.1354892255173887
-1.0544618475850087
-1.0039620994778171
-1.0976374988144393
-1.0280032740051102
-1.0002644460782297
-1.09751541860251
-1.094701826680824
-1.0002644460782297
-0.9391241600166766
-1.0499000863779435
-1.1237008673548452
-0.9294221418249771
-0.9997440278214476
-1.0158423427262415
-1.0384333210337575
-1.07009119415852
-0.9300053957038381
-1.0417046454246237
-1.0244698907091037
-0.9487033493388017
-0.9494704809847524
-1.0044179586211424
-1.1093766278607458
-1.005406815839033
-0.9440048204330684
-1.0278553049678796
-1.0307442459168341
-1.0174285835437793
-1.036041101636224
-1.0712762870983064
-1.015976681583533
-0.9808333079722639
-1.016782955728579
-0.9993621561441324
-1.0276463381789216
-0.8885181518520563
-1.0438124020344377
-0.9259030589549047
-0.9296810820710263
-0.9449894754960373
-1.043653773053005
-1.105975168304748
-0.8421623070054652
-1.0011313564439783
-1.1006195979710387
-1.013731332672657
-0.9295784726943292
-0.9746072603921203
-0.9987350533777537
-0.9791112243837711
-0.8200493947125611
-0.880345331450924
-0.8495481408569898
-0.9439636298678166
-0.8602285245073273
-1.0002644460782297
-1.0354250764690855
-1.0051478576587018
-0.9750538976364693
-0.9380099536776042
-1.1991927342867954
-0.927766376730703
-1.0486702955561422
-1.029360929971366
-1.031181695883737
-1.0942469813303988
-1.0884880560595531
-0.9928745634124445
-1.0766769804748555
-0.9953924429620984
-1.0275390911727977
-0.946539163972133
-1.0983688680076007
-0.8738755685616901
-1.0596701126661026
-1.052968753065539
-1.0399156372899754
-1.0712288205643314
-1.1273217817395529
-1.0539823303125488
-1.0672295175764595
-1.0373933373120552
-1.0695943414180356
-1.0162120258546532
-1.053797757772234
-0.9689757274613833
-0.9389456513664365
-1.0107060007965023
-1.0483210565781218
-1.0617786316567064
-1.0362087814676268
-1.1047553360133446
-1.0192449368476888
-1.0467311441133353
-0.9904516252415863
-1.0270326207867158
-1.0281739487242787
-1.1086625595795045
-0.9291043990542459
-1.0002644460782297
-0.9251867779182477
-1.0454904235894538
-0.8942798335121307
-1.1365341827108668
-1.0355219106684344
-1.0266447351693153
-1.023623954076288
-1.0085169121307627
-1.076606338812734
-1.063457913848742
-0.9505733835477795
-0.8163927978633169
-0.9598015866035792
-1.1116799629852012
-1.0767369996466165
-1.0037012415445077
-1.0598400442136224
-1.0825371970406106
-1.1048772529906143
-0.9530265593682814
-0.9983794951442242
-1.0244218199432868
-0.8273341368603585
-1.033698345417393
-0.6147580747363932
-0.5910837710339121
-1.1416033802831977
-1.083286738574335
-1.029858422965632
-0.9304791510586382
-1.0460683818337455
-1.073438048118582
-1.0102662570667784
-1.0059063859612336
-0.9952196937347546
-0.9538281893952802
-1.0339630832033153
-1.018400051099733
-0.9075143961813062
-0.905324530803866
-0.9313949514625157
-1.0270967674858942
-1.0374501557395934
-0.9843184317585385
-0.8037911579513677
-0.9998409867028656
-1.0888807693352704
-1.0653826687259516
-1.0307171780387887
-1.0746840504571675
-0.9969037611382046
-1.0853491173486172
-1.0510413394533544
-1.0096941775255766
-1.0364712403938214
-1.0146964060301342
-0.9263778426750746
-0.9979867999636101
-1.000927196360866
-0.9293931801382225
-1.011112005197659
-1.001764728409431
-0.8764613934053657
-1.0265563381835037
-1.1208840067222516
-0.9834057019299365
-1.0248724050377214
-0.9994343968555733
-1.1082585257828879
-1.0261904084882392
-0.8985892311191309
-0.9391324346698695
-0.867710695371281
-1.0226847662183287
-1.0248851844940519
-0.9565626569550807
-0.9294606764524863
-1.0268628127900188
-0.8272770745420666
-1.0940480205250167
-1.1367553899779586
-0.9639016234875679
-1.0807436792470353
-1.0002644460782297
-1.0962594342755378
-0.9140887943578103
-0.8798368740757069
-1.0629549794901059
-0.9556255594918982
-1.0778083567887782
-1.0002392984025668
-1.1083920803289173
-0.9530985553155584
-1.1753610679594964
-1.0637945402336062
-1.0385587720868543
-1.1217788238860298
-1.0237947057614978
-1.0748194063697893
-1.1116118295507391
-0.9926728613614728
-1.2200171399210573
-1.155930627364748
-1.0629335925396313
-1.1214951403938906
-0.9261756689988344
-1.1533568208268106
-1.0018663901810467
-1.1367429858187454
-1.1025903835265074
-1.0809965474726262
-1.033833211106277
-1.0366779089433058
-1.0002644460782297
-1.0002644460782297
-1.0410172047040192
-0.9857330943988158
-0.9081868834971537
-1.1287063166789746
-1.106793304704816
-0.9305696489886572
-1.0355866417657102
-1.0578661786792836
-1.1515905274555556
-1.0002644460782297
-1.0851481833274128
-0.894276724590644
-1.0307554363699978
-1.0213246190570289
-1.0002644460782297
-0.8878688328346726
-1.0634464200255047
-1.0357583125595382
-0.988533535187031
-0.9572413413825345
-1.0545514724873888
-0.900838081592745
-1.0040795900656572
-0.9761637068628553
-1.0102386045915153
-0.8315610602459167
-0.9350338375728102
-1.0347768362030185
-1.1098864380680245
-0.872036189154449
-1.0023260910318879
-0.8739767471245588
-1.0293105711728594
-1.1571653969438997
-0.973644434180191
-1.077364680250523
