-0.9996855746710944
-1.0174835228923917
-0.9996855746710944
-1.0510296329185516
-0.9996855746710944
-0.984644528978959
-0.890207771645676
-0.7848470421112337
-0.9904671148153229
-1.0358853700367703
-0.9996855746710944
-0.9996855746710944
-0.9996855746710944
-0.7419025198575874
-0.9996855746710944
-0.9996855746710944
-0.9585295764750446
-0.9933951591226398
-0.772170653395866
-1.0429660509036973
-0.8466881271984554
-0.7852187177836963
-1.0025020073746864
-0.9635224008318615
-0.9816828066170927
-0.981559454082071
-0.9569329790473698
-0.9996855746710944
-0.8539957622440922
-0.8596950749782214
-0.957007296422816
-0.9565737655947663
-0.9762217287028616
-0.874942967110447
-0.9996855746710944
-0.9996855746710944
-0.9996855746710944
-0.9996855746710944
-0.9996855746710944
-0.9422003917170155
-0.9749103467579533
-1.0081368566400126
-0.9996855746710944
-0.812722008741464
-0.7555417501925367
-0.9991031907354797
-0.9482015775191202
-0.94271515556088
-0.9996855746710944
-0.9996855746710944
-0.9985891757538801
-0.9492132539822425
-1.0000560839619614
-1.0000560839619614
-1.0015629160918564
-0.9619415746879321
-1.0000560839619614
-1.0000560839619614
-1.0000560839619614
-1.0000560839619614
-1.0000560839619614
-1.0000560839619614
-1.0000560839619614
-1.0000560839619614
-1.0000560839619614
-1.0000560839619614
-1.0000560839619614
-0.9944790827039506
-0.7655399034692195
-0.9996855746710944
-0.9995673822913494
-0.9996855746710944
-0.9996855746710944
-0.9996855746710944
-0.9475425600021841
-0.928678307204798
-0.9828000695509979
-0.9996855746710944
-1.0441997992768348
-0.9996855746710944
-0.9996855746710944
-0.9996855746710944
-1.0813105101275642
-0.9867397507758401
-0.8270921753105247
-0.9004998027409422
-0.9565260686296542
-1.0820477918476512
-0.9429017817283387
-0.8169018489785563
-1.0491346264154753
-0.9911898197577289
-0.9996855746710944
-0.9996855746710944
-0.9115825340176229
-0.9996855746710944
-0.9996855746710944
-0.9996855746710944
-0.9996855746710944
-0.9996855746710944
-0.9999648202946122
-1.0144442454814186
-1.015833162896094
-1.0000560839619614
-1.0000560839619614
-0.9644112923327329
-1.0000560839619614
-1.0002643673916274
-0.9996855746710944
-0.9761635648145991
-0.9996855746710944
-1.0000560839619614
-1.1326100954508025
-0.9996855746710944
-0.9996855746710944
-0.9763136425861489
-0.9996855746710944
-0.9773412833375562
-0.9996855746710944
-0.9996855746710944
-0.9996855746710944
-0.9690642979450307
-0.9634543990408935
-0.9996855746710944
-1.0112263668453239
-0.9996855746710944
-0.9623170870324207
-0.9996855746710944
-1.0365321786404875
-0.9996855746710944
-1.0292967406867064
-0.9996855746710944
-0.9996855746710944
-0.9783355300141268
-0.9996855746710944
-0.9996855746710944
-0.9996855746710944
-0.9996855746710944
-1.0000205642384365
-0.7908278422781485
-0.9996855746710944
-0.9790383346871074
-0.916323283391733
-0.9663155305399906
-1.0470512504201448
-1.0470512504201448
-0.9996855746710944
-0.9996855746710944
-0.9996855746710944
-0.9996855746710944
-0.9996855746710944
-0.8179765109611702
-0.8737555474964133
-0.9103608873614388
-0.9763563770879231
-0.9996855746710944
-0.9996855746710944
-0.9989068599551202
-0.9996855746710944
-0.9992113389897497
-0.9996855746710944
-1.0139405810404167
-0.9905601286632147
-1.0491648769231998
-0.9848808062989128
-0.9808599625352183
-0.9996855746710944
-1.0280851646926157
-0.8500545419050916
-0.9996855746710944
-0.9977153892458337
-1.0308770618667171
-0.9996855746710944
-0.9996855746710944
-0.9292103780855612
-0.9996855746710944
-0.9614339040989173
-0.9996855746710944
-0.9996855746710944
-0.9716305825866788
-1.0006159441047309
-1.0072821600831587
-0.9492033731720723
-0.9996855746710944
-1.0301342432198757
-1.042638606488062
-0.9874583334593101
-0.9826818221948672
-0.8515375046581514
-0.9552825934097238
-0.9661039816948547
-1.0445401802101733
-0.980316817265758
-0.9834406798635222
-0.9996855746710944
-0.9996855746710944
-1.0067273317928116
-0.9996855746710944
-1.0000560839619614
-0.9269614304424096
-1.0055470811203528
-0.9981006168691219
-0.9884650919503051
-0.8509008669749691
-0.9932936249772379
-0.9544433186561692
-0.8365623748496194
-0.9996855746710944
-1.0177694482049098
-0.9815725497231252
-0.960407144978118
-0.9999810508079715
-0.9996855746710944
-0.9740687515346845
-1.0515723354258995
-0.8271002307831522
-0.9972537317862183
-0.944227221408242
-0.9392536780219892
-1.0000560839619614
-1.0586846138709058
-0.7930577436216968
-0.9692791075111238
-1.0000560839619614
-1.0470512504201448
-0.9996855746710944
-1.0037060515414933
-0.9996855746710944
-1.0034256971544615
-1.0214766338456158
-0.9723999956988334
-0.917194079947168
-1.133273098399782
-1.0470512504201448
-0.21561711474398637
-1.0000560839619614
-0.9622923951614119
-1.0000560839619614
-1.0000560839619614
-0.9688032379746037
-1.001828879117582
-0.9996855746710944
-0.9996855746710944
-0.9996855746710944
-1.0000560839619614
-0.9996855746710944
-1.0000560839619614
-1.0000560839619614
-1.0000560839619614
-1.0000560839619614
-1.0000560839619614
-1.0000560839619614
-0.9725198088563533
-1.0000560839619614
-0.9996855746710944
-0.9148132657477871
-0.8772899745226713
-1.006811614699091
-0.886144236005586
-0.9996855746710944
-0.8336171736935857
-0.9653191398853478
-0.7566150795132254
-0.9160083606066631
-0.9996855746710944
-1.005556787825942
-0.9996855746710944
-0.9996855746710944
-1.0000560839619614
-0.9695324368972691
-0.9996855746710944
-0.9905482386373271
-1.0001269611048944
-1.0063329142657762
-0.8043377522971119
-0.9775018202016338
-0.9273505507391933
-1.0000560839619614
-1.019959992907826
-1.0726112657116895
-0.9996855746710944
-1.0000560839619614
-0.8426597447418209
-0.9663079716307243
-0.8912113098373796
-0.9968654628993172
-0.7789588007848964
-0.8058689945678689
-0.7350039600849652
-0.937034844522278
-0.7589371781133272
-0.9256675717127276
-0.9996855746710944
-1.0000560839619614
-0.8868522769732647
-0.9630546973225963
-1.0813248754588602
-0.9169758793106797
-0.9468280921813281
-1.00807171652213
-0.9734387722088109
-0.9996855746710944
-0.9408528920336081
-0.9996855746710944
-0.9996855746710944
-0.9996855746710944
-0.9996855746710944
-0.9996855746710944
-0.8493657941006856
-0.9704022160707994
-1.0000560839619614
-0.951011677662125
-1.079844295402152
-0.9996855746710944
-0.9613590057979711
-0.6394528697217952
-0.836248643872698
-0.9319654597588682
-0.9904273818743103
-0.9903371553186262
-0.9996855746710944
-0.9996855746710944
-0.9916825333785771
-0.7467050822034496
-1.0000560839619614
-1.0072605768665963
-0.3820012410774871
-1.0124923845348235
-0.9877159979448739
-0.9999608539191019
-0.900909930861234
-0.9066099915272378
-1.0576955328954567
-0.8410684641451942
-0.9850606419300871
-1.0316703517872792
-0.9843243687206377
-0.9731508206993337
-0.8915172773135323
-0.9484956065514933
-0.9449736972913122
-0.9996855746710944
-0.9996855746710944
-0.6597254735328434
-0.9139563600693535
-0.8541536893702224
-1.0188417884899788
-0.9274869212177268
-0.8166351004334302
-0.7896797982843823
-0.9996855746710944
-0.9996855746710944
-0.9996855746710944
-1.0318657906211204
-0.9996855746710944
-0.7233198310872107
-0.9930566869882336
-0.9996855746710944
-0.9996855746710944
-0.9740061331284378
-1.0000560839619614
-0.9072290135838479
-1.0191171137362276
-1.0812864870933212
-0.7156591247052089
-1.0082882708436702
-0.9996855746710944
-0.9884597404542697
-0.9996855746710944
-0.9996855746710944
-0.8091820824087079
-1.0188413577722912
-1.0308833579807728
-0.9466739226453993
-0.7827544392886483
-1.0979896419592083
-0.9222622692835765
-1.0000560839619614
-0.6116686160769229
-0.9359421001669784
-0.9996855746710944
-0.5686458350547252
-0.9097571458682958
-1.0000560839619614
-1.0557736544564742
-1.0419091608168756
-0.8775318016906635
-0.9716443999968826
-1.0015272331110825
-0.9996855746710944
-0.8790510544999
-0.9996855746710944
-0.9709674546478976
-0.9779662606200263
-0.9785004742563476
-0.9996855746710944
-0.9996855746710944
-0.7986544482531306
-0.9998676688762896
-0.9996855746710944
-1.0817888303109842
-0.8833981438321536
-1.0202099698611213
-0.9223684813584387
-1.0771990740161823
-1.0062350459595544
-0.9996855746710944
-0.9996855746710944
-1.0171789584840447
-1.006210489427682
-0.8611795587022775
-1.0655964587478168
-0.8749221914941436
-0.9996855746710944
-0.9996855746710944
-1.0426230146634088
-0.9485884488913647
-1.022076896757631
-0.9996855746710944
-0.8303205340205144
-0.9396843353247679
-0.9996855746710944
-0.8845987168722734
-0.999986713516155
-0.9996855746710944
-0.9996855746710944
-0.985831325770996
-1.0041006175331895
-0.9999770164489256
-1.07562013113771
-0.9996855746710944
-0.9890754718419245
-0.7980688206458737
-0.9996855746710944
-0.9996855746710944
-0.9846340741542815
-0.9281805437599163
-0.9996855746710944
-0.9996855746710944
-0.9996855746710944
-0.9458916257693284
-0.9693488295592284
-0.9765882105253388
-0.9528356100099042
-0.9841841386439255
-0.9996855746710944
-0.13936730990506974
-0.704546633062297
-0.9996855746710944
-0.9170422341024218
-1.0243919116958677
-0.9996855746710944
-0.7877916693523738
-0.9996855746710944
-1.0000560839619614
-0.939348182892454
-1.0211830966339082
-0.9996855746710944
-0.9783355300141228
-0.9996855746710944
-0.9996855746710944
-0.9689324334870627
-0.9799760971481329
-0.9996855746710944
-0.8330334385757392
-0.9996855746710944
-0.9354024437419732
-0.9996855746710944
-0.9996855746710944
-0.9999093352917179
-0.9996855746710944
-0.9885125108837381
-1.000017039514617
-0.9603805158111279
-1.021921556413708
-0.9989221930349136
-1.1463254895414623
-0.8684003708615313
-0.9875291870879559
-1.0273579903654253
-0.903297705103014
-0.9996855746710944
-1.0000560839619614
-0.9800199042112872
-0.9829642515419207
-1.0642129026641876
-0.9329646413061283
-0.997787235401721
-1.0000102029200304
-1.0138199651370348
-1.0376687311343349
-1.0178198927636866
-0.876953968896266
-0.9896451827950772
-0.9996855746710944
-0.9996855746710944
-0.97192636944194
-0.9996855746710944
-1.034504743203262
-0.9996855746710944
-1.0167678500560742
-0.9371847313495105
-0.9996855746710944
-0.9996855746710944
-0.9996855746710944
-0.9546139786182349
-0.9936372666738535
-0.9996855746710944
-0.890334096453567
-0.9996855746710944
-0.9745112372628684
-0.9996855746710944
-0.9210431249326536
-0.6724036403976524
-1.000137293296936
-0.9996855746710944
-0.9996855746710944
-1.0000560839619614
-0.9996855746710944
-0.9034952366947075
-0.7466390432069252
-0.7780152643269929
-0.9996855746710944
-1.006734735528265
-1.0000560839619614
-0.9996855746710944
-1.0000560839619614
-1.0000560839619614
-0.9996855746710944
-0.7871524012970129
-0.9996855746710944
-1.0077178334455525
-0.8987370081279933
-0.9996855746710944
-1.1193742808463043
-0.9155539201333096
-0.8553711974430994
-1.0000560839619614
-0.9996855746710944
-0.9996855746710944
-0.9996855746710944
-0.926698913501832
-0.9684359944461873
-1.0000560839619614
-1.0276564300863615
-0.8930228563566502
-1.0000560839619614
-0.9996855746710944
-0.9552824788079998
-0.9996855746710944
-1.0899165719884234
-0.941363820135973
-1.0000560839619614
-1.0001269611048944
-1.0570173757780978
-1.0470512504201448
-0.9225456414535593
-0.9599425761042187
-0.8740223159606944
-0.9377597652102295
-1.0126608197536449
-0.8248093587122973
-0.8984549705250435
-0.9834236960334368
-0.9611349994653298
-0.9998676688762896
-0.9840014781284604
-1.0258655851724674
-0.9323771557628198
-1.0281210725926306
-0.8641300263809626
-0.8378370776635058
-1.0344963910894636
-0.9839472285461311
-1.00019129076483
-0.9708173813319535
-0.8428075359835028
-1.0000560839619614
-0.9546039708329339
-0.9996855746710944
-0.8391781808835426
-0.9996855746710944
-1.0000560839619614
-0.9016862302858175
-0.929991602346408
-1.0000560839619614
-1.0106425211937398
-0.9996855746710944
-1.0262621157970597
-0.9692360431703075
-1.0000560839619614
-0.9996855746710944
-1.108326849015639
-1.0470512504201448
-0.9996855746710944
-0.8159289954832378
-0.8035052894756085
-0.9735213605082919
-1.0091836790371496
-0.9365863675433037
-1.0839333031897607
-0.9968782497678461
-1.0018320275053105
-0.9939664912913715
-1.0145931371057888
-0.9373342368010374
-0.9147421605599587
-1.0763014851196573
-0.9225100402586108
-0.9996855746710944
-0.9999674510356543
-0.9996855746710944
-0.9996855746710944
-0.937015172296248
-0.9414969732129786
-1.0159575887634915
-0.9934636520630001
-1.0025830823851773
-0.9438344278571484
-0.9996855746710944
-1.0578034892406156
-0.7468608406470746
-0.9366739288298895
-0.8356848887736539
-0.9968130703060594
-1.030374382510682
-0.9100236284960291
-0.9999674510356543
-0.9381233452181923
-0.9359743195992078
-1.0152302415705667
-0.9346174753132991
-0.9351053120149833
-0.9856904490406246
-0.9754255676898467
-0.9247472168251423
-0.8916374441730588
-1.0470512504201448
-0.9783355300141245
-0.9650103387395659
-0.9996855746710944
-0.9996855746710944
-0.9855010816572589
-0.9996855746710944
-0.9275160791496047
-0.9699704295931316
-0.9760687818733224
-0.9523331114636993
-0.9330762571919412
-0.9999674510356543
-0.9996855746710944
-0.9157192120056876
-0.9996855746710944
-0.8909465733543027
-1.0170111000032276
-0.9996855746710944
-1.0444514207557694
-1.0361556257540179
-0.9996855746710944
-0.9996855746710944
-1.0635305756650253
-0.9984203902013105
-0.8336435000513651
-1.0006426383824594
-0.9786828179168219
-0.9996855746710944
-0.9996855746710944
-0.9669727721678755
-0.9996855746710944
-0.7643402994538873
-1.0525561562009291
-1.0640504778944395
-1.1164189487947533
-0.9996855746710944
-0.9996855746710944
-0.9816902486410788
-0.9996855746710944
-1.040806800433813
-1.0262106218126532
-0.9747998976300936
-0.9286714203465348
-0.9765678849352272
-0.9996855746710944
-1.0378812757521458
-1.0363431916878894
-1.0420043707659086
-1.0081610148991405
-0.9996855746710944
-0.9996855746710944
-1.0000560839619614
-0.9996855746710944
-0.9105732561230384
-0.9996855746710944
-0.9583239493188335
-1.0135230260054902
-0.8878872596630556
-0.8105626575332969
-0.7437055426239234
-1.02027713057254
-0.9996855746710944
-0.9578320407919134
-0.915324986052667
-0.9996855746710944
-0.9700456476377689
-0.9996855746710944
-0.9393276756901416
-1.0563254551899068
-1.023530807440693
-0.8794733552191493
-0.7655701309423855
-0.7846236789765034
-0.9291989901606944
-0.9147954759416304
-0.8210719400609203
-1.0336428877803678
-0.9996855746710944
-0.8889639288676993
-1.0000560839619614
-0.9996855746710944
-0.9996855746710944
-0.9996855746710944
-0.9996855746710944
-1.0230695619838546
-0.93953976527959
-0.9462899856919066
-0.9996855746710944
-0.9996855746710944
-1.0162600146968355
-0.912621813548796
-0.8873087777276496
-0.9704615268424215
-0.9996855746710944
-1.1079186437339974
-1.020594934087973
-1.094505182819158
-1.0276155313526476
-0.9996855746710944
-0.9403481049187575
-1.0000560839619614
-0.8697607736643328
-0.9996855746710944
-0.9996855746710944
-0.9951165168059186
-0.9996855746710944
-0.9626626342521787
-0.9996855746710944
-0.9996855746710944
-1.0114970501356804
-0.9674551401059843
-0.9319918172045785
-0.9880044149334415
-0.9996855746710944
-0.9721250442040059
-1.0053911157360758
-0.9996855746710944
-0.9966128057834911
-0.9996855746710944
-0.9996855746710944
-0.9996855746710944
-1.0320092459893835
-0.9136359751511804
-1.0147657134646644
-0.9980722202314165
-1.0000560839619614
-1.0000560839619614
-1.0000560839619614
-1.0000484986930194
-0.9996855746710944
-0.9527696201965951
-0.9996855746710944
-1.0687249092590478
-0.8605840063413247
-0.856994691347894
-0.9996855746710944
-0.9811394626039006
-0.8380651555911267
-0.9617938371959367
-0.9655588100970863
-0.9996855746710944
-0.9996855746710944
-1.0000560839619614
-0.9470853488045219
-0.9996855746710944
-0.928347421849335
-0.9783450568774569
-0.7783349661393428
-0.9085418701509326
-0.9492385071484098
-0.9049927458654494
-0.9106204592108887
-0.8804162231425287
-0.9995111560120095
-0.9996855746710944
-0.9998296809387197
-0.9227625051829851
-0.8738461482659259
-0.8161011146980314
-0.9996855746710944
-0.9492132539822425
-0.9899614565241006
-1.0336455573256853
-0.9996855746710944
-0.9996855746710944
-0.9996855746710944
-1.0000560839619614
-0.9996855746710944
-0.9842546406941439
-1.0000560839619614
-0.9375753416433441
-0.9369866744515938
-1.0837407988295489
-0.9311445644621281
-0.8767149971040475
-0.9996855746710944
-0.9996855746710944
-1.0587608245908247
-0.9965716114459988
-0.9526363475042438
-1.1032535813852757
-1.0107057061278688
-1.0000560839619614
-0.9996855746710944
-0.831694026906066
-0.9390297941549366
-0.8877318327221857
-0.9996855746710944
-0.8781834177528784
-0.9977240589423637
-1.0055842964495711
-0.9979934831976243
-0.9455838063902547
-0.9996855746710944
-0.9722825552929919
-0.9811661725449606
-1.0000560839619614
-0.9667399993451589
-0.9726674054036275
-0.8970893330515632
-1.011733150430571
-1.0212362177722523
-0.9783355300141268
-0.9680771706317415
-0.9970383501955273
-0.9996855746710944
-0.9996855746710944
-1.0042228906772
-0.9996855746710944
-0.9996855746710944
-1.0092289689028395
-0.9204634373745142
-0.8574569454860392
-0.9089965531597765
-0.9627057582724585
-1.0214586899304416
-1.0045504540793588
-0.9996855746710944
-1.0290470666895264
-0.8178640431265798
-0.7995624124151486
-1.0063844928382202
-1.0263472029747858
-1.0320092459893835
-1.0000560839619614
-0.9996855746710944
-0.9781943119098435
-1.027741249615528
-0.930961388577228
-1.021433052142305
-0.9813946375085771
-0.9996855746710944
-0.8942887559915734
-0.9788782416820117
-0.795321665206856
-0.9996855746710944
-0.9996855746710944
-0.9996855746710944
-0.9996855746710944
-0.9836986536168447
-0.9996855746710944
-0.9929943204195655
-0.8800508260844239
-0.8971867717840313
-0.8852865031221968
-0.7510384366448444
-0.9820254346568429
-0.9996855746710944
-0.9389169790758741
-0.9996855746710944
-0.9875583973197729
-1.0000560839619614
-1.0051096297819528
-1.0000560839619614
-0.9354088497143945
-0.9055310149861657
-0.9996855746710944
-0.9500726283146681
-1.0000560839619614
-1.0000560839619614
-1.0000560839619614
-0.8561576183704946
-1.0130549436085223
-0.8586329339744699
-1.0000560839619614
-0.8540214446230843
-1.0000560839619614
-0.8909408248523895
-0.9026336732196191
-0.6389827966262684
-0.9996855746710944
-0.9996855746710944
-0.98425904443613
-0.9370031833133108
-0.7970106248653596
-0.9996855746710944
-0.9202490556265299
-0.9996855746710944
-1.029955762641232
-0.9790089982008929
-0.9498756821877419
-0.9396944098980449
-0.9356445802968619
-0.921490911399169
-0.9675241628552531
-1.0000560839619614
-0.8319149265994811
-0.7045425498230491
-0.8522988043847038
-0.9788317527259829
-0.9996855746710944
-0.9996855746710944
-0.9996855746710944
-0.9790187265926633
-0.877343356006578
-0.9253933645312681
-0.9372750661333016
-0.7488010668795336
-0.9408615949621254
-0.9520749452814631
-0.9082934412303107
-0.6995296816496636
-0.9996855746710944
-0.9299062043093411
-0.9904689634326482
-0.9716917918770593
-0.9970606018363808
-0.9996855746710944
-0.971736947551585
-0.975790348007703
-0.971736947551585
-0.8171492574316768
-1.0103727256537782
-0.9996855746710944
-0.9674857626548481
-0.8940374825505152
-1.0000128528199521
-1.0490705734123547
-0.9996855746710944
-0.8213703544810966
-1.0073829326380734
-0.9996855746710944
-1.000137293296936
-0.9996855746710944
-0.9996855746710944
-1.013189420946891
-1.027741249615528
-0.9397426264859631
-1.0278137592446248
-0.9996855746710944
-0.9996855746710944
-0.9983741808813079
-0.9996855746710944
-0.9352978084334969
-0.9783355300141259
-0.9767161367128505
-0.9996855746710944
-0.9695405426363183
-1.0178198927636866
-1.019970139527414
-1.0016626166283777
-0.93722905559152
-0.9996855746710944
-0.9856381558269102
-0.9996855746710944
-1.0136560423484766
-0.9996855746710944
-0.9768850614913733
-0.9421951260664817
-1.0076274324719359
-0.9996855746710944
-0.9574500981583655
-0.9996855746710944
-0.9996855746710944
-1.1190168033791292
-0.9269401242462972
-0.9996855746710944
-0.9048146757740088
-1.0000560839619614
-0.9996855746710944
-1.0470512504201448
-0.9900418385294936
-0.9996855746710944
-0.9428484170037807
-1.0240432652732716
-0.9711558463409133
-1.001372713060828
-0.9996855746710944
-0.9820127133116436
-0.9118384825440877
-0.9996855746710944
-0.9996855746710944
-0.9996855746710944
-0.9889335511137788
-0.8624846985375276
-0.9738280451433949
-0.9758136644443834
-1.0163827198954265
-0.9996855746710944
-0.9788423111440401
-1.0183161701129104
-0.6881176404938669
-1.070575423007916
-1.0030625110951934
-0.9735269485183035
-0.9867776303877562
-0.9577989280489225
-0.8319766445982546
-0.7672682550441275
-0.9996855746710944
-0.9271467034651674
-0.9996855746710944
-0.8117324982143103
-1.0024593213471722
-0.7757553507336805
-0.8482235749280626
-0.9577084490435953
-0.9804173289645325
-1.017786174719537
-0.9617008166190437
-0.9196193682720253
-0.8881364327226842
-0.9996855746710944
-0.9352183104222189
-0.9967744751002106
-0.7483110907976114
-0.9996855746710944
-0.9391850415954146
-0.9996855746710944
-1.0162823180911067
-0.9996855746710944
-0.9944441451255093
-0.9164030172207048
-0.7441280775103744
-0.7025045029843154
-0.9087827940610183
-0.9859538431326853
-0.9805471039124543
-1.0386712324969614
-1.0264014751529744
-0.6950568221432274
-0.9875669277338952
-0.8059474215942126
-0.9584122451819652
-0.971539831935577
-0.9138938861718278
-0.920867605998533
-1.0333405227368828
-0.9996855746710944
-0.9786850776136724
-0.7643577167511449
-0.9996855746710944
-0.9996855746710944
-0.9293418383539865
-0.9596086366520975
-0.9870189820872595
-1.0505034672729667
-1.027214427711243
-1.0118944711862488
-0.9244298229897953
-0.960977194735125
-0.8174904691547462
-1.000382988601177
-0.9834406798635222
-0.9810843789766251
-0.9850201215790981
-1.0021740483639487
-1.0438983154041641
-0.9482363908947227
-1.0745495207518991
-0.9589218820359723
-0.9824555082816963
-0.9685196023917255
-0.9717064034109858
-0.9959040289465592
-1.0066370859411335
-0.9673125311158152
-0.8752094514782449
-0.9712794984430833
-0.880539819588849
-0.9785482145102389
-0.9996855746710944
-0.9996855746710944
-1.0728083279782075
-0.9996855746710944
-0.9996855746710944
-1.047518792030416
-0.9843328807946702
-0.9996855746710944
-1.0326082801487888
-0.9472652198021456
-1.020844300522367
-0.9672905410618707
-0.9703613109090357
-0.9440454751577481
-0.8407782490811421
-0.9785911459834885
-0.9977518100564273
-0.9996855746710944
-0.948642217876736
-0.9930057487085965
-0.9642924347524395
-1.0186317597557115
-0.9996855746710944
-0.8530586843344727
-0.985642906833339
-0.9291538004184637
-0.8042077808768585
-1.0275338171243908
-1.0365420740976978
-1.0383708151087765
-0.9478822235196304
-0.9996855746710944
-0.9996855746710944
-1.0039106446416808
-0.9483335046807038
-1.0632962308465408
-0.9817242866248526
-1.0120602748221728
-1.0385003370531722
-0.9996855746710944
-0.9123422585108716
-1.0318624143351482
-1.0000560839619614
-0.9996855746710944
-1.0010968456795175
-0.9999813393287192
-1.0047531940222119
-0.9996855746710944
-0.9975142677036904
-1.034498520561108
-0.9043030703411828
-1.0259370548214088
-0.9423211334726116
-0.9996855746710944
-0.8003954594969518
-0.9996855746710944
-0.9996855746710944
-0.8558078878887367
-1.0000560839619614
-1.0000560839619614
-0.8271542481360868
-0.999572918867359
-0.9021313202170849
-0.9428429548928229
-1.0133585278369506
-0.9992722250862948
-0.9017682338608201
-1.1116335662337211
-1.07449230056816
-0.9548499589365418
-0.9996855746710944
-0.9692339962259261
-1.0120299560932116
-0.9898934725148686
-1.0000560839619614
-0.9996855746710944
-1.0091708193025013
-0.9996855746710944
-0.9790921964855546
-0.9996855746710944
-0.9996855746710944
-0.9453269433960972
-0.9106092511164583
-0.9996855746710944
-0.9297996802025175
-0.9859017048695173
-1.018023612388361
-0.9996855746710944
-1.0000560839619614
-1.0580198354406354
-0.9687248997250739
-0.9074117500192769
-1.0098553652748528
-0.9735269485183035
-0.9476238973613715
-1.0029858827115845
-0.9630546973225963
-1.0326768619615803
-0.666859445986048
-0.9996855746710944
-0.9156676786667444
-0.9785860041441361
-1.0000560839619614
-0.9220065869235967
-0.9780687514740793
-0.9996855746710944
-0.9787937430553724
-0.9610975819033013
-1.0178198927636866
-0.9790086791403803
-0.9996855746710944
-1.0211345924142337
-0.9996855746710944
-0.9783355300141223
-0.9397455033002236
-0.9996855746710944
-0.9996855746710944
-0.8179708189244009
-1.0117602335080738
-0.9996855746710944
-1.0097324453910792
-0.974634823994461
-0.9996855746710944
-1.0166192596644437
-0.9996855746710944
-0.9996855746710944
-0.9557431053093997
-0.9996855746710944
-1.0001044462494721
-0.9242685838704116
-1.0471193536310637
-1.093036497079081
-0.9750133615135783
-1.0056753646328842
-0.9996855746710944
-1.0122461367614581
-0.9860287998537867
-0.9137288194820828
-0.9996855746710944
-0.891538549837428
-0.9904155209208376
-0.978335530014125
-0.9678709253077334
-1.013652671449288
-0.9084178642445592
-0.9372505361691906
-0.9996855746710944
-0.8509036956509028
-1.0069784418211227
-1.0148669099204985
-0.9996855746710944
-0.8653383461241468
-0.9996855746710944
-0.9996855746710944
-1.0586799312356892
-0.8768648221413672
-0.8110715839587526
-0.9910896311041535
-0.9996855746710944
-1.024655021973659
-0.9773798257874796
-0.9827908271937207
-0.9484489050353659
-0.900332798562159
-0.9560176820867156
-0.8542000406399544
-0.9243517144601859
-1.0592502571203182
-0.8816509462062668
-0.988813077609945
-0.9855514926777951
-0.971163936736452
-0.9996855746710944
-0.993913713832608
-0.9798139344117406
-0.9553400571347896
-1.0001044462494721
-0.9996855746710944
-0.9739710586577628
-0.8989863541346202
-1.0125439285439424
-0.9242908965816286
-0.8401393434331855
-1.0283146893847899
-0.9635219165572303
-1.027741249615528
-0.981414659586997
-0.9996855746710944
-0.9282475228856165
-0.9743833691809787
-0.9357590927146
-1.0001269611048944
-0.9748645915720391
-0.9996855746710944
-0.973341086571675
-1.0318802849312407
-0.9448795090078523
-0.9739149417481273
-0.9996855746710944
-0.8942646183806708
-0.9996855746710944
-0.9996855746710944
-0.9207420175217904
-0.9512601622626631
-0.9807620577942482
-0.9744190906203576
-1.0148719529708654
-0.9877412717589159
-0.9601489980307445
-0.9996855746710944
-0.9996855746710944
-0.9996855746710944
-0.9996855746710944
-0.9996855746710944
-0.992887878646583
-1.0000560839619614
-0.9996855746710944
-0.9996855746710944
-1.0002545323322338
-0.9996855746710944
-0.9996855746710944
-1.0470512504201448
-0.8757996990885534
-0.9996855746710944
-0.9193252281430471
-1.0000560839619614
-0.9982120159661565
-0.9728307905626596
-0.9996855746710944
-0.9996855746710944
-0.9996855746710944
-0.9996855746710944
-0.8667971100094841
-0.7933713010414385
-1.0593691449389606
-0.9801849030634208
-0.9996855746710944
-0.9085515261480054
-0.9099748306528612
-0.8909843696524282
-0.801735942180516
-0.9879321906740178
-1.009492300104474
-0.9996855746710944
-1.0155130924678564
-0.7576296664732289
-0.9485693760858337
-0.9996855746710944
-1.007341044840747
-0.9575529755157194
-0.9677079981953711
-0.9774147640734673
-0.9171406788992046
-0.798956965396526
-1.0062908340023569
-0.8724753133268588
-0.9903766683538623
-1.0063891938264944
-1.0134845915473631
-1.0020468707349857
-0.9376823035726228
-1.037179669337552
-0.9194822068896609
-0.9956738075431388
-0.9996855746710944
-0.9654380392023164
-0.9996855746710944
-1.0118734690896058
-0.9636832609360831
-0.9422922888334786
-0.9996855746710944
-0.9996855746710944
-0.9089489027193554
-1.0035257816817793
-0.8272076599252436
-0.792113341171362
-0.8733628636235181
-0.8780391771326699
-0.9173317997504263
-0.7968093857585614
-0.9348395488659069
-0.8794164068353678
-0.8357962242017801
-0.9783355300141241
-1.0231443534097742
-0.908285908061705
-0.9896272273266244
-0.8125982685273828
-0.8213546359405838
-0.9574715875849542
-0.9550526103413857
-0.8702984783568108
-1.0161091669975948
-0.9409317727613324
-0.5249834789651675
-0.9508132322099436
-0.9996855746710944
-0.920002310084557
-0.9986822686332205
-0.9263155396809019
-1.0081368566400126
-0.912235840116453
-0.9367694518912484
-0.95903754279431
-0.9996855746710944
-1.031736506799373
-0.9822265178193121
-1.0351085959993782
-0.9996855746710944
-0.9164600584013772
-1.000017039514617
-1.0108883221731082
-0.9722661544419717
-0.9563629405764741
-0.9996855746710944
-0.9996855746710944
-0.8817785266226333
-0.9389951273822731
-0.9996855746710944
-0.9996855746710944
-0.9996855746710944
-0.9397574430132953
-0.8260344722930837
-0.9996855746710944
-0.9996855746710944
-0.9996855746710944
-1.0117119828285477
-0.9594785994916583
-1.0222457902121225
-0.9996855746710944
-1.0027180825475073
-1.0000560839619614
-1.0000560839619614
-0.9996855746710944
-1.082363364948706
-0.9039054598289867
-0.9820915120878064
-0.8931360397827139
-0.995816994664449
-1.0470512504201448
-0.9996855746710944
-0.9996855746710944
-0.9996855746710944
-1.0374403064417097
-0.8948911334849033
-0.960376126711698
-0.9845993611471726
-1.0747398764065732
-0.9996855746710944
-1.0602583191990116
-0.9431160418447975
-0.9996855746710944
-0.9996855746710944
-1.0000560839619614
-1.0579556859316854
-1.0162598037956467
-1.0000560839619614
-1.003554938916226
-0.9996855746710944
-0.9996855746710944
-0.9110749425875317
-1.0008689039545717
-1.0012232542099817
-0.9996855746710944
-0.9996855746710944
-0.9996855746710944
-0.9996855746710944
-0.9797810219767058
-0.9617116872165047
-1.0138110468234596
-1.0185430017738184
-0.9469968564265714
-1.0417955532990277
-0.9996855746710944
-1.0001044462494721
-0.9824980761042875
-0.9996855746710944
-0.9557494887194493
-0.9599946322825388
-1.045367594698699
-0.9877607219097672
-0.8987504664234598
-0.9871500415992773
-1.0123581507131734
-0.9747720340489252
-1.0530552830000026
-1.0485400839002823
-0.9896967975122596
-1.0313300223888284
-1.0380737656451944
-0.9996855746710944
-1.031838384278666
-0.9842952483561394
-0.813465758859357
-0.9996855746710944
-0.9558917284581375
-1.0453439001733917
-0.9189913944776189
-0.9336631390248701
-0.9587061986633637
-0.7860944212393451
-0.8382771580286367
-0.963247772001499
-0.875324651924588
-1.0000560839619614
-1.0167656614270315
-0.9996855746710944
-0.8801378027320761
-1.0966766730854076
-0.9129108551812001
-0.9639713683528541
-0.9996855746710944
-0.9896833645267761
-0.8969430342711303
-0.9996855746710944
-0.9996855746710944
-0.8598940170320766
-0.9578137714090901
-0.9739026359491914
-1.0118944711862488
-1.0307374994686223
-0.9998676688762896
-1.0286552881464215
-0.9320362732958977
-0.9996855746710944
-0.9024877674005404
-0.9996855746710944
-0.8531439808982078
-0.9630951125046616
-0.9879756644770076
-0.8900540404413632
-1.0268128280257784
-0.9928771343829523
-0.9996855746710944
-1.0332607496307795
-0.8986224869563032
-0.9406166621706518
-1.00038973610403
-0.9996855746710944
-0.9996855746710944
-1.0394572814133503
-1.0066335811175036
-0.9589152763776125
-1.0000560839619614
-0.9996855746710944
-0.9752693042602714
-0.9026931585858589
-0.9996855746710944
-1.0000560839619614
-0.9966915550188064
-1.0027755409058292
-0.9259740245027839
-0.9780082748161409
-1.0483794110813562
-0.8764683255485453
-1.0462023519113304
-0.9996855746710944
-0.8928218430256375
-0.9996855746710944
-0.9837478603453325
-1.0132675496542964
-0.8667885066899516
-0.9996855746710944
-0.9996855746710944
-0.9670768794147507
-0.9443286880094973
-0.9996855746710944
-1.0037680026165132
-0.9896168908288165
-0.9630546973225963
-0.9644150952273627
-0.9609816429253341
-0.8953398685555958
-0.9807770616926595
-1.0230695619838546
-1.0599694580293917
-0.9996855746710944
-0.9632902229265465
-0.8273864210088494
-1.0614683542817598
-1.054001814621805
-1.049082884108487
-0.8380234875460897
-0.9678035067626801
-0.9808914588774663
-1.045484009607227
-0.5915251356697332
-0.7685909956606425
-0.9670303769052677
-0.8477872382739923
-0.9619173330588694
-0.999572918867359
-0.8826718152115
-0.9654574912514342
-1.0048307332638922
-0.9996855746710944
-0.9996855746710944
-0.9996855746710944
-0.9996855746710944
-0.7865733753915888
-0.9375846979386596
-0.9996855746710944
-0.9999810508079715
-1.0325890243030906
-0.9982080710833868
-0.9168772390857671
-0.921712903237211
-0.8390899424837189
-0.9861764117332544
-0.8545132283101806
-0.8669828139007011
-0.8801779148214797
-0.8341909219548665
-1.0101877847003522
-1.009509028897441
-0.9263204178182641
-0.8985384524176162
-0.9729268447882173
-0.9796717052638324
-0.9984175487624961
-0.8663900663811323
-0.9145923937345797
-1.0144303161208768
-0.9952812474162265
-0.9763748987808538
-0.967902472908204
-0.9769323499684681
-0.8299849346170383
-0.8891006601663842
-1.0044990653933306
-0.9848152425590474
-0.9173994741654454
-1.0000560839619614
-0.9239821170975049
-0.9996855746710944
-1.0095923176232713
-0.9925527371904366
-0.9864083070372772
-0.9996855746710944
-0.9996855746710944
-0.9789456972294475
-0.9219377070657071
-1.020293116179752
-0.9996855746710944
-1.0001269611048944
-0.9996855746710944
-0.9996855746710944
-0.9956269693716381
-1.0000560839619614
-0.9311737849220492
-0.9996855746710944
-0.9996855746710944
-0.9044255088692927
-0.9996855746710944
-1.0217458248616897
-0.9797854887521845
-0.9996855746710944
-0.9996855746710944
-0.9996855746710944
-0.9996855746710944
-1.0062560104284042
-1.0092754892991562
-1.0000560839619614
-1.0000560839619614
-0.9397329232353682
-0.8866220348257791
-0.8964445360374764
-1.015984224847842
-0.9996855746710944
-0.9826470193498825
-0.9996855746710944
-0.9732837910338116
-0.9996855746710944
-1.0000560839619614
-0.9996855746710944
-0.9545290350812804
-0.848082232743482
-0.9120640447206267
-1.0000560839619614
-0.9996855746710944
-0.9996855746710944
-0.89242365076605
-0.9996855746710944
-0.9263607650821533
-0.9850135545588229
-0.9996855746710944
-0.9996855746710944
-0.9996855746710944
-0.9891486138111762
-1.0001269611048944
-0.9099356551063555
-0.9996855746710944
-0.9996855746710944
-0.948451467359553
-1.023860005671179
-0.9797829300948885
-0.9996855746710944
-0.9996855746710944
-1.0262621157970597
-1.0588957834122743
