-0.9997383419120661
-0.9997728523472931
-1.000001118609847
-0.9998479761913274
-0.9997898965595161
-0.9998207424439666
-0.9997269415984478
-0.9997399809216397
-0.9998049682839928
-0.9997226405061563
-0.9998003120231022
-0.9997790094888229
-0.9999135032884728
-0.9998733352141183
-0.9998199647189409
-0.9997348763887085
-1.0000134390883475
-0.9996927606092341
-0.9999086005221965
-0.9997769629809122
-1.0000002693260013
-0.9997557463811468
-0.9998282561377168
-0.9998244724981991
-0.9997148910344967
-0.9997646496775462
-0.9997309219633191
-0.9998024183466971
-0.9997534677553149
-0.9998033102013594
-0.9997690984789775
-0.9997489153270439
-0.9999800768033907
-0.9997391322557535
-0.9999915464783948
-0.9999298499622117
-1.000195912439978
-1.0000245473268978
-0.9998037055691432
-0.9997415540143335
-0.9998325634019807
-0.9998306807871744
-0.9998446036036163
-0.9998795313621313
-0.9998005998884426
-0.9997558171887311
-0.9998528021286467
-0.9998245635645313
-0.9998459803501647
-0.9999819860210816
-0.9999897438069424
-0.9997900017723546
-0.9996687813231109
-0.9997304506410227
-0.9997231025863079
-0.999838371835795
-0.9999086654854145
-0.9997417320675687
-0.999698479444477
-0.9998253290193365
-0.9996453742883507
-0.9998781380258626
-0.9998044159719505
-0.9997824545063517
-0.9997598059282181
-0.9997991275031993
-0.9997734427058304
-0.9997273343892501
-0.9997737760068985
-0.9997721565871487
-0.9998148336756065
-0.9998068416606269
-0.9995842045965567
-0.9997136633535015
-1.0003038167244063
-1.0000747525518503
-0.9998863610041255
-0.9998890695514764
-0.9998400552976774
-0.9996899232278385
-0.999700835808508
-0.9998054341950391
-0.9997689902582737
-0.9997297206522315
-0.9997977152580549
-0.9996784002946918
-0.9997411943445662
-0.9997833131679366
-0.999904188205493
-0.9997805727046616
-0.9998041492393843
-0.9997696664043465
-0.9998164461854679
-0.9996773274013528
-0.9998256919748988
-0.9998250749060869
-1.000081251890697
-0.9998264022901288
-0.9997533646223363
-0.9997816170733939
-0.9998618718644389
-0.9997841497782706
-0.9999439917957964
-0.9997469178371262
-0.9997469178371262
-0.999757309892314
-0.9997469178371262
-0.9997630922487282
-1.0000982546724886
-0.9998374767950756
-0.9996885772938869
-0.9998148516872943
-0.9999895370134936
-0.999863341932249
-0.9997298700932046
-0.9997010940011593
-0.9996691325925808
-0.9997047787953176
-0.9998867133251953
-0.9999888372759961
-0.9999200928825785
-1.0001496449082148
-0.9997073756981816
-0.999741333008792
-0.9997458897860323
-1.000088416185882
-0.9997215825593156
-0.9999170514077661
-0.9997108085420382
-0.9997493841499128
-0.9997140114116895
-0.9996755878543111
-0.9998167104871106
-0.9997245532434926
-0.9998827126149546
-0.9997600272336588
-0.9996642771062481
-0.9996787784426167
-0.9996912074828908
-0.9996845121464016
-0.9997188490776374
-0.999677739769308
-0.9999389709618637
-0.9999964648645255
-0.9999499537119805
-0.9999345833719714
-0.9999972342715528
-0.9999403791251964
-0.9997854968226698
-1.000046048244167
-1.0000091310107213
-0.9999917473737062
-0.9997780203248401
-0.9997498734129713
-0.9999315804839087
-0.9996955425479428
-0.999804962090281
-0.9996929211037943
-0.9996630943409116
-0.9998706408222136
-0.9998688175090669
-0.999734944923779
-0.9997589318703239
-0.9997041416026482
-0.9996943563821306
-0.99981392126114
-0.9998897009674405
-1.0000443181296934
-0.9998455297135436
-1.0000399648737435
-1.0001616347320694
-0.9998941059279741
-0.9999318752258762
-1.0000300286618555
-0.999743802643237
-0.9997476846603589
-0.9997365573912997
-1.0002397766524234
-0.9995048567583618
-0.999712319887092
-0.9998394755992894
-0.9998744355619109
-0.9998351881572349
-1.0000194688342148
-0.9997659379772946
-0.9998885609370245
-1.0000236448618862
-0.9997764577431155
-0.9998748745883997
-0.9999945740032058
-0.999704142480054
-0.999801489091216
-0.9999049649930936
-0.99987232543131
-0.9998102156358742
-1.000017574759287
-0.9998822202320311
-0.997101197984765
-0.9997469178371262
-0.9999081752254104
-0.9997403576951106
-0.9997821701535253
-0.9997691829634934
-0.9998095994849862
-0.9999195954998846
-0.9998781378819385
-0.9997221247853781
-0.9998168064929228
-0.9999615919705815
-1.0001353018330357
-0.9996404124271263
-0.999855859019013
-1.000677260368648
-0.9997361815231207
-1.0000592128657761
-0.9998043721411866
-0.9997218132843574
-0.9997306981648294
-0.9998139993835788
-0.9997526333730247
-0.999689906527594
-0.9996860187036568
-0.9998806391658077
-0.9997469178371262
-0.999772674451883
-0.9997793272331463
-0.9998410071628258
-1.0000144017174417
-0.9998478453455434
-0.9998222560771433
-0.9999774877485136
-0.999826820488658
-0.9997190322954479
-0.9997423002124589
-0.9998121058356119
-0.9998158741838186
-0.9998406960517989
-1.000057913505401
-1.0002098518157612
-0.9998454297975996
-0.9998954375594056
-1.0002081462424928
-0.9998320071698541
-0.9998040269301895
-0.9997520451186052
-1.000000899000797
-0.9997474615184656
-0.9996562405635436
-0.9998209054015581
-0.9997469178371262
-0.999695455349105
-0.999736791291693
-0.999719749118146
-0.9997348112974463
-0.999965971678677
-0.9999168557275264
-0.9997946377859988
-0.9996916151641095
-0.9998365133934326
-0.9997666512505518
-0.9997441321624345
-0.9998682451582314
-0.9999328857382097
-0.999726925736482
-0.9999531024850179
-0.9997272619310567
-0.9999365679553126
-0.9997878201112117
-0.9998029029860679
-0.9997978302201765
-0.9997485209370074
-0.9997161177814892
-1.0000943569623595
-0.9997233571912835
-0.9997599101144807
-0.9997578297020804
-0.9997228651262722
-0.9997469178371262
-0.9997159562904835
-0.9997282401966873
-1.0001145667022278
-1.000404243259024
-0.9997202777339986
-0.9998503651267578
-0.9999509839947347
-0.999791917689512
-0.9997592087642955
-0.9998322556053181
-0.9997815196198346
-0.9997233382243635
-0.9998109213387097
-0.99978227964782
-0.9999308975991164
-0.9997469178371262
-0.999734542715357
-0.9998101039065477
-0.9997768150973293
-0.9997449707572074
-0.9997115711914479
-0.9997844320675539
-0.999899030997441
-0.9998493016526725
-0.9998795943395634
-0.9998004914985085
-0.999803428413488
-0.9999935819359822
-1.000132496795433
-0.9995983846720184
-0.9998181205814994
-0.9999197255661103
-1.000404243259024
-0.9997550727480808
-0.9999054689114051
-0.99962009426307
-0.9998327046218873
-0.9999201623629056
-0.9997980625603171
-0.999781896100258
-0.9997765756985623
-0.9996953065628067
-0.9999306033148615
-0.9998097906385403
-0.9999030772447457
-0.9997903966479775
-0.9997755576883844
-0.9996634540169591
-0.9997102048138049
-0.9998399263154085
-0.9997110763197415
-0.9996909496037307
-0.9997739314432407
-0.9996799916465142
-0.9997862425063793
-0.9998491572929028
-0.9998485935817312
-0.9999532224951974
-0.9998371421244648
-0.9998315331298517
-0.9998166344416531
-0.999722146072905
-0.9998447445803436
-1.0003753998428428
-1.000368285714317
-0.9997078374596781
-0.9998887652117178
-0.9997289548879094
-0.9997250145999221
-0.9997180147613017
-0.9997127779982962
-0.9997356970962517
-1.0003362594424634
-0.9998717018826525
-0.9996841833661788
-0.9998834617809356
-0.9998478080349991
-0.9997578122179875
-0.9997927629835635
-0.999750412933962
-0.9998129518056357
-0.999856533579976
-0.9997469178371262
-0.9997075978413632
-0.9997532182766247
-0.9996996796632736
-0.999839001599879
-0.9997867553283917
-0.9998042644217261
-0.9996724893758088
-0.9997980025828911
-0.9996842600160737
-0.9998468633303742
-0.9997465886462973
-0.9997257674234367
-0.9997411681466408
-0.999724086300224
-0.9997839264853234
-0.9998548513350838
-0.9997469178371262
-0.999664412724897
-0.9997196341083555
-0.9999370530948168
-0.9998844653956565
-0.9998262485185618
-0.9997469178371262
-0.9996982837128079
-0.9997499668104617
-0.9997749758234328
-0.9998051905019633
-0.9997242107473794
-0.9998433627094315
-0.9998310310088815
-0.999696636989259
-0.9997922202994829
-0.9997734535163013
-0.9998318300833479
-0.9992050694111881
-0.9998447163017102
-0.9998391495777295
-0.9998808977434772
-0.9998157135426761
-0.9997761752116612
-0.9998836873478794
-0.9997477421923887
-0.9997428351894393
-0.9998270200473727
-0.9997578107206874
-0.9998412736450946
-0.9997791062515359
-0.9996996812359076
-0.999597833291223
-0.9996822522720459
-0.9998105155642276
-0.9996994324367856
-1.000069980479883
-0.999692530415045
-0.9997278475505139
-0.9999499077401223
-0.9997592500560716
-0.9997990290191393
-0.9997410581393338
-0.9997444877091207
-0.9996752562602857
-0.9998294214457337
-0.9997598059282181
-1.0000143170869797
-0.999795268731657
-0.9999103161679435
-0.9996959247987771
-0.99970406329343
-0.9997972588477155
-0.9996620856883014
-0.9998282979403668
-0.9998302638757539
-0.9999070399322342
-1.0001924848323842
-0.9997852527091082
-0.9997749993515399
-0.9997732760334338
-0.9998185483761477
-0.999825531648609
-0.9999147162589895
-0.9998696813564886
-0.9997590617523457
-0.9998211655727673
-0.9998396778472335
-0.9997656187405881
-0.9998111189239239
-0.999761608200844
-1.000328869650076
-0.9997816012524916
-0.9997509095391633
-0.9998432553734077
-0.9998819115173518
-0.9998935772254577
-0.9997469178371262
-0.9998202982559146
-0.999880339921313
-0.9998364225334577
-1.000015366875431
-0.9998515842358813
-1.0002941465972763
-0.9998256260602656
-0.999816068154156
-0.9998694139121824
-0.9997920512565268
-1.0001236450056081
-0.9996813535017034
-0.9998664624545653
-0.9997992895816287
-0.9997052330331722
-0.9998083867240939
-0.9999114207678581
-1.0002582363818002
-0.9998945009682847
-0.9997351069769312
-0.9997884302159323
-0.9998070065191932
-1.0000036784404147
-0.9997079436472194
-0.9998224325703982
-0.9998897539801993
-1.0000844278963066
-1.0004042432590072
-0.9996715595955734
-1.0000309493290471
-0.999709580110899
-0.9998695664181841
-0.9999183337142666
-0.9997896567050709
-0.9997547357625598
-0.999690903347695
-0.9997361551643207
-0.999710721112832
-0.9998134423581215
-0.9998243152646364
-0.9999512350169112
-0.9997511718424049
-0.9998131305808631
-0.9997703768691828
-0.9996292315229207
-0.9997522945902527
-0.9997543626497308
-0.9996621646040482
-0.9998186702962499
-0.9999240229744256
-0.9997362517986144
-0.9995411781779151
-1.0002733152444687
-0.9997811997276396
-0.9997589354538722
-0.9998384331804233
-0.999908585773381
-1.0002107927654347
-0.9997923161201021
-0.9997874070800867
-1.000139291225186
-0.9999452325919952
-0.9996986247952949
-1.00004149827348
-0.9998157277760166
-0.9998642342764911
-0.999847906192592
-0.9997807490601973
-0.9996165231021464
-0.9997469178371262
-0.9997719855548353
-0.9997469178371262
-0.9997469178371262
-0.9998536203274481
-0.9997370374017014
-0.9999885957873407
-0.9997914317393208
-1.0000109161690163
-1.000009205681407
-0.9998423036622783
-0.9998103264632664
-0.9997341589278009
-0.9997469178371262
-0.9997260839150126
-0.9997512888252553
-0.9997249042304438
-0.9997297787526753
-0.9999265172621488
-1.0004042432590103
-0.9997124886893121
-0.9997473344531539
-0.9997469178371262
-0.9997931375444379
-0.999766590090997
-0.9998814532037374
-0.999680284108203
-0.9997814371742864
-0.9997469178371262
-0.9997987572360144
-0.9998487111268555
-0.999785296867044
-0.9998045448411815
-0.9997524022235278
-0.9997693561966609
-0.999746410127278
-0.9996200006155405
-0.9997496148788807
-0.9998242752306994
-0.9998788583314953
-0.9998779448342928
-0.999735696644085
-0.9997606701427837
-0.9997827922172797
-0.9997777198142009
-0.9998124374932919
-0.9997747023164089
-0.9998191516712371
-1.0001149844117776
-0.9994226651101533
-0.9997430200596253
-0.9998864482052926
-0.9997829117257474
-0.9997469178371262
-0.9997501447923762
-0.9998381821808949
-0.999067101263191
-0.9996551130376684
-0.9997469178371262
-0.9997260255918435
-0.9997671013056155
-0.9997469178371262
-0.9998442956475159
-0.9997535757624472
-1.00004243588991
-0.9998306495497334
-0.9998006350631508
-1.000047997598618
-0.9998195567854539
-0.9997519126649723
-1.0000856457559546
-1.000036723103263
-0.9998135091717194
-0.9997257030990055
-0.9999561569937769
-0.9999435644588394
-0.9998419491398096
-0.9997565701777467
-0.9997841827106057
-0.9997877395333737
-0.9999489762032118
-1.0000447176937635
-0.9997993804694544
-0.9999015657613948
-0.9998499686140503
-0.999724949211168
-0.9998283385002014
-0.9998194131013373
-0.9999614329945733
-0.9997632935702648
-0.9998585764939196
-0.9996618052690948
-0.9996493995891861
-0.9998222978171987
-0.9998594469692794
-0.9998332538376328
-0.9997353910152212
-0.999776845621447
-0.9998096702047192
-0.9999856127330193
-0.9998673846137339
-0.9998310065453627
-0.9997648036254103
-1.0000482374174064
-0.9998062047611759
-0.9998628169606791
-0.999716175092739
-0.9997673183893514
-0.9998526484668898
-0.9997787056150278
-0.9997604895483742
-0.9996408542973902
-0.9998270041171783
-0.9997235870468005
-0.999754071428418
-0.9999638004365481
-0.9999333587028539
-1.0001608244744493
-0.9998654920138077
-0.9998434689999988
-1.0000581160953237
-0.999756212498494
-0.9998031378911166
-0.9998679064479752
-0.9998288739601624
-0.9997508205356663
-0.9998140267695313
-0.9999672312861327
-0.9999809831234769
-0.9998918369996581
-0.9997744105412422
-1.0005336242502816
-1.0000185038729708
-0.9997025358731619
-0.9997226111388864
-0.999682127357764
-0.999885102369873
-0.9996850503246478
-0.9998160624252663
-0.9997351353801078
-0.9998084374243751
-0.9997363654053492
-0.9997267814580983
-0.9999044032550328
-0.9997776610103436
-0.9997407397320648
-0.9997539032344507
-0.9997264657120413
-0.9997349978349526
-0.9999704103158724
-0.9997999924107951
-0.9997200824817272
-0.9997628224868461
-0.9999509640439909
-0.9997712760378797
-0.999876716102128
-0.9998446309815472
-0.9998361331717543
-0.9999216368325182
-1.0001964366385478
-0.9997701249487012
-0.9997224053504162
-0.9998830012644643
-1.00019776503169
-0.99970774845842
-0.9997469178371262
-0.9998792704340314
-0.999881655781999
-0.9998802785369075
-0.9998031535125093
-0.9998098132422251
-0.9997497170583323
-0.9997463570258294
-0.9997884361647655
-0.9997060391580197
-0.9997878382782588
-0.9997747285814944
-0.9998355306498157
-0.9998663665090656
-0.9998508107633162
-0.9999171883747376
-0.9998871580247088
-0.999790095118797
-0.9997470028681802
-0.9998387799922913
-0.9998400730072322
-0.9997071481237076
-0.9999632990784529
-0.9998342896735676
-0.9998355745234324
-0.9998458400612225
-0.9997980237243145
-0.9998487962202852
-1.0004042432590095
-0.9997739390003193
-0.999767917399672
-0.9999231065837286
-0.9998178012723384
-0.9999793566208721
-1.0002997942527578
-0.9997440423225082
-1.0000577757540194
-0.9997652541562506
-0.999860042616339
-0.9997746979919792
-0.9997530484450252
-0.9998023074349458
-0.999707072930467
-0.9997594347554417
-0.999741661074291
-0.9997926428544648
-0.9998179743868041
-0.9997087051239143
-0.9998800261642308
-1.0004042432590312
-0.9997054370285577
-0.999933289504244
-1.0001759677073445
-0.9999876642969789
-0.9998407918324076
-0.9999582995596183
-0.9999377416832272
-0.9998372655585539
-0.999889013104803
-0.9998213620519524
-0.9997112199293234
-1.0000447738398823
-0.9998423027616998
-0.9996953509252272
-0.9997964573870369
-0.9997970024611117
-0.9998266373116529
-0.9998176834725696
-0.9998103461133974
-1.0000280140266677
-0.9997951292585558
-0.9998252038857945
-0.9997030452353288
-0.9999495960470215
-0.9997469178371262
-0.9997469178371262
-1.0004042432589997
-0.999715495209388
-0.9999163420864734
-0.9997631308844577
-0.9998944919453454
-0.9997588360698211
-0.9998321544817064
-0.9997551220234079
-0.9998623278571368
-0.999825266637441
-0.9998917510150771
-0.9998568971246554
-0.9997318566357851
-0.999869144635732
-0.9999159927826493
-0.9997469178371262
-1.000273686822995
-0.9998044022607451
-0.9997005264571841
-0.999947050357474
-0.9997158648604334
-0.9997219911414152
-0.9997189961654391
-0.9998310295787213
-0.9997531615333318
-0.9997955457603415
-0.9999766844513636
-0.9999978942642217
-0.999832533985292
-0.9996409216526033
-0.9996681465905115
-0.9998601010732575
-0.9999404545204107
-0.9996328241377406
-0.9999985234760201
-0.9997261443365578
-0.9997419596679121
-0.9997055867691745
-0.9991070816782631
-1.0004042432590148
-0.9997939649435748
-0.9999456901094894
-0.9997469178371262
-0.9997962100614107
-0.9998873525389446
-0.9999489274612631
-0.9998054389256027
-0.9997038082987485
-0.9998726869699874
-0.9998254210503833
-0.9997149148120632
-0.9996695342933206
-0.9996902763287843
-0.9998021177561115
-0.9998180993464222
-0.9997469178371262
-0.9996528295689563
-0.9997332647695444
-0.9997621890418049
-0.9996869242391007
-0.9997817173861377
-0.9997618155700284
-0.9997875013338585
-0.9998045251026878
-1.000559707884849
-0.9997231856609854
-0.999855823420573
-0.9998241802272524
-0.999735673990332
-0.9997469178371262
-0.9999488237068878
-0.9997486269630139
-0.9997533816217306
-0.9997286110080565
-0.9997430659226643
-0.9997358431317341
-0.9997218239590585
-0.9998573147861209
-0.9998115019442916
-0.999913496081526
-0.9997205368718646
-0.9997726786332177
-0.9997008919655396
-0.9998362475502673
-0.999835964089607
-0.9997823722069074
-0.9997777608240529
-0.9998464997869777
-0.9997881578089954
-0.999894446263933
-0.9996187501448853
-0.9997737784348504
-0.9997522157521419
-0.9997914731432568
-0.9999042402981784
-0.9997762486587026
-0.9996893776743156
-0.9999423576064314
-0.9997807453150861
-0.9997153602342923
-0.9996483309736517
-0.9997667279271315
-0.9999203009389218
-0.9997737155159692
-0.9997718397890353
-0.9999315353647967
-0.9998590349961806
-0.9997095911951508
-0.9997788049004696
-0.9996154592670878
-0.9998462296031735
-0.9997852253676974
-0.9997601014806654
-0.9999855226628244
-0.9997603648590281
-1.0000260019541471
-0.9999008380837525
-0.9999918895570828
-0.9998431430876843
-1.0002737023293857
-0.9997728827517354
-0.9997737243422471
-1.0002710675941728
-1.000065846830277
-1.000122458375352
-1.00004101542668
-0.9998270909563238
-0.9997106415088536
-0.9997540952314828
-1.0000689476570126
-1.0000585738499685
-0.9997650747773785
-0.9997239843428405
-0.9996882242858284
-0.9997996846917357
-0.9997763032417708
-0.9997469317524582
-0.9997469178371262
-0.9997853912046385
-1.0004042432589997
-0.9998373938728597
-0.9998419665268389
-0.9997194912702115
-0.9996454181411217
-0.9997847841565239
-0.9998248278627155
-0.9997279126491135
-0.9998099699018979
-0.999682532382252
-0.9997663238070272
-0.9997066705185355
-0.9998178952710474
-1.0000055342109602
-0.99972796750407
-0.9998747674611407
-0.9997880805306966
-0.9996715871387133
-0.9998607345955828
-0.9997076667114733
-0.9997191261246124
-0.9997538766428311
-0.9996172106632605
-0.9998308740688884
-1.0000877134418606
-0.9996987917062458
-0.999746476145657
-0.9998491946631548
-0.9997544921168
-0.9996662210032111
-0.9998095132333044
-0.9998468701077396
-0.9998643607417688
-0.9997908052668223
-0.999715141840787
-0.9998035466017848
-1.0000335870878465
-0.9998028354660993
-0.9997237486202676
-0.9997010604868006
-0.9997698736494158
-0.999702809711607
-0.9997361823199816
-1.0000466314880638
-0.9996954622805717
-0.9997241448221017
-1.00013272631758
-0.9997086083508766
-0.9997044138389178
-0.9996852103689978
-0.9999746225382732
-0.9997154430964417
-0.9997430026897275
-0.9996624771764767
-0.9998682393740705
-0.9998077542461841
-0.9997409404456532
-0.9998640083341429
-0.9997951851008722
-0.9997191167580376
-0.9997714126224904
-0.9997428988223693
-0.9998129993629781
-0.9996803847254895
-1.000226007787274
-1.00033529632896
-0.9998678969073805
-1.000055849210451
-0.9998118924516601
-0.9997219487597504
-1.000043241422922
-0.9997429856797229
-0.9997279089408337
-0.9997872773627866
-0.9998819578490958
-0.9997020256778438
-0.9997603710592011
-0.9997505200040632
-1.00003453554609
-1.0000143286870298
-1.0000995327088154
-0.9997213574603244
-0.9998338070663251
-1.0002771451001116
-0.9999232847956956
-0.9998524771676358
-0.9998341018605775
-1.0000499625460049
-1.0000512307419491
-1.0001708904375692
-0.999787058031734
-0.9999026166657382
-0.9997469178371262
-0.999704045056254
-1.000271065828873
-0.999959020038356
-1.0000412181819853
-1.0000133792737238
-0.9998533363634629
-0.9997554556115265
-1.0001953225654288
-1.0002807237638045
-1.0002883500449715
-1.0001427257646984
-1.0003793128341463
-0.9997944314989387
-0.9997724774796003
-0.9996927163432624
-0.9991474710008845
-1.0000568827928777
-0.9999890371511916
-0.9998784187731049
-0.9997835494934196
-0.9999813287266508
-0.9999708669733782
-0.9998148620441734
-0.9997746869087281
-0.9993697986567698
-0.9998152522269912
-0.9997889159893095
-0.9998322101330488
-0.9997872040735285
-0.9998204393444984
-0.9998852598419563
-0.9997556633464237
-0.9997552445949657
-0.9997910096772504
-0.9997702159003696
-0.9998413352892331
-0.9998738789797743
-0.9997705169258737
-0.999942661549802
-0.9998256833929107
-0.9999694099343438
-0.9998032341061164
-0.99989604177771
-0.9997473627841003
-0.9998773822015116
-0.9997858452418338
-0.9997702815271158
-0.9997586797762383
-0.999755117795479
-1.0001296203710623
-0.9998446564589863
-0.999829499525633
-0.9997715370814969
-0.9998112552092688
-0.9997299358143407
-0.9997115464667493
-0.9996900453239645
-0.9997284617075974
-0.9997394664672197
-0.9999618031045803
-0.9998395496803537
-0.9998384914376661
-0.9997430295648974
-1.0000343472610662
-0.9999965849525685
-0.9997576928555487
-0.9997881653554621
-0.9997875635543844
-0.9999138974072297
-0.9997428503659208
-0.9997237556844227
-0.9998304196370849
-0.999775164838091
-0.9996782287877861
-0.9997125536429375
-0.9998040703721359
-1.0000792610751819
-0.9997705296103286
-0.9998032540120612
-1.0002223578335565
-0.9997797590664022
-0.9997794961894679
-0.9997795407122603
-0.9997540071092076
-0.99987232543131
-0.999774569993573
-0.9998152216153906
-0.9998933936475601
-0.9998903379024444
-0.9998833801373688
-0.9997440456697384
-0.9999872443742993
-0.9997143498680631
-0.9998610518605703
-0.9999083486236493
-0.9996605688346754
-0.9998877611834006
-0.9998671632896746
-0.9998562209642076
-0.99991607926313
-0.9998422302861127
-0.9998408345227131
-0.9998519661156005
-1.0000784137104823
-0.9998098316008375
-1.0000937910120915
-0.999765085322275
-0.9998664515768584
-0.9998705412588333
-1.0002165060180288
-0.999868203982545
-0.9997765219472888
-0.9998617876035287
-0.9997664529418452
-0.9997736482313366
-0.9998364973125474
-0.9997259048769155
-0.9999533502946975
-0.9999308325365449
-0.999769151420835
-0.9997670370049564
-0.9997584262298047
-0.9997132286333325
-0.9997228112244992
-0.9997578298231447
-0.999784495955018
-0.9998434586978335
-0.999972434915688
-0.9998624721550409
-0.9997406733719443
-0.9997964500881911
-0.9996862722679836
-0.9997610585532781
-0.9998978856108739
-0.9998210299734795
-0.9997380627415983
-0.9997494435346088
-1.0000698345516632
-0.9997916665547081
-1.000273807172099
-1.0001574042572505
-0.9997456877492246
-0.9999897920057326
-0.9997691985958274
-0.9997469178371262
-0.9999962345531292
-0.9998395537119599
-0.999709298147019
-0.9998250584094666
-0.9997160091555837
-0.9996942574694762
-0.9997469604668118
-0.9999710103995137
-0.999952232830798
-0.9999499614234567
-0.9997048398347125
-0.9997767678429261
-0.9998639297273856
-0.9998055384217813
-0.9997864361891666
-0.9997469178371262
-0.9997469178371262
-0.9997111761722932
-0.9997781287378502
-0.9999173141025572
-0.9998473595562478
-0.9997869764448155
-0.9996390276555285
-0.9997890812712804
-0.9996925675791786
-0.9997945710494673
-0.9996715066894986
-0.9998847183180243
-0.9997250498888434
-0.9997192893168443
-0.9997702412090789
-0.9997469178371262
-1.0002344906351093
-0.9997094713092458
-0.9998126929922946
-0.9999012594098609
-0.999720770510619
-0.9997611272181159
-0.9997629792413382
-0.9998394285754888
-0.9998941363587688
-0.999849768521874
-0.9999543621089482
-0.9997951553767835
-0.9997246218350491
-0.9998154664179293
-0.9998371613037916
-0.9997274199814419
-0.999783902406918
-0.9998497094756957
-1.000038120975432
-0.9998163588697905
-0.9996276240529822
-0.9997275079043564
-0.999853945235732
-0.999792757442926
-0.999759955941299
-1.00000569444156
-1.0000031081341434
-0.9997469178371262
-0.9997250329799802
-0.9998611207246063
-1.0000031867066852
-0.9999259389621923
-0.9997537210477361
-1.000780245170872
-0.999640388151978
-1.0000507740035929
-1.0001923135647277
-0.9997328571911254
-0.9998824160113334
-1.0000765318616596
-1.0000786561742805
-1.000004128649774
-0.999811654108609
-0.9994835022232049
-0.9995804056225867
-0.9999068068767578
-0.9998673823746811
-0.9999295696149012
-0.9999660669289298
-1.0000969940815225
-0.9996829336557376
-0.9998275075697615
-0.9997737110609766
-0.9999884044824904
-1.000011685463671
-0.9998231969032989
-0.9998224397386546
-0.9997936042105668
-0.9998086742159976
-0.9997834282372641
-0.9997996101291038
-0.9997855002876442
-0.9998522025166859
-1.0001189299018038
-0.9997413162936403
-0.9998265631013884
-1.0001436729721624
-0.9995694490074272
-0.9997582844667386
-0.9997525394678329
-0.9997453660777758
-0.9999054948440488
-1.0000592440533236
-0.9997771552654983
-0.9997474433282768
-0.9997481519724076
-0.9997130793367983
-0.9997953864693866
-0.9998084528972663
-0.9997969733456652
-0.9997256919645922
-0.9999609934035684
-1.00028742746272
-0.9997142056004135
-0.9997046230123183
-0.9996608432825858
-0.9996959127293452
-0.9997698841550356
-0.9999199752680403
-0.9996930740599356
-0.9997555351833427
-0.9997867634994565
-0.999787533342615
-0.9997425209536124
-0.9997000644242257
-0.9998045598816891
-0.9997502420794754
-1.0001141615048474
-0.9997615735093413
-1.0001940091882302
-0.999844280000956
-0.9997888540758602
-0.9999411197024831
-0.9998545479591388
-1.0000848054942062
-0.999830692978363
-1.0000122014221007
-0.9998039026727412
-0.9998348127116138
-0.9997397119918287
-0.999685970907598
-0.9997916575202735
-0.9999142011581799
-1.0000474428230888
-0.9998318015100709
-0.9998120672645846
-0.9999470464971526
-0.9997822270380804
-0.9998276996382417
-0.9997009477724719
-0.9998510370761101
-0.9998479810959271
-0.999791209342741
-0.9998497973555389
-0.9997301453191537
-0.9996987953720265
-0.9998836064693788
-0.999891770267195
-0.999786042743097
-0.9997456617593717
-0.9997199900896393
-0.9997376482959769
-0.9998327422938956
-0.9998286959431493
-0.9998068022772784
-0.9997839217111147
-0.9997334530471718
-0.9997872031237744
-0.9997921448732336
-0.9997489391651178
-0.9997469178371262
-0.9997440912406813
-0.9997812610591164
-0.9998472455283577
-0.9998709963586964
-0.9999551335762209
-0.9996598113910983
-0.9998869846067361
-0.9999663199109565
-0.9996942266595844
-0.9997469178371262
-1.0000260026572474
-0.9997757446433677
-0.9997927838793571
-0.9997515458648066
-1.0000307696928905
-0.9997123193509357
-0.9997887570325306
-0.9997415879414225
-0.999699384784666
-0.9997693600260035
-0.9997542421843048
-0.9997090006847739
-0.9998272297453852
-0.9997150403057391
-0.9997699576048953
-0.9997219699926754
-0.9998589283230572
-1.0001930390774478
-0.9998980969232939
-1.0000623245021445
-0.999777698788571
-0.9999946431537858
-0.9997437864404696
-0.9996983957857247
-0.9999446881384535
-0.9997462839132151
-0.9997608367039056
-0.9997213030337175
-0.9997208650219036
-0.9998492060986689
-0.999837440344828
-0.9998775176260486
-0.9997209609224864
-0.9997405929000015
-0.9996759418333511
-1.0000566092019865
-0.999869834442174
-1.000021762331067
-0.9997216999943553
-0.9996593522025342
-0.9997830266193449
-0.9998923157378765
-0.9997795547179914
-0.9997110953747413
-0.9997379685207654
-0.9999773869370413
-0.9997533687919143
-0.9997403612467957
-0.9996560645012417
-0.9997267538188825
-0.999773098464635
-0.9997618664827558
-0.9998235006565102
-1.0000099903827244
-0.9997313813954152
-0.9997654635109843
-0.999747660652054
-0.9997258357919746
-0.9997349788208241
-0.9998384775890716
-0.9996882177737593
-0.9997112881269904
-0.999800455829516
-0.999693381730097
-0.999743076179675
-0.9999192274377448
-0.9999234470101201
-0.9998539173785082
-0.9996896093253179
-0.9999814979316032
-1.0003111691153739
-0.9997574212384176
-0.9999114124334082
-0.9998044358241573
-0.999877573805096
-0.9998390747234204
-0.9998222516378716
-0.9997863770055775
-0.9996960675365211
-0.9997476785096598
-0.9997802233271081
-0.9996789348779673
-0.9996344880695348
-0.9996650685510093
-0.9997409931153696
-0.9996778042097585
-1.000330398434461
-0.9998501625705711
-0.9999082478059198
-0.9996672997098992
-0.9997112890597952
-0.9998070744490025
-1.0001850170706121
-0.9997377348305512
-0.999883025614372
-0.9998547715367576
-0.9997234619744882
-0.9997695955946849
-0.999602501940587
-0.9999212539519498
-0.9997425218986562
-0.9999024070181327
-0.9996520539414394
-0.9997092016046467
-0.9998341621593854
-0.9997469178371262
-0.9997469178371262
-0.9998396978729245
-0.9998554747205896
-0.9998190424488633
-1.000016917756575
-1.0000115080680114
-0.9997435513996592
-0.9997123011874447
-1.0003022053464061
-0.9997310501193367
-0.9999681969347447
-0.999758319825841
-0.9997057443325976
-0.9997592942837689
-0.999700209865852
-0.9999865539210175
-0.9997469479543519
-0.9997327144361632
-1.0001190383165772
-0.9997925588404314
-0.999892566505463
-0.9997469178371262
-0.9999259667995528
-0.9998063105105176
-0.9997469178371262
-0.9997545601666116
-1.0000549354236952
-0.9997835375631737
-0.9997486336473477
-0.9997263541759043
-1.000206728184519
-0.9998190566937051
-0.9997772576016779
-0.9997804024324098
-1.0002452076423969
-0.9996931371260133
-0.9997754257457598
-1.0002051622740458
-0.9996993489500927
-0.9996900086134205
-0.9997085092672933
-0.9997044946443004
-0.999784874878788
-0.9998942156266943
-0.9998557466703663
-0.9996748005938156
-0.9997923588396953
-0.9998045451758816
-0.9998104528077382
-0.9998394383702217
-0.9998654465730945
-0.9997695886249217
-0.9997504645744764
-0.9997418174716499
-0.9997643032244637
-0.9999144646723158
-0.9998481667810273
-0.9998716013781853
-0.9997443037137905
-0.9997270818924723
-0.9997257978002706
-0.999791380299508
-0.999730456481681
-0.9998554878143691
-0.9997310776771556
-0.9996963609325848
-0.9996882214429367
-0.9997907964141778
-0.9997935695809452
-0.9997932826150322
-0.9997538191948572
-0.9996810939518149
-0.9997469178371262
-0.9998849394871119
-0.9998392686510612
-0.9998157641094262
-0.999867379497171
-0.9999341223785521
-0.9999055479176822
-0.9998898395802868
-0.9997584402768286
-0.9998175878430846
-0.9998984161467169
-0.9998940543598459
-0.9999376079693654
-0.9997117111458147
-0.999721385073975
-1.0002362670941012
-0.9997511171698259
-0.9997805479702929
-0.9997460344737961
-0.9996463640549017
-0.9998206250159014
-0.9996842193710174
-0.9997968322295032
-0.9996822824715449
-0.9997655082630714
-0.9997306306991013
-0.9998889251305657
-0.9998265328474683
-0.9997882779343457
-0.9998398658295411
-0.999720650515369
-0.9998980014411971
-0.9998751590462545
-0.9996497701473736
-0.9997699964053888
-0.999936128751171
-1.000003001443452
-1.0001779990229673
-0.9996661554481017
-1.000127302209496
-0.9999357305213056
-0.9999066878582148
-0.9997708998697571
-0.9997506503677454
-0.9997469178371262
-0.9998902659749006
-0.9996100401951142
-0.99983055195908
-1.0000120225187952
-0.9998773515591658
-0.9998345108747418
-0.9997855540286544
-0.999848430780054
-0.9998037972659009
-0.9997151365298094
-0.9998346424177578
-0.9998506873700335
-0.9997457028659631
-0.9998306642785457
-0.9997055012086205
-0.9997055037708443
-1.0000091424718458
-1.0000802999668394
-0.9997808833632069
-0.9997671600210545
-0.9998231323995773
-0.999821314705705
-0.9997642821442546
-0.9997910405519278
-0.9996755675903447
-0.9997334073989702
-0.9998428047121406
-0.9997292158085648
-0.9997603747713781
-0.9998016680499835
-0.9997916969148797
-0.9997730910070795
-0.9997558817899878
-0.9997073696454325
-0.9997499652435206
-0.9996793971151418
-0.9998014614893026
-0.9997033273761887
-0.9996832570980834
-0.9997450191753002
-0.9996824007752273
-0.9997654945220161
-0.9997343279417191
-0.9997575785657821
-0.9997907131894117
-0.9997132107408834
-0.9997876520437123
-0.9997810041492106
-1.0000347496529731
-0.9997962462040173
-0.9997657067485451
-0.9996515131717398
-0.9997736147740894
-0.9997151937701293
-0.9999820032129797
-0.999911151013881
-1.000096558492451
-0.9997339502425471
-0.999726409667328
-0.999708557912269
-0.9997341424908046
-0.9997201032351436
-1.000010729104929
-0.9996993687635806
-0.9999568949433534
-0.9999122920777351
-0.9997237580875706
-0.9999063350226653
-0.9997378195514742
-1.0000528306357919
-0.9997698921358021
-0.9998627548155545
-0.9999005135532156
-0.9999283936986605
-1.0002443909234051
-0.9997826642865462
-0.9997319066538488
-0.9997497871727838
-0.9997889409567081
-0.9998761000201999
-0.9999099479942803
-0.9999053916807813
-0.9999793254091048
-0.9997469178371262
-0.9998237074752452
-1.0000309922116342
-0.9998322695082146
-0.9998226778675349
-0.9998528559571093
-0.9998342691885472
-0.997776754582782
-0.9999838358813553
-0.9998639231644597
-0.9998639315574969
-0.9998311033275193
-0.999989629161322
-0.9996798518667143
-0.9997969478184798
-0.9996717016035396
-1.0004042432590325
-0.9997556809732708
-0.9998947187832343
-0.9998204441418125
-0.9996825674293326
-0.9997029001186697
-0.9997081435193864
-0.9997470382212053
-0.9998072912742385
-0.9997410445614484
-0.9996952150709907
-0.9997777657076202
-0.9999215968710821
-0.9997556147647986
-0.9997469178371262
-0.9997469178371262
-0.9996886343392938
-0.9997429994618499
-0.9997105510394375
-0.9998134390233581
-0.9997862301259065
-0.9997936690553751
-1.0000011538632994
-0.9997592165778231
-0.9998101643013515
-0.9997469178371262
-0.9998833851614067
-0.9998026899377492
-0.9997752331814344
-0.9998118955559323
-0.9997469178371262
-0.9997786323564052
-1.0001088461538017
-0.9992946116844409
-0.9997149062030136
-0.9998928476394802
-0.9998160472329362
-0.9997625135073528
-0.9997920161938187
-1.0001077313420934
-0.9996770614652069
-0.9997820831470254
-0.999772874530034
-1.0000643222962864
-0.9999937858035047
-0.9998208397156796
-0.9997842872342947
-0.9996808910667437
-0.9996901228718053
-1.00012989484989
-0.9997771280902273
-0.9997880966210514
