-0.22607059271486607
-0.7914296381082707
-0.9787612822066951
-0.8947342662153452
-0.7115169796537669
-1.0825182676044167
-1.0303740135664972
-0.9910183846901558
-1.108085281101425
-1.2686976099205993
-1.249274266273776
-1.061987040514871
-1.1579759204864255
-1.0094602330950813
-0.9017373887884849
-1.2128141663827083
-1.0665829631090484
-1.1041395482942016
-0.4074331467838458
-0.61839797031362
-1.2034820583992536
-1.2145718873615443
-1.1535255328173324
-1.1075356633272575
-0.42561182817428966
-0.27794299379165743
-0.019120807034288756
-0.5310252261000324
-1.2214044794236014
-1.1450920979650019
-0.9116865319911787
-1.0572363455544953
-1.0218857036220448
-1.049587059062308
-1.0738426771123724
-1.1434483740556924
-1.457289520448633
-1.1355661066062708
-0.9520004282942607
-0.9722395454211996
-0.9667148966528019
-1.0923065486340389
-1.0657943579822362
-1.157043680894776
-1.0841469116307942
-1.2996946647571952
-0.9498456354769442
-1.1157622362919248
-0.7378805706034948
-0.9095418464574868
-0.6983665807955446
-1.0964351138045978
-1.0987236380586194
-1.0449756643176207
-0.7896680617924876
-1.1870473340968186
-1.1828861513542226
-1.2073355514283937
-1.1500707780452055
-1.1223320508961019
-1.2174966417010549
-1.040764144753246
-1.2128632950132623
-1.27639739125473
-1.0897656786195395
-0.9692867427465148
-1.2789419986318893
-1.0766958851701283
-0.9776647077039623
-1.2978124934938298
-1.0982776150441835
-1.1544697482662263
-1.2034523882463075
-0.8450717126553271
-1.062883824911997
-1.0273022716893092
-1.2546932938080382
-0.9739732147334639
-1.1838332161592464
-1.2468213016568876
-1.1453813469935685
-1.2093281000372973
-0.637025208040471
-1.033549971732913
-1.1317446906130255
-1.0647658873371086
-1.2017818797130735
-0.8300315420020903
-1.1577952843497414
-1.0803273522744765
-1.005501667937365
-1.0128811424995445
-1.1275919915383061
-1.1011129011540515
-1.1076242716259144
-1.2222439172374355
-1.1377759875620264
-1.023580742163042
-0.9064920010660327
-1.147959646332936
-1.29801778660954
-1.1807701746395138
-1.1040786101862814
-1.1363171944135142
-1.1363171944135142
-1.049068905492372
-1.1363171944135142
-0.5346908040716857
-1.0533151066069686
-1.004457058875847
-1.0969325147797606
-1.0475792000510962
0.7129913796410017
-0.2531976853672082
-0.1316396066166008
-0.8753907618262184
-0.2054946068684408
-0.734578958097034
-0.9818470139483899
-1.0449574280472707
-1.0785145060632717
-1.0346676050774624
-1.1264283271333115
-1.2376263051138567
-1.202068631267306
-1.00274834484948
-0.49047671986091224
-0.8844447778477712
1.0002523875502272
0.07847327860409892
0.4894624597104231
1.0813852251758318
-1.0214211345934867
-1.1383380539453691
-1.158170091236927
-1.0590383594433206
0.6837569229798475
0.7957291241146329
1.0000616918822423
0.5316445447889844
0.8837033499799134
0.50527330249194
-0.9427213787511276
-1.11586337108555
-0.6753996457324841
-0.874360082900179
-1.0516979793830874
-1.1111501385237292
0.35552113751707926
0.11409907581036238
-1.095710359905569
-1.0567259697341422
-1.0135468867706519
-1.1766650314629428
-1.1793078829254073
-1.1015003596952337
-1.0771061468021363
-1.0786110492550005
-0.7179139450216343
-1.070319725165515
-1.0586739093095743
-1.0117086408391274
-1.0062744605363965
-1.4381346816863483
-0.8901810445447431
-0.8917163635174186
-1.0058468752148173
-1.1196468134575992
-1.0694683795794684
0.37007339753106194
-1.072191559403944
-1.2135209390049626
-1.1102119378779318
-0.7216487946227579
-1.0293672840770265
-1.196784146602201
-1.0920158819441075
-0.9998615665807764
-1.1463690219219878
-1.2973449179852445
-1.0397269019010549
-1.0831351549445758
-1.070926867221884
-1.2584347888872778
-1.2865902682338073
-1.257253375782966
-1.0492676205515068
-1.060801268911666
-1.3228614836331016
-1.0102012879309568
-1.3115449343705392
-1.109771331176264
-1.1123378460687436
-1.1573619862966544
-0.8643557651453728
-1.1243271803956476
-1.1429981557449675
-1.083495283774925
-1.1363171944135142
-0.9831793046357079
-1.293821235676634
-1.1619578932112171
-1.1784216858327694
-1.1999683801520138
-1.2647894748965305
-1.1367638618903186
-1.105942671091224
-0.9845544795968056
-1.0749992117672122
-1.083046686057467
-1.0570905542516988
-1.34035265994926
-1.0639467657734079
-1.32797763896937
-1.0725238239985753
-1.0848006628625249
-1.1115318080102996
-1.1557238966787224
-1.210750883346188
-1.3302357819155957
-1.1004126477463432
-1.0366441135399238
-1.0694754570471385
-1.1363171944135142
0.05191691772421092
0.31345081787812124
0.05383612236716617
-0.6540741152368954
-1.0367467160847932
-1.4016774343242182
-1.1556108585448004
-1.2154432383515277
-0.8324307574439533
-1.3402585196428385
-1.2067217461126647
-1.3114232855955277
-0.9692280101363651
-0.9625004505929327
-1.087618895705491
-1.1612749484975364
-0.664023608406326
-1.0754448355448583
-1.0855415988315074
-0.9950130980243996
-1.3476249915664402
-1.0991700082194948
-0.9829654327594011
-1.1732048248451064
-1.107728282003723
-1.1363171944135142
-1.0298055682036882
-1.4219294416330743
-1.3208832525626877
-1.0646099154456197
-1.020523310350673
-1.3134722959084935
-1.0848551739355434
-1.0913848234630956
-1.016303601051091
-1.186477884794821
-1.2824929079339251
-1.0620920807708736
-1.0422706692833636
-1.112698932631929
-1.251180644767058
-1.278460050389229
-1.0134238658301007
-1.1688577329658436
-0.9962798686339156
-1.011125236548127
-1.0182544804956741
-1.2231865630703036
-1.016088348844858
-1.0631844084644262
-1.3944705412194711
-1.1731895511134431
-1.2873954734151238
-1.1363171944135142
-1.1923245732342203
-1.1603573137000682
-1.1962040020757674
-0.999839565917549
-1.1630285036225614
-1.037126991330895
-1.1302453141236264
-1.061374523467327
-1.063046871227939
-1.1105763282807302
-1.0267890574701177
-1.089512074673457
-1.234360814930066
-1.0393731462513853
-0.9857130926228701
-1.1363171944135142
-1.1739927573567206
-1.051051120838256
-1.1979279235497227
-0.9626127742750467
-0.9182196343062805
-0.7196360108993192
-1.1396977674865811
-0.9872391995655303
-1.0490720605412076
-1.1282387800999796
-1.1055250491809032
-1.1019650897634656
-1.0172801613131466
-1.115896293708143
-1.0655285467127231
-1.0749694971879191
-0.9998395659175493
-1.15577688018292
-1.0114394447643185
-1.142213522634782
-1.1007610224038236
-1.184500843770421
-0.8489995934074479
-1.1771092636376
-0.9862823401815677
-1.2416110326217211
-1.181707338205944
-1.1534518655774155
-0.9312769798348745
-1.1896767175315817
-1.1791210978949263
-1.0582378449608825
-1.3044088292481226
-1.1156678575239258
-1.111973762367465
-0.8675216134668371
-1.237017588037438
-0.880369598330853
-1.1468638243364069
-1.2152441023040605
-1.231709850247522
-0.8503107553359288
-1.1970554498313353
-0.7657680266696502
-1.0739454803638644
-1.2143270359485716
-1.2232610446771677
-1.0103067489866866
-1.0101966422289814
-1.3295936272018758
-1.064172635977281
-0.9554967483585279
-1.1855569927626486
-1.0917775684194626
-1.2481478382829052
-1.2513242247401346
-1.0296476864678297
-1.0699136157640927
-1.0217046565309187
-1.2267289754079498
-1.2551795289034253
-1.176392936124202
-0.9037117052734366
-0.8685687237971585
-1.429541205655679
-1.135269000757277
-1.1363171944135142
-1.1427515341259775
-1.2193018957335442
-1.1151228100598691
-0.8388300577431621
-1.1117258256162619
-1.0536177915045346
-1.1345536287411033
-1.2569122176291079
-1.1837728569110053
-1.2678801126901993
-1.2945118404850207
-1.1507863961141767
-1.099929128591274
-1.0536177558971769
-1.1030423489273105
-1.0449698193221237
-1.1363171944135142
-1.298439084757597
-1.1491971473130678
-1.1762461514882971
-1.2897581178486457
-1.0965117724405904
-1.1363171944135142
-1.1849295491594904
-1.1725936814987847
-1.3119051411604996
-1.21015215794684
-1.0956011004439534
-1.0915912367143825
-1.1074668451386458
-1.169841656152977
-0.9223086858884558
-1.3006471528400516
-1.1626537335708584
-1.040144648311806
-1.2891440020924791
-1.3550459080018193
-1.038355849346516
-1.1870873088489156
-1.0494446611216048
-1.194173152491481
-1.1363795124602003
-1.074093681482201
-1.2021778145365072
-1.0913906185658955
-0.6187021650422904
-1.3979365626582556
-1.0480570437134653
-0.9482211319935804
-1.0836804732317984
-1.191727727106182
-1.373069756500011
-1.1535208883117256
-1.0663791929489077
-1.2696985527449978
-1.2131718638827804
-1.2234929909037278
-1.1205020799188348
-1.1761929379608178
-1.016542893980784
-1.2024722099003
-1.052388713631971
-1.0897656786195395
-0.8695366779675014
-1.056358694350733
-1.0728115498763684
-1.162334841576257
-1.2479810213459053
-1.2210382264369026
-1.055498246604696
-1.1714663542726766
-0.9429210244426695
-1.1034456987285655
-0.9871800416483658
-1.1295778160950503
-1.190398561224236
-0.5972538643407411
-1.0396047918638502
-1.1241950605611615
-1.3090647756596685
-1.2337190174340142
-1.002264479418486
-1.1105304815906676
-1.1300790900854645
-1.0786283963177548
-1.2751696858082218
-1.0183012128711735
-1.1026424032170241
-0.9766614773569894
-1.2001320833782234
-1.0450582748885342
-1.2234182934327735
-1.0478368566807037
-1.1363171944135142
-1.369765132854299
-1.0782124781634799
-1.1042646431777798
-1.1006839930287033
-0.9818122303339879
-1.034709595663769
-0.8639160084763036
-1.0913596781040324
-0.9517704327262595
-1.1447593219993295
-1.2833219856670477
-1.0933761725080606
-0.9924597786402304
-1.1709988718974336
-0.9997395052771925
-1.0259667786872855
-1.4372783523409591
-0.9840708409370464
-1.0705556696444396
-1.1662215687019692
-1.111007519604861
-1.1810154394693266
-1.1446841487617827
-1.07069395112692
-1.0341218943664718
-1.185585116278002
-0.6937446202970033
-0.9998395659175425
-1.1005368772579303
-1.0712823684668997
-0.36215054424816184
-1.190259089678095
-1.263952991572613
-1.1486634062063659
-0.6923634620960034
-1.113291550567555
-1.0687417439500626
-1.2517264359536366
-1.1889827376113002
-0.9562561717349932
-1.1082100502393974
-1.1207040125597874
-1.0397612515723325
-1.2355139303272615
-1.1631453986650495
-1.0951223554132756
-1.0444453121568154
-0.9795029656541541
-1.2785533415651391
-1.2421613833785863
-1.026218460960664
-1.0594876760646523
-1.0628683517866235
-1.216629106985071
-1.088955853970531
-1.0390033752958527
-1.0565091710153351
-0.9628285279453858
-1.3221897237278297
-1.0849151028506074
-0.8912545575497473
-1.104114456698992
-1.1721532125540337
-1.04389408251305
-1.1397995662593123
-1.212113598419227
-1.21579260142833
-1.0501054623211163
-1.1929554919413672
-1.1363171944135142
-1.1179696231826073
-1.1363171944135142
-1.1363171944135142
-1.3393792045852093
-1.0420259901246687
-1.0382200681452836
-1.1018588737934212
-0.9615667399586734
-1.0668281948613607
-1.043870620677447
-1.1868730372128047
-0.9585843910823286
-1.1363171944135142
-1.0646222885472376
-0.9723863033095398
-1.1351224486036084
-1.056809436729326
-1.0050645552856015
-0.9998395659175415
-1.1083484887870674
-1.2114526252412743
-1.1363171944135142
-1.2091954732834824
-1.2578369671816891
-1.1255177467009125
-1.1361039955460335
-1.0364628499197042
-1.1363171944135142
-1.142445364066853
-1.0440191174773843
-1.0074133330630617
-1.1512711775460889
-1.2936472434695019
-1.06184783426526
-1.0632316778128343
-1.0657036568011753
-1.0600896380232177
-0.9163102471791358
-1.10950849235995
-1.095646025281912
-0.9300056016444339
-1.1012071919725017
-1.1228888623054822
-1.1559374959181905
-1.1800061762282894
-1.126424346822349
-1.226292506714677
-0.9982653475298585
-1.0842125066217208
-1.1154315600898828
-1.1307433590972509
-0.9937133423400462
-1.1363171944135142
-1.1642658680467368
-1.1463661564032634
-1.0800010850416695
-1.0536430355640665
-1.1363171944135142
-0.5469777620476252
-1.2761733431644011
-1.1363171944135142
-1.079475258293496
-1.1904622765589112
-1.2945524620076614
-1.2387495619949396
-1.205818661751535
-0.9099305735581558
-1.1929609883061194
-1.037849641188208
-1.1608631936573726
-0.9210628934408609
-1.2002510292601487
-1.0754724106438323
-1.1528371997271671
-1.0861574900834454
-1.1533210607374709
-1.1085991732623575
-1.260677116330285
-1.0914125770926333
-1.0991692616473256
-1.2054335664275273
-1.1445916938612997
-1.0741268850665446
-1.2743684758858167
-1.4837538779600643
-1.212310742791678
-1.2235564899031044
-0.9356711795644398
-1.1395033894320044
-0.9728106599736949
-1.2795499796504757
-1.2118224296832023
-0.9577340959579113
-1.1787240975889968
-0.9518677970493572
-1.0594454408224057
-1.1511468134712863
-1.1390289186805105
-0.9974154910291972
-1.1760639134752982
-1.1511700937494171
-1.3149345813723539
-1.0793747440365693
-1.1794403907893267
-1.0257519089091112
-1.11426200585158
-1.1227037026838482
-1.212620822689297
-1.1990028249217688
-1.059701639964025
-0.6084925428654591
-1.2062829524118317
-1.096004909952844
-1.090731125160436
-0.9932104079982936
-1.2617500124441245
-1.016328707580525
-1.0308705870390256
-1.0357509450775546
-1.0505157352126284
-1.0170186035332565
-0.9470591399328617
-1.1239257093283075
-1.194229250010981
-1.1491944752575622
-1.0874703852307022
-0.9406798214324619
-0.9621294058532208
-1.1218789652649641
-1.1051166338579352
-1.0723617899364999
-1.1898459153749026
-1.1016842083349079
-0.8578857404103725
-1.170301819651467
-1.0590179265667634
-1.0406236940434417
-1.1958367947619142
-1.1368654294812766
-1.1380595135675893
-0.6582883241937304
-0.9079750325097093
-1.0285227029586064
-1.3096563822279852
-0.9606308836740481
-0.9253935212194601
-1.0338158014395065
-1.1375401721719627
-1.124089553816829
-1.1730171594749144
-1.2524934634126632
-1.4443321664532087
-1.170829038848329
-0.8437846537999654
-1.0143217053292852
-1.1841250811605295
-1.0619069555117395
-0.9677941175331438
-0.6384622184424285
-0.9943465778346641
-1.118627804487434
-0.9850245040164952
-1.056110971988109
-0.8917523242130054
-1.1363171944135142
-1.113295168947514
-1.158961955962501
-1.1649929997659592
-1.0383362453627691
-1.1254460437999305
-1.25582472553158
-1.3390077453330222
-1.2878648201733307
-1.0729643536167046
-1.1857892435516733
-1.07265569971844
-1.2867997272701976
-1.1791187307470579
-0.8983092552859503
-1.1364193659400368
-1.0509841264291384
-0.9942376509044997
-0.961790409416385
-1.3314561720142983
-1.2438877088901383
-1.1097609022398585
-0.6094721924702156
-0.990465320719469
-1.172499122218761
-1.1044231800835922
-1.1263396350757586
-0.9853888587765335
-0.9998395659175427
-1.1970600409987857
-1.2070302746475938
-1.157298016391555
-1.0921856157796308
-1.1515396298446683
-1.08722980222122
-1.005808506985259
-1.201910978274143
-0.9180836967321386
-1.1872810605120836
-0.9449501671171117
-0.7973651580081725
-0.9278983426155492
-1.0821971759461337
-1.0732853853443822
-1.3564040864871187
-1.096473785892019
-1.1166812841544957
-1.2086759105937477
-1.0677552627028226
-0.9998395659175623
-1.1643617377763829
-1.152459601548397
-1.1334918645204652
-1.0779642473345126
-0.8306307184331837
-1.03528811952429
-0.9362426324055824
-1.1375863054622235
-1.0513872084189708
-0.516234496383254
-0.9768521077460883
-1.2027684075053053
-0.6194116250245653
-1.069921341964471
-1.1015674230864652
-1.0154391023081302
-1.158828607963178
-1.2363538208104532
-1.421389692658114
-1.1818892818782412
-1.435015706164673
-1.1929094646400127
-1.1254660645640617
-1.089268952261944
-1.1363171944135142
-1.1363171944135142
-0.9998395659175434
-1.2444361522737464
-1.075453148464614
-1.1540374048987292
-1.239378559431527
-1.250098737659712
-1.0274088489599498
-1.3844905606132607
-1.1245518552496767
-1.1150227164194544
-1.1229532340584767
-1.1059256073218913
-1.0143836463759341
-1.2242109246014257
-0.9753934612579818
-1.1363171944135142
-1.1187142315459235
-1.0442327884545763
-1.1681979842359214
-1.095505932141538
-1.176638690754672
-1.145898357210576
-1.1633658685803152
-1.2299192991464154
-1.1970000745380474
-1.2427350137272133
-1.0120147622976259
-1.3640053419159572
-1.231881823549433
-1.3464529539672232
-1.152533342136379
-1.175508667783437
-1.1434243388196037
-1.0299925054217085
-1.206141021945569
-1.1012087771973162
-1.1244995645074194
-1.0803247128526585
-1.1653837627359434
-0.9998395659175536
-1.0947930252233917
-0.956189814018682
-1.1363171944135142
-1.1098985780080128
-1.2393085208204564
-1.074613346337555
-0.8603624943048924
-1.4100779667118368
-0.8802439904197223
-0.9972199757848221
-1.213050071358351
-1.0619975062138223
-1.1847983118222765
-1.3274671705731873
-1.1347368913793012
-1.1363171944135142
0.38712659287756845
-1.1352280266771617
-1.1607019312097702
-1.3398636353627291
-0.8648740953888715
-1.21424428063206
-1.0385497769827028
-1.2032310504405406
-1.1500788181366817
-1.1707834756915805
-1.3796213782787436
-0.8355617224570259
-0.7498286033884975
-1.1363171944135142
-0.6349292621326958
-1.1233741402473443
-1.2334280653731466
-1.0650416401470906
-1.0678462083939557
-1.2171966917092611
-0.5075587687281149
-0.9958269147142609
-0.5069426136968771
-0.4933638804449423
-1.1473792137918928
-1.1544413154219122
-1.1329557032245545
-1.2606434872096501
-1.087013971751246
-1.1844448212617418
-1.062577094063083
-1.1654100066515318
-1.1601088170047757
-1.0397875041931113
-1.2443403743940007
-1.1591987327671274
-1.0028866263494824
-1.0460856025765983
-1.1483179777962262
-1.0355972610158595
-1.1761704740468362
-1.0990967977974229
-1.1492021306599791
-1.0713984241934569
-1.1113567803656599
-1.2967139398886665
-0.732566808607217
-0.9852724828827236
-1.1305042634673081
-1.2440206230035378
-1.174632464152626
-1.098737880069893
-1.2413555861999157
-0.7177942690710747
-1.1218001191240743
-1.098433524485859
-1.080179727784179
-1.0149625793139163
-1.327075078819163
-1.1024547520786045
-1.0766116308724023
-0.9990035564904893
-1.219324145098686
-1.078750575580362
-1.1616595448607185
-1.2644176147805135
-1.0782458612421888
-0.5146752359625368
-1.0941070908989883
-1.113047526632723
-1.3550571316136304
-1.007310317556537
-1.3311297089541205
-1.0455076887992438
-1.095958557275533
-1.1012472716540576
-1.2392378565424231
-1.4498256254005681
-1.0736644420910888
-1.1341116773674254
-1.0560336328305964
-1.1363171944135142
-1.2568923386595396
-0.9998395659175368
-1.0853236962183113
-1.0975210652179461
-1.3443305583250855
-0.8782043753352683
-1.1861230352957741
-1.0573064574966684
-1.283165211463264
-1.2512309908364854
-0.9313311963960418
-0.9172608519315129
-1.231865255860237
-1.104536673283791
-1.156607114885147
-1.1504556948339923
-1.1197324124354195
-1.322400179377013
-1.1196714310438252
-1.0716223978548622
-1.0170350859912785
-1.1385518022580066
-1.3734292432767208
-0.3410030721598789
-1.2808881482010896
-0.8900727356507777
-0.64185580800699
-0.9067758389021648
-1.3488723218161889
-1.249954662612239
-1.1133656516567414
-1.1770744877569002
-0.8209234237975634
-1.1770976267196729
-1.0289814112503757
-1.2342224328845925
-0.9053102575325167
-1.0352310106480092
-1.0893637532357625
-0.9845221438650335
-1.416630907204393
-1.152931434948005
-1.224310981949271
-1.1014888168512638
-0.9869854047767128
-1.1990399108798586
-0.9481003552168847
-1.088518023211058
-0.91481429922264
-1.0788260821977609
-0.6928298850655984
-0.8464951941180636
-0.8447174985617252
-0.41032609004598797
-1.0944089663949947
-0.989779357535182
-1.005598091675751
-0.49620880428106273
-0.7685696742659265
-1.4324100865126068
-1.1212127053747256
-1.078579467225056
-1.3957840159072172
-1.0791362642811726
-0.43769232719441686
-0.9665520410366564
-1.023933790210176
-1.0188393902524178
-0.9705305902053691
-1.2143089481659415
-0.7507966826675736
-1.0945799420989373
-1.196626332642996
-0.7092987529133747
-1.1876312176213377
-1.086653304125038
-0.8312017370010457
-1.2966490687816257
-1.1261791868684266
-1.0853774311383997
-1.0557237418738359
-1.165068956936255
-1.0682786397143635
-1.2111913709984
-1.0789021684489823
-1.1408974445299378
-0.9874973282711872
-1.0021051886344632
-1.0974319613551566
-0.9927993587397044
-1.0918768604324554
-1.1422079240051393
-1.0726271578752242
-1.1363171944135142
-1.161870548814991
-1.077114459332458
-0.998189127426022
-1.0933752900697469
-1.1453656509490333
-1.1718547532843557
-0.8507994151570688
-1.096458072924739
-1.0666644958131317
-1.082627134314741
-1.0885143720263684
-0.9789138092363279
-1.0584958168259178
-1.1442418211090797
-1.1508885412886516
-1.090184788528536
-1.100179272378764
-1.1068727753749272
-0.9406572360868268
-1.2457487586787301
-0.9748051347645379
-1.1160380221977604
-1.2147677097228868
-1.12400187210652
-1.0266679097079998
-1.079643511355671
-1.3501835140593346
-1.1056854642026117
-1.165261227618024
-1.2571956403353646
-1.0331896093835256
-1.0657110309163766
-1.065151199097933
-1.1848739521643998
-0.9688524592027032
-1.4243179346403883
-0.9676857285764868
-1.0608233913490968
-0.3391020685608108
-1.2164243384326865
-1.2640360789460747
-1.2112897163830558
-1.1224356334490952
-0.9950960951287482
-1.0730952973562782
-1.0546105927525513
-1.1232922214243217
-0.9665875877947889
-1.2190815959448495
-1.0948525895226602
-0.983084148307126
-1.2548187425422213
-0.9766864505023374
-1.07430355042175
-1.0968362207577882
-1.1209604014860959
-1.1554267061448176
-1.1714733924616945
-1.1379699524710127
-1.238501112710078
-1.0268866997878385
-1.1045334167293968
-0.9429672667622061
-1.0890589188838293
-1.0617805010540375
-1.3598182895244246
-0.9865906150119683
-0.9764861394034117
-0.9839609076930059
-1.1635877637681404
-1.3684555249003372
-1.0657856876405245
-1.215817567621685
-1.0583826476990736
-1.3394226495706323
-1.1360232642403112
-1.1821142121533414
-1.32889097546215
-1.2833437398671266
-1.1437270589679625
-1.161144747604844
-1.0609455239425978
-1.1703470622625676
-0.8502955583394146
-1.1573619862966544
-1.051532730919958
-1.172492181857291
-0.8668307981543545
-1.3339940393531886
-0.9469696041606063
-1.2345910538578637
-1.1333678920212058
-0.8081148683238131
-1.146295644004214
-1.2325616798724288
-1.1327664529383714
-1.2100296372943002
-1.228050453841315
-1.2060892536626984
-1.2573877218050813
-1.2129854547931636
-1.2875256421791497
-1.0137098923384065
-1.015684150690952
-1.018492173351647
-1.167834469877731
-0.8562050895947928
-1.084067159103733
-1.2000526276558516
-0.9997229965203663
-1.0357553333590501
-1.00796342436943
-1.0374545577143495
-1.02206860797932
-0.9654149419364344
-1.0420580671726414
-1.044047652906433
-1.1192620891099758
-1.2259953272745465
-1.0961485063245473
-1.1835626871793086
-1.017430563983882
-1.0349651402751352
-1.132156168414051
-1.108521786253661
-1.0796774094016095
-1.1133169086843184
-1.2519198207292597
-1.1842220567360935
-1.0042154152324536
-1.1503129792806732
-1.1141577501156505
-1.1661165157097875
-1.0793924569079067
-1.2124880807029679
-1.200770782695506
-0.9505057814389586
-0.7734246220467791
-1.2101551179236774
-0.9962907621593091
-1.0012876043655994
-1.1465621924934895
-1.093129004001567
-1.0443562318914612
-1.1363171944135142
-0.8985354143718594
-1.0550887264450124
-0.5948604601232562
-1.1671743083497457
-0.5490073100521105
-0.9305153243838233
-1.0200947096222839
-0.9970618498719681
-1.0607958349789484
-1.215919615565122
-1.153462268136566
-1.09472224771417
-1.2649302362896724
-1.1306860144101218
-1.3687429117351595
-1.1363171944135142
-1.1363171944135142
-1.0118652504605654
-1.0305467674496422
-1.0115975841189186
-1.0823664221972056
-1.5236958671282923
-1.06751627995132
-1.1071864124785697
-1.157250061085683
-1.1295068986276564
-1.2475679695851674
-1.0275549381651983
-1.1169428388538187
-1.1854668793509127
-1.0875927342882132
-1.1363171944135142
-0.9881834395675914
-1.200413045989454
-1.0367852599224372
-1.2375519014770422
-1.2698152298129608
-1.3552984582633973
-1.186276661456294
-1.2230675827291562
-1.0637737436849954
-1.13412015822336
-1.0664818454928868
-1.1511248730607722
-1.0460166793729309
-1.1574423937966967
-1.0249419973994278
-1.0734685168999265
-1.0629717342922205
-1.2849400468522798
-1.0700749630688509
-0.8821985770360143
-1.0671840710033766
-1.0269367508801204
-1.1776211189979966
-1.2023916770191092
-1.0848124973402122
-1.1501474784046697
-1.1736711971968043
-1.1363171944135142
-0.9957912216526277
-1.1342027074570058
-1.1387902011139779
-1.1030693684562387
-0.9743148054107251
-1.1275725733015904
-1.1679977029574038
-1.046061475761384
-1.0753102535425887
-0.9137612495536047
-1.0889649734571498
-0.9820387584679271
-1.0686994783329884
-0.8809097856085011
-0.9933090903654479
-1.0570075308585145
-1.1952032581766054
-0.8075453667162271
-1.281727200911398
-1.1845001076288648
-0.2295622915765938
-1.1832484655146058
-1.105218831401279
-1.0745005976606612
-1.0913319268520125
-1.0752142172400134
-1.100558254636432
-1.2652618148138284
-1.365326625052247
-1.2709083704302127
-1.0287935245757662
-1.1533145526232336
-1.0409361898960205
-1.0726768729066027
-0.9608682284653477
-1.0541706384529947
-1.129256290285799
-1.049709213039843
-0.9278297898240937
-1.0518781697834976
-1.1247613529366265
-1.0865727601942532
-1.2089204271184386
-0.9100673700297025
-0.89824072379767
-1.0736302005536957
-1.0168606946430747
-1.1137121445234388
-1.318258857430102
-1.093833972353928
-1.1268658508139278
-1.179009234612951
-1.0702532670448217
-0.7796355848686968
-1.0590653223989963
-1.028934876689798
-1.0659168734607003
-1.2008656308935075
-1.1994629751763328
-1.109225937893772
-1.0771312856186217
-1.0939552953194263
-1.1708418658571218
-1.0132462870271493
-1.3533755629103
-1.0192041206420626
-1.0918727512303412
-0.7423055457456241
-1.0268395388518154
-0.1433784668421676
-1.3317560281957035
-1.1734552972321508
-1.2389535342561335
-1.1432885127735886
-1.1765034841975
-1.0643196130564274
-1.1476240639144983
-0.9499339686681011
-1.2710182883687107
-1.152097889548181
-0.9402738241373858
-1.1766128418229584
-1.2858788246822421
-1.0119150491513054
-0.9991856716382719
-1.0189450536490974
-0.985388489553144
-1.3244820029216218
-1.0720625498340988
-1.1112103780244333
-1.0301456121575483
-1.0838303999107488
-0.9864964187645968
-1.1588032408022981
-1.1205099999526114
-1.1993278834357692
-1.0953652153060758
-1.1117978062956986
-1.0565100063458104
-1.0721191375213697
-1.0690401111987882
-1.1541311903092675
-1.0770188048063236
-1.2051265587683428
-0.9833695169282851
-1.1815975734183581
-0.9399692205154512
-0.9854240885970939
-0.8747969605048573
-1.1409028671194403
-1.0958012882789046
-1.245412316842497
-1.1363171944135142
-1.2062738120403693
-0.9985358110885515
-1.2738335288125482
-1.29364467178767
-1.3436126052823198
-0.9136983237359118
-1.1357439314675415
-1.1080538935594493
-1.0296961476674698
-1.1363171944135142
-1.163620705065887
-1.147353337026632
-1.1559983303873365
-0.8643988619531249
-1.2454815613620984
-0.5795851623101823
-1.0076387728063636
-1.2560268265342667
-1.0755589503216652
-1.0439301350341377
-1.0938541522216867
-1.35891885696394
-1.1659694850968463
-1.3573862900961944
-1.3636889621749027
-0.12647611638024403
-0.862779366910595
-1.079915564835566
-1.3934483945564975
-1.019066629471978
-1.2211453193418025
-1.2050528927232365
-0.7323419147786069
-1.1555457104196016
-1.1286439214337562
-1.001496099462678
-1.1139523643062992
-1.2852850689674975
-1.071836746061761
-1.1325851337821784
-0.9017933429924386
-1.0819911008033194
-1.1698236757204974
-1.1009496531997698
-1.2751359468738752
-1.0153963846481187
-1.273766131894553
-1.0345737127157784
-0.8753845668672702
-1.0418599671972884
-1.3442297369373635
-1.0635194379584039
-1.071315433136038
-1.28321057271928
-0.8757176899599319
-0.9956253460882466
-1.0541755190613828
-1.2276864630976017
-1.0420509367413742
-1.311041382477817
-1.3051896403789145
-1.4269097226150325
-1.154659052524958
-1.0406810856439266
-1.2621279553047757
-1.2734153707740445
-1.2826038421391948
-1.3244642233971442
-1.1636563954090797
-1.1055208410720596
-0.9395564213517658
-1.2488293032536144
-1.1053153234872288
-1.2351440127265807
-1.10244132587185
-1.0319153381076482
-1.160877536058039
-0.9139840138232438
-1.0915901404825692
-1.1280955525993932
-1.0316216914425131
-0.9044141728414752
-0.7857866380707514
-1.0677881723596636
-1.2779623223984347
-1.0889132037215883
-1.1249307587303188
-1.0515089576449625
-1.0674220916103447
-1.3207391272676818
-1.2322311379252686
-1.1418445715080325
-1.192720677529753
-1.1663670857178776
-0.878288558739784
-1.0589436474474379
-1.0575536470138651
-1.1417071184679546
-1.1289829687105917
-1.1196526167524465
-0.7360030947416807
-1.096414369990514
-1.0638677782757338
-1.2153041489702823
-1.00250536151941
-1.2536873030129
-1.251777909275042
-1.0000518917998094
-1.0753021152665985
-1.0604010058705002
-1.036836758488021
-1.0803015422309843
-1.1920377704629157
-1.1084305216561572
-0.80893708225905
-1.1363171944135142
-1.1363171944135142
-1.343140591468991
-1.0770265983005465
-1.2470877083156555
-0.8436045510634147
-1.0110847981414115
-1.1373035824152447
-1.0852545342119397
-1.1145625394802556
-1.3250630774675665
-1.0987562550224717
-1.2040917451529016
-1.1243206319367194
-1.0914619714862512
-1.1436575657538952
-1.1746354606912992
-1.0263331387890324
-1.096871546849876
-1.0782016992842134
-1.234040961148748
-0.9550168074102506
-1.1363171944135142
-1.1235377475919617
-1.2914969923162227
-1.1363171944135142
-1.1442637102481314
-1.0927277120659236
-1.0798529316405925
-1.3426185055822724
-1.2284254343140828
-1.0895787472351621
-1.1347920326181464
-1.145346825246519
-1.1067170021615398
-1.2372480684465814
-0.4743670448496038
-0.9235911767132596
-0.9865651166590217
-0.8248173239399561
-0.7929226163880273
-0.23968211981134013
-0.968957326972915
-1.073318335218197
-0.9370278250176558
-1.1357493575675246
-1.123425554109287
-1.3300438053138595
-0.6003061870194555
-0.983030530677689
-0.9961246275023445
-1.005409989476632
-0.7762696060867307
-0.9834819450939173
-1.1998443267816656
-1.007707798072929
-1.1710936855491272
-1.1194795936113762
-1.0729023215703875
-1.096799863069341
-1.1299486914037573
-0.9976379341339168
-1.3472440026645645
-1.3116745025247225
-1.1736371480890035
-1.2458362120297934
-1.2856117337959254
-0.9870042013314223
-1.1402832776153553
-1.0434494824341343
-1.2614234778906113
-0.8906950966541949
-1.2027192260142625
-1.1363171944135142
-1.3523180601768585
-1.2105669194610982
-1.2146366532493187
-1.0563124097621288
-0.9943128539847126
-1.1174466635352875
-0.9854035814725819
-1.2797809767410098
-0.7039882872672985
-1.004334017033856
-1.0637841069182419
-0.961429510596451
-1.154268680759317
-1.230368173820996
-1.1165246680780436
-1.1864846275139902
-1.2484000317176533
-1.03971104354468
-1.0793019886648347
-0.981296614006235
-0.09211244864956747
-1.2509740944687895
-1.0445313282918978
-1.158467125110599
-1.2041304476600467
-1.1788134557782608
-1.095217885183645
-1.0142628774770275
-1.0897226879614763
-1.4418436707985602
-1.1242769084093354
-1.1670354740595048
-0.9946096532336436
-1.1028897593326277
-1.1267163813490062
-1.169088194424286
-1.0277643089947586
-1.1714251675941272
-1.0680425258035628
-1.0481110112212315
-1.1150753429004094
-1.2640527549420573
-0.9862991877688013
-1.1363171944135142
-1.097462049088358
-1.1532669887283542
-1.107280148817951
-1.197056769199267
-0.8434420074258027
-0.7826116565861253
-0.7382918428953906
-0.9215524618893333
-1.240516315173464
-0.7792001692305325
-1.1686942080815919
-1.2221514495923813
-1.0168332759990264
-1.3757626829858558
-1.0703666110669543
-0.8798488645983271
-1.1646399565068641
-1.0455810253463247
-1.2243578114035039
-1.2367088614649209
-1.1085553278886118
-1.2563778857324674
-1.1315831818566546
-1.1483226814912717
-1.0438104870283198
-1.0228393477154054
-1.3840252444571823
-0.8639507693814118
-1.2069769548813185
-1.166463664278682
-0.8956661214621435
-1.1579287379994279
-1.1576384226356762
-1.0681132816060748
-1.1804008159061081
-0.8641990535872802
-0.9443158109263075
-1.0919827993176356
-0.9249240244158277
-0.7775135216733048
-0.9037001681215052
-0.9140440831065381
-1.3005354859638518
-1.1757098886987036
-1.0529394870702293
-1.0535284108545047
-1.1310612254319925
-1.0592968442470572
-0.7535962718482703
-0.8928608533603971
-1.1671341062684801
-1.1132012235697502
-0.9293625615634422
-0.4944497359607517
-1.217305038255443
-1.1516792158044673
-0.9178390534054428
-1.011321258561221
-1.0169017644049738
-0.9907503784229909
-1.0228506702206333
-1.0104262407387656
-0.9021988000214952
-1.1131352918185962
-1.1219841929368963
-1.1564582174169467
-1.219401094724709
-1.020717639764626
-1.0995078337346977
-1.0014195917920932
-0.9884607354934021
-1.2731902492706055
-1.0928739586489686
-1.2827561455203078
-0.9871479325350869
-1.0701068869527626
-1.1136386596949064
-1.1539945807666285
-1.2135619618156581
-1.1012053170683678
-0.9858978936831064
-1.117301220197152
-1.101391537628466
-1.1363171944135142
-1.0002210527434399
-1.0943501414233114
-1.1839372560586674
-1.1755363884684356
-1.0967980477451873
-0.9277040545522826
-1.0949393177045827
-1.1925563799141146
-1.3767270727701142
-1.3227046180346207
-1.1266510110008057
-0.9695523444837522
-0.9262756341028927
-1.0669320803736089
-1.2462416273194628
-0.9998395659175459
-1.1047867743096071
-0.9549210811771452
-1.0520145895629578
-1.078013202755169
-0.4900969195130097
-1.1189151520779164
-1.1299783515783282
-1.1214389579451722
-0.9185401442020031
-0.6688554974471481
-0.8015576466662339
-1.2114682270008401
-1.1271371231785394
-1.1363171944135142
-1.1363171944135142
-1.1149868653489432
-1.1087894535950533
-1.0672736157517138
-1.1657109557737046
-1.2284690224362596
-1.1624360427305604
-1.0243133673024758
-0.9947461763248124
-1.2047764733522746
-1.1363171944135142
-1.041456375100516
-1.2385724769579218
-1.4210886870205175
-0.7594186248443706
-1.1363171944135142
-1.010118850722943
-1.0219151783420026
-1.1501943308713591
-1.3116090559510407
-1.1209867934402402
-1.1190860719676443
-1.1270085316327352
-1.1015143919100372
-1.166520382501473
-1.2739564494664468
-1.0957313039921068
-1.0428188696751308
-1.0616493711961734
-0.9740973519713504
-1.1334343208237896
-1.1221540860460888
-1.2548279530779347
0.05396695440823174
-0.7727320415196335
-1.158237932419668
-1.002687925823524
