-0.9999176244155834
-0.9998380505638093
-0.9998988313839527
-0.9999541163022492
-0.9998536739675892
-0.9998552722980273
-0.9998465449938765
-0.9998587649483118
-0.9998697542277993
-0.9998089363752035
-1.000051922729118
-0.9999602081231721
-1.0005211160348626
-0.999973219617926
-1.000149932048466
-0.9999421623288547
-0.9999736253083243
-0.9997470605390261
-1.0000923354466256
-0.999919360196009
-0.9997961934639727
-0.9998366974102254
-0.9998275840800435
-0.9999252927027475
-0.9998829957985805
-0.9998880262305008
-0.9999076169089108
-0.9999427487349827
-0.9998386998116285
-0.9998646942537944
-0.9998716112518252
-0.9998514978106625
-0.9999559141078387
-0.9997878073071664
-1.0000451242381452
-1.0000064206167358
-1.0000299662831078
-1.0000348978631382
-0.9998894327874611
-0.9999113545174574
-0.9999295932574155
-0.9999278480029001
-0.9998757852937327
-0.9999220877447119
-0.9998495049876671
-0.9998404461021267
-1.0003353849419874
-0.9999293587752447
-0.9999055224937231
-0.9999111693867687
-0.9999238620751921
-0.9999533564399855
-1.0000407418600035
-1.0000699110155433
-0.9997662773933217
-0.9999216373944125
-1.0000412899050288
-0.9999788882709214
-0.999789780344805
-0.9998969037714474
-0.9998262277796628
-0.9999019431718661
-0.9998171049822975
-0.9999093237041943
-0.9998914871520558
-0.9999355778156153
-0.9998297762184148
-1.0000695404603206
-0.9999803362237829
-0.9998582856044944
-1.000023673696393
-0.9998391553892463
-0.999696243501552
-0.9998695441417971
-1.0003383953570226
-1.0003435142297281
-0.9999409758257872
-1.000038351211498
-0.9998749668516352
-0.9998905227992636
-0.9998837689868324
-0.9998949979163532
-0.9998778497695306
-0.9998505758786375
-0.9998037376579372
-0.9999189072508046
-0.9998270758964483
-0.9999253820114605
-1.0000943506194542
-0.999809391410357
-0.9999530612008907
-0.9998004065314803
-0.999931008006883
-0.9999112145691578
-0.9999003079562412
-0.9999075602301499
-0.9999898539684674
-1.0005036950266561
-0.9999705454679347
-0.999905287213911
-0.9998655023167557
-0.9997906770326987
-1.000190122550046
-0.9998612260996314
-0.9998612260996314
-0.999793811274989
-0.9998612260996314
-0.9999058265052588
-0.99995650050506
-0.9998545272108958
-1.0000400480886094
-0.9999814286035501
-0.9998842260655614
-0.9998959833116714
-0.9999502998775021
-0.9998388626708962
-0.999896616423995
-0.9998513345266825
-0.999923648656342
-1.0001191152935889
-0.9999431836913333
-0.9999357754234229
-0.9997529695560619
-0.9998425940733526
-0.9997780951265615
-1.0001087168334757
-0.9998849672999449
-0.9999594905935851
-0.9999485104413216
-1.00004438234622
-0.9999262641687959
-1.0000054536177223
-0.9999624924746726
-0.9998733542564944
-0.9999153558878582
-0.9998354231161525
-1.0000068698687585
-0.9999724243466712
-0.999961892783944
-0.999975941678852
-0.9999727248817794
-0.9999682714723755
-0.9998801780950565
-1.0001473569441983
-0.9998818576009166
-0.9998785294798734
-0.9998805432980098
-0.9998798542465037
-0.9999367615275959
-0.9998977798876209
-0.9998953626847532
-1.000041237456364
-0.9998391001223987
-0.9998743748596484
-0.9999603749116601
-0.999928490465151
-0.9999324356607625
-0.9999458744617794
-1.0000474592972142
-0.9998451573615468
-0.9997767548421566
-0.999945833742591
-0.9999672206563736
-1.0001054268785081
-0.9999878528298948
-0.9999328115560036
-1.000086096477212
-0.9998562621968337
-0.9999751706902247
-0.9999040019575021
-0.999982526850736
-0.9999089856064167
-0.999978775026036
-1.0000004695542348
-0.9998329857669397
-0.9999412184968983
-0.9999059604275499
-0.9998339988314047
-0.999709392538503
-0.9998016705393223
-0.9998768352808048
-0.999873354827373
-0.9999706522583572
-0.9999978468152465
-0.9998089012271576
-0.999927875776799
-0.9998968001357321
-0.9999283340979108
-0.9999408076444805
-0.9997632332772847
-0.9997556687497505
-0.9998476091569636
-1.0000292051841826
-0.9998249828705781
-0.999945400234836
-0.9999344608570709
-0.9997389799080696
-0.9998885106303694
-0.9998612260996314
-0.9999463739517424
-0.9998873021270532
-0.9998554898535178
-0.999889115941492
-0.9998341939019338
-0.9999597313812669
-0.9998790845437211
-0.9998100516945195
-1.0001131901732794
-1.000166636113978
-1.0001386280639362
-0.9997918224236026
-0.9997691067258845
-0.9998998550550731
-0.9998555864488182
-0.9998587737747114
-0.9999185863586186
-0.999732594696576
-0.9998519248177475
-0.9999646443155136
-0.9998971690250106
-0.9998851231876409
-0.9997887984262087
-0.9999338823331545
-0.9998612260996314
-0.9999346641396575
-0.9999417456753873
-0.9999499293897417
-0.9999224693542061
-0.9998754688523993
-0.9998327403278375
-0.9999063530876101
-0.9997710183263397
-0.999894261887067
-0.9998839166595999
-0.9998323915619834
-0.9998522281955441
-0.9999093818152516
-0.9999520356351637
-0.9998609284869294
-0.9999147334063032
-0.9998805881032157
-0.999870211170742
-0.9998645567542265
-0.9999615117549285
-0.9999750826044295
-0.9999103680873411
-0.9998231431183919
-0.9998331359688836
-0.9998432711822391
-0.9998612260996314
-1.0001160793073551
-0.9999834417470901
-0.9998821752330627
-0.9998418946378185
-0.9998709046001961
-0.9998677855959353
-0.9998863499321626
-0.9997904393232907
-0.9999480132880108
-0.999853321041786
-0.9998575654389399
-1.0001846288040022
-0.99995002704559
-0.999751532375113
-0.9998833619310044
-0.9998462032930375
-0.9998709286894956
-0.9999040033927387
-0.9999433655464421
-0.9999017105770961
-0.9998498673058098
-0.9998906549071396
-1.0000192417436953
-0.9998417416318777
-0.9997971990978035
-0.9998923565390182
-0.9997814444373893
-0.9998612260996314
-0.9998117926577482
-0.9998007515769788
-0.9999354636677813
-0.9998508144298892
-0.999805417847338
-0.9998529303608683
-1.0000387043262418
-0.9999647366994768
-0.9998099484622688
-0.9999492350053333
-0.9998737471008903
-0.9998547195816061
-0.9998664696642693
-0.9998527723323902
-0.9999224865904209
-0.9998612260996314
-0.9998432621279305
-0.9998897732200743
-0.9998219293806334
-0.9998350752953461
-1.0000238090594036
-0.9999256168241814
-0.9999098193166308
-0.9999235744833755
-1.0000730198553942
-0.999843746335675
-0.9999997434777452
-0.9998155130658384
-1.0002104144382153
-1.000136050930907
-1.0000868683372692
-0.9999911912450474
-0.9998508144298892
-0.9998367546620635
-0.9998459515729137
-0.999722220873821
-0.9998943926676551
-1.0000659360675654
-0.9998897427243192
-0.9999166832589644
-0.9998992776447855
-0.999810846738019
-0.999818704141182
-1.0002306528803966
-0.9998813866868571
-0.9998377730208367
-0.9999029791610904
-0.999790454850589
-0.9998247367667333
-0.9997636276720603
-0.9999256752556814
-0.9999232663160811
-0.9998269243426817
-0.9997865580597087
-0.9997180141091987
-0.9997851205313426
-0.9998123682742636
-0.9999625657887996
-0.9999236122570447
-0.9999451600653707
-0.9997809263228663
-0.9998098583398243
-0.9999398123012068
-0.9998488099261222
-0.9998494014056178
-0.9997746170277605
-0.9998622537508381
-0.999815013788577
-0.9997946959407437
-0.9998537154456661
-0.9997366791108789
-0.9998203258289725
-1.0000091132510702
-0.999890897270144
-0.9998486200373863
-0.9998762810214283
-0.9996913183209775
-0.9998667066503902
-0.9998848989069895
-1.0000448814242704
-0.9999385357154016
-0.9998807633243801
-0.9998612260996314
-0.9998495323864086
-0.9998401337645081
-0.9997758343136545
-0.9999652410300759
-0.9998792441324295
-0.9998690376734348
-0.9998880141364795
-0.9999131073943885
-0.9998022566525155
-0.9998493497830436
-0.9998042274332908
-0.9997587378132647
-0.9998703585508961
-0.9998291927841334
-0.9997958314651361
-0.9999312013649
-0.9998612260996314
-0.9997573512794791
-0.9998533393902239
-0.9998372704262869
-0.9998653221435423
-0.999759998998567
-0.9998612260996314
-0.9999008256745409
-0.9999025318552736
-0.9998930155063384
-0.9998259394294404
-0.9998956016991621
-0.9998969192280833
-0.999923585115112
-0.9999944259189578
-0.999886335598431
-0.9998714483042853
-0.9998679651161967
-0.9999195689815759
-0.9998080093018482
-0.9999068033121848
-1.0000353535231998
-1.0000244723970115
-0.9999864863665759
-0.9999419835397378
-0.9998326417095572
-0.9998645975238013
-0.9998890697292852
-0.9998611656270661
-1.0000160385714012
-0.9998561325434445
-0.9997880454701791
-0.9998404006857935
-0.99984614722285
-0.9999050041159229
-0.9998428705801028
-1.000067269906006
-0.999816322395025
-0.9998934557407687
-1.000125329252795
-0.9998420312981571
-0.9998594896067683
-0.9998116840270547
-0.9998563986399864
-0.9998174346741493
-0.9998176701201226
-0.9998914871520558
-1.0000191652334784
-0.9999114904748101
-0.9998942502653984
-0.9999167417067758
-0.9997973872908251
-0.9998625752412494
-0.9998698497072855
-0.9998423542469547
-1.000010551683935
-0.9998671417965689
-0.9999628301634668
-0.9998557553922505
-0.9998657051794303
-0.9998950015358605
-1.0004719372336401
-1.0000570551570656
-0.9998389601956383
-0.9999267845245035
-0.9998721692910877
-0.9999603075918175
-0.9997804251376321
-0.9999203151785736
-0.9998236643380998
-1.0000955733155257
-1.0002874671430417
-0.9997840149833952
-0.9998175281132055
-0.9998795374863476
-0.9999985202285
-0.9999124259560112
-0.9998612260996314
-0.9998963768387533
-0.9999633287675957
-0.9999045430663139
-1.0001646655980976
-1.0003436923865827
-1.000088454040252
-0.9999976497084065
-1.000239783812407
-0.9999267058246674
-0.999854355405023
-0.9999402783243474
-0.9998124745675603
-1.0001018436539608
-1.0003546467132265
-0.9998464041794277
-0.9998719739506869
-0.9999700223685676
-0.9999521759101636
-0.9998805444176537
-0.9998525751157284
-0.9998536879031403
-0.9999084257377215
-0.9998489791671369
-0.9998322276955112
-0.9999011478387277
-0.9998654668168491
-0.9999117257377456
-0.9998508144298635
-0.9999383345334221
-1.0000568355712627
-0.9999338097649798
-0.9998276495932195
-0.9999646964195726
-0.9999402353770683
-0.9998780666762642
-0.9999081675594776
-0.9998994861892493
-0.9997369969150478
-0.9998720710102907
-0.9999412002744427
-0.9999664074861573
-0.999875848268064
-0.9999109226368308
-0.9999554296765224
-0.9995169997601795
-0.9999450502817765
-0.9999115916351072
-0.9999371368122669
-0.999933504986149
-0.9999519108647859
-0.9998380333753368
-0.9998559768646225
-1.000485474789717
-0.9998377971151251
-0.9998053140243924
-0.9998683235854013
-0.9999854152827092
-0.9999299676090246
-0.9997773750559547
-0.9999904999321909
-0.9997766765817325
-1.00006468549995
-0.9998428871181745
-1.00049020298866
-0.9998865276842991
-0.9998836225659775
-0.9998403446627468
-0.9998439299784256
-0.9998570910557552
-0.9998612260996314
-0.9998649746403391
-0.9998612260996314
-0.9998612260996314
-0.9997504087989406
-0.9998506292215985
-0.9998442571505968
-0.9998568807549608
-0.9999290393685248
-1.0000589693500572
-0.999903946647052
-0.9999564011086561
-0.9998083682973428
-0.9998612260996314
-0.9998327592883827
-0.9998641819895169
-0.9998126651126584
-0.9998065660139511
-0.9998930877723003
-0.9998508144298677
-0.9997664807959471
-0.9998519869641177
-0.9998612260996314
-0.9998104204129189
-0.999874870562699
-0.9999229040333582
-0.9998804807125307
-0.9998876035888576
-0.9998612260996314
-0.9998625415506224
-0.9999093452497542
-0.9999849427662006
-0.9999810189116293
-0.9998669978960688
-0.9998412573479831
-0.9998895132663651
-0.999752559383689
-0.9998126289750522
-0.9999009157352493
-0.9999490850816307
-0.9999092136572556
-0.9999268165139135
-0.9999069270830496
-0.9998884162202063
-0.9998230621272954
-0.9998915501574326
-0.9998810566708336
-0.9997900935475693
-0.9998743941948827
-0.9998262883593225
-0.9998160834916965
-0.9999006143001147
-0.999866390280498
-0.9998612260996314
-0.9998322377137071
-0.9998964614771157
-1.0001317611263265
-0.9998625088162478
-0.9998612260996314
-0.9999063680818483
-0.999848337308385
-0.9998612260996314
-0.9999029439655943
-0.9999599527541154
-0.9998503398546117
-0.9998648206516528
-0.999959347619536
-1.0000941490019655
-0.9999014882422885
-0.9998097787285358
-0.999983733007904
-0.9999253273120143
-0.9997757089003584
-0.999951783874332
-0.9997636645237261
-0.9998010776041086
-0.9999001196574084
-0.9997675543322894
-0.9998755638803426
-0.9999248132195967
-0.9999055346161211
-0.999797716202063
-0.9998131677852414
-0.9998659182994901
-0.9999105976602465
-1.0001254865888236
-0.9998331570610547
-0.9999770009000456
-0.9999128935764897
-0.9998960335238427
-0.9998310168281015
-0.9997088325807464
-0.9998830906001436
-0.9998698981275655
-0.9999921348289228
-1.0002426405202784
-0.9998572826240705
-0.9998893883972236
-0.9999097787091381
-0.9998999666332699
-0.9998964473563238
-0.9999105307923661
-0.9998579938307253
-0.9999499332151439
-0.9998461301992032
-1.000093830042415
-0.9999947162830021
-0.9998548985086051
-0.999936524446489
-0.9998147755137807
-0.9999096868686375
-0.9999368347464951
-0.999847105968722
-0.9998626480189706
-1.0002529446750923
-0.999912754582404
-0.9999738488014136
-0.999850000135219
-0.9998862626808243
-0.9998766130593684
-0.9998508163050728
-0.999703935024297
-0.9998835608075141
-0.9997632358590044
-0.9997985956643511
-0.9998155420214221
-0.9998143739627395
-0.9999113880265766
-0.9999520599942678
-1.000059874127054
-0.9999701233872
-1.0004478752815733
-0.9998114886388194
-0.9999283647662864
-0.9998704842333147
-0.9997230260700761
-0.999912916264631
-0.9997338427555863
-0.9998096556984438
-0.9998021736100026
-0.9998769055316865
-0.9998570992009351
-0.9998307283995272
-0.9998122856744842
-0.9998133929374821
-0.999833793160604
-0.9998623959462715
-0.9998725491483584
-0.9998561936354983
-1.0000527044590422
-0.9998740375807131
-0.9998771282390103
-0.9998494244994998
-0.9999431316763906
-0.9999008836882889
-0.9999116747877441
-0.9998665848115662
-0.9999922326844964
-0.9998815425337716
-0.9999436387946191
-0.9999332847951916
-1.000007232192115
-0.9999365480863449
-0.9998601730197807
-0.9998979304382501
-0.9998612260996314
-1.0000240652372292
-0.999944859080883
-0.9999490117670926
-0.9998786257645754
-0.9998800233893396
-0.9998410257961579
-0.999826004937252
-0.9997940364400524
-0.9998202674311328
-0.999787564246533
-0.9999460003154801
-0.9998491672122144
-0.9998260171162014
-0.9999725676972008
-0.9999877532532241
-0.9999937926251902
-0.9998629920515892
-0.999879987742571
-0.9999011163738059
-0.999865109472761
-0.9998209785684177
-0.999916611868122
-0.9998660793684311
-0.9998724128602128
-1.0000943427450153
-0.9997612797659984
-0.9998830109079646
-0.9998508144298686
-0.999859287154468
-0.9998093508307931
-0.9998749865663084
-0.9998623264710501
-0.9998311585604589
-1.0001695444597871
-0.9999234632881219
-0.9998209171549804
-0.9999359742658311
-0.9999312466357093
-0.9998085951535802
-0.9998637619292213
-0.9999407413191742
-0.9999258826911122
-0.9998628411556518
-0.9998904053685805
-0.999895667788117
-0.9998812799673514
-0.9997810585000024
-0.9998204177550084
-0.999850814429916
-0.9997540803653306
-0.9997562681971346
-0.9998933346918071
-0.9999164552298522
-0.9998520906863667
-1.0001447712443783
-0.9999069108502675
-0.999908772287261
-0.9998721916962993
-0.9998718654818486
-0.9998564810943987
-0.999828160434916
-0.9999501173339015
-0.9998330947005292
-0.9999255483531978
-0.9998252636911873
-0.9998649300216126
-0.9998609854264361
-0.999849865109861
-1.0000705811540795
-0.9999400023664323
-1.0000195500419475
-0.9998168213663144
-0.9999538736645498
-0.9998612260996314
-0.9998612260996314
-0.9998508144298763
-0.999897504834853
-0.9998710884974429
-0.9997584687475068
-0.9999880984055872
-0.9999043902190796
-0.999873569905855
-0.9998072669261988
-0.9998383277655133
-0.9998420157041319
-1.0000579334557003
-0.999967849436324
-1.0000340031457862
-0.9998637700682296
-1.0000259481643718
-0.9998612260996314
-1.000246903632397
-1.0000808394743297
-0.9999012914321465
-0.9999639836831411
-0.9998071371482646
-0.9997972625203305
-0.9997841152218048
-0.9998958112415722
-0.9997878946682832
-0.9997695444787567
-1.0001055773888357
-0.9998792445575894
-0.9998198796548845
-0.9997728940884377
-0.9996511193521618
-0.999848637971462
-0.9998870473918255
-0.99978095719172
-0.9999636734216538
-0.9998619109156254
-0.9998582036862185
-0.9998706817977847
-1.0000530310068967
-0.9998508144299174
-0.9998982845720787
-0.9999202220871127
-0.9998612260996314
-0.9998996581130392
-1.000040609851331
-0.999884641767429
-0.9998493659996427
-0.9997565013048121
-0.9998697161457758
-0.9998359716154995
-0.9997796965409536
-0.9997888104440739
-0.9997786897005315
-0.9998364824872876
-0.9998649901772694
-0.9998612260996314
-0.9999754374402514
-0.9997478111179895
-0.9998273969435464
-0.9997610751714016
-0.9998194453053099
-0.9998800596673546
-0.9998397052856451
-0.9998305399853906
-0.9999649624661177
-0.9998111629452271
-0.9998893174578948
-0.9998294159667365
-0.9999295501316822
-0.9998612260996314
-0.9998923926240695
-0.9998303733813325
-0.9997647419460379
-0.9998095067042033
-0.9998008875279157
-0.9998464734626902
-0.9999301404096554
-1.000161081997456
-0.9999418347686212
-0.9999216213078593
-0.9998706460652912
-0.9999850296827065
-0.9998971488259264
-0.9998710122163975
-0.9998752593273391
-0.9998603505578325
-0.9998165682940289
-0.999818567535388
-0.9997257796785601
-0.9998845917340341
-0.9998757528492751
-0.9999340338793937
-0.9998831202409547
-0.9999609749463962
-0.999909507557913
-0.9999475818640506
-0.9998496295698981
-0.9997789059390373
-0.9999339756002962
-0.9997655419191837
-0.999734751972665
-0.9999144078118227
-1.0001919906813663
-0.9998623129360973
-1.000025614496274
-0.9998532731353768
-0.9998435831274266
-0.9998224629229027
-0.9998665668385872
-1.0001590960402007
-0.9999108673714906
-0.9999552127931476
-0.9999249179132617
-1.0001034062926197
-0.9999068517551308
-1.0002823286441358
-0.9998714116430916
-0.9999906595318789
-0.9999166902086207
-0.9998787438575693
-0.999856512198533
-0.9998675321687394
-0.9998780251612167
-0.9999571435109457
-0.9998606600085529
-0.9999587163501721
-0.9998681971941816
-1.0000355713906361
-0.9997903857956514
-0.9998668374632015
-0.9999363159248184
-0.9999282576201276
-0.9998348579704178
-0.999852796816356
-0.9999317865714159
-0.9999641857686349
-0.9999276153870716
-0.9998612260996314
-1.0000261024859838
-0.9998508144298763
-1.00003222467708
-0.999886446914472
-0.9997376505181363
-1.0001960640479957
-0.9999513172742354
-1.0001044235340615
-0.9997680039775517
-0.9998285500088501
-1.0000070978692044
-0.9998856027298357
-0.9998512556406703
-0.9998509994562989
-0.9999739967944702
-0.9998776521120767
-0.9998244978286093
-0.9999256419594408
-0.9997399516083543
-0.9999393249259011
-0.9997948631542846
-0.9999069304487531
-0.9998083126392544
-0.9998792192932299
-0.9998670082238602
-1.0000861520271145
-1.0000148864861764
-0.9999524043335113
-0.9999163721280785
-0.9997845962520481
-0.9998408872553246
-0.9998430181972982
-0.9998665585064632
-0.9996571843045307
-0.9999114176205289
-0.9999634398699271
-1.0001574808836717
-1.0001031327406453
-0.9998490386120448
-0.9999778445722469
-0.9997661007221761
-0.9998845809193309
-0.9998065137253439
-0.9998790921072961
-0.9998590693362899
-0.9998361089440417
-0.9999284240842299
-0.9998575542167499
-0.9998465572521118
-0.9998136607818018
-1.0001189455353585
-1.0000159503815413
-0.9997947254797155
-0.999987610398023
-0.9998036043805303
-0.9998564287702856
-0.9998906283034682
-0.9998886680163848
-0.9999426695645676
-0.9999812219643279
-0.9999052344360502
-0.9997935364030103
-0.9997912689168454
-0.9998478231170908
-0.9999546342304746
-0.9999173449519315
-0.999914400062996
-0.9998526238320659
-1.000015756240402
-0.9998535393986434
-0.9999273164039252
-0.9998530953577506
-0.9998152982874163
-0.9999419376787627
-0.9999338746475465
-0.9999301171743731
-0.9999092211235157
-1.0000055849181613
-0.9997436631946239
-1.000217372966202
-0.9998532173847431
-1.000204550849717
-1.0000666641786258
-0.9998082112520575
-0.9998739218968256
-1.0001093035876174
-0.9999720748398284
-0.9999946103505147
-0.9999937540206345
-0.999953532426582
-0.9998665834506479
-0.9998490318154682
-0.9998434590722813
-0.9998612260996314
-0.9998020808284028
-0.9998783343194327
-0.9999628563549867
-1.0001332519883732
-0.9999892888551972
-0.9998475726880828
-0.9999053841426193
-0.9998596768971268
-0.9998769091493843
-0.9998622091435921
-0.9998625219767715
-0.9998593839843067
-0.9997751988748399
-0.9998136162248246
-0.9998701306918291
-0.9998561300349306
-1.000025841252437
-0.9998761737773797
-0.9999413469047392
-0.9997827499953716
-1.0000020643127514
-1.0000863601054335
-0.9998390503659148
-0.9998921651345467
-0.999741085762181
-0.9997921762619199
-0.9998641092427792
-0.9997776080086641
-0.9998962809017614
-0.9998900720075309
-0.9999594809875346
-0.9999393739584461
-1.0000770606918175
-0.999854228671656
-1.0003856887503417
-0.9998509479253034
-0.9999575160094928
-0.9998209738287669
-0.999887723499114
-0.9999189066746617
-0.9998795534360191
-0.99980021941004
-0.9998183516634482
-1.0000865443480218
-0.999942777935254
-1.000066885405254
-0.9997836650473889
-0.9998511334155236
-0.9998250020613493
-0.9997063409059298
-0.9999188416816289
-0.9998675424375708
-0.9998510640816866
-0.9998046432380707
-0.9998229640205262
-0.9997527681491083
-0.9997946814697724
-0.9998623836072145
-0.999822130040908
-1.0000879965035079
-0.999928924324629
-1.0002682301982329
-0.9997879673249396
-0.9998535914711453
-0.999910511197437
-0.9997794686247623
-0.9998061242066832
-1.000258028540197
-1.000215652430338
-0.9998688339016598
-0.9997967914375423
-0.9999357283315612
-0.9998515556808877
-0.9999254217934913
-0.999886453428581
-0.9998335151882874
-0.9999821532398212
-0.9998085666990075
-0.9998641503055415
-1.0001581400141042
-0.9998368206104659
-0.9998799186332883
-0.9998840151122963
-0.999899011068985
-0.9998249828705781
-0.9998557523324335
-0.9999200347104099
-1.0000790423057375
-0.9999215013299869
-0.9999207935094869
-0.9997849461202176
-1.0001343632390411
-0.9999183904731028
-0.9998756906126622
-0.9998942686265279
-0.9998392867325121
-0.9998373576728331
-0.999882390673317
-0.9998090781034861
-0.999942592726646
-0.9998623223687391
-0.9998782249137561
-0.9998685647747027
-0.9999042625908919
-0.9998690013349372
-1.000013508278451
-0.9999128142985173
-0.9998485054584728
-0.9999396017084053
-1.0001034621237266
-0.9998893596749059
-1.0000960438359365
-1.0001102089178802
-0.9998442610409668
-0.9998103936094782
-0.9998854197170594
-0.9998130571455258
-0.999814370636457
-1.0000956043395477
-0.9998435606726221
-0.9998724628251173
-0.9998824400074131
-0.9999158288144064
-0.9999268082286372
-0.9997679856840535
-0.9999167049482391
-0.9998503029252287
-0.9999186404964375
-0.9999815410960874
-0.9998602785686711
-0.9999772498380525
-0.9998610685125661
-0.9999099827121458
-0.999939624486408
-0.9998377138443695
-0.9999032392400637
-0.9998507620169222
-0.9999340076716572
-0.9998735508647969
-0.9999776706397271
-0.9999230467262078
-1.00010195880243
-1.0002257678157145
-0.9998929072796267
-0.9998612260996314
-0.9998483279630992
-1.0003046278002854
-0.9999471751254022
-1.000039669528093
-0.9998347199993546
-0.9998262242783135
-0.99985723683942
-1.0000355891560802
-1.0000565842672016
-0.9999542816828495
-0.9999799969886749
-0.9998308934317862
-0.9998917534053354
-0.9997082246220614
-0.9998378061278238
-0.9998612260996314
-0.9998612260996314
-0.9998192238309281
-0.9998527046682237
-0.9999151755315185
-0.9997092499765738
-0.9998467112952224
-0.9998346405055913
-0.9998114455988717
-0.9997966207698096
-0.99989982233586
-0.9997961103114212
-1.0000974985318423
-0.9999693431530637
-0.9998671115118563
-0.9997282713238768
-0.9998612260996314
-1.0002340556332283
-0.999854251177265
-0.9999175763145175
-1.0001578013130197
-0.9997429720557321
-1.0000121109032905
-0.9997807570795709
-0.9999056735406956
-0.9999232437482075
-0.9999172342319625
-0.9998842926067485
-0.9998396845936988
-0.9999155398651483
-0.999865632701764
-0.999912531048353
-0.9998276744149481
-1.0000228400842701
-0.9998584814098115
-0.9998611765914461
-0.9998457274101449
-0.9999694074616566
-0.9998834064059255
-0.9998332192824506
-0.9998028235539146
-1.0000487573026418
-0.9999756161294098
-0.9999265495599579
-0.9998612260996314
-0.9998343648464025
-0.9997566943499143
-0.9999073460386771
-0.9999444666873788
-0.9998758852586072
-0.9998859369137222
-0.9998564164778864
-0.9998546701878493
-0.9998621223690811
-0.9999221082455946
-1.0000014522538088
-0.9999601992120901
-1.0001139308112572
-1.0001229627460608
-1.0000963422790772
-0.9998556781210461
-0.999995181584347
-0.9998615268317876
-1.000017749259651
-1.0000104307852096
-0.9998973263042774
-1.0001254356206273
-1.000001116465373
-0.9999418427089132
-0.9998360162922862
-1.000057800664934
-0.9998316311415528
-0.9998865165750725
-0.9999058381405223
-0.9998801980584364
-0.9998918740476163
-0.9998953641615349
-1.0002013749280678
-0.9999840644006981
-1.0001115304089498
-1.00039723469407
-0.999909192040588
-0.9998964670672957
-1.0003370784723997
-0.9998630010268375
-0.9998592632347415
-0.9998277915030089
-0.9998713267640402
-1.0002384060829588
-1.0000398179934842
-0.9999559609543833
-0.9998467141229147
-0.9997583998274749
-0.9998292236675391
-0.999982467934599
-0.9999201040865939
-0.999951708859583
-0.9998688473180938
-0.9999249418810969
-1.0001995922508318
-1.000038945681533
-0.9998490599399406
-0.9998486491949482
-0.9998726763524428
-0.9998790895864362
-0.9998673572844673
-1.0000916608511532
-0.9998585785389488
-0.9997975653649291
-0.9998123639626245
-0.9998966424727483
-0.9998513339434322
-0.9998796144833106
-0.9998519041536543
-0.9999137185612167
-0.99983661136589
-0.9998441130048457
-0.9998815448145207
-0.9998528113439625
-0.9997902276380493
-1.0001136248402955
-1.0001408924779691
-0.9998691484526148
-0.9999795708427646
-0.9999363044110199
-1.0000117214736859
-0.9998203691839135
-0.9998335409084542
-0.9998981716714971
-1.0001349969397744
-1.0001033015352063
-0.9999693064488127
-0.9998690934123436
-0.9999301589032885
-0.9998278763417797
-1.0001831764225233
-0.9998653231658589
-0.9998471135539342
-0.9998827593376266
-0.9999498155934186
-0.9999072177184133
-0.9998334628398
-1.0000515713948617
-0.9998358551055895
-1.0001063728190036
-0.9999907090133775
-0.9998519291836974
-0.9998361482569503
-0.999883642897554
-0.9997236582994955
-0.9998978599475217
-0.9999143361835162
-0.9999379997592378
-0.9998966884913504
-0.9999148081435221
-0.9997911854684718
-0.9998498415396678
-0.9998612260996314
-0.9998794115907538
-0.9998186307190342
-0.9998077962023315
-0.9997210599136067
-0.9999736179015785
-0.9998530839348059
-1.0000682203840403
-0.9999059884049231
-0.9998914105874226
-0.9998612260996314
-1.0000076370491497
-0.9998259887124997
-0.9999270323624229
-0.9998539878421638
-0.9999661920718051
-0.9999049049253452
-0.9998645843077583
-0.9997637571976671
-0.9998395538630849
-0.9998740551055301
-1.000056072214711
-0.9997533958132538
-0.9998962715480927
-0.9998848413128789
-0.9998417854864051
-0.9998579666710883
-0.9998917837067982
-1.0002050846455073
-0.9998349835894684
-0.999832243023949
-0.9998144745851634
-0.9998955223433911
-0.9998775832622042
-0.9998308785579754
-0.9999310330779495
-0.9998458410288489
-0.9999206190540042
-0.999801902997856
-0.9997989824527891
-0.9998175780384194
-0.9999189229168602
-1.0000532317363295
-0.9998217596528332
-0.9997774009168025
-0.9997587515556862
-0.9998142402115566
-0.9999657374153252
-0.9998763179609178
-0.9997792739026206
-0.9999555846718728
-1.000125102055859
-1.00006897139922
-0.9999052904214786
-0.9998279560751805
-0.9999703719386259
-1.000027604863988
-0.9998203672461804
-0.9998420248722032
-0.9998511674845698
-0.9997850736849566
-0.9998100641753213
-0.9997548714430999
-1.0001373531151945
-1.000092625709801
-0.9996936217263416
-0.9998191375919178
-0.9998651648232606
-0.9999226831275644
-0.9999241525408467
-0.9999673663922827
-0.9999299944473085
-0.9998684193834828
-0.9998377611817088
-0.9998469902536664
-0.9998154006246484
-1.0000661675139995
-0.9999772999384623
-0.9999084183675253
-0.9997388552256069
-0.9998150399216338
-1.000381095054085
-0.9999210879125
-0.9999116856233069
-0.999925266338988
-0.9998772855345602
-0.999892874178979
-0.999874558779236
-0.9998731579098719
-0.9998698023519565
-0.9998972638676704
-0.9998974067224252
-0.9998234500633628
-0.9997622869306931
-0.9997330606067228
-0.9999008865598957
-0.9998597370165523
-1.0000882816850831
-0.9998290460129446
-1.0000870173333114
-0.9998663079632896
-0.9998733508304742
-0.9997972927454134
-1.0000582889959593
-0.9998026072048251
-0.9999283343640516
-0.9999868924226304
-0.9998151110454435
-0.9998700956341837
-0.9996076474084424
-1.0001169848576406
-1.0000443803005137
-1.0000805206248458
-0.9998291361115567
-0.9998960883785899
-0.999852879626363
-0.9998612260996314
-0.9998612260996314
-0.9998399544262604
-0.999888368263965
-0.9998692342620669
-0.9999600432124478
-1.0000162757283462
-0.9997804330768003
-0.9999154281045366
-1.0001204001316548
-0.9999465947190972
-1.0001915924030693
-0.9998946365390732
-0.9998391415816207
-1.0000042237004516
-0.9999302777944826
-0.9999349586001341
-0.9998626963007866
-0.9999321770475695
-1.0000494522823427
-0.9998323885954741
-1.000067299532282
-0.9998612260996314
-1.0000643077987577
-0.9998893567730814
-0.9998612260996314
-0.9997814543014193
-1.0000553841605988
-1.0001122163111242
-0.9998653784557993
-0.9997934941079227
-1.0001510171077672
-0.9999116610520253
-0.9998827410378512
-0.9998468093279325
-0.9998444285350021
-0.9999642706343412
-0.9998744612607064
-0.9999956565473639
-0.9999223994090454
-0.9998310798294776
-0.9998893805818909
-0.9997712521318969
-1.0000170838620481
-0.9998639936013852
-0.999884737861255
-0.999902166541784
-0.999761100741436
-0.9998684162200213
-1.000065772407964
-0.9999242529900849
-0.9998173921764372
-0.9998508731202038
-0.9997930929155061
-0.9997349571481037
-0.9998035571653777
-1.0000054263044098
-0.999997996669807
-0.999946469395758
-0.9999035284754026
-0.9998107411711692
-0.9998965953975296
-0.9998280889381902
-0.9998408063798616
-0.9997878500220427
-0.9998017023121326
-0.9997534563582702
-0.9998275793308862
-0.9998358202865019
-0.9997968323688745
-0.9998578713901345
-0.9998384230274009
-0.9997827503798381
-0.9998612260996314
-0.9999216417881992
-0.9998649028206645
-0.9999542286634432
-1.0000288783185116
-0.9998875615296081
-1.000020111684028
-1.0001602350077015
-0.9998120308117013
-0.9998723435066715
-1.0000025449212497
-0.9999479126799776
-0.9998366259574963
-0.9998368815612293
-0.9997991667888682
-0.9998682923586597
-0.9998173495686179
-0.999915566851035
-0.9998273578066816
-0.999906092381416
-0.9999196784950076
-0.9998600718159567
-0.9998828113679219
-0.9998711179253004
-0.9997608280690943
-0.9997664746811599
-0.999924396056382
-0.9998471621812224
-0.9999058001288212
-1.0000285175724442
-0.999899681636069
-1.000096668374427
-0.999826989872272
-0.999854356601227
-0.9998949763257177
-0.9999563027702567
-0.9999701168675295
-1.0000605203046948
-0.9999321232268735
-0.9996278759753963
-0.9999383026996509
-0.999877007986446
-0.9997250239813917
-0.99981604077897
-0.9998612260996314
-1.000165412348948
-0.9998958266785613
-0.9995988203575499
-0.9998448759491572
-0.9999650295732659
-1.0000850545592814
-0.9998405697738766
-0.9998820440870655
-0.9998238876824816
-0.9999179230858919
-0.9998763662048243
-0.999937992993183
-0.999852417935008
-0.9999647088452992
-0.9998329359420046
-0.9998721645795765
-0.9999860519159809
-1.0002030416590362
-0.9998897013291913
-0.9998327685582367
-0.9999071241403741
-0.9999238510600417
-0.9998276061694394
-0.9999503831428349
-0.9996180739128013
-0.9997045122590159
-0.999885555445686
-0.9999854572920512
-0.9998176885926237
-0.9998886361672361
-0.9999103993601703
-0.99987667015576
-0.9999077861698499
-0.999826542787685
-0.999939615675038
-0.9997864569705724
-0.9999157191363692
-0.9997810424466174
-0.9998185710132964
-0.9998685893304939
-0.9998385466301641
-1.000019177366641
-0.9999729738917162
-0.9998823764452557
-0.999728020463799
-0.9999015071901403
-0.9998645627477359
-0.9999184839018178
-0.9999609720925648
-0.9998877622318696
-0.9998252705887024
-0.9998597236787388
-1.0000248196118036
-0.9999589947497747
-0.9998720496264181
-0.9999178700312782
-0.9999483756235131
-1.0003880135040477
-1.0003789482921017
-1.0002255511675258
-1.0003966706186005
-1.000352282092353
-0.9999178521469476
-0.9997671043465085
-0.9999745994252054
-0.9999405146497338
-0.9997422122864592
-0.9998868045551218
-0.9998442549581189
-1.000363615981394
-0.9998593424170925
-0.9998232683684785
-0.9998609524231462
-0.9998298851114178
-0.9999470602089832
-0.9998977097821647
-0.9998527462225127
-0.999858266866448
-0.9998611035014432
-0.9998325229132979
-0.9999877095609558
-1.0000572833190704
-0.9999117978896965
-0.9998612260996314
-0.9998765589544604
-0.9999524839379014
-0.9999288031290877
-0.9999331217860378
-0.9999097363209664
-1.0000977638608934
-0.9999458946563314
-0.9999423339051334
-0.9998387549913256
-0.999979184149725
-0.9998871031143637
-1.0000434113494259
-0.9997638679039874
-0.9998497259433929
-0.999849709132871
-0.9998508144298694
-0.9998791791775851
-0.9999588969417924
-0.9999327993173093
-0.9999235796725243
-0.999875020537206
-0.9998532019621738
-0.9999569269793487
-1.0000184273880945
-0.9998821563306682
-0.9998916511245078
-0.9998860012851828
-0.999878132652169
-0.9998923155444078
-0.9998612260996314
-0.9998612260996314
-0.9998714653146514
-0.9998648778225705
-0.9998149195754698
-0.9999783241935699
-0.9999519850894067
-0.9997461689173842
-1.000352916960101
-1.0000647964703164
-0.9999291649944209
-0.9998612260996314
-0.9998836854194094
-0.9997871184746827
-0.9998417510857401
-0.9999086060523261
-0.9998612260996314
-0.9998085837039992
-1.0001957310171967
-0.9999236184459857
-0.9998227799533939
-0.9998965994400721
-0.9999769791769655
-0.9999448512426503
-0.9998675837141334
-0.9998832335160799
-0.9997846496217013
-0.9998413855099848
-0.9999761116330705
-0.9998928918668043
-0.9999624333733533
-0.9996826756239432
-0.9998079987436909
-0.999852970894533
-0.9999322034439414
-0.9998713473294447
-0.9998101037274826
-0.9999337451877569
