-1.0088300316122887
-0.8801974054670452
-0.9700848273398394
-1.0081009229931626
-0.9489178402516978
-0.890543813476235
-1.0194211939635491
-0.9888702097318542
-0.9577484872288076
-0.9980693303156846
-0.9651619635238757
-0.9426874974627137
-0.9076113439748433
-0.9667316697952013
-1.0340777693893526
-0.9623393718951413
-0.9371233510695605
-0.966779009800298
-0.9617265583291597
-0.9553376294242576
-0.9626976386327082
-0.9667707172308307
-0.9525177753230714
-0.9474729996099311
-1.0016177893464426
-0.8859954557884402
-0.9258036473606689
-1.0037264930421004
-0.9359022925668902
-0.9827638237642276
-0.969412298752431
-0.980605898008467
-0.9615085647935707
-0.9508035004491175
-1.0094357891062191
-1.0386172094408637
-1.018929921259656
-1.1211786352791662
-1.027310907822695
-0.7712721539665304
-0.9818873080411243
-0.9004521220521344
-0.8939905205110669
-0.6226535815156273
-0.9288191992645433
-0.9957135978317511
-0.9353703007546826
-0.9493646096645363
-0.9234760975610158
-0.9250420348958374
-0.9558080552325969
-0.9750155563265643
-0.9805103881902368
-1.0008074800288378
-0.9722328926033527
-1.02004689150481
-0.9643225940439455
-1.0094196823267827
-1.0027092605255585
-0.9951558383700068
0.9690211810153214
-1.0004383440909232
-0.9818993935686984
-0.7737923135818916
-0.9544051990411812
-0.9425158194137868
-1.0210017865586
-0.521580606430671
-0.9664243659067248
-1.0661095017646502
-0.9839492032968755
-1.0628026971737576
-0.949891861098617
-0.9957166283665694
-0.8396212222968682
-0.9457771787522431
-0.9374856936629742
-0.9243594643755519
-0.9973863312608306
-0.8453650600218396
-0.9871525520859626
-0.9132259951072078
-0.8920392553539123
-1.0153638056037961
-1.078872772839881
-0.9757488707054962
-1.0089433976590907
-0.9794774202611835
-1.0229616958359264
-1.018693770764521
-0.8172805303181041
-0.6630981007920458
-0.950736857154374
-0.8819570721872989
-0.9680836769287817
-0.9577380979180387
-0.9356124364774062
-0.9557612233868434
-0.9540322119214738
-0.8046978298662084
-0.7861270941208336
-0.8682915397830608
-0.9633747401310262
-0.6454100029027684
-0.9479496326541919
-0.9925670375923897
-0.9264874198242339
-0.9595240214791803
-0.9623221137229123
-0.9969903850753064
-0.980825414319223
-0.9533528159164449
-0.9996755822706268
-0.999913887662609
-1.0058403599265362
-0.9627577280152589
-0.8755852925292077
-0.9188382342620439
-0.9998626308544468
-0.9999472272359688
-0.9972371993367316
-0.8582736047992491
-0.9851766746340488
-0.9821745020822682
-0.9435096881662268
-1.0808349410930658
-0.9369646557918518
-0.9231141250255529
-1.0000709995472095
-0.9670885915404227
-0.9731894831777114
-0.9498959842181991
-0.9754567913535535
-1.0295664800719075
-0.9640412666350285
-1.0903558793550348
-0.9702037019146921
-1.0000305731138988
-0.9999885881635773
-0.9908702621374332
-0.9999699631508837
-0.991255730711798
-0.9793680080859306
-0.9851584553860055
-0.86806568968724
-0.9831182416212697
-0.9642866735957399
-1.015761124203895
-1.000411543860509
-1.0019345440196223
-0.9726165374043714
-0.8814510646119255
-1.007564702656798
-1.068151453106755
-0.9509022327217148
-0.9835287772401532
-1.0309685928290038
-1.0655437578702225
-1.0487631171898864
-1.0299719258677504
-0.9757316106021284
-1.0683180271042536
-1.0198557823651493
-0.9905281480127659
-1.0471030789288545
-0.9986725130678091
-1.0065565086140977
-0.9655045397661703
-0.9543338205301296
-0.9720734515215597
-0.9405239308391449
-0.9898585550625795
-1.0148436706251758
-0.9148779919512705
-0.9972406838368538
-1.0684388622945995
-1.1004799060824877
0.04192087733430061
-0.9881429672612602
-1.0930744600290785
0.03627699085896252
-0.970552366771754
-0.8762203754166338
-0.942681490298085
-1.083166027393613
-0.9333325266183371
-1.0065746069498145
-0.9809015738508475
-1.0612262804326544
-1.033553154940186
-1.035964047529414
-1.0686894432991592
-1.030289322420256
-1.0578621275127134
-0.9755983627915389
-1.0268211696737313
-0.9952261362722664
0.808348532977842
-0.97105243944843
-1.0326475722988357
-1.0333070953323331
-0.9742784589748272
-1.0552291014685096
-0.61494199747085
-0.8437505343139579
-0.9095179247320317
-0.9310376885241881
-1.0141697200724837
-0.9687282065578757
-0.9107870645217304
-0.9760949845860905
-1.1348132692242279
-0.9730765733883167
-0.9665693826147421
-0.977296698663691
-0.9754863874071074
-0.9653173189407852
-0.8884096157031626
-0.9818642640556388
-0.9663062752065869
-0.9679353361873128
-0.9484317879490767
-1.0208072154240473
0.08490758181343072
-0.9785093651357193
-0.9697264284496435
-0.9999392382493852
-0.9488938524722529
-0.956126162636802
-0.9997820845611893
-0.955281007816537
-1.0572015884448844
-1.0763741888936984
-0.9761138726840017
-1.0002177596084034
-1.0041453851181794
-1.1212400705865309
-0.960065953829488
-0.8779543316287146
-1.0520059481644637
-0.9231895141551816
-0.9661465766260584
-0.8607007080717253
-0.9714739222908936
-0.9926322123120987
-0.9730895412755172
-0.9946178111917615
-1.0058435054409776
-1.0860299140252705
-1.0453025127394404
-1.0548465156910338
-0.8989960109944884
-1.0657880395548125
-1.0038321271637538
-0.9184168292682728
-1.0070697205298746
-0.8766513817730113
-0.9437214213068761
-0.8950337500269876
-0.9409198408715586
-1.0373641610684854
-0.9830140747695161
-1.0445805342632368
-0.9594807190074416
-0.9709088851612314
-0.962828158473664
-0.9670802649365513
-0.9724219553067518
-0.9672974061777614
-0.9297800634827438
-0.9206859184662236
-0.8820699693974966
-1.0296427857183938
-0.9686822383785367
-0.9603368695192097
-0.9749035565485934
-1.009703793081442
-0.9775203105507144
-0.9658590698786776
-0.9309335630431305
-0.9723918503393567
-0.9666941082362546
-0.964997509459039
-0.9620364867567324
-0.9694884858268302
-1.1041855771708144
-0.9471587410518142
-0.9717021861091584
-0.9553411990732772
-1.1230816381649036
-0.9690980027437731
-1.122921324585418
-1.0668056728299202
-0.9502635575275388
-0.8929556275302071
-0.9386750372574582
-1.1105337150274242
-1.0821437658756339
-0.9807244678680244
-0.9762138404448384
-1.003465541549827
-1.0129948039013552
-1.0488209996571372
-0.9962158482312173
-1.1098948995858842
-0.942614396803969
-0.8866823018371198
-0.9783473049887982
-0.9732640439203221
-0.8680756014629947
-0.9803841873254606
-1.0595171668363503
-0.9796154403253088
-1.0244464820527193
-1.0805297724015603
-1.0064377176737338
-1.1077935450172018
-0.9827081048690596
-1.0291055869859453
-1.0811107388315508
-1.0676472527481993
-0.9224521466243886
-1.0688186928230996
-1.0608089055089573
-0.9938156000841147
-1.1195471907173866
-0.9455832167667417
-0.9881533064400655
-0.9713362888631469
-1.013865738861754
-0.938183125809745
-1.070078965701511
-0.9800949476674371
-1.0163375466008078
-1.013814801897088
-1.0373549742309145
-1.1104956762716645
-1.0180229300119765
-1.0459660734774294
-1.0080095582549935
-0.9707125285503082
-0.8944674640840248
-0.8467048560169126
-0.9581399917195591
-0.8212368236767508
-1.0286407036188991
-1.0512533688887045
-1.0741487027634191
-1.0168488332347172
-1.034867726550948
-0.9650070267617156
-0.9846131673726229
-0.9971367569851375
-1.1063445425093317
-1.0532424764329709
-0.9090453665977769
-1.0181263131828455
-1.024918661165521
-0.9533585493700443
-0.9217848507426991
-1.0695348698835188
-0.9607662671833388
-1.046101940894799
-1.005223162239656
-1.0202404231541153
-1.013783706686597
-0.9191344486983875
-1.058103737827858
-0.9802842765669444
-1.0004188025409904
-0.9506686642834423
-1.0129268904433317
-0.9880222151635805
-1.0094520534185603
-0.9683164571468795
-1.0085815137600904
-0.8632659908802067
-0.9785572919285868
-0.9779178336370199
-0.9151866329994008
-1.009075091053648
-1.0233935221218482
-1.0562596644680136
-1.0137786096010402
-1.0175654878412317
-1.0392815207331032
-1.089096868592231
-0.9315349551819402
-0.9918673876135524
-1.018337876599154
-0.9586892348708411
-1.0356923071499176
-1.093879137932466
-0.9713978324770406
-1.0094800867303342
-0.9956043311992885
-1.0257607449549053
-0.9744342484426612
-0.9916473438756966
-1.0523346274132666
-1.0703337390358691
-1.1146820568765063
-0.9802626371250465
-1.0432724570633714
-0.9797937577156937
-1.0632821905722853
-1.0041559607305062
-1.1083562458486236
-0.9681928620141996
-0.9639596789111055
-1.000714624222929
-1.0250163579327525
-1.0041612248973673
-1.0264783583671144
-1.0135806418360438
-0.9470500415589289
-1.0859029873495796
-1.0019101713385699
-0.8856053300086209
-0.9509615817143595
-0.9931869564273105
-1.0094810587256344
-1.0563479887624978
-0.9548698064380753
-0.989701460768311
-1.0339972203690293
-0.9265943411060464
-1.055844935598786
-1.0902625880428745
-1.07840097222552
-1.0186445325555618
-0.9502423545796528
-1.1000240054775874
-0.8560528955173972
-0.8746769182646226
-0.9590885660524462
-1.0648545139668322
-0.9220001747291746
-0.9487723964713024
-0.932343433252046
-0.918262394683143
-0.7022820193029908
-0.9854966941251008
-0.953899938380269
-0.9737524812901228
-0.9275826681087662
-1.072929616761248
-1.0326975546420474
-0.9354683171380325
-0.9135510581085408
-1.0212366620152142
-1.0247131840968835
-1.081831812292894
-0.9287677565592202
-0.9653084460588135
-0.5821316057853222
-1.0331614288707631
-1.0083804445173317
-0.8454215762961443
-0.9550669941862153
-1.0019362751458842
-1.0253534583569197
-0.990096277346853
-0.9121955727646931
-0.9754301976086819
-0.9573941037882138
-0.9893919616910505
-0.9399412272295815
-0.9622096183706274
-0.9999152794482606
-0.8938252927091958
-0.9002072855820338
-0.8120675865436502
-0.9214713644878368
-1.0233186698900258
-0.9774158716321859
-0.9028994729318719
-0.8915402533200469
-1.0185989224838796
-1.063582425951567
-0.8973327099418056
-1.0103289598559901
-0.9789343866648552
-0.9802437253595441
-0.9694966879995655
-0.929506383525752
-0.9242265931324187
-0.9685898603265175
-0.9801561790618569
-1.0279043892428288
-0.9602267801472105
-1.0580474351844933
-1.0502371975756954
-1.026245929097784
-0.9874011057708209
-0.9658565457314828
-0.9931978070193757
-0.9649667429811734
-0.9786867021782736
-0.7695610999107141
-1.0289041043515599
-0.9675326620647453
-1.1279537739644445
-1.0991880021283975
-0.9579328197517264
-1.012228246364971
-0.9912331527616096
-0.8372033118460895
-0.9507303332627467
-0.895219710110933
-1.0253432406833225
-0.9540100405268861
-0.9305310509911082
-1.0022790802551689
-1.0359669817031172
-0.9648637932679096
-1.1193620215930142
-0.9503018544308969
-0.9542182410596634
-0.9625812982786125
-0.9797530484484765
-1.0119329940606996
-1.0371738273190612
-0.9689417316893026
-0.9746200336599976
-0.9841032251495456
-0.9820281531234225
-0.9627063521553489
-1.0093569880627995
-1.0999917376868913
-0.9790749219399026
-0.985823252074158
-0.9880649175781027
-0.9007006033492153
-0.9184104078425328
-0.9212565550950956
-0.9645530792836171
-0.9291945184875489
-0.8479156685467782
-0.8983203628802592
-0.9255140731644773
-0.7365668130492736
-0.948090759145188
-0.8191628353804494
-0.9566102810739205
-1.0059420683358695
-0.831314293558175
-1.022738181701327
-1.0198676347551416
-1.0611269300103192
-0.97933292645906
-0.9892996241548654
-0.9992425387859056
-1.0272869390148338
-0.971445716535314
-0.9688525311199573
-0.9534767540679747
-1.0071379630664947
-0.9912867004577449
-1.0137221859519217
-0.9497462236379725
-1.030084828607207
-0.9837801516715244
-0.97535522979664
-0.9787676640208394
-0.9774457401899034
-1.000313747515647
-0.9989080453271754
-1.0102830517163481
-0.9699784055197322
-1.0130512301625005
-0.9662228324049046
-0.9865013408599174
-0.837036836510057
-1.0695572205546813
-0.9731800704813062
-0.8117477933569576
-0.7789595465660121
-1.0411245913605778
-0.9649758190936436
-0.9706926711544918
-0.7837779488640031
-0.9822638715274811
-0.9746901773741502
-1.0220178549362195
-0.9872497635456
-0.9933831086212168
-0.9254833788837482
-0.8839019228164545
-0.917741378664817
-0.8250843341353405
-0.928396581052563
-1.0633246231117315
-0.9740179231303652
-0.9082909040879615
-1.07386012394143
-1.048072727609161
-0.9940921557542026
-0.9770088907491565
-0.9431124382285816
-0.9676546357343117
-1.0226664659364992
-1.0212192330484218
-1.005209372103793
-0.9649842483985963
-1.037689119327586
-0.9483204663487996
-0.9936082922572248
-1.0394195209269308
-1.0370109821370816
-0.9799629052934736
-1.0962659429533195
-1.0586349404288682
-1.0138728234489582
-1.120036236371802
-1.029950936064403
-0.9151980267716622
-1.022572475297666
-0.955204496446989
-0.9648335038952096
-0.9817666055349633
-1.1218940693241295
-0.9681877941821607
-0.8110453271224967
-1.0243334876575856
-0.8388696842185107
-1.005618274216536
-1.0547276467460822
-0.9479381746675228
-0.9841899775055389
-0.9962234312565451
-1.0762444905051387
-1.0493788583605652
-0.917476236710486
-0.9938875730372944
-0.9042623196074692
-1.049556289898884
-0.9708855132138774
-0.9933688062775063
-1.0145189227132323
-1.0538556751765753
-0.9664508783083569
-0.9449579947364273
-0.9778193394764051
-1.0219884213783625
-1.0877820356285637
-0.9678155355601723
-0.8499606780072632
-0.9692378612694977
-1.017493244313063
-0.9614057983474201
-0.734160637350072
-0.9781026302167469
-0.9680730289784137
-0.918159067747119
-0.9682064928224487
-0.936198178394635
-1.008846455406858
-0.9816732773885015
-1.0039990686067308
-1.000268997661988
-0.9836946915350051
-0.7803489614099681
-0.9508971217836527
-0.9705473089681047
-0.9880078478556092
-1.0019569394641916
-1.0364951476686437
-0.9446488313823932
-1.0147405008223207
-1.1643987547311831
-1.018913004051934
-1.1639940497060037
-1.0065166004551291
-0.9503475849094615
-0.9843582651413164
-0.9706133735507763
-0.9254378055076511
-0.8108522594018406
-0.857573481863247
-0.9187321940984328
-0.8974446513294115
-0.9624207366161104
-0.997012434478191
-0.98019051092365
-0.8515152859683497
-0.9737682596811139
-0.8257603807885465
-1.0112294622759166
-0.9678881454943754
-0.9031093024893686
-0.9711654703695204
-0.9786900822147657
-1.0012032511375537
-0.9066715245446793
-0.9900133182438556
-1.0038709065610956
-1.0055690666968213
-0.6474555274037339
-0.9657981038925223
-0.9833596648924832
-1.0036657804509093
-0.9694398662222738
-0.9436074200086163
-1.0204073607054158
-0.9557595247136862
-0.9729254964941607
-0.9479197634848273
-1.0065056225807711
-0.7411567558287493
-0.9760909313747722
-0.9005642536816433
-1.0288335332042104
-0.7649739467210145
-1.1134934988578546
-0.9015732803953657
-0.8407460066201669
-0.8493475154065865
-0.886523920647551
-0.8314511680824388
-0.8889665853249921
-1.0048256108550675
-0.9659981407477993
-1.031558490100261
-1.041151828192318
-0.9697395416128726
-1.0078252613783363
-0.9346312237221837
-1.053540435595024
-0.9380671823467205
-0.7855651169661984
-0.9702349489976452
-0.9707283114573859
-1.024024666439694
-1.0047505069286666
-1.0486019953161647
-0.9716897332254274
-0.9337121016365351
-0.9795685217428357
-1.0093323419649005
-1.047669188727196
-1.00595902388888
-0.9875963750386232
-0.8901307510953893
-0.976608778813468
-0.9783917946021979
-0.9630895117533851
-0.9252868986671916
-0.9610702496316451
-0.9242738564839923
-0.9628647204393538
-0.9498822745001849
-0.914582665037714
-0.7875116491122934
-0.8996666619427657
-0.8841427505803926
-0.8820759176178995
-1.0147039483651503
-1.0162025259094627
-0.8800542739293885
-0.9488632498081241
-0.782887977560363
-1.0439909566553223
-0.9929213287417158
-1.0231527119690447
-0.7392916956213735
-1.0233055285352788
-0.9842581609155348
-0.9445959866510346
-0.9698633249616697
-1.0756049160564551
-1.1080352276901386
-1.0024267835532958
-0.9278282479923207
-0.9740077871638724
-0.9640459798366979
-0.96604128222108
-0.9924233593172791
-1.0181938443266212
-0.9873991336065174
-1.0287587231442157
-1.0166590089358296
-0.9713353502186428
-0.9911497302049883
-0.9735420315393836
-0.9969105785786884
-1.018295254237768
-1.0418793245059512
-0.9706599902039583
-0.9798277617446643
-1.0366177920380588
-0.979092377167793
-0.95898604897905
-0.9999335869102753
-0.9729274540361735
-0.9790472298815964
-0.9714528973865707
-0.9937556021532026
-0.9569319285625288
-0.975206429259871
-0.9702795354782047
-0.9845147964622609
-0.929065405461963
-1.0389651569288016
-1.043868054995317
-0.9827766762532839
-0.9812879710395763
-0.6759665173147913
-0.8567831675339089
-0.9680567890643941
-0.9745394465982014
-1.020312261902048
-1.0541196388807825
-0.9707332889135649
-0.9935648786946382
-1.0537602729445392
-0.9722630393709857
-1.0127702795479476
-1.1179997531528296
-0.984589120312673
-1.0221705156025582
-1.027449105892107
-1.0441618104332866
-1.0081101969905095
-1.0632260445305721
-0.9714415403096069
-0.9603698133443341
-0.9849373941922666
-0.9846436473090435
-1.1093116962577492
-0.974375065008667
-0.9819999136555438
-1.0599267027642458
-1.0014511027427977
-1.037531617854685
-0.9662308119303606
-1.0298411235715934
-0.9947979659693448
-0.9947829941890928
-0.9958596385251565
-0.9780268124535937
-0.9801638304936748
-0.8421132945662695
-0.8550982859782236
-0.9635172854812261
-0.9885659185571538
-0.9626719458081914
-0.9726521048798547
-0.9716052558368898
-0.9672374254232667
-1.0213372201598783
-0.9714556745178733
-0.9569946870191285
-0.997414968698752
-0.9591195406563093
-0.9777788550643219
-0.9596345494248921
-1.0589287458424805
-0.9549590401173643
-0.9097887814681545
-1.0001330897071834
-0.9474238556925612
-0.9834017797070145
-0.7563196863128652
-1.013031289987647
-1.0390199683276111
-1.0949541333253108
-1.0396711394004678
-0.9089397353823077
-0.9830785547263177
-1.0789660027934842
-0.9729372107400064
-0.7799906469530736
-0.8439761895597562
-1.10663888762165
-0.982630443275833
-0.9440309609079144
-0.9823678428708887
-1.0117568809743263
-0.889584754999001
-1.1342547125616378
-0.966915413745345
-1.1045565926271708
-1.0627513072651666
-0.9462357040537647
-0.9799639538236675
-0.9621061725021846
-0.8989922886404074
-0.9794340130179793
-0.937641549424464
-1.0140227801006254
-0.9581411148878874
-1.0120502749846658
-0.980595985860313
-0.9582675278976462
-1.022735517592386
-0.9997820845611893
-1.067592760225138
-1.019170380868793
-0.9271220601726813
-1.0221848528223505
-0.971562569522204
-0.9610348776818376
-0.9122392510427956
-0.9786553359887076
-1.0524053380194207
-1.0575818532928385
-1.008929445265364
-0.9744240311627981
-1.024565829815436
-1.1263361464268946
-0.965090742827388
-0.9764089510693287
-0.9855020217574029
-0.9558883804711945
-0.9054300717681192
-0.9078304939054445
-0.9884786587344094
-0.9351115611184673
-1.10315634536509
-0.9417001586143188
-1.1160972956125805
-0.9324691731577502
-0.9653173846684633
-0.9888792977836334
-0.9611160597088482
-0.921302532369967
-1.150986666204949
-1.0179805349043791
-1.0090922160683078
-0.9676243936000039
-0.8917423971148546
-1.0510863117126414
-1.0482838752103851
-0.9509174392892609
-1.0912116059065036
-0.9790878541884864
-0.9764025682625012
-1.049874853220753
-1.0201888447244452
-0.986284019935342
-1.014031848490504
-0.9513635515869346
-1.009047674981695
-1.0646298237204772
-1.0102912387139262
-1.0697560661713785
-1.030679303869477
-0.9978540692636655
-0.9534639552929006
-0.9676788577268071
-1.0295489866720373
-0.9499554122352635
-1.0162273891908478
-1.1007915333740155
-0.9076471159479649
-0.9974102185690211
-1.0395454859328137
-0.9397488648708106
-0.9847576162018276
-0.9803219765699851
-0.9646243416918011
-1.0045353677909343
-0.9794514089790689
-0.9649984334367558
-1.0367085644451222
-0.9787605717125775
-0.8778271434073679
-0.9630391551329945
-0.9708405510755321
-1.0246609864610685
-1.0112792444938012
-0.989762261175833
-0.9729366595794716
-1.0183524728792275
-0.9886220530996169
-1.0648970288273791
-0.9817987766288081
-1.069146092891239
-1.0123859912970976
-1.0561257640078514
-1.019103549791044
-0.9684907615567058
-1.0870591569191663
-0.9911137196320523
-1.020258676501353
-0.9864558971070678
-1.016763855685157
-0.9661417808281144
-0.8486256225312143
-0.9419178257793748
-0.9698926264282058
-0.9869260270807958
-1.148434383356609
-1.040119219320689
-0.9613590493900378
-0.9671938103683666
-0.9384352154525893
-0.986116549989238
-0.9628563491417713
-0.6814223467246034
-0.9658622881671944
-0.9871899966525498
-0.9494097252404701
-1.001281049647787
-0.9018007662473752
-0.9670036762671929
-0.9851178422390625
-0.9659336513626096
-0.9563891375790635
-0.9080973468334146
-0.9789322548906259
-1.0144154888226207
-1.0961757251304418
-0.9872503406205094
-0.9752483720746752
-1.0180675240151074
-0.9847054431417387
-1.073394234564783
-1.0700284546678263
-1.0471868795906134
-1.0037927614238056
-0.9699843386331485
-1.0783980110326796
-1.0139000384563233
-0.8924843835559242
-1.0449837410878604
-0.9699846884877369
-1.0158535145722465
-1.040320458034555
-0.9925965242344827
-0.9976155259031733
-0.990115159580311
-0.9774027095711812
-1.0089676708785953
-1.0078789071912608
-0.9927014100269635
-0.926433230475329
-0.9471153486909334
-1.0881551617965606
-1.018585553411755
-0.9999480803948031
-0.9521827856863682
-1.0383597099132431
-0.9907596943213797
-0.909313238899853
-1.0170476125598154
-0.9690046926731298
-0.9542420206892162
-0.9712030603255012
-0.9000430820140907
-0.9748129474718935
-0.9790827702923603
-0.9947702382005641
-0.8858606675282977
-0.9695186416667333
-0.9393732249920479
-1.0508219305278923
-0.8742588642960424
-0.9808640362212524
-0.49341925551807975
-1.0715524865040142
-0.8453806360818544
-1.0877998452673252
-0.9573874633755571
-1.0396064183979121
-0.9050244873614305
-0.9475716434255146
-0.9155288460427546
-0.8528897839847113
-0.9745288886166038
-0.990637538117148
-1.0032406870552188
-0.8059767310716113
-1.0450142273758305
-0.9543170227250354
-0.9634792138763808
-1.0280526771843974
-0.9510019528042143
-0.9854939771424185
-0.9954591525773652
-1.0605672713991368
-1.0139113158527724
-0.9315561903801739
-0.9672311157263583
-0.944722866175649
-1.0042542727197648
-0.9500931250921442
-0.9667249216234037
-1.0814307126724767
-0.9734355131405438
-0.9825252657654995
-0.9093069190174662
-1.0033799109058732
-1.0113060794945186
-0.9492358993096837
-0.9656556134716054
-0.989138970232831
-0.972642715615469
-0.9688669202478414
-0.9624356082197194
-1.0029327322812296
-0.9504686318004676
-1.0320641258903902
-0.9589355999236567
-1.0049238042856343
-1.04280947482536
-0.7537741691208655
-0.8824848684009375
-1.0288379532986498
-1.0767584538960533
-0.9785656253863245
-0.9395652761281484
-0.9959144694204815
-0.9613827579543441
-0.775458584041052
-1.14332858476789
-0.9512099632839759
-0.7539798177433588
-1.0110782427105924
-0.977180279149496
-1.0195235732687917
-0.9721722128330462
-0.8371540343931241
-1.011324588774478
-1.0312599290648545
-1.0159460024557279
-1.0386190520137297
-0.8213879327198838
-0.9773731911149426
-1.004788646099935
-1.0734925536592526
-1.0611504743430311
-0.9997820845611893
-1.0610191651161256
-0.9738705500400607
-0.9579613943103994
-0.9995243784342245
-0.9794194027618213
-1.020773972189501
-1.1188891709624764
-1.001895165730729
-1.025267307526563
-0.9981621098336976
-1.0532215437667978
-0.976473673898284
-0.8126533899943549
-0.9618788639784969
-0.9827605936305644
-0.9708375408744989
-0.9711131177138916
-0.9719622883677698
-1.0546753823445756
-0.9921541958784525
-1.0147614659069948
-0.9739346279470744
-1.0017570514776177
-1.0306784935905582
-0.9936633536027074
-0.990242126821757
-0.9974535085977577
-0.9924797427016684
-0.977701572166205
-1.0385023075578945
-0.9809098499900197
-1.0365275794335393
-0.995284891554408
-1.0005411384259744
-0.9763881641506149
-0.9887802702418338
-0.962427753165854
-1.0718103487839183
-1.0225338622616438
-0.9913560450877453
-0.9601174779119994
-1.0604739539510566
-0.9916051413521514
-0.9986039640062149
-0.9861225101488584
-0.9563195957709439
-0.9911322424649428
-0.9719845471784075
-0.939783105032661
-0.9367044477443391
-1.0530692441255878
-0.972174737635967
-0.9941710294998574
-1.0039041126484454
-1.0329663415475563
-0.9857009960094262
-1.0105769364407986
-1.0400696643832028
-0.9678904009155014
-0.9822389073279563
-0.9830094611183139
-1.0787991749348709
-1.0439132479793698
-0.9764586302381676
-0.9559216507095935
-0.934251378472023
-0.9712662756369758
-0.9740905162002234
-0.9681549547817576
-0.9608511807657366
-0.992012672230026
-1.067924962581003
-0.9972308880865067
-0.9690084660015608
-0.9998828476788755
-0.9236443831700402
-0.9190216287292106
-0.972470176764913
-0.989387875952164
-1.0051485934812765
-1.006531782220475
-0.9639424499661905
-1.075064297209461
-1.0015454203252767
-1.051664935531652
-0.9815673543248628
-1.077888167879927
-0.977774995392624
-1.0423623669085964
-1.0255534481927349
-1.0314174221436894
-0.902545321631595
-0.917177085183104
-1.0528857336639506
-1.0501924720536002
-1.0596825915201669
-0.8719488938104295
-1.0549862905875462
-0.9112184523289673
-0.9045762762690313
-1.0181182930402686
-1.0782334655714936
-0.8652990235315006
-1.0160162933046322
-0.8686749460575794
-0.9839911772906974
-0.9023150792136239
-1.018307194162052
-0.9565150419977737
-0.9239799541221697
-1.0265845534559748
-0.8629874502278017
-1.0105070659570936
-1.0680669925599349
-0.9609425809424575
-0.9680034940839173
-1.085820031709344
-1.073087819252856
-1.0631525653883795
-1.0637809933364208
-0.9579992926792537
-0.9615400783382259
-1.0279166145862142
-0.930398083115563
-1.0190111395828874
-1.0035302385902918
-1.0167212205859828
-0.9946938921015532
-0.8163333528473258
-1.0197715257786863
-0.9701816086039304
-1.1103772635482727
-1.088356030320993
-0.972908210074633
-1.0625961741231778
-0.9765088967141561
-0.9990128124198351
-1.0079458658408607
-0.8901951524995401
-0.9125435855746056
-0.9998670432005162
-1.0171442538213844
-0.8667130263154872
-0.894318859837643
-0.943679576701282
-1.0075480947256936
-0.7364832045130422
-0.9935693964553737
-1.0688191107672427
-1.019513961883819
-0.9813865686937355
-0.9990334654498333
-0.9421267554250126
-0.9899871041342042
-0.996234002069828
-0.9536249432856941
-1.0043266684680718
-1.1072882019990882
-0.9631949350108079
-0.9557245475004553
-1.0373438347175514
-1.0092059202225068
-0.9573872084636168
-0.7199759387345828
-1.0866273346659916
-1.0298662565534902
-1.048574064303956
-0.9718765067588443
-0.920489516933262
-1.119450110390667
-1.0987558343425754
-0.9633328249276936
-0.940086058351503
-1.0224116911361216
-0.9257681827144135
-0.911928915511022
-0.9440292498117012
-0.9362017173296585
-0.8429439071959233
-0.8553364427821313
-0.6764232325650505
-0.874488756708712
-0.8420343606273063
-0.9233286133342488
-0.9709826497168326
-0.9040206082182515
-1.094149375521834
-1.0228357275095163
-0.9106045038316238
-1.0332486671152314
-0.9639460839914706
-0.966726027259082
-1.0590019235980803
-0.9656752716015076
-1.0054417116929586
-0.9970936030190031
-0.8467021886841037
-1.0537184537788715
-1.0003032300534418
-1.0125824704414559
-1.0321702301735045
-0.897556574232488
-1.0397742946435375
-0.9826388517470176
-1.0024120316865888
-0.9881307868523769
-0.851148095768784
-1.0175326429465998
-0.9718248675520844
-0.9898944915389695
-0.78471941890918
-1.0114984880983409
-1.0070963539208957
-0.9613401799417579
-1.098087425351437
-1.0984903973272273
-0.859463798712169
-0.970961373700128
-0.9439543758276219
-0.916153953482505
-0.6864621375688231
-0.958455748596028
-0.9714199754150293
-0.9752737581664819
-0.9956873919781535
-0.9125414844708081
-1.0075816404471938
-0.9635815067922274
-0.9596057475526059
-0.9550536126554852
-0.8816579141595093
-1.0615056304659085
-1.0678890453324876
-0.9556614726219964
-1.0064163099904964
-0.9836910829483733
-0.8088213042990643
-0.9779179708497723
-0.964389812283636
-0.9565179743783697
-0.9725262835422368
-0.9386018863436689
-0.9892035753996478
-0.9761581950512511
-1.0023296508410222
-0.9778226113312941
-0.9780852638637123
-0.9700975318119175
-0.9804375019050022
-0.9365464520168746
-0.9724449142824734
-0.8241690586906967
-1.021482572388098
-0.9705308060560691
-0.9385202413460013
-0.9483757771352771
-0.9791302176156167
-1.0131350937866441
-0.9689464248101809
-1.0504770670149628
-0.9398261190531161
-1.0579902058522448
-1.069579956450625
-1.0279567886472027
-0.9793769909499098
-1.053557571690832
-1.0197603381024671
-0.9902332682242814
-1.00297528940002
-0.9629195829554125
-1.0157531310067995
-0.9866890318954563
-0.9814430271017165
-1.0061137224102092
-1.0033159553005568
-0.9845499968440651
-1.002191544380814
-0.9711413890962646
-1.0320375000365944
-0.9528748798400113
-1.0705655889566272
-1.0715460076969479
-1.0850318452757104
-0.9764162854369394
-0.975128415419842
-0.9906089582776134
-1.0237475359140518
-1.0455737151485591
-1.124994743839833
-0.9597147312210508
-0.980423785704576
-1.000160879703239
-0.9578819597036837
-1.0175268382947187
-1.0372965894735244
-0.9419100613231153
-0.9810870991390628
-0.9628234206132964
-1.1031735311372552
-1.0415301352540178
-0.9739231442353611
-0.8995791737752579
-1.0401151488758316
-1.0628725897582971
-1.0578152652262158
-1.0069379729922492
-0.8079635611007434
-0.8626670483994279
-0.8853564506803029
-1.068413143718988
-0.99070993440971
-0.990365283979149
-1.0297032827450914
-1.091954112684218
-0.9361751489389364
-1.1074683656620687
-1.0517737470938557
-1.0522854747623367
-1.0318414329833785
-1.02583261989531
-0.9717221050637408
-0.9440822741034143
-0.9977812690056347
-1.0265580894661799
-1.139567244600453
-0.9687779056434039
-1.0000319499299954
-1.1096057047813797
-1.032356421755101
-1.0396289063375266
-0.9860922525732256
-0.9837367145742479
-1.0846646241740978
-0.9654497826271154
-0.9155899032520589
-0.9258859461500466
-1.1309736228039007
-1.0621196596223728
-0.9588858920330845
-1.029756488444935
-0.9314975405045094
-0.9641748197859263
-0.972593114771256
-1.0643445457863583
-0.903078287291504
-0.7821786116471618
-0.8039117969418863
-0.9868942202845774
-1.0626180203372118
-0.9689625211972419
-0.978814746743803
-0.9680862428539759
-0.9554008670099623
-0.9836749750640156
-0.9965901068198616
-1.0118729192363334
-1.0308372900857086
-1.0992210149005976
-1.0226326622450708
-1.066221229003697
-1.0151772538443735
-0.9920935207536952
-1.0216161043704606
-1.0416031090771818
-1.0507177529082783
-0.9918897772221424
-0.9812332827825045
-1.0450523941147578
-1.0412998160703777
-0.9590417328681287
-1.039894555805539
-0.9645919483746586
-1.1153515113839934
-1.0469071272661872
-1.0002896082728177
-0.9012640046435494
-0.9230527161101438
-0.9292018720199959
-0.8198151182742132
-0.7663640867078427
-0.9674258621785573
-0.9360871952125979
-0.9735863163575497
-1.0413834925368217
-1.1316600777173562
-1.0524209723974611
-0.9692902846406053
-1.0104788598148986
-0.9612056586140064
-0.9280661750712363
-1.0218426193883876
-1.0246401639215275
-1.0217217580943023
-1.0620090761113359
-0.8757948678096585
-1.0571988003612443
-0.8565487050219173
-1.0968636636610616
-0.7486520559684153
-1.0226508184453873
-0.9401024882836289
-1.1022432913224147
-0.9791810279749655
-0.8136299203156001
-0.8761938912315281
-0.9464914492947925
-0.9431988479261338
-0.9641703842730422
-0.892976014949867
-0.9948398114645278
-1.082647161070772
-1.0857398664395501
-0.9683462572248415
-1.0090455184052454
-1.0458647390828053
-1.0655613086779214
-0.9906829517671291
-0.9750676679956702
-0.9956221687175657
-1.0513282988518777
-1.03574865331279
-0.9949774873058338
-1.0839134640267176
-0.9694024832216628
-0.9741173114121011
-1.140955206109562
-0.9557891218051076
-0.964469264787971
-0.9615511004509396
-0.9648447386637476
-0.6355853609466209
-0.8793459900350633
-1.067556387261425
-1.0250601566169966
-0.9748278339380636
-0.9771351934323896
-1.0559896942120888
-1.072591819437141
-0.9669140559783744
-0.9670752814349004
-0.9133710699651406
-1.0212139002218896
-1.07042648690749
-1.0014761302314497
-1.0635475582470881
-1.1029687332624403
-1.0433744070809579
-0.9130028573345863
-0.9946858170389826
-1.0170536648289197
-0.9679407032307714
-0.9936554808482618
-0.9325004236057713
-0.9837194888935427
-1.020841896149303
-0.9633265483213133
-1.030405515137982
-1.0007143316017402
-0.9678716310784787
-0.9666195698383728
-1.0177863409068304
-0.9519356388130376
-0.9406638313273943
-0.9879721945115381
-0.9656715216988669
-1.0084141716499933
-0.950244248277002
-0.9645972137386915
-0.9914478631710097
-1.0152619147434594
-1.0233846209675472
-1.0074398126722994
-1.0119544810060417
-1.0466923040082305
-0.9832431870610889
-0.9585698936528171
-0.8705791099301995
-0.9695320225510002
-0.9894858070231705
-0.9850416739150543
-0.9646317010011981
-0.9825165591842894
-0.9664115011225327
-1.0061562000433373
-1.0478129011873782
-0.9463308410309703
-0.9834520299323809
-0.9908777940837725
-1.0010696461776134
-1.0444093698182386
-0.9998937797963837
-0.9987938841723418
-0.9391648037473354
-1.0632388140487272
-0.9693234868484042
-1.0222523564532402
-1.0443489024769912
-0.8802223125285022
-1.1171371616628438
-1.0553856319166512
-1.038216476388365
-0.9705144837562607
-1.0289863174273017
-0.8858491402422055
-0.72734025490288
-0.9681606483925392
-1.1021807886764003
-1.1170560929675546
-1.0282222754507737
-1.035955123070595
-0.9743858608801492
-0.9796566935990937
-1.006472828038716
-0.9408742788629857
-0.9713150083042112
-1.02132594270563
-0.8875928680669602
-0.9745911683264727
-0.958323116430754
-0.9739843348710191
-0.9737446551229806
-0.9785503146772024
-0.9642508358147708
-0.9593990329393407
-0.9479094416661642
-1.025637317780932
-0.9953314512897746
-0.9572644821311308
-0.9753532165063548
-1.0712854755685992
-1.0980077631382879
-1.1079288483652396
-0.9900464665196144
-0.9766727217529944
-0.92764164554437
-0.9762074278440711
-0.8717191935207342
-0.9217503571587911
-1.038398112445155
-0.9726112638412482
-1.0169140518896242
-0.9697440542999823
-0.9892950791672291
-0.967667701422256
-1.0698172442753364
-0.7522131016301626
-0.98259897868846
-0.9770607023847376
-0.7611749637793215
-0.9698955939727432
-1.0213512562818206
-0.9764968738504479
-1.0188729888851598
-0.8114712623644793
-0.9645870057784788
-0.9854549943107317
-0.9489843925892678
-0.9200440747570179
-0.9482450820110229
-0.788926697641867
-1.0417883201588758
-0.9984661670102987
-1.0136741508095701
-1.039615001801436
-0.880582883998415
