-0.5981991826361817
-0.9291200236155174
-0.9094070713415693
-0.967685419668398
-0.8739464574530025
-1.1024092948580484
-0.7254656499275594
-0.9966886323122334
-0.9571023776378875
-0.9686706945055968
-0.916502745809144
-1.014101196169171
-0.9489134216594579
-0.9344497665726241
-1.0349037468851259
-0.9307395085202297
-0.9442967334590106
-0.9128411570501441
-0.6850793426948814
-0.8876035850770775
-0.9231307682921183
-0.9163891771224404
-0.8972894890510145
-0.9315811419488148
-0.8542482734583935
-0.4092862569818041
-0.2384489665950218
-0.7134484874283689
-1.1234824559625822
-0.9471029104954388
-0.9938306746443523
-1.1352332526785032
-0.923530550273084
-1.0202675458780517
-0.8412757406601973
-0.9748249608330241
-1.0211093522684231
-1.1239664228702355
-0.9827697623824725
-0.9255151895469201
-1.0050250171904054
-0.9640009562800209
-0.9765093565756066
-0.958358139798707
-0.9798969242046415
-1.0572621960595616
-0.724640609415537
-0.8647966884296611
-0.7657490468466907
-0.9001020729184415
-0.6853563532378812
-0.9637816109816002
-0.9248467097986682
-0.8766034256299464
-0.9275321126368273
-0.9716608247922701
-0.9751612602658966
-1.0627229658543786
-0.8492061573199619
-0.9577258953382999
-1.0000327463859913
-0.862799952094521
-1.1624147800142208
-0.961691732969082
-0.918486740360877
-0.9464410530597946
-1.0315529928254632
-1.0222355057074093
-0.9165759222803794
-0.9951518069711632
-0.9336237960415855
-0.9768725466981996
-1.0155562640142552
-0.9334623810627238
-0.78893964930414
-1.024868210405553
-1.1293521736329881
-0.9075763534707317
-0.8456527994749379
-0.7599480123501142
-0.9764189578118655
-1.0299614920674425
-0.36339716047154436
-1.0459395266284819
-1.0536572893413447
-0.9593890204145519
-1.0372055616120077
-0.9547333718898738
-0.9670998402089633
-1.0604877701283029
-0.9350206815891262
-1.019633717906086
-0.9360678012548252
-0.9372905700887577
-0.9159299350576218
-0.9231329152307052
-0.8746671509361005
-0.9509676320110357
-0.947847816661628
-0.7229185362565893
-0.6423991555958146
-0.9017225397786511
-0.9887755651819842
-0.9889306770275695
-0.9817080000221227
-1.0160765637384408
-0.9177881966450722
-0.5278491099357122
-0.9147089133313784
-0.9833724464233102
-0.9938274160327486
-0.9390113248132517
0.3870066361363744
0.052240530156480225
-0.01563195075799717
-0.9158527290010265
-0.6762640446482627
-0.86990027343237
-0.9559446307383083
-1.0048745056985844
-0.8572593649647758
-0.7843501598250544
-1.0350700671739061
-1.0459650716983198
-1.0036754845724258
-1.1410181941121165
-0.4836580479341501
-0.8953600547499598
0.9998305035601303
-0.8894173347819356
-0.6645375319847404
0.17756149234153473
-0.9554190316331893
-1.0253451026627167
-1.0095834466542442
-1.0756473340852328
-0.5794735856147571
0.5065561820862099
0.7408926331203713
0.17889881393557583
0.3559564474164183
-0.7341982691371767
-0.9202176655759225
-0.999840679932824
-0.9721729955695492
-0.9685452763518303
-0.9664123686741082
-1.066904359101661
0.3546322405186577
0.8255869372629254
-0.9137345761706955
-0.8209479250600988
-0.9729897845295818
-0.9098904878481999
-1.0103714336676712
-0.8968587315827938
-0.9588664587727388
-0.9441152309920983
-0.9632514733792737
-0.8894650859628098
-0.9388304948764368
-0.9194557362784253
-0.9011642024844281
-0.7982751423241989
-0.9778380111271427
-1.0127626887546768
-0.9917139583126094
-0.9856839433506552
-0.96586057386878
-0.1526093204746901
-0.8752916101772666
-0.9702003128847697
-0.9685945321358264
-0.8266299722458402
-0.9138584805662533
-1.0553978551763015
-0.8967795109534705
-0.9997612152487163
-0.9563628534622085
-1.0927824746694859
-1.0910499596840777
-0.9119033397024786
-0.9364830345399455
-1.0361277230895845
-0.9309170784044181
-1.0412070024395916
-1.1028773680826875
-0.9367986962928021
-1.0504999513341615
-1.0358030250900228
-1.0588435197107924
-1.0666918043497846
-0.8963635873303047
-1.0872691626460678
-0.9295695742424686
-1.0358895125184742
-1.0053766512474713
-1.1068637761111768
-0.985253905278021
-0.9976480956215882
-0.9996392026365566
-0.9194910939146118
-1.049034616980631
-1.063705766961068
-0.8869736343162665
-0.958552288341615
-0.9712227430163394
-1.0258938415746561
-0.9183039294344489
-1.0154329067878898
-0.9500743246994121
-1.0570397292146936
-0.9252382220052072
-0.9778288572206668
-0.9529063995877107
-0.9388183898950853
-0.961277916948039
-0.9068384783690409
-0.94545834188061
-0.9189205798017951
-0.899401165605497
-1.0018981330796428
-0.9566198689149011
-0.9995098840346776
-0.6804241518719123
0.10531607516614505
0.31802938813167314
-0.8772346200847605
-0.93843564739073
-1.0126837483714999
-0.9837196504928658
-1.0698572267807542
-1.0575420295909947
-0.9609978197559184
-0.9999245165893424
-1.0710431512904313
-1.1048907342502
-0.96437825877418
-0.8294618890496104
-1.0510059074144722
-0.946127400098112
-0.8322406890071121
-0.9797598694995548
-1.0004950104071875
-1.119768274402547
-0.9319151807418082
-0.9850718460887635
-0.959659207402819
-1.094968120105394
-1.1476742897505083
-1.0467337141500184
-1.002803766354245
-0.979997728583346
-1.0523929149936786
-0.8843694015685105
-1.182860435359149
-0.8509283631312105
-1.0499790146391046
-0.9544384697925561
-0.9804627311353238
-1.1526279655405334
-0.9927169113524005
-1.050125660770358
-1.0156663263764432
-0.9588423096583715
-1.0094233144761735
-0.9197424431157325
-0.8155057054858685
-0.9164753281292035
-0.9228772176838135
-1.0227159870556488
-1.0128400753968094
-0.9682747480399333
-0.9282877369654536
-1.0159690279305145
-1.0236092013124678
-1.046226428222006
-0.9503531910370495
-0.9131319648561375
-0.9398912491978102
-0.94383088831892
-0.9126516387156371
-0.947045820733756
-0.9487389978373674
-0.9351794928158145
-1.0716194544624953
-0.975011796472697
-0.9486528478976376
-1.037739839474918
-1.1062426804569718
-0.9250986980175503
-1.1935476776225848
-1.019386219480975
-0.9864779289569654
-0.8897422905783349
-0.9247825158554093
-1.025950286655106
-1.1819595103390863
-0.9559218405164301
-1.0588181581838294
-0.8583198206842039
-1.0587823139430257
-1.2182033930792364
-0.9787397967601916
-1.103546834658276
-1.0682282937893204
-0.8722382065046816
-0.9127805735951408
-0.9204201386183182
-0.8318514467846151
-0.9851195828042861
-1.0582372726010432
-0.9439900868395922
-1.1334906472143271
-1.0246404282703265
-1.0795291604219546
-1.180089006259948
-0.9939189405116999
-1.052999853020615
-1.0694246503630283
-1.0882778804126576
-1.009519238363975
-1.0023987748522925
-1.093280182557848
-0.9884197517437318
-1.1917714839596845
-0.9777852412546245
-1.0114268265161206
-0.9496892272857533
-0.9612443365125044
-1.035092997739807
-1.0816330468215154
-1.0458482976887515
-0.9938419074825156
-1.026689093245177
-1.0131129791118074
-1.106872506936888
-0.911442750866832
-1.0422621343335863
-1.0074675811861686
-0.820374825206068
-0.9654869375988531
-0.9581535635164499
-0.9634093707771408
-1.0585629174553808
-1.0042222039226751
-1.0659087477072657
-1.0358196236043873
-1.0390625794535024
-1.0419314937289288
-0.9226900704570501
-0.9765695358250106
-0.9663410612483441
-1.1078902085552103
-1.0125839016573788
-0.9623713097031695
-0.9501488613633448
-0.4821696433653395
-0.9125852836630006
-0.5227127397504933
-0.9599791402230136
-0.9210936091703417
-1.0876573170771335
-0.9806542362847581
-1.0036521444967046
-1.0439358484802808
-1.0935647574699239
-1.141218777197108
-0.9419499407625178
-1.0808949004152142
-0.9981256203578569
-1.1123300570189432
-1.0101086514400839
-1.0271793942537226
-0.887061993758177
-0.9942492100710919
-1.0557559949162918
-0.9569011436605813
-0.9651709263487848
-0.965570043144524
-0.989725658401383
-1.068533164815545
-1.047867057070727
-0.9875285069503518
-0.9474729816692995
-1.0486080042554424
-1.0393592383481258
-1.060206756431923
-0.9433131468132857
-1.149397627696889
-0.8774760947288511
-0.9426988244724651
-1.106818498207374
-0.9138766202780377
-0.9917740904214102
-1.0182644892754638
-1.1015796562315392
-0.9815805754306424
-0.9714400489302492
-0.9779637250161571
-1.133834303196162
-1.1727045503383164
-0.9450021465990218
-1.004975833300484
-0.9558959992509524
-1.0507343773053037
-0.9942057871898093
-1.132635421714962
-1.054031169113469
-0.9250419962178397
-0.9635086429378783
-1.0306999993967905
-1.0271900832309244
-1.166605691906522
-0.9969612864192282
-1.1061512421710686
-1.223440176400939
-0.9676114424437631
-0.9921371500945584
-1.1118864017327637
-1.1698619152178644
-0.9977340155066095
-1.0238261883804742
-0.9151405023312925
-0.9073252787742253
-0.9686501377165515
-0.9045863152551046
-1.0819301928478007
-1.0345158666772096
-1.1236793282990472
-0.9964223411700626
-0.9621842376862688
-1.122000145700049
-0.8412463079650571
-1.011998897645302
-0.9250474955850918
-1.085594413164963
-0.9201511267739707
-0.8916431313333797
-0.8891661056943724
-1.0891533784323653
-1.0546399664819628
-0.9303200821656208
-0.8235249433984569
-0.9327913164151632
-0.8575424277525474
-1.1734984992743278
-1.0857935330479704
-0.8853754251212568
-1.0698867099531402
-0.983714469665341
-0.966592388875237
-1.0733345435809412
-0.8908501315840135
-0.926130734082104
-1.1084128507117066
-1.0575965075081866
-1.1262271158657573
-1.2079885975844151
-0.9464256835403128
-1.0681427132632084
-0.9661261837122053
-0.9757296897076702
-0.6031125560848061
-1.0997456522473035
-0.9477847018177866
-0.9245851356163513
-0.8785203199812561
-0.9475906470752111
-0.999652969172531
-0.8602794430422223
-0.8890312707009275
-0.853062605302643
-0.9450807961270329
-0.784134358705982
-0.9228879445998079
-1.177185164526247
-1.0762862172424918
-0.6261110550223516
-1.0215607889128526
-1.079962911202737
-0.9870497786899668
-0.9907570654511891
-0.9076797042018846
-0.9304048196761725
-1.2324948512047909
-0.8785157522284585
-0.9276505924502741
-1.108248378005851
-1.0536705407064564
-1.0357661615501148
-1.0049042444324616
-1.0569105632699236
-1.1262559535451107
-1.0494117440561677
-0.9157340096020419
-0.9859772723233695
-0.8738965940669794
-1.0260669455358742
-0.9377838049236894
-1.0408392363548062
-0.7646930648214019
-1.0890898747998956
-1.0714993512909288
-0.8352922556331758
-0.9918585861539599
-1.014619015564358
-0.9270752668714836
-0.9362947440365089
-0.7820012548613697
-1.1357224760864768
-0.9311650444480036
-1.0930037657214475
-1.1495237169420132
-1.0122399012893795
-0.9610437424241451
-1.1372407795800636
-0.961089797199491
-0.9104799258162725
-0.9193989583977064
-1.0123026319138058
-0.975448731605421
-0.9649369065251927
-0.9447828383598642
-0.960733713919454
-1.071441008428001
-0.9235019300226373
-0.9450819913479039
-0.9483341256703803
-1.0889865259621385
-0.9493545720732349
-0.9438869487611835
-0.9518412589510566
-0.8395380804114922
-0.9051335179438486
-0.9472608230604123
-0.9121730201277443
-1.0253803462073297
-0.9926270296635968
-1.0312944046563173
-0.8268362919938307
-0.9689542899310762
-0.8729198979931987
-0.8758817729656408
-0.9086467283060005
-1.0393607786418502
-0.9142595551085411
-0.9363930624517056
-1.0241760911745248
-1.066737406207447
-0.9656851788488119
-0.9585134691402057
-0.9702893734437752
-1.0611136928883602
-0.989926928667427
-0.9219564771301275
-0.9493976701573745
-0.9596950372243847
-0.9944906398901288
-1.222928464757783
-0.8769120176204064
-1.1484351076967643
-0.9975708170591993
-0.9145678124948787
-0.9411810279737951
-0.9294385090376058
-0.9981859282532859
-0.7381380287090602
-1.0162564968938055
-0.9218716794531806
-1.0552414411512645
-0.9130404029234428
-0.9625925316127601
-0.8180656774760534
-1.1239578877737422
-1.0185954976469902
-0.8863327766650447
-0.8626587282153083
-1.1794456545408147
-0.9194112254186505
-0.916776426496425
-1.0605616814153984
-0.9655112234365406
-0.8949282159226224
-1.0904221525342082
-0.976082229282462
-0.969618985657676
-0.9690933536851645
-1.008913513056981
-0.8921758597876114
-0.982444157028218
-0.8190321861459208
-1.1856065075091278
-0.9828753690323737
-0.7553791132233921
-1.105433972815634
-1.1514908297647182
-0.9635203563399974
-0.935060446051818
-0.9665839537153122
-0.9184601307251057
-1.0415895283791425
-1.0365117113161464
-0.9650032764709081
-0.9126376654639947
-1.0397880508710475
-0.9570663117456143
-0.8996079866653601
-1.131532156429539
-1.103274488797338
-0.9698610655118733
-1.09480363595434
-1.0683350016644317
-1.0056691958318331
-1.1209678499438211
-1.0391267531976582
-0.944000950601711
-0.9941883891971403
-1.0481908061564238
-0.9080565068892781
-0.9515994948885058
-1.184910148912701
-0.9206065491622124
-0.9275584663491093
-0.9933333767020174
-1.091857070452953
-0.9235554294990629
-1.0011800403939977
-0.9103760980869153
-0.9527168081615471
-1.014375567459977
-1.1814004575789387
-1.0815669310218847
-0.8920459345946122
-0.9760377385701213
-1.156654832698704
-0.9965289714742641
-0.9275143911665209
-0.9968145020308783
-0.9994143354772232
-1.0771776446988308
-0.9165613862858791
-1.0002151602494662
-0.9729584274043775
-1.0242081095845281
-1.0809100956973272
-0.9746567083409402
-0.9802838660896898
-0.9409751154724731
-0.9831568489746112
-0.9281873141414274
-1.0193029343407012
-1.2320267767549786
-0.878146090942904
-0.9122933586074882
-0.9267514549111994
-0.8073127144566588
-0.9915280312210855
-0.9601078019265896
-0.998523017796676
-0.9915022232005553
-0.9271416472664599
-1.005222256074907
-0.9774777600629825
-1.1940163543978786
-0.9529513507901326
-0.7337801808368318
-1.0291201926608624
-0.9225269232605179
-1.1737885945816147
-1.1308648322803128
-1.0303801038881255
-1.1284225575725526
-0.9897643434026517
-0.913512399894649
-0.9350028359403715
-1.0292441818417433
-1.075740817640082
-0.8997493767557548
-0.9377524498826887
-0.9520135387044946
-0.8723185651353764
-0.9139772932870387
-1.0035410111784318
-0.9483434566640623
-0.9300914578186432
-0.9395651108001024
-1.0730321453807603
-1.106008623805558
-0.9163917085830109
-0.7900097848632325
-1.0014926226083738
-1.0540915091594576
-1.076487257860616
-1.1110693532019373
-0.9417875892126564
-0.8970568643466297
-1.24751969266434
-1.035761532073197
-1.0398599740893557
-1.1760867549641132
-0.9928142174146559
-0.9574340382213185
-0.9475267972551062
-1.0702047981929321
-0.9305935097402371
-0.972812188591587
-0.8575858296215498
-0.9381002202618276
-0.9050125613227532
-0.9396354496058773
-1.0143139375001857
-1.0716797103885511
-0.9948852619116229
-1.1951646293500724
-1.0445140665326726
-0.9354722991347602
-1.0123998153972784
-0.9070335436614246
-0.9358078746068115
-0.9605949456457609
-1.036152801425209
-0.9027101879885214
-0.9585197178459228
-1.0037875475947793
-0.932989047817405
-1.0130009329949925
-1.1914177690574772
-1.1009383921691105
-0.8964998829673173
-0.8654823169477118
-0.9401944208139191
-0.821675560877868
-1.0049521032202144
-0.9511512228682538
-1.134887832431965
-0.9641096093533689
-0.8146670765478333
-0.8804871241615442
-1.1452512122596734
-0.9412847639974913
-1.0340545777312262
-0.9689514017187575
-0.9975610808453131
-0.4497883797093331
-0.8401218001392834
-0.9102722995879692
-0.9376913771241235
-0.7528041646473752
-0.8181112709996508
-0.8713332363411452
-0.7698990937026196
-0.8204260775082233
-0.9172416369459151
-0.8068849458556164
-0.9598570523686722
-0.7682333650768878
-0.9830355298732332
-0.848468619192992
-0.9612576978393474
-0.9553199292189901
-1.1214009463906525
-1.0407079795349052
-0.976958511048776
-1.0074315328862427
-1.0868878698177982
-1.0014391196405488
-0.9630808010300727
-0.8977837253988229
-0.9266317580169944
-1.1234907928167905
-1.1013515484997105
-1.0486813353510989
-0.9475295840100989
-0.9801863298453496
-0.9267031660013568
-0.9248426123566424
-0.9658401729253188
-1.0416425926291757
-1.0672330003966195
-1.0695829269405894
-0.7945509000021989
-0.9261581544255696
-0.9731621997720409
-0.9430656430202726
-1.133084071355923
-1.1298834481187316
-1.171582505550619
-0.9186049389061095
-0.9491005472113638
-1.0993105595025765
-0.95794771078981
-0.9195390064683108
-1.000380033682691
-0.9135210381020518
-1.009100944031623
-1.0000598693769733
-0.9745394406480824
-0.915288984861284
-0.9317607563108663
-0.95155224671151
-0.9593510014569497
-0.824473001596887
-0.9531689054662993
-1.0899901748068581
-0.9543065130566251
-0.9557885113197431
-0.9969370705908644
-0.9349775796637555
-1.0504471884302309
-0.9615271107567557
-1.0508131587877612
-1.0336436212219278
-0.9066927845472016
-0.9265914445070671
-1.029620064028549
-0.9875242827937768
-0.9091071927258172
-1.1418617078921753
-0.9291836356306081
-0.9946232137756471
-1.0344113341647447
-0.9560035875386207
-0.970487691322211
-1.0936520916812826
-1.0326407172948593
-0.9447332690153144
-0.9302131001166783
-1.0211745217978334
-1.1013478330033897
-0.9629800725989487
-0.9864749538158467
-1.0894689961563837
-0.9829174673603356
-1.0687245896765982
-0.920221182332153
-1.07453211839736
-0.9626987405586833
-0.9853804539880777
-0.9910285799523113
-0.8146929438866589
-0.9211268765690052
-0.7151625111005334
-0.916533079955826
-0.49006242237967623
-0.9602854755815112
-0.9209500263455331
-0.9318435264868354
-1.0063493999927209
-0.9330022503314273
-1.0587924052487143
-0.9412699892820825
-0.9987369402345321
-0.963906447836397
-0.9533959429352122
-0.9344189603831451
-1.0864795500242246
-1.1299287347708722
-0.9158132047883097
-0.9855155487188049
-1.2402042435019496
-0.8995722585601726
-1.1157102873431055
-0.9758001924370051
-1.1596170372680672
-0.8690790154460675
-1.0714883557984658
-0.6964172494422198
-0.9223470728316373
-1.0581981410591994
-1.0255398998562044
-0.930463161024671
-1.0465773646391512
-0.9883165294801576
-1.143632892349908
-0.9269143934617892
-0.8824755737635375
-1.014665796200359
-0.9665663948975837
-1.1159147129411755
-1.1283023732755129
-0.9695159121028724
-1.0890908549412779
-1.0413542204386572
-1.0173895965559678
-1.0123130282862425
-1.060112712874274
-0.9509370163085684
-0.9795937129327039
-0.9269656419418565
-1.018972053726129
-0.9491249600454923
-1.0195624448857454
-1.0766080687007278
-0.9576324716504059
-1.0019193435898395
-1.0126837483714999
-1.0798703564799854
-1.02042649517045
-0.9746995226639759
-1.0392713934405484
-0.9242363874234186
-0.9425938228364862
-0.9974688691505494
-0.9602104385525276
-1.1456255520816296
-1.1328464863284966
-1.0109923486360592
-0.9636311112152183
-0.9960858159367568
-1.1915671159003143
-0.8776969410774881
-0.96814487760012
-0.9910784989892125
-0.9352245349396685
-0.9990468828917058
-1.0145970107559437
-1.015135100995084
-0.7154777815854322
-1.1050439134543644
-0.8747752833607749
-1.1870685980809743
-0.9100503837143046
-0.9121948488799712
-0.9885306037236249
-0.9181914354605534
-1.0459109846899421
-1.1649560773981165
-1.0577015707202455
-1.0161609172625852
-0.9209973648967562
-0.9201785169494356
-1.059702975250853
-1.0386775569680582
-0.9106113307577625
-1.0749436702989397
-0.9446459205599068
-1.0095707257299456
-1.0864188285303156
-0.9856491978007914
-0.9888397523499941
-1.136832200851579
-1.0553794620696866
-0.9776530088574475
-1.0593856701445448
-1.0588372749290074
-1.125518649676515
-1.0590117022632721
-1.2973522151780499
-1.0206263667828548
-0.9176299329786424
-1.0131015511776829
-0.9391362628826161
-1.0023860964701508
-1.102988155604498
-0.9576719812924268
-0.9953309246856222
-1.083669060712929
-1.007646237253242
-0.9118605174869172
-0.9160864638010064
-0.9302094013971354
-0.8129079661248982
-0.9846256820225718
-0.9133790958987662
-1.0373796644011837
-0.9401105480630438
-0.8293494324198102
-0.913122440420736
-0.943519742133421
-0.9949314971919337
-1.0293941635805035
-0.8956845026059967
-0.988859146216478
-1.0697590287057066
-1.1217700296434334
-1.0393271744902421
-1.1508386720111203
-1.1525446249441755
-0.9996762508562902
-1.0204410161791826
-1.0592864956637027
-0.9236868873562383
-1.0833949812746857
-0.9461349208906048
-1.014620783191714
-0.9621591136165605
-0.9724125103495208
-0.9120779790745572
-0.6074254708076416
-0.9928388578808929
-0.9153842981664981
-0.8650755388238024
-1.1890883265176035
-1.0253266648610748
-0.8984194887963569
-0.9152692099829304
-0.8182255642344501
-0.9348531310287577
-0.9280110822461182
-1.023096418353729
-0.9140694983602553
-0.9049798629310571
-0.8548324661820039
-0.8968257746779374
-0.9177453960445097
-0.9148988118604002
-0.9258463029445785
-0.9144756412576097
-0.9395241442501712
-0.9671308284122297
-0.9674633702990275
-1.0113192463117537
-1.1046708326006636
-0.9637046165777907
-0.9273242587819815
-1.020430162386434
-0.9549033387522783
-1.0889982530240774
-1.099183966219363
-1.1759529071446142
-1.1377777528207864
-0.9760830411414896
-1.092939965127678
-0.9578515531465537
-1.1268691184210526
-1.0213608575174824
-0.9045447256755775
-1.1327443345480317
-1.062416257505267
-1.056670323367584
-1.1251566936657582
-1.0324716706805117
-1.025498015906366
-1.0309152411443647
-0.8129793922720026
-0.9781073784048157
-0.9753787334607575
-0.9455548222554518
-0.9945072478058982
-1.053113174367691
-0.9102392988093727
-1.0386084293491684
-1.0424691860063373
-0.9535469295687514
-0.9534431304772337
-0.9664619620794224
-0.919007119721334
-0.834078890445965
-1.0708677658485801
-1.0485163637661796
-0.9447023533038754
-1.0245588262626217
-0.9649958400331144
-1.0786734253688908
-0.9595236838459885
-0.9214723868736289
-1.0356770702170057
-0.9786236274363284
-1.0241840975345702
-1.0805133507417426
-1.0608630010862108
-1.0103807438841323
-1.0574882656913904
-0.9474503131747183
-0.9355353037275591
-0.990368851254735
-1.1458155306288762
-0.9072803947934897
-0.9852058821483354
-0.9321608096968611
-0.9429396103414704
-1.0510361504369332
-0.9015756430282602
-1.067758385393451
-0.9642630410872444
-0.8815268166281554
-0.879194042062762
-0.9600177672981023
-0.9223535143596246
-0.9690436355603151
-1.0923499795651048
-0.9983696115137315
-1.1455270469412155
-0.9473131724092405
-0.8986049344163567
-0.9278791429104336
-0.9853410989547452
-0.9917973608936327
-1.0941466426081925
-0.9418936226195618
-0.9816601364172588
-1.0555726132778225
-0.9715601982798941
-0.978651942646807
-1.0176867977352746
-0.9677128427263747
-0.9792000810829296
-0.978467617512804
-0.9054679377067172
-0.8367351090863809
-0.9774316814885582
-0.9466798440900899
-1.036374353778735
-0.7890612384982867
-0.9429372110733977
-0.9022745937925917
-0.8889200857951809
-0.8995835820297782
-1.0672539612428271
-1.100278217670735
-0.984264169198666
-0.7780761601280838
-0.9909815675915241
-0.8549571697742532
-0.9439379948875573
-1.0774579746075041
-0.9774832520253496
-0.9437866842007474
-0.9778629414537356
-0.9732024496208563
-1.016833410705317
-1.0484272284538574
-0.8667924213178877
-0.888699403995221
-1.0735892234769728
-1.0065224325041884
-1.1090791773272337
-1.0907354217097518
-0.9392148864728346
-0.9937457257268912
-1.10982299027393
-0.8730596693033557
-1.0126837483714999
-0.9715631296916222
-0.899717578011874
-0.8922832881907133
-0.8314737700323154
-0.9265540441624261
-1.0366924520159642
-1.0078312194984798
-0.9845885789594531
-0.777485043584516
-1.0383186630599508
-0.9973244000928618
-0.9411730696230725
-0.9737237065030767
-0.9530730205692172
-1.0278212104030244
-0.9206326458497288
-0.9345072745023735
-0.9268644479071277
-1.0617038249651207
-0.943783806367835
-1.0265953132644197
-0.94913550933029
-0.9415381215758234
-0.9833262034905148
-0.9587785224729009
-0.9355044953828608
-0.9595750136023907
-0.9499795161530021
-1.1070120327949338
-1.025549622095781
-1.1945130567437148
-1.013655877633974
-0.9796237880389654
-1.0034624531231084
-0.936595744788386
-0.9564134689957373
-0.9695208116384365
-1.0776168675013207
-1.0188655494783738
-0.9402119742345034
-0.9052079501717191
-1.108904649325917
-0.907725507180237
-0.9978621718490679
-0.9587163181252568
-0.8933692295478645
-1.0167120865107895
-0.9350410125850915
-0.921459289694663
-0.901999810563717
-1.039608682041955
-0.9840396329754385
-1.0054887074678867
-0.9461266320319734
-1.0624452403331723
-0.9657458525290634
-0.8860026456610651
-1.0607065853589355
-0.9479389832354698
-0.9606016671345757
-1.1050000023686979
-1.0839882004373966
-1.0867635565668423
-0.9737327970438885
-0.9489125928680601
-1.128688936451506
-0.9303313678982469
-0.9051281923063236
-0.922412758528926
-1.0045430507170927
-0.9572527207441153
-1.0691237736832027
-1.0174400733087294
-0.9210967866658218
-0.9840699026502282
-0.8782908141824443
-0.9244707894287345
-0.9194514673550531
-0.9498907361010634
-1.069223260390948
-1.0057568121448326
-0.9651392869596047
-1.1125900845326533
-0.9959853924184224
-0.9990262812121402
-0.9277946171712066
-1.0686852995033984
-0.9349503158364911
-1.0480789366692964
-1.0327813771726426
-1.1696790266277333
-0.9891935850800195
-0.8914944248821108
-1.0919151534810019
-1.06282537522959
-1.1188232021123676
-1.2490948897265006
-1.1816985241711109
-1.000653142073019
-1.017212013876609
-0.9674481380216373
-1.1763277111446444
-1.0265231815761555
-0.9887250001633364
-1.080163558324391
-1.178405008742184
-1.0807479086817673
-1.0230251820937954
-1.039440525929938
-1.0926886973428005
-1.0447252202156267
-0.8887138374155669
-0.9630314156086269
-1.0977466566159186
-0.9496043545569569
-0.9234753761458747
-1.1956627818235575
-1.0702937089084328
-1.0187473492201036
-1.0210515133670715
-0.9929486156465109
-1.0365932281203833
-1.0001525167771768
-0.9416178037935717
-1.0821976537910358
-1.07603540957325
-1.0639616182156268
-0.9942463023134869
-0.9663830437487763
-0.9941012318471827
-1.151610380507211
-1.0752486332202995
-1.2342967829972995
-1.1161239878477232
-1.0994333424781346
-0.9913789949051389
-1.0139662156761184
-0.9823095365363921
-1.0683923301853144
-0.9589015774787037
-0.9634963276830655
-1.0012772605718618
-0.922303722632
-0.8590246023515145
-1.0350795273598066
-1.205333387481832
-1.1481817884424685
-1.040145528924354
-1.0613548971184503
-1.0280152051850588
-1.0317310176585168
-1.0323643430103828
-0.8997066883562483
-0.9789623661914246
-1.1633413933622205
-1.0895532002489285
-1.0059869223342797
-1.1212759505621963
-0.9151841792889813
-0.9847315752368109
-1.0369886926093934
-1.0000603370869507
-0.9565276210173859
-1.003828551498563
-1.1635858871844764
-1.0400201451192241
-1.0085283688299223
-0.9707027242480636
-0.9424159862469903
-1.103801995173563
-1.1657174287717442
-1.1653179277471755
-0.8984136434024461
-1.1312797124267275
-0.8896941234354898
-0.855220162769052
-0.8640552323861748
-0.8641005430787465
-0.9746707383207992
-0.9485943601837007
-0.9766516651125827
-0.9183750393591741
-1.1270447109710293
-0.8852231469721481
-0.925874986398404
-0.8440622913661248
-1.0869883678669365
-1.004948598268751
-0.9346074062018893
-1.0050355396627908
-0.9202199820398244
-0.9133737197339652
-0.9672782017158518
-0.9832376245269006
-0.8335734852494318
-1.0146518754213765
-0.9162066901909248
-1.1727023114954762
-0.7671028065333606
-1.1294570097346497
-1.1590671456722472
-0.9365062689024976
-1.1552191924273254
-1.2175884565471697
-0.9131935126060577
-0.9702844339434136
-0.6505945737649008
-0.8908684364746282
-0.9854497695002438
-0.9395424691693742
-0.9292327183087601
-0.8708394434699362
-0.9943647455099981
-0.9468672869356543
-1.0808753172691392
-1.1074606768012287
-0.9690693364017502
-0.9250450957369756
-1.051292065727462
-1.1308098384682501
-0.9658216064795828
-0.9558879254515066
-0.8713047102216009
-0.9373105438969458
-0.9693381320900425
-1.0049688254281706
-1.0100709412301343
-0.9902364470051555
-0.9149569618421859
-0.9709170084332458
-0.9811985674307391
-1.060971704595554
-1.0512838289135307
-1.090092812256958
-0.9289592250284627
-1.09348656860732
-0.8549613581089108
-1.01151406743084
-0.9207160942232012
-0.9396932269161807
-0.9252434279438617
-0.6800411027847519
-0.9762622212231292
-0.9279204351505587
-0.8366792785365483
-0.9325056436159865
-0.9433072537336243
-0.9331028470190157
-0.908877476788257
-0.7549451036038775
-0.9962977503800112
-0.890422005226517
-0.9679696046769122
-0.9226331994220315
-1.0480039629726772
-1.1706172691015564
-0.937229004037952
-1.0272506945107538
-0.9277349029977988
-1.095724142290126
-0.9674228988262128
-1.0951891052700713
-1.128512147394825
-1.0501587868820632
-0.9264861494722727
-1.1267352455416246
-1.0602199604496318
-0.951721692289244
-0.9713409311813815
-1.0709927283038427
-1.0371951570368891
-0.979253702511094
-0.9670062324972254
-1.005609859003314
-0.9933900258851281
-0.95209971732183
-1.0162019288814743
-0.9184801908431305
-0.9439570893591109
-0.86957323367779
-0.9842212768692935
-1.0132126214473012
-1.0699392499204348
-0.9470399429179447
-0.9536031135727956
-0.9471850622028153
-0.9200133527799272
-1.0413373100325671
-1.1969883652520439
-0.9255227861516969
-0.9503818799059555
-0.903320322901783
-0.9763088869227398
-0.9778661825949385
-0.9332058173812402
-0.9678644104921429
-0.9670574317000106
-0.6870466975566936
-1.09212044578647
-0.9625990626758021
-0.9298320777359572
-0.9063409410146592
-1.0044819272244
-0.9110954813278603
-0.934470141790181
-1.0411452967278318
-1.0760514364406562
-1.0084313611118692
-1.018578540636433
-1.1244720755890742
-1.0950032320500345
-1.0147629287899982
-0.9284835221749987
-1.0341543157981972
-0.9845462745290445
-1.1320566157546754
-1.0742562301762795
-1.0708808538510928
-1.05587870174251
-1.077403024574465
-0.9431596376016582
-0.8805631127875797
-1.0074555812015478
-0.9805559230862263
-1.1991530296512352
-1.0494192781625162
-1.1351596782972349
-1.1228408813196835
-1.027341623482875
-1.0742509604176183
-0.9345135703712747
-0.9556426161035377
-1.0993765317964317
-0.9953133834154735
-0.9494947294065684
-1.0357829693701137
-1.1634383488166606
-1.0128841841437193
-1.0716016585409411
-1.0784177178611287
-0.8193465012307508
-0.951108998792313
-0.9632111273434386
-1.0775883394834258
-0.9014211348461182
-1.019157255944341
-0.9696517569059473
-0.9954453843204151
-1.1382068697434895
-0.9184175975406427
-0.9698076445439102
-0.9163358757527773
-0.9269468706402125
-0.9584231272692654
-1.092146175362709
-0.990800672810364
-1.19280530333533
-1.0205504721748266
-1.0697620768455627
-0.9476142651925695
-0.9706557108088764
-0.9459691571171027
-1.0355041519823027
-0.8512730800279515
-1.048788917236629
-0.9996133302526704
-0.970606684675848
-1.2555302345847612
-1.0515315966609298
-1.0183044746328105
-1.0388308372130322
-0.9427426526150917
-1.1938530992732654
-1.109481025290292
-0.9133575948750574
-0.8959022446788668
-0.9350394409251428
-1.0357621165172364
-0.947333367673378
-0.9857524381860591
-0.9415871920689023
-0.9562137254007873
-1.0483665639942936
-1.1959717005281134
-0.9628262787696857
-1.141548872596493
-1.0096071070177093
-1.0225614478594702
-1.0059777984615843
-0.9720427133321813
-1.0373391414327278
-1.1046202057184071
-1.0822473392126715
-1.1518400350171094
-0.9697272079452688
-1.1050459162592439
-0.8990460241396325
-1.2482371513351354
-0.9853523238688624
-0.9494594605874005
-1.0275122459262733
-1.0950169302804593
-0.9352948160915856
-0.9508215198678691
-0.8995703055653075
-0.9639762599717513
-0.8069044006955421
-1.0759250980888868
-0.9301554182534301
-1.0403692157802538
-1.130433025852554
-1.1288109420614467
-0.960713935717099
-1.0158458275967426
-1.1199869704427838
-1.0339471719683373
-0.999942080825332
-0.9869062750914819
-0.9722158411152094
-1.0841573132815927
-1.125742600086115
-1.014691537029481
-1.0602067488003624
-0.9487113004580541
-1.0624987326443285
-1.1277395749315557
-1.0610070030555714
-0.9422765058266993
-0.9472149869174494
-0.890154985261947
-0.9553516724872192
-0.8924165333551398
-1.0310516302051542
-1.176733835049759
-0.9304750490501418
-0.8192096768480418
-0.9948964601112701
-1.0409860634798744
-0.9124307992483286
-0.910188286895287
-0.9820522903182933
-1.0252495807605182
-1.141996100707797
-0.9566164501885289
-1.181670819787545
-1.2380909212563966
-1.1703151773726037
-1.0136347491371458
-1.1324585402537088
-1.0788971835672592
-0.958937354279944
-1.0333062760424652
-0.9380472660783261
-0.9703036963297267
-1.0944125446316308
-0.9278812468418393
-1.0891879195259007
-0.9770884873146375
-0.8521440626568143
-0.9765467507189969
-1.0724413237533739
-0.8838556564304607
-1.1044404376151964
-1.1437209446393974
-0.916998210473148
-0.9528978269037217
-0.9063118460092179
-0.915995059209706
-0.9733422074820774
-0.9889491485317343
-1.0258010427023159
-0.9939935074120341
-0.9927025855939563
-1.0406182297244284
-0.9652564616881963
-0.9596559191191092
-0.9187161973755963
-0.940581103247095
-1.1517286744476753
-0.985776571801896
-0.9081395167937112
-0.8957870597579007
-0.9678375889149061
-0.9273878863332967
-1.1855531812963118
-0.9774341480583311
-0.9969841552766298
-1.0064774084028314
-0.9996895806240149
-1.021054434275973
-0.8270913172311756
-1.01543026121726
-0.9037283051607659
-1.0678763989227562
-0.9228864098941848
-1.0081365396189368
-1.0631774551980337
-0.8519486192344305
-1.0455367309839878
-0.9107068086397578
-1.1547832625257952
-0.8753916075248931
-1.0376296178900335
-0.9845897302844709
-0.9981421153441165
-0.9310573645263666
-1.1016063072541016
-1.158485229274755
-0.9148171806382446
-1.1597893903198608
-0.9800483098643724
-0.9637362085048004
-1.128612218403211
-0.9240559147325045
-1.0215013505257755
-1.036658658955353
-0.9850319295983586
-0.9277593048540018
-0.8757966980685902
-0.9275119475977516
-0.9266797618936953
-0.9477984176514579
-0.9979986193458175
-0.9883100923587471
-0.9936462119340178
-1.005014789467703
-1.0352090252904778
-0.9176606798401098
-0.9415015694279804
-1.0279297543449903
-1.0714921714985874
-1.0929260669804215
-1.0250055651765209
-1.0384535140525761
-0.9003603814947101
-0.948516979623731
-0.7413531555536846
-0.8071557284717733
-1.006669824839234
-0.9967763454744452
-1.0885688551273747
-1.006693481768575
-1.0564375296344926
-0.9137391311255625
-1.1014019107212496
-0.9436417613526069
-0.9984812292920547
-0.8999385845117263
-1.0095588497750478
-0.902345836782978
-1.0442580468251073
-0.9202547861407658
-1.0536850730295377
-0.9582801451468914
-0.8695038047638576
-0.9454920950596754
-1.026514212284803
-0.9848252509164102
-0.8878462128077937
-0.9542835410303242
-1.0502190662542272
-0.7978250185610845
-0.8905212334778162
-0.8745635795073111
-0.8124269021046431
