-1.0102169294032262
-0.9828221979532064
-0.9326211170775709
-1.044285163064009
-0.9645838914831503
-1.0832612581555336
-0.9756191990240181
-0.9142450696226868
-0.9807519321926108
-0.9578490897555939
-0.9641318566158665
-1.0037869636167926
-1.01943597048305
-0.9696737137433106
-0.8661431046801257
-1.0088065817913145
-0.9730722662908287
-0.9627459385070877
-0.9640386764883151
-0.9514540052140869
-0.9678440751840732
-0.9610060039773805
-0.929626688606497
-0.9332835834918917
-1.0062876198610913
-0.956749903910371
-0.9552644463368826
-1.1133980396313565
-1.0449910177060164
-0.8991221283754268
-0.9423250669852871
-0.879062547042093
-0.9600969168228066
-0.9605165537893355
-1.0448106506296306
-1.008326572454596
-0.9979740571059329
-1.0297743591988584
-0.9798096828388185
-1.0026712495376597
-0.9825416215516019
-0.9693665690934106
-0.9526251032839765
-1.0193333677088505
-1.0428926715858668
-0.9703362105495494
-1.062078011936681
-0.9510103971316738
-1.0197398284786237
-0.9713526991851018
-0.9719822475124634
-0.9202239449669041
-0.9662913298934543
-1.078030505572985
-0.9571809649745917
-0.9189303477537878
-0.9789530802932008
-1.0228328061331418
-0.9942501790717346
-0.9218176049123326
-0.9998377763604255
-0.9773070419404197
-1.073123037646648
-0.9363863122032688
-0.9791393962856997
-0.9781091494879715
-0.9212136776364985
-1.008973615604957
-0.9578389428812105
-0.8457988973847412
-0.922137474817096
-1.0284529915207878
-1.0036748031614542
-0.9059588466401016
-1.064984609373662
-1.0571838425363889
-0.8025647347478541
-0.9747271587781613
-1.0312336307625256
-0.9991303540167773
-1.033736431187722
-1.0067153592619627
-0.9631766364306801
-0.9327760952666615
-0.9046421446717816
-0.9523590635824692
-0.8924175706915751
-0.9778125800856248
-0.9351111923652787
-1.0036430935634733
-0.9854024374780972
-1.0033599335729348
-0.9572172818302316
-0.9643401679262396
-0.9524114543746611
-0.9617644057059251
-0.9401201320826115
-0.9485341422692015
-0.9761340336194824
-1.0195710763187575
-1.0286602988213762
-1.084491307280455
-1.0559788159624226
-0.9883787981202087
-0.9997139598729706
-0.9399696259766925
-0.9677047206284398
-1.1062588566045144
-0.9637296077321601
-0.8280914445120356
-0.9498199544101469
-0.9726271128134001
-0.9996829698727601
-1.0406246938114616
-1.0156526416473843
-0.9671555973695733
-1.0180105258208425
-0.9858243981270894
-1.0715319873539324
-0.9903308774817896
-0.94935145235114
-1.0103609818354664
-1.0494636414117378
-1.0267519248153225
-0.9987157303968878
-0.7759056732078901
-1.0500621197540587
-0.9735389115070247
-1.0001173933063883
-0.9657190464982364
-0.9714531212526882
-0.9995575657813378
-0.9160629980746804
-0.9032442467327619
-0.9939325373620768
-0.8504505144505958
-0.9794833807659457
-0.9998006534551209
-0.9997736051507561
-0.9893943777784071
-1.0048539657294253
-1.0644200811305895
-1.0058597201874413
-0.9566790691170678
-1.0669325706062947
-0.9328845019757581
-1.0094792043999163
-0.8664966387220351
-0.9996503405382134
-1.0003736342930931
-0.9620338035664432
-1.0261600533388926
-0.9746911915295721
-1.0519595642551143
-0.8288056452885314
-0.9660185696438777
-1.0254118237538332
-1.037703280296917
-0.8850149177669748
-0.9300597686701256
-0.9663547334290123
-1.0581672432238256
-0.9846865042859074
-0.9600668161417921
-1.0188398519314326
-0.9574178120377587
-0.9695277542962325
-0.9286353217709814
-0.9646728731405545
-0.9866564995391627
-1.0757609405556934
-0.9561774469778203
-0.9519597685307688
-0.9713197946605859
-1.0446889678724336
-1.0447877662525764
-0.889091688682313
-0.99967318072544
-0.9395633411173108
-1.0065653139410826
-1.006032419357607
-0.9418974213332914
-1.0040733479023642
-0.9551893345845722
-0.8963806221359187
-0.899793806539489
-0.8698919861757092
-0.9321627149804081
-0.7865960739517206
-1.0000698030854496
-1.0054964230182097
-1.119756535198901
-0.9076011145524778
-1.0159430444643702
-0.9639654680068231
-1.0412622126625368
-0.9277781256232064
-1.0490281850719436
-0.9473726464910908
-0.9850363071142436
-1.0135578870649105
-0.9706555058960836
-0.9927869371842151
-1.0265941818157187
-1.0172260582759831
-1.0311828598721438
-0.9793206543935724
-1.0081143778024153
-0.9628182674694582
-0.9912951926651882
-0.9453989448862282
-0.9741075709035598
-0.9639640278612751
-0.9143722465409341
-0.95546009640664
-0.9733221398951686
-0.9876394930376848
-0.9886107135818825
-0.9519139094186575
-0.9642617297768843
-1.075148355255288
-1.0113972659234831
-1.019356891032658
-0.9998822298311218
-0.922159955367618
-0.9918814055029131
-1.0005160543432217
-0.99498453665099
-0.9592160255332969
-1.0708636652435326
-0.9136795142993597
-0.9622478227048381
-1.0156671654106781
-0.9018548229965845
-0.020533804483894857
-0.8241118762808872
-0.7290250298283977
-0.9420466380844021
-1.038700328128399
-1.0370098562663237
-0.9573791877716415
-1.18003018290111
-0.9641161103582866
-0.9790479554847442
-0.9836838806133723
-0.9593537335366437
-0.889429971588433
-0.9611799328418613
-0.9872263422631631
-0.9036327834409337
-1.0563531852048467
-0.9366523329794119
-0.9364460267044452
-0.7630062197398636
-0.988831553556382
-0.8200595033695788
-0.9944757190813089
-0.8098085156246773
-0.94685526396687
-0.9604608958462106
-1.0250592703404613
-0.9554295784507303
-0.8802267013272501
-0.8566903567333483
-0.9905937540032932
-0.9352011324722485
-0.966006352233408
-0.9769355741749681
-0.9639704899726381
-0.9398140093815884
-0.9922496175408336
-1.137924156596307
-0.9747406897279733
-1.1025175324183176
-0.9507542934098018
-0.9641779205814763
-0.9976631083206747
-0.9226157536579553
-0.9659690814927495
-0.9054628261987264
-0.9215189102881496
-0.9631229477252489
-0.9655957249448842
-0.9099886941645687
-0.9561054683160038
-0.7725768567470395
-0.9403351939063268
-0.9798735700076476
-0.8604227190674144
-0.8560453386109823
-0.9661150853785213
-0.6133260040142767
-0.7597513063409811
-1.0344574753004316
-0.9732462157157332
-0.9933105498601859
-0.762637766913299
-0.7845348858611229
-0.9608884206585051
-0.9375920266098873
-0.8894509574940473
-0.9445228797969806
-0.9897231828225209
-0.952509203173147
-0.9828853839720425
-1.036262364384584
-0.9871864656870302
-0.9776413736344143
-1.016702723901748
-1.0030349588021703
-0.8926752529770371
-0.834491714681637
-0.9664949388931834
-0.856017578955725
-0.8276915985602415
-0.850606200646487
-0.6340699101255985
-0.9545087508164607
-0.855557814705256
-1.0418147188954214
-1.048689501082103
-0.9988351337160783
-1.02505661463756
-0.7531993198770925
-0.8437604084232068
-0.9267510348953738
-0.9047126051951359
-0.7756437514785408
-0.9444580609875066
-0.9861580338304908
-0.8987870185868851
-0.7524748064718778
-0.9151926562306298
-0.9794269623848991
-0.9950375163430523
-0.9554581819389963
-0.9714443784264485
-1.0082013674075396
-0.983171505507185
-0.9918196218355685
-1.0472095611374779
-0.9550275644584509
-0.9125823293642387
-0.924737759254281
-0.6740532097521881
-0.9612526083576137
-0.7990845196264399
-0.8844590411679033
-0.6179413773275486
-0.7134196493249393
-0.9522161938586508
-0.9567313522488675
-1.01061132338432
-0.9404562132648928
-0.9407299672210873
-0.9404261061562857
-0.8062218166269203
-1.0592608938010877
-0.9611490919814879
-1.0434324307070904
-0.9850807223803133
-0.9665733487458517
-0.9860488156413082
-0.9409816592713748
-0.899866842012547
-0.9605279192439288
-1.0692174231625353
-0.874336300029046
-0.9816011106217933
0.18355144033879978
-0.7912688716019154
-0.807243766150479
-1.1997947683613095
-1.089550254950859
-1.0852071673995374
-0.9509761531773756
-0.9237605439398597
-0.9320667050900407
-0.9619938204082041
-0.9817255200798267
-0.8114002741626738
-0.9161381965593483
-0.8591245101223178
-0.868351819442317
-0.9193183912234022
-0.8787942710516915
-0.8835039704395664
-0.934664845605272
-0.997243687324291
-0.6960459522854286
-0.9523992777703255
-0.9394209436236743
-0.812881285259085
-0.9263280985609226
-0.9009360728862114
-0.8848093100836488
-0.5795653891118331
-0.9302470545794049
-0.9257986930140146
-1.0822564201756006
-0.6232961203612157
-0.7171453023019647
-0.9966755215285766
-0.910069287575227
-0.9635780037539265
-0.9217814639097416
-0.9768169989871299
-0.857081318676905
-0.9266594535363004
-0.9630882917090361
-1.0228708828428397
-1.0108974394386572
-0.8760002001999992
-0.9399121078034094
-0.9356956929146525
-1.0249251676955828
-1.118753435301673
-0.9086161457933577
-1.0196775166101935
-0.9361819079439614
-1.1110671396842806
-0.9918370767144152
-0.9812194406891883
-0.9673593303441099
-0.972065547654314
-0.9043390369992762
-0.8940191163892658
-0.9211147618510909
-0.803268433527589
-0.9191069366055074
-0.9661544945235284
-0.8963991857698241
-0.9024710949346458
-0.989968445306658
-0.9934101995684151
-0.9546728622675252
-1.1475762718445879
-0.9669453455550877
-0.9856158319721285
-0.971163407409406
-1.0341269275559624
-1.0259571733653208
-1.0145052924025768
-0.9792283408879564
-0.9771047343924308
-0.9759733744516002
-0.07687932406341713
-0.9387682472029089
-0.9752667825271523
-0.9161792815827449
-1.021393199482899
-0.9648632927758992
-0.6611860426047537
-0.9749702647582484
-0.9559868277982311
-1.0227275961811957
-0.8685459154017331
-0.8997628753010167
-1.0537832329127261
-0.9851656177861082
-0.9217013584600607
-1.037176927121701
-0.9955320871482178
-1.0121499233815454
-1.0293921085043347
-0.924978855449873
-0.9747769723360882
-0.9677200775876276
-0.9655191958236815
-1.0000283986134193
-0.9427422602696081
-0.9898865506706274
-1.012233927227479
-0.9850301898672787
-1.0511148576122507
-0.9512936157847884
-1.0124143086387571
-1.0576531151997988
-1.0047801188309957
-0.9671415105489108
-1.032330124601835
-0.9489908614835928
-0.9437910614901152
-0.9651391454435989
-0.9668387997695593
-1.045386093474396
-1.0616736961078
-0.9076470894550894
-1.0171539177614402
-0.792945473678158
-0.819473680861652
-0.828665754381156
-0.5776540177933753
-0.9891669402644034
-0.8767115037196201
-0.9634609208663913
-0.9553107664070157
-0.9664689779052548
-0.922126528311328
-1.0020666775387994
-1.0114653190436533
-0.9581445888033038
-0.7603212336838656
-0.8694107162099883
-0.9803719176112696
-0.9655323923527195
-1.104154339673477
-0.9723369699591315
-0.8731208201575856
-0.9755087309411931
-0.926327422699665
-0.9732849479762651
-1.0652549384197123
-0.9313306834275924
-0.701695727930022
-0.8981188341294267
-0.6107044832685848
-0.9311124839824815
-0.9544578784144933
-0.9611110066142085
-0.9163905755191801
-0.9358981159143057
-0.9328489320159898
-0.9719001344488596
-0.9731491231794132
-0.9236802256746274
-0.9513633794873206
-0.9645828849957148
-0.9479026221561939
-1.072771200468882
-0.9392764638141389
-0.9752816564647273
-0.9749721011890847
-0.9650754693678171
-0.9634705557975597
-0.952528737442172
-0.9625467984857069
-0.9234288819671111
-1.0240827196250926
-1.1428135096756935
-1.0641234815553298
-1.0038615850356916
-0.9774298704685811
-1.0732547924079265
-0.9636637965051932
-0.8197936398752527
-0.9456650302107042
-0.9866661600787677
-1.0349314689142677
-0.8601668755355166
-0.9518944281914581
-0.8811551529319808
-0.9541766702161462
-0.915412846682782
-0.9696851796401362
-0.9642493769357502
-0.9579326214606343
-0.9311617051602206
-0.9348973085813104
-1.1158659297885152
-0.9567763974619233
-1.057717551046956
-0.8433366203836038
-0.9739081200817336
-0.9487070207955249
-0.9530604638968706
-0.8983543160752897
-1.0098681117037975
-0.9067197198576861
-0.9486712928590907
-0.815520941477254
-0.9628330538194478
-1.0135024572708746
-1.0363714177474812
-0.8826345123374753
-0.8632413588037282
-0.9813441553791643
-1.0203944787791341
-0.7964886165088846
-0.9595145895688828
-0.9203695440394459
-1.0274251359329754
-0.965067993250375
-0.9175702336633729
-1.011532385234669
-0.9534345000755423
-0.9327194562396425
-0.9797035852426973
-0.8744077903816263
-1.012972666651637
-1.0235034481969936
-0.9554482375432948
-1.1691388562103455
-0.9525224314679857
-1.068887529146979
-1.0900899909816342
-0.9621442547283175
-0.969299085106586
-0.9394562009223429
-0.9278637893144729
-0.9641879590668756
-0.9604061718876635
-0.8747402721957371
-0.93072974455357
-0.9592244430618667
-0.9016245020079896
-0.9596313237248758
-0.973372181723683
-1.1619211337031363
-1.0201379242880821
-0.9413716044628615
-0.9464813116974757
-0.9199309344683642
-1.0076598835379202
-1.0102181245577595
-0.9509167508564365
-1.0014354479296925
-0.9834061347412646
-0.993078866176634
-0.9660549792840418
-0.9591126711132232
-1.008825549444865
-0.9641381070805566
-0.9866112374915368
-0.9631505297795493
-1.1021903739002663
-0.9063538471526921
-0.9352790824710994
-1.0485803557656965
-0.966933602533377
-0.9671870636963718
-0.766887963647052
-0.9941647368926229
-1.0497934648543135
-1.1894869213866017
-1.0906372450899717
-1.0941202496830713
-0.961098507625403
-0.9852354706761349
-0.9496636954295457
-0.9504741422416819
-0.9599806302415065
-0.855853561995279
-0.852160535480525
-0.8685124979018726
-0.8635855841405667
-0.951001866841491
-0.9834885983203446
-0.9503575317759403
-0.9171137392404287
-0.968547807879878
-1.0405708603629658
-0.9934525713856556
-1.0195236260184497
-0.9613911966850129
-0.9687192803929165
-1.0764702567027054
-0.9600059859208078
-1.07755062963908
-0.9424911224796834
-0.7021783142257323
-0.9514857581772068
-1.0581742257333497
-0.9925383163566992
-0.9634396256797797
-0.9696096251262404
-1.0388050553759185
-0.8812133104773416
-0.9321626331915076
-0.9768705169615324
-0.9720520296036872
-0.955277450904546
-0.831043410394895
-0.9973228564445333
-0.9738385484448032
-0.9266654345719304
-0.9026525124306938
-1.002659585422804
-1.0648828107617778
-0.952032722357805
-0.9627220104317833
-1.0009692062939244
-0.9640675156248416
-0.8950317022857008
-0.9836696987007356
-1.0389369490524427
-0.9820726240734138
-1.0194731293119783
-0.9002272436606888
-0.9671649969621364
-1.015530103633975
-0.8054593321294679
-1.043346682529722
-0.6813468944246227
-0.8922586960145167
-1.0142636787803934
-0.9866721644946504
-1.0472127455556899
-1.044610410382162
-0.9932533659628466
-1.021686503442576
-0.9477453379358616
-0.953194605461055
-0.9763604061954934
-0.810498681240401
-0.9681852537226606
-1.008317959833439
-1.0437371194222156
-0.9239115929698929
-1.1320578908909622
-0.9461793538446973
-0.999968521537548
-0.7312904192232916
-0.9931886560980039
-0.8307467345294245
-1.0938083573577289
-1.0488780536621671
-1.0207935166216957
-0.9568253999090317
-0.9868558241442738
-1.0146347547412689
-1.077721092950052
-0.9666461052303561
-1.0364537119452462
-1.0086050957717878
-0.9697330346443032
-0.9156312688568595
-1.1107158611381232
-0.9766608212928939
-0.9781301442374523
-1.0406341269415535
-0.9503702383881322
-0.9768992609534571
-0.9483428703034679
-0.9541826007451574
-0.8258315431999885
-0.9360305487006627
-0.9789353802918871
-0.9524611830115125
-0.7957317674648388
-0.8537454609631661
-0.9243899999192495
-1.0389446421066661
-1.005086657859396
-1.0087164427865076
-0.9883582499079413
-0.9632149199121018
-0.8922948296026494
-1.0403036457466652
-0.9589589738422573
-0.9631790706353036
-0.9799352085105153
-1.010293777413014
-0.9968230709836107
-1.0020102097557517
-1.0001158259892635
-1.020796511630135
-0.9707233707981864
-0.937211718786296
-1.03727970794191
-0.9803676982279631
-1.0320075028124402
-1.081968495558289
-0.908335256853478
-0.8892591757091635
-1.0242442605585458
-0.9998439326596786
-0.9799455309747714
-1.0085204834015244
-0.9814164930907388
-0.8966501194930647
-0.9623976021573546
-0.942031892061892
-0.9206909878046209
-0.9903189957197881
-0.9488200053142716
-0.9598427309182014
-0.9907091289586264
-1.0015088549689963
-0.9087045932233416
-0.8263538944679452
-1.0349114457157989
-0.9693526563633286
-0.983965066415538
-0.9776465389935421
-0.7104291273210002
-0.6100291344670883
-0.8051248449758321
-0.9600723024021992
-0.9573159222956596
-0.7360713070347755
-0.938574501079079
-0.9624996794204841
-1.000096568964965
-0.9657434317834737
-1.0178290925037659
-0.9851826935304592
-0.9436310255463465
-0.9856639450720553
-0.9636144366838131
-0.9279257163404226
-0.9491496542455689
-1.0137019626763184
-0.8596253514322822
-0.7372854327723606
-0.9384220090411618
-0.977840149387786
-1.0036642892860568
-0.978511424771455
-0.9353720460780117
-0.8867545468832037
-0.8799829589757825
-0.9235797129373663
-0.9578470639427112
-0.9426097401995363
-1.0214509741512576
-0.8835869118935495
-0.9590047661480934
-0.8767871628604006
-0.9713880354557973
-0.8070033387346491
-1.0464156122781687
-0.9286010812404492
-0.8409941337298846
-1.0170090127050935
-0.8770649678480389
-0.9348823282417227
-0.9813470208776763
-0.8986169655566164
-0.8482030123869618
-0.8685704603970272
-0.9947178521541592
-0.8343509588968179
-0.9953417703333288
-0.9020423247866912
-0.9586791001734334
-0.8246409250179675
-0.9131454581711252
-0.9929771271512307
-0.9963479327354248
-1.0281167260836896
-1.0593486586179728
-1.0401453252190607
-0.9933192184414383
-1.0025537766196944
-0.9841365602050482
-0.957776482378543
-0.9674544153823228
-1.0035060398551685
-0.9308074822586677
-0.8701111676273534
-0.9236268288262102
-0.9950489400402316
-0.9682491748409797
-0.9140365799221383
-0.9430923192399093
-0.8818856821965602
-0.8330446668745205
-0.9507549190909886
-1.0148116211215956
-0.9998303077317541
-0.8800033376659874
-0.9173578896120091
-0.935522937460299
-0.9253925030090557
-1.057272897076209
-1.0070144382204185
-1.094428928523496
-0.9258994586986637
-0.8460419877010273
-1.0225289671197797
-0.9592186257411369
-1.021246526071575
-0.9959402054214576
-0.8958755982086397
-0.9778798044203378
-0.9543373884331813
-0.9371918102401317
-0.9282308833858509
-1.04184693154245
-0.9932346013910641
-0.9350013682770115
-0.7669876671991772
-0.7644432398039919
-0.9685357049320451
-0.8278029447226108
-0.7993086814117537
-1.0926880498567777
-0.9344520567947509
-0.9995784347366974
-1.039103330548704
-0.9370547395244508
-0.9383973121935799
-0.9622448190483973
-0.9658345872648153
-0.7703482296626634
-1.0708636652435326
-0.8459183254128814
-0.9977586160881392
-0.902276920716933
-0.9037532163592478
-0.9643583662551816
-0.9558101310785384
-0.9685259253336013
-0.969967333926986
-0.9926268225800194
-0.9022464828820137
-0.8618306559548516
-0.9842724156926259
-1.0128607517408061
-1.1073587735056418
-0.9714154580935972
-0.9616902969099445
-1.007165705032953
-0.9973368636361608
-0.9359358182239349
-0.8989964713535705
-1.0154350581238798
-0.9764626103321927
-1.0848209298850975
-0.983612047162556
-0.6772287025009867
-0.9623304085872333
-0.9600548636884025
-0.9458215139791376
-0.9611829868848056
-0.9544334797874887
-1.0105229030698732
-1.015734643686827
-1.009954703687955
-0.9866479294377276
-0.9637950936800082
-0.7146818690977328
-0.9722524673073588
-0.9169177217752376
-0.9267434797936331
-0.9206678059997876
-0.8754961884075301
-0.9317204850544423
-0.9188066210589402
-0.8915989662560723
-0.6678562230749638
-0.9234812389705106
-0.919557917784861
-0.9864812034582697
-0.8151820891872271
-0.978360398925141
-0.8953659123930865
-1.0475147113964636
-1.0030330461835641
-0.9633251802005109
-1.0107717841946764
-0.9125206512532301
-0.8725206164942086
-0.9752043358030692
-1.0419658844078523
-1.1314335159695752
-0.8635967550175296
-0.9926630428948152
-0.9555267143053174
-0.948667216114416
-0.9656652637464069
-0.9754386951691622
-0.9385405423740348
-0.9641522119766235
-0.9968716031703089
-0.9705305817430626
-1.0150163462657242
-0.9604326494572984
-0.9722802898704064
-0.9471829414968342
-1.080484745275987
-0.9441494157804058
-0.9389968631976231
-0.8051900264522505
-0.9640372932645492
-0.9088859899714207
-0.8484023431824266
-0.6743058369874345
-1.020869431445356
-0.9622176660587388
-0.9670206207456589
-0.970286474416819
-0.8724068557887255
-0.955117197610067
-0.9072782778662
-0.9500794307822038
-1.010110827913309
-0.962208297927467
-1.035232943854435
-1.0123499887791643
-0.9485032121531859
-1.0136281238611746
-0.8502254562507341
-1.02730664449005
-0.9610884720198382
-0.9639629343249099
-1.026259358788788
-0.9493213729681389
-0.9682973582535914
-1.001979113962233
-0.9633226931025004
-0.990113239499046
-0.9466440872782181
-0.9754521227860542
-0.9925686038233543
-0.9637882630841673
-0.959158871325866
-0.9635066088859089
-0.9973086138810546
-0.9836922722961243
-0.9140666030468035
-0.9668806278094125
-1.0545022103259618
-0.9732501074610126
-0.9622802747266246
-0.9845269948561943
-0.968339777116428
-0.852497181243521
-0.6922317105503789
-1.0619107241991612
-0.9347146161729284
-0.9757957876876818
-0.8797209027995025
-0.8052721325707167
-0.9415620640592047
-0.9851294294513638
-0.9542941397011278
-0.9898655996855246
-1.0214340702566835
-1.016118291277568
-1.0010947387055824
-0.9011417619963693
-0.9761524624044032
-1.0218220751768132
-0.9699358480899327
-0.9950080789507153
-0.9643305529980079
-0.9686639375925827
-1.020006955888296
-0.8045260541758359
-0.9299734992586152
-1.0039627702038267
-0.8991946318326622
-0.9554156008199486
-1.0410477172526043
-0.9408996379984462
-0.9653385733989669
-1.0013852693145617
-0.7707724311649287
-0.9794162967505803
-0.9711532185326357
-0.9252759344567109
-0.9817159068895287
-1.019464637109958
-0.9906535120924939
-0.9742200666950364
-0.9823266249569167
-1.0130739707498284
-1.0060585639763835
-1.0304268883300478
-1.0267275207713669
-1.0224463540946285
-1.0412702420033375
-0.9736135125499319
-0.8957129762504407
-1.0069684872915803
-1.0690122127959747
-1.0114779682729367
-1.0910745276689662
-0.9749514535866532
-0.9815140066664412
-1.1304977794721656
-0.9993837858873466
-1.0546860805882188
-0.9764028035097312
-0.9989382833087604
-0.9603841764184468
-0.9499735285738257
-1.000178144872844
-1.025014737043633
-0.996700645138446
-0.9892382372752222
-0.8572623239140965
-1.014524274276017
-0.9767308922365047
-0.9760355103735232
-0.9578121918893953
-0.9563605220031945
-0.8210303793728583
-0.9416944166797085
-0.8799398188222359
-1.003704996658037
-0.9197821352344587
-0.9062765570811688
-0.8550222161827629
-0.9774535071785052
-0.9246351078921958
-0.9028250470882018
-0.9661408520324407
-1.0478786637356887
-1.0019955682181774
-0.9804967925660248
-1.0081286149949105
-0.9608057629022904
-0.9541703491031535
-1.0997919347969727
-0.9777518983706462
-0.9716517138353323
-0.740686537197524
-0.9452755739443045
-0.8549954217026006
-0.98638588597165
-0.9499565330564264
-0.9858165028586642
-0.9987633727979426
-0.864901202850183
-0.9258247197508247
-0.9998988314724452
-0.877367398452029
-0.8214577684840225
-0.9342891396036075
-0.9566806837297892
-0.9995467280941593
-1.1382241725224036
-0.9621185715866184
-0.9242831465312122
-0.7866748424379204
-1.0475187843057463
-0.9635715105596913
-0.9980783226747745
-0.9559671249434875
-1.0256426535196612
-1.0708636652435326
-1.085269347461427
-0.9859408034583321
-0.9970160092676765
-0.934483523399592
-0.9839003949961126
-1.039494366951422
-1.0371993025993897
-0.9314138352654213
-1.0308874839653839
-0.99092841696465
-0.9755633573047697
-0.948345557550275
-0.9954352754285749
-0.9628051860793111
-0.8899957817115862
-0.9663484445923849
-0.9610186653029462
-0.9693615908424544
-0.8580485368517234
-0.9072189990296919
-0.8674728681278366
-0.9648127657035191
-0.8670870553818215
-0.9781446459187824
-0.9159096999004936
-0.968164507709471
-0.8838927931884858
-0.9632831152191059
-0.9901843443792013
-0.9860878650515922
-1.0057966272733494
-0.9161020674141791
-0.8844508335245499
-0.9355747405611012
-0.9499986420194
-0.8955084295570642
-0.9649722053920632
-0.9914656950409773
-0.8786601140276828
-0.9730121458658361
-0.9531321491517317
-1.0125540009089224
-0.9564163553321186
-0.9651054418297222
-0.9497828502067162
-0.9676837858154838
-0.721837604713073
-0.9852161565689572
-0.9678418271117359
-0.9750005042486851
-1.009036672852479
-0.9806800368756109
-0.9677917531868002
-1.012218666162519
-0.940760606069487
-0.947889377601445
-0.970286489086156
-0.9691150685778102
-0.9542279056164653
-0.9139180562653948
-1.0302175177009827
-0.9090948893998502
-0.8893455267807491
-0.8849822527746818
-0.977911653855022
-1.0418115384944269
-0.9526019173588081
-0.9683570315248438
-0.9640677681223904
-0.9828194056263191
-0.9744163966221892
-1.0374711963742294
-0.8832123074782073
-0.9630098901289507
-0.8834289562131856
-1.0239980207153123
-0.9784425493060493
-0.9631151403782919
-0.9670066720871177
-1.1277704057991085
-0.9170359793229179
-0.8899901496339979
-0.9657449017900814
-0.9386851219339384
-0.8859339850797374
-0.8812350642096811
-0.8662988942342765
-0.9786221421681344
-0.9016230208589833
-0.9487788304700179
-0.5725767521783497
-0.876978980119984
-0.9590979056926985
-0.7321554413812418
-0.9095653950687976
-1.0104711545815084
-1.11730789330189
-1.2011140299374277
-1.0490693183897488
-1.0748408017820585
-1.0279183787513757
-0.9545259137135109
-1.0152174079144354
-0.993302507400732
-1.0146271531893432
-0.855312624387151
-0.913458537375561
-0.9296322158750575
-0.7546203025652205
-0.9070477665702164
-0.9215681498885293
-1.020195616967365
-1.0429827296401857
-0.9796669337021408
-1.1090109644124597
-0.9673399145220435
-0.9956535747748876
-0.9753582352266995
-1.0130490303033108
-1.0502062621087775
-0.9186994862930488
-0.7514970204981708
-1.00610520050882
-0.9648845100082484
-0.8309081291277297
-0.9872848477847627
-0.8455174422325593
-0.8326550687104101
-0.9442985482029017
-0.9884904003310335
-0.9892452046092635
-1.005981591090159
-1.0082209134708118
-0.9593111666977737
-0.9841065423864324
-0.9161951573367135
-0.9611514489213687
-0.9765926086773694
-1.0031357463449762
-0.9836538465970537
-0.9816550417620841
-1.0694413440746917
-1.0074049526682158
-0.9989294745681836
-1.0059336268171573
-0.9973252176109615
-1.0319575182205218
-0.9827835458841115
-0.8354534455629697
-0.9119676466823223
-0.9685144964819195
-0.8768112328908029
-0.9784275487050713
-0.9453548710378002
-0.9259755558798538
-0.9363501364462034
-0.898489680096125
-0.8621627277615157
-0.9582252831357448
-0.9850986582539395
-0.8846730463912112
-0.8633865797472934
-0.954485539140488
-1.002159954749581
-0.8409107263265659
-0.8052631426326108
-0.9823974772014455
-0.9639410803097009
-0.9957695129068034
-0.6730161098902789
-0.9866839555867042
-1.161049590196163
-0.9708731609374
-1.0505021532815202
-0.9852803799954137
-0.9771424699193861
-0.9695418800709535
-0.976834289183915
-0.9874813951673734
-0.9623414180096014
-1.0377180524521255
-0.9862793186030959
-1.0395390787047682
-1.0040457962353875
-0.9769577322023303
-1.0570236650953244
-1.0117199216007176
-0.8559941430719828
-1.0477390840407694
-0.9805119759077484
-0.9660229301482981
-0.9630448645068344
-0.8807676508679038
-0.9953105953450048
-0.9803650798485224
-0.9701140700003442
-1.0340339717326565
-1.1043866136637959
-1.0377253767213839
-0.9696565924609452
-0.8394909979192015
-0.9413348765334638
-0.9432642752119428
-0.9554228658735042
-0.9796622053866497
-0.8241905190190002
-1.0655798764252165
-1.0301791589896194
-0.9994780422817313
-0.9529361224923822
-0.9978360489275797
-0.9408436007926041
-0.8252905778888462
-1.0898287273199776
-0.9415088413484459
-1.1188017926148586
-1.1405940666908128
-0.9646842825119963
-0.9993879839514186
-1.081570041538427
-0.9915116268906223
-1.00057409574806
-0.955509119620017
-0.9759070038546208
-0.9448413900949201
-0.950428076203317
-0.9191567742477544
-0.9188159163365376
-0.9572266648393897
-0.9758997494487747
-0.9614724329910859
-0.9302837997732336
-1.119235040279501
-1.0479507974900786
-0.9513996920963141
-1.0775649143650317
-0.9982084562626445
-0.893602747174991
-0.9690483549653497
-0.9595393340470068
-0.9594284226782387
-0.9841581024665321
-0.9885625379952817
-0.9654740041620182
-0.9755811419184556
-0.9435248165106366
-0.9254190632184193
-0.937990905461987
-0.966697856471465
-0.9858411348318025
-0.863705175978108
-1.0187446512060176
-0.9836888619327725
-0.9662479066456977
-0.8236071416420827
-0.7290218331936705
-0.9570263530950802
-1.0260479654112302
-0.9722415929191915
-0.707421027234134
-0.9844623680276131
-0.907217752226935
-0.8029399654741637
-0.9410867566280108
-0.9703604301291582
-0.740339348420018
-0.7583897777391306
-0.9334994635451794
-0.9494330357349511
-0.9782594773278773
-0.984405457151434
-0.9543485328839617
-0.9608677335477311
-0.9917719861608962
-0.9871512778714454
-0.9980798800449914
-0.937820067101935
-0.9820314468482586
-0.9709509300042737
-0.9788019874209037
-1.0141840738329413
-1.0194937487665496
-0.9404999580209091
-0.978081056033542
-0.9793704560181158
-1.0927373422238738
-0.9290840988353222
-0.9084184097342355
-1.0965728015179987
-0.9638879614313934
-0.9791783173142936
-0.9637250916116414
-0.999943376269812
-1.0354793029543765
-1.0442456113235363
-0.980339712733454
-1.0010304646260362
-1.0539302667043624
-1.0113578793234388
-0.9975862013474847
-0.9642486561165469
-0.9552957420608469
-1.0158686172580185
-0.9111183167818359
-1.007474105326853
-0.9059708406945092
-1.0977329372067668
-1.007188663013107
-1.007374469434211
-0.8155891216923642
-1.0361747203739708
-0.9086067373450128
-0.9228024910339396
-0.9952509159855065
-0.884041455339226
-0.9305669122696144
-0.8633675869499037
-0.691123708472582
-0.895656801176904
-0.8870498482174052
-0.9793000144365238
-0.9690102506085192
-0.9477903170582951
-0.9845196417901986
-0.9751752875756672
-0.9391657494784412
-1.046347576128388
-0.8490939090758678
-0.9807699249435586
-0.846680125915323
-0.955445383393586
-0.9646007364163202
-1.060906315223596
-0.9541061889155383
-0.8888941343121989
-1.0956188255976111
-1.0449459286420686
-0.9806638314348815
-0.6915931018765571
-0.9612620860623703
-1.0065951480011575
-0.9938691621240753
-0.9173220498231274
-0.9962883204981292
-0.9658781618647253
-1.0015888140460136
-1.0073556506896237
-0.9577154329204101
-1.0342126481055927
-0.9639546711734793
-0.8755755309690684
-0.9637212725366735
-0.968033932363001
-0.9447864574935844
-0.9501083372301855
-0.9231107665016774
-0.8248657734729323
-1.0265448055230673
-0.921254904752688
-1.102424190517882
-0.8572160504945666
-0.989543562299289
-0.914937457559276
-1.0205490462574354
-0.7496576217853979
-0.9336430690390024
-0.8871553090507622
-0.9464693514588077
-0.8580930288609333
-0.8639302151791141
-0.8709473190493932
-0.952257046564965
-0.7185528426120651
-0.8361817894177854
-1.0083643097923853
-0.9802294218864244
-0.9902397153664209
-1.0316593875075775
-0.9889297263455273
-0.9954820635616376
-0.9726443072688149
-0.9542934244777644
-1.0260815324137689
-0.7272789382246985
-0.9691223354712885
-0.9306926650304951
-0.9010773307082991
-0.9331527698619541
-1.0288376783028423
-0.9817628224169257
-0.9565989776223085
-1.0420020707597932
-0.9638673703987661
-1.1344790292358449
-1.062258134250613
-0.936409265231082
-1.0073333991732334
-0.9670437953179186
-0.9898518864798562
-0.9337165070756065
-0.997898384862272
-0.9812517042539964
-1.0270356572728045
-1.0447909583962307
-1.0199494965501714
-1.0034938617625064
-0.99665893219407
-1.019993222462481
-1.0057412648556938
-0.962047562232895
-0.9652625909721824
-0.9917581583015518
-0.9863770796390358
-0.953696815317516
-0.6582169693558559
-1.0837659422053842
-0.9803012037400411
-0.8775893473551415
-0.9290069514521849
-0.9048724067706796
-1.0251083782760007
-0.9810969314538251
-0.9383729733702353
-0.9713077367464329
-0.9955977382366269
-0.9420971208122693
-1.1528349029469633
-0.9580396838172467
-0.9421447551417337
-0.9701030821657225
-1.0146691368422491
-0.9693213402815194
-0.8392105046983771
-0.9782659211287748
-0.9555793123417724
-0.9741235777173824
-0.8751281753416871
-0.742403287216927
-0.9617565797835305
-0.9629341102157738
-0.987200983502209
-1.0970012707082646
-0.866751597231795
-0.9528176490094904
-0.948033866135098
-0.7396516547324969
-0.8845126035651372
-1.042869801690372
-1.0291633149409374
-0.9525221010787438
-0.8899834572079381
-0.8961850774996003
-0.9937590703133056
-0.9224439022427358
-0.852266854057969
-0.9533653153670107
-0.8750653177927028
-0.8288984709446662
-1.0026878628022424
-0.9794738894331644
-0.9245909412022785
-1.0218517459942735
-0.9289144216022979
-1.0264099791116896
-0.93710823345643
-0.8817284962346121
-0.96997603242383
-0.9834371936959027
-0.9417498603475343
-0.9734504735136995
-0.9610326960091116
-0.8847593468806608
-0.9561775393409353
-0.9665372629872772
-0.9151449496989364
-0.9366501550078737
-0.9535912851011161
-0.9531262667012818
-0.9271759368200108
-0.9742237091010749
-0.9636875942415939
-1.0418664041705354
-0.9455614533185915
-0.9849574608928263
-0.6434635261734145
-0.9044909412516478
-0.8584564183593454
-1.139943562264053
-1.0655331562712174
-0.8950333993039564
-1.0054856306453823
-0.7726543182568989
-0.9824281134850175
-1.0034959363871767
-0.9583397104731007
-1.1211965396653278
-0.7480727218471884
-0.9735577406665058
-0.8981933615812231
-1.038085137427238
-1.0158484905773573
-0.9687287627449145
-0.9343819061405664
-1.0797673397264433
-1.0592280613302918
-0.9707536929811921
-1.0224385997677563
-0.915634068747104
-0.9619690736927209
-1.0461959902609645
-0.9747203487507788
-0.9436826863616542
-0.6302160631683538
-1.007876823937051
-0.7667811652100108
-1.0902540088763233
-1.12686964617282
-0.9679889646795697
-0.967600955564258
-0.9694941018267692
-0.9689786879268188
-0.981209325104143
-0.9326336979064354
-0.9649303520346857
-0.9481299225594816
-0.9621009920717234
-0.9933265536125244
-0.9631347762874924
-0.9762839213536845
-0.9576399843766864
-0.9133370172143888
-0.8971036519314914
-0.9749275678931756
-0.9650748552844852
-0.9828225526751821
-0.9503135394147845
-1.0200721332993108
-0.9927745724995201
-0.7332680402803646
-0.9183120901908609
-0.9005969074531431
-0.9838763904951102
-0.9807214587552351
-0.9608547624963688
-0.9565131077869116
-0.9906350065366262
-0.9469629409348498
-0.938237088565513
-1.0000148654818586
-0.9998580832411743
-0.8643472312307257
-0.991757188576691
-0.955180793635221
-1.039904426029561
-0.9877115567602288
-0.9467936533203841
-1.0055672838410123
-0.9858002186952727
-0.9979073352850112
-1.0720357603829858
-0.9685491612491928
-1.0367550320376908
-1.0655255897328688
-1.0466571065254604
-1.0546230132775256
